<?xml version="1.0" encoding="UTF-8"?>
<testng-results skipped="0" failed="5" total="93" passed="88">
  <reporter-output>
  </reporter-output>
  <suite name="com.LKA_tests" duration-ms="2377303" started-at="2012-11-21T05:51:44Z" finished-at="2012-11-21T06:31:22Z">
    <groups>
    </groups>
    <test name="com.LKA_tests" duration-ms="2377303" started-at="2012-11-21T05:51:44Z" finished-at="2012-11-21T06:31:22Z">
      <class name="com.YouMagicPro.LKA_tests.EmployeesCheckInfoTest">
        <test-method status="PASS" signature="startWebDriver()[pri:0, instance:com.YouMagicPro.LKA_tests.EmployeesCheckInfoTest@7a2897ac]" name="startWebDriver" is-config="true" duration-ms="677" started-at="2012-11-21T10:21:05Z" finished-at="2012-11-21T10:21:06Z">
          <reporter-output>
          </reporter-output>
        </test-method> <!-- startWebDriver -->
        <test-method status="PASS" signature="employeesCheckInfoTest_C15252()[pri:0, instance:com.YouMagicPro.LKA_tests.EmployeesCheckInfoTest@7a2897ac]" name="employeesCheckInfoTest_C15252" duration-ms="15294" started-at="2012-11-21T10:21:06Z" finished-at="2012-11-21T10:21:21Z">
          <reporter-output>
          </reporter-output>
        </test-method> <!-- employeesCheckInfoTest_C15252 -->
        <test-method status="PASS" signature="closeSession()[pri:0, instance:com.YouMagicPro.LKA_tests.EmployeesCheckInfoTest@7a2897ac]" name="closeSession" is-config="true" duration-ms="1" started-at="2012-11-21T10:21:21Z" finished-at="2012-11-21T10:21:21Z">
          <reporter-output>
          </reporter-output>
        </test-method> <!-- closeSession -->
      </class> <!-- com.YouMagicPro.LKA_tests.EmployeesCheckInfoTest -->
      <class name="com.YouMagicPro.LKA_tests.BuyingAdditionalNumberChooseNumberCategories">
        <test-method status="PASS" signature="startWebDriver()[pri:0, instance:com.YouMagicPro.LKA_tests.BuyingAdditionalNumberChooseNumberCategories@222e2517]" name="startWebDriver" is-config="true" duration-ms="682" started-at="2012-11-21T09:56:56Z" finished-at="2012-11-21T09:56:57Z">
          <reporter-output>
          </reporter-output>
        </test-method> <!-- startWebDriver -->
        <test-method status="PASS" signature="BuyingAdditionalNumberChooseNumberCategories_C15105()[pri:0, instance:com.YouMagicPro.LKA_tests.BuyingAdditionalNumberChooseNumberCategories@222e2517]" name="BuyingAdditionalNumberChooseNumberCategories_C15105" duration-ms="22752" started-at="2012-11-21T09:56:57Z" finished-at="2012-11-21T09:57:20Z">
          <reporter-output>
          </reporter-output>
        </test-method> <!-- BuyingAdditionalNumberChooseNumberCategories_C15105 -->
        <test-method status="PASS" signature="closeSession()[pri:0, instance:com.YouMagicPro.LKA_tests.BuyingAdditionalNumberChooseNumberCategories@222e2517]" name="closeSession" is-config="true" duration-ms="2" started-at="2012-11-21T09:57:20Z" finished-at="2012-11-21T09:57:20Z">
          <reporter-output>
          </reporter-output>
        </test-method> <!-- closeSession -->
      </class> <!-- com.YouMagicPro.LKA_tests.BuyingAdditionalNumberChooseNumberCategories -->
      <class name="com.YouMagicPro.LKA_tests.ExpenseStructureChooseIntNumbersPageTest">
        <test-method status="PASS" signature="startWebDriver()[pri:0, instance:com.YouMagicPro.LKA_tests.ExpenseStructureChooseIntNumbersPageTest@4a65d816]" name="startWebDriver" is-config="true" duration-ms="1235" started-at="2012-11-21T10:23:05Z" finished-at="2012-11-21T10:23:07Z">
          <reporter-output>
          </reporter-output>
        </test-method> <!-- startWebDriver -->
        <test-method status="PASS" signature="expenseStructureChooseIntNumbersPageTest_C15102()[pri:0, instance:com.YouMagicPro.LKA_tests.ExpenseStructureChooseIntNumbersPageTest@4a65d816]" name="expenseStructureChooseIntNumbersPageTest_C15102" duration-ms="17183" started-at="2012-11-21T10:23:07Z" finished-at="2012-11-21T10:23:24Z">
          <reporter-output>
          </reporter-output>
        </test-method> <!-- expenseStructureChooseIntNumbersPageTest_C15102 -->
        <test-method status="PASS" signature="closeSession()[pri:0, instance:com.YouMagicPro.LKA_tests.ExpenseStructureChooseIntNumbersPageTest@4a65d816]" name="closeSession" is-config="true" duration-ms="1" started-at="2012-11-21T10:23:24Z" finished-at="2012-11-21T10:23:24Z">
          <reporter-output>
          </reporter-output>
        </test-method> <!-- closeSession -->
      </class> <!-- com.YouMagicPro.LKA_tests.ExpenseStructureChooseIntNumbersPageTest -->
      <class name="com.YouMagicPro.LKA_tests.DetalizationPageTest">
        <test-method status="PASS" signature="setUp(java.lang.String)[pri:0, instance:com.YouMagicPro.LKA_tests.DetalizationPageTest@7efddbdb]" name="setUp" is-config="true" duration-ms="5914" started-at="2012-11-21T10:18:05Z" finished-at="2012-11-21T10:18:11Z">
          <params>
            <param index="0">
              <value is-null="true"/>
            </param>
          </params>
          <reporter-output>
          </reporter-output>
        </test-method> <!-- setUp -->
        <test-method status="PASS" signature="detalizationPageTest()[pri:0, instance:com.YouMagicPro.LKA_tests.DetalizationPageTest@7efddbdb]" name="detalizationPageTest" duration-ms="21775" started-at="2012-11-21T10:18:11Z" finished-at="2012-11-21T10:18:33Z">
          <reporter-output>
          </reporter-output>
        </test-method> <!-- detalizationPageTest -->
        <test-method status="PASS" signature="tearDown()[pri:0, instance:com.YouMagicPro.LKA_tests.DetalizationPageTest@7efddbdb]" name="tearDown" is-config="true" duration-ms="293" started-at="2012-11-21T10:18:33Z" finished-at="2012-11-21T10:18:33Z">
          <reporter-output>
          </reporter-output>
        </test-method> <!-- tearDown -->
      </class> <!-- com.YouMagicPro.LKA_tests.DetalizationPageTest -->
      <class name="com.YouMagicPro.LKA_tests.ContractOgrnSymbolsTest">
        <test-method status="PASS" signature="startWebDriver()[pri:0, instance:com.YouMagicPro.LKA_tests.ContractOgrnSymbolsTest@2588b2da]" name="startWebDriver" is-config="true" duration-ms="1476" started-at="2012-11-21T10:17:41Z" finished-at="2012-11-21T10:17:43Z">
          <reporter-output>
          </reporter-output>
        </test-method> <!-- startWebDriver -->
        <test-method status="PASS" signature="contractFillBankAccountTest()[pri:0, instance:com.YouMagicPro.LKA_tests.ContractOgrnSymbolsTest@2588b2da]" name="contractFillBankAccountTest" duration-ms="22239" started-at="2012-11-21T10:17:43Z" finished-at="2012-11-21T10:18:05Z">
          <reporter-output>
          </reporter-output>
        </test-method> <!-- contractFillBankAccountTest -->
        <test-method status="PASS" signature="closeSession()[pri:0, instance:com.YouMagicPro.LKA_tests.ContractOgrnSymbolsTest@2588b2da]" name="closeSession" is-config="true" duration-ms="2" started-at="2012-11-21T10:18:05Z" finished-at="2012-11-21T10:18:05Z">
          <reporter-output>
          </reporter-output>
        </test-method> <!-- closeSession -->
      </class> <!-- com.YouMagicPro.LKA_tests.ContractOgrnSymbolsTest -->
      <class name="com.YouMagicPro.LKA_tests.ClickOnPersonalAccountTest">
        <test-method status="PASS" signature="setUp(java.lang.String)[pri:0, instance:com.YouMagicPro.LKA_tests.ClickOnPersonalAccountTest@22e5b6b0]" name="setUp" is-config="true" duration-ms="5187" started-at="2012-11-21T10:02:09Z" finished-at="2012-11-21T10:02:14Z">
          <params>
            <param index="0">
              <value is-null="true"/>
            </param>
          </params>
          <reporter-output>
          </reporter-output>
        </test-method> <!-- setUp -->
        <test-method status="PASS" signature="clickOnPersonalAccountTest()[pri:0, instance:com.YouMagicPro.LKA_tests.ClickOnPersonalAccountTest@22e5b6b0]" name="clickOnPersonalAccountTest" duration-ms="23285" started-at="2012-11-21T10:02:14Z" finished-at="2012-11-21T10:02:38Z">
          <reporter-output>
          </reporter-output>
        </test-method> <!-- clickOnPersonalAccountTest -->
        <test-method status="PASS" signature="tearDown()[pri:0, instance:com.YouMagicPro.LKA_tests.ClickOnPersonalAccountTest@22e5b6b0]" name="tearDown" is-config="true" duration-ms="302" started-at="2012-11-21T10:02:38Z" finished-at="2012-11-21T10:02:38Z">
          <reporter-output>
          </reporter-output>
        </test-method> <!-- tearDown -->
      </class> <!-- com.YouMagicPro.LKA_tests.ClickOnPersonalAccountTest -->
      <class name="com.YouMagicPro.LKA_tests.SupportPhoneTest">
        <test-method status="PASS" signature="startWebDriver()[pri:0, instance:com.YouMagicPro.LKA_tests.SupportPhoneTest@53491ddc]" name="startWebDriver" is-config="true" duration-ms="1542" started-at="2012-11-21T10:31:09Z" finished-at="2012-11-21T10:31:10Z">
          <reporter-output>
          </reporter-output>
        </test-method> <!-- startWebDriver -->
        <test-method status="PASS" signature="SupportPhoneTest_C25679()[pri:0, instance:com.YouMagicPro.LKA_tests.SupportPhoneTest@53491ddc]" name="SupportPhoneTest_C25679" duration-ms="11292" started-at="2012-11-21T10:31:10Z" finished-at="2012-11-21T10:31:22Z">
          <reporter-output>
          </reporter-output>
        </test-method> <!-- SupportPhoneTest_C25679 -->
        <test-method status="PASS" signature="closeSession()[pri:0, instance:com.YouMagicPro.LKA_tests.SupportPhoneTest@53491ddc]" name="closeSession" is-config="true" duration-ms="2" started-at="2012-11-21T10:31:22Z" finished-at="2012-11-21T10:31:22Z">
          <reporter-output>
          </reporter-output>
        </test-method> <!-- closeSession -->
      </class> <!-- com.YouMagicPro.LKA_tests.SupportPhoneTest -->
      <class name="com.YouMagicPro.LKA_tests.ContractKppOneNumberInTextFieldTest">
        <test-method status="PASS" signature="startWebDriver()[pri:0, instance:com.YouMagicPro.LKA_tests.ContractKppOneNumberInTextFieldTest@7ddc5f7]" name="startWebDriver" is-config="true" duration-ms="1171" started-at="2012-11-21T10:15:20Z" finished-at="2012-11-21T10:15:21Z">
          <reporter-output>
          </reporter-output>
        </test-method> <!-- startWebDriver -->
        <test-method status="PASS" signature="contractKppTest_C15048()[pri:0, instance:com.YouMagicPro.LKA_tests.ContractKppOneNumberInTextFieldTest@7ddc5f7]" name="contractKppTest_C15048" duration-ms="22198" started-at="2012-11-21T10:15:21Z" finished-at="2012-11-21T10:15:43Z">
          <reporter-output>
          </reporter-output>
        </test-method> <!-- contractKppTest_C15048 -->
        <test-method status="PASS" signature="closeSession()[pri:0, instance:com.YouMagicPro.LKA_tests.ContractKppOneNumberInTextFieldTest@7ddc5f7]" name="closeSession" is-config="true" duration-ms="2" started-at="2012-11-21T10:15:43Z" finished-at="2012-11-21T10:15:43Z">
          <reporter-output>
          </reporter-output>
        </test-method> <!-- closeSession -->
      </class> <!-- com.YouMagicPro.LKA_tests.ContractKppOneNumberInTextFieldTest -->
      <class name="com.YouMagicPro.LKA_tests.ContractCorAccountLettersAndNumbersTextFieldTest">
        <test-method status="PASS" signature="startWebDriver()[pri:0, instance:com.YouMagicPro.LKA_tests.ContractCorAccountLettersAndNumbersTextFieldTest@fc2a074]" name="startWebDriver" is-config="true" duration-ms="1163" started-at="2012-11-21T10:09:06Z" finished-at="2012-11-21T10:09:07Z">
          <reporter-output>
          </reporter-output>
        </test-method> <!-- startWebDriver -->
        <test-method status="PASS" signature="contractCorAccountTenInTextFieldTest_C15000()[pri:0, instance:com.YouMagicPro.LKA_tests.ContractCorAccountLettersAndNumbersTextFieldTest@fc2a074]" name="contractCorAccountTenInTextFieldTest_C15000" duration-ms="21759" started-at="2012-11-21T10:09:07Z" finished-at="2012-11-21T10:09:29Z">
          <reporter-output>
          </reporter-output>
        </test-method> <!-- contractCorAccountTenInTextFieldTest_C15000 -->
        <test-method status="PASS" signature="closeSession()[pri:0, instance:com.YouMagicPro.LKA_tests.ContractCorAccountLettersAndNumbersTextFieldTest@fc2a074]" name="closeSession" is-config="true" duration-ms="1" started-at="2012-11-21T10:09:29Z" finished-at="2012-11-21T10:09:29Z">
          <reporter-output>
          </reporter-output>
        </test-method> <!-- closeSession -->
      </class> <!-- com.YouMagicPro.LKA_tests.ContractCorAccountLettersAndNumbersTextFieldTest -->
      <class name="com.YouMagicPro.LKA_tests.CallForwardingPageTest">
        <test-method status="PASS" signature="setUp(java.lang.String)[pri:0, instance:com.YouMagicPro.LKA_tests.CallForwardingPageTest@45c948cb]" name="setUp" is-config="true" duration-ms="6022" started-at="2012-11-21T09:57:37Z" finished-at="2012-11-21T09:57:43Z">
          <params>
            <param index="0">
              <value is-null="true"/>
            </param>
          </params>
          <reporter-output>
          </reporter-output>
        </test-method> <!-- setUp -->
        <test-method status="PASS" signature="clickOnAvatarTest()[pri:0, instance:com.YouMagicPro.LKA_tests.CallForwardingPageTest@45c948cb]" name="clickOnAvatarTest" duration-ms="25954" started-at="2012-11-21T09:57:43Z" finished-at="2012-11-21T09:58:09Z">
          <reporter-output>
          </reporter-output>
        </test-method> <!-- clickOnAvatarTest -->
        <test-method status="PASS" signature="tearDown()[pri:0, instance:com.YouMagicPro.LKA_tests.CallForwardingPageTest@45c948cb]" name="tearDown" is-config="true" duration-ms="323" started-at="2012-11-21T09:58:09Z" finished-at="2012-11-21T09:58:09Z">
          <reporter-output>
          </reporter-output>
        </test-method> <!-- tearDown -->
      </class> <!-- com.YouMagicPro.LKA_tests.CallForwardingPageTest -->
      <class name="com.YouMagicPro.LKA_tests.ContractBankAccountLettersAndNumbersTest">
        <test-method status="PASS" signature="startWebDriver()[pri:0, instance:com.YouMagicPro.LKA_tests.ContractBankAccountLettersAndNumbersTest@103c0cfb]" name="startWebDriver" is-config="true" duration-ms="1443" started-at="2012-11-21T10:03:05Z" finished-at="2012-11-21T10:03:06Z">
          <reporter-output>
          </reporter-output>
        </test-method> <!-- startWebDriver -->
        <test-method status="PASS" signature="contractBankAccountLettersAndNumbersTest_C14496()[pri:0, instance:com.YouMagicPro.LKA_tests.ContractBankAccountLettersAndNumbersTest@103c0cfb]" name="contractBankAccountLettersAndNumbersTest_C14496" duration-ms="21463" started-at="2012-11-21T10:03:06Z" finished-at="2012-11-21T10:03:27Z">
          <reporter-output>
          </reporter-output>
        </test-method> <!-- contractBankAccountLettersAndNumbersTest_C14496 -->
        <test-method status="PASS" signature="closeSession()[pri:0, instance:com.YouMagicPro.LKA_tests.ContractBankAccountLettersAndNumbersTest@103c0cfb]" name="closeSession" is-config="true" duration-ms="1" started-at="2012-11-21T10:03:27Z" finished-at="2012-11-21T10:03:27Z">
          <reporter-output>
          </reporter-output>
        </test-method> <!-- closeSession -->
      </class> <!-- com.YouMagicPro.LKA_tests.ContractBankAccountLettersAndNumbersTest -->
      <class name="com.YouMagicPro.LKA_tests.ContractInnChooseFormTest">
        <test-method status="PASS" signature="startWebDriver()[pri:0, instance:com.YouMagicPro.LKA_tests.ContractInnChooseFormTest@7a19b0d0]" name="startWebDriver" is-config="true" duration-ms="1184" started-at="2012-11-21T10:12:21Z" finished-at="2012-11-21T10:12:22Z">
          <reporter-output>
          </reporter-output>
        </test-method> <!-- startWebDriver -->
        <test-method status="PASS" signature="contractInnChooseForm_C15047()[pri:0, instance:com.YouMagicPro.LKA_tests.ContractInnChooseFormTest@7a19b0d0]" name="contractInnChooseForm_C15047" duration-ms="37422" started-at="2012-11-21T10:12:22Z" finished-at="2012-11-21T10:13:00Z">
          <reporter-output>
          </reporter-output>
        </test-method> <!-- contractInnChooseForm_C15047 -->
        <test-method status="PASS" signature="closeSession()[pri:0, instance:com.YouMagicPro.LKA_tests.ContractInnChooseFormTest@7a19b0d0]" name="closeSession" is-config="true" duration-ms="2" started-at="2012-11-21T10:13:00Z" finished-at="2012-11-21T10:13:00Z">
          <reporter-output>
          </reporter-output>
        </test-method> <!-- closeSession -->
      </class> <!-- com.YouMagicPro.LKA_tests.ContractInnChooseFormTest -->
      <class name="com.YouMagicPro.LKA_tests.FilesFreeSpacePageTest">
        <test-method status="PASS" signature="setUp(java.lang.String)[pri:0, instance:com.YouMagicPro.LKA_tests.FilesFreeSpacePageTest@79a66240]" name="setUp" is-config="true" duration-ms="4942" started-at="2012-11-21T10:24:46Z" finished-at="2012-11-21T10:24:51Z">
          <params>
            <param index="0">
              <value is-null="true"/>
            </param>
          </params>
          <reporter-output>
          </reporter-output>
        </test-method> <!-- setUp -->
        <test-method status="PASS" signature="filesFreeSpaceTest()[pri:0, instance:com.YouMagicPro.LKA_tests.FilesFreeSpacePageTest@79a66240]" name="filesFreeSpaceTest" duration-ms="22066" started-at="2012-11-21T10:24:51Z" finished-at="2012-11-21T10:25:13Z">
          <reporter-output>
          </reporter-output>
        </test-method> <!-- filesFreeSpaceTest -->
        <test-method status="PASS" signature="tearDown()[pri:0, instance:com.YouMagicPro.LKA_tests.FilesFreeSpacePageTest@79a66240]" name="tearDown" is-config="true" duration-ms="362" started-at="2012-11-21T10:25:13Z" finished-at="2012-11-21T10:25:13Z">
          <reporter-output>
          </reporter-output>
        </test-method> <!-- tearDown -->
      </class> <!-- com.YouMagicPro.LKA_tests.FilesFreeSpacePageTest -->
      <class name="com.YouMagicPro.LKA_tests.ContractCheckDocumentTest">
        <test-method status="PASS" signature="startWebDriver()[pri:0, instance:com.YouMagicPro.LKA_tests.ContractCheckDocumentTest@31059033]" name="startWebDriver" is-config="true" duration-ms="1168" started-at="2012-11-21T10:06:32Z" finished-at="2012-11-21T10:06:33Z">
          <reporter-output>
          </reporter-output>
        </test-method> <!-- startWebDriver -->
        <test-method status="PASS" signature="contractCheckDocumentTest_C14986()[pri:0, instance:com.YouMagicPro.LKA_tests.ContractCheckDocumentTest@31059033]" name="contractCheckDocumentTest_C14986" duration-ms="110814" started-at="2012-11-21T10:06:33Z" finished-at="2012-11-21T10:08:24Z">
          <reporter-output>
          </reporter-output>
        </test-method> <!-- contractCheckDocumentTest_C14986 -->
        <test-method status="PASS" signature="closeSession()[pri:0, instance:com.YouMagicPro.LKA_tests.ContractCheckDocumentTest@31059033]" name="closeSession" is-config="true" duration-ms="2" started-at="2012-11-21T10:08:24Z" finished-at="2012-11-21T10:08:24Z">
          <reporter-output>
          </reporter-output>
        </test-method> <!-- closeSession -->
      </class> <!-- com.YouMagicPro.LKA_tests.ContractCheckDocumentTest -->
      <class name="com.YouMagicPro.LKA_tests.FeedbackPageTest">
        <test-method status="PASS" signature="setUp(java.lang.String)[pri:0, instance:com.YouMagicPro.LKA_tests.FeedbackPageTest@443f6b14]" name="setUp" is-config="true" duration-ms="5307" started-at="2012-11-21T10:24:19Z" finished-at="2012-11-21T10:24:25Z">
          <params>
            <param index="0">
              <value is-null="true"/>
            </param>
          </params>
          <reporter-output>
          </reporter-output>
        </test-method> <!-- setUp -->
        <test-method status="PASS" signature="feedbackPageTest()[pri:0, instance:com.YouMagicPro.LKA_tests.FeedbackPageTest@443f6b14]" name="feedbackPageTest" duration-ms="21068" started-at="2012-11-21T10:24:25Z" finished-at="2012-11-21T10:24:46Z">
          <reporter-output>
          </reporter-output>
        </test-method> <!-- feedbackPageTest -->
        <test-method status="PASS" signature="tearDown()[pri:0, instance:com.YouMagicPro.LKA_tests.FeedbackPageTest@443f6b14]" name="tearDown" is-config="true" duration-ms="461" started-at="2012-11-21T10:24:46Z" finished-at="2012-11-21T10:24:46Z">
          <reporter-output>
          </reporter-output>
        </test-method> <!-- tearDown -->
      </class> <!-- com.YouMagicPro.LKA_tests.FeedbackPageTest -->
      <class name="com.YouMagicPro.LKA_tests.ContractKpp6NumbersInTextFieldTest">
        <test-method status="PASS" signature="startWebDriver()[pri:0, instance:com.YouMagicPro.LKA_tests.ContractKpp6NumbersInTextFieldTest@1da477bf]" name="startWebDriver" is-config="true" duration-ms="1172" started-at="2012-11-21T10:14:08Z" finished-at="2012-11-21T10:14:09Z">
          <reporter-output>
          </reporter-output>
        </test-method> <!-- startWebDriver -->
        <test-method status="PASS" signature="contractKppTest_C15049()[pri:0, instance:com.YouMagicPro.LKA_tests.ContractKpp6NumbersInTextFieldTest@1da477bf]" name="contractKppTest_C15049" duration-ms="21801" started-at="2012-11-21T10:14:09Z" finished-at="2012-11-21T10:14:31Z">
          <reporter-output>
          </reporter-output>
        </test-method> <!-- contractKppTest_C15049 -->
        <test-method status="PASS" signature="closeSession()[pri:0, instance:com.YouMagicPro.LKA_tests.ContractKpp6NumbersInTextFieldTest@1da477bf]" name="closeSession" is-config="true" duration-ms="2" started-at="2012-11-21T10:14:31Z" finished-at="2012-11-21T10:14:31Z">
          <reporter-output>
          </reporter-output>
        </test-method> <!-- closeSession -->
      </class> <!-- com.YouMagicPro.LKA_tests.ContractKpp6NumbersInTextFieldTest -->
      <class name="com.YouMagicPro.LKA_tests.NotificationsCheckFieldsTest">
        <test-method status="PASS" signature="startWebDriver()[pri:0, instance:com.YouMagicPro.LKA_tests.NotificationsCheckFieldsTest@794baafe]" name="startWebDriver" is-config="true" duration-ms="1537" started-at="2012-11-21T10:25:13Z" finished-at="2012-11-21T10:25:15Z">
          <reporter-output>
          </reporter-output>
        </test-method> <!-- startWebDriver -->
        <test-method status="PASS" signature="orderByEmailCancelButtonTest_C15141()[pri:0, instance:com.YouMagicPro.LKA_tests.NotificationsCheckFieldsTest@794baafe]" name="orderByEmailCancelButtonTest_C15141" duration-ms="30052" started-at="2012-11-21T10:25:15Z" finished-at="2012-11-21T10:25:45Z">
          <reporter-output>
          </reporter-output>
        </test-method> <!-- orderByEmailCancelButtonTest_C15141 -->
        <test-method status="PASS" signature="closeSession()[pri:0, instance:com.YouMagicPro.LKA_tests.NotificationsCheckFieldsTest@794baafe]" name="closeSession" is-config="true" duration-ms="4" started-at="2012-11-21T10:25:45Z" finished-at="2012-11-21T10:25:45Z">
          <reporter-output>
          </reporter-output>
        </test-method> <!-- closeSession -->
      </class> <!-- com.YouMagicPro.LKA_tests.NotificationsCheckFieldsTest -->
      <class name="com.YouMagicPro.LKA_tests.EmployeesEditProfile3SymbolsInTextFieldTest">
        <test-method status="PASS" signature="startWebDriver()[pri:0, instance:com.YouMagicPro.LKA_tests.EmployeesEditProfile3SymbolsInTextFieldTest@56d6c5da]" name="startWebDriver" is-config="true" duration-ms="1176" started-at="2012-11-21T10:21:44Z" finished-at="2012-11-21T10:21:45Z">
          <reporter-output>
          </reporter-output>
        </test-method> <!-- startWebDriver -->
        <test-method status="PASS" signature="employeesEditProfile3SymbolsInTextFieldTest_C15256()[pri:0, instance:com.YouMagicPro.LKA_tests.EmployeesEditProfile3SymbolsInTextFieldTest@56d6c5da]" name="employeesEditProfile3SymbolsInTextFieldTest_C15256" duration-ms="19501" started-at="2012-11-21T10:21:45Z" finished-at="2012-11-21T10:22:05Z">
          <reporter-output>
          </reporter-output>
        </test-method> <!-- employeesEditProfile3SymbolsInTextFieldTest_C15256 -->
        <test-method status="PASS" signature="closeSession()[pri:0, instance:com.YouMagicPro.LKA_tests.EmployeesEditProfile3SymbolsInTextFieldTest@56d6c5da]" name="closeSession" is-config="true" duration-ms="2" started-at="2012-11-21T10:22:05Z" finished-at="2012-11-21T10:22:05Z">
          <reporter-output>
          </reporter-output>
        </test-method> <!-- closeSession -->
      </class> <!-- com.YouMagicPro.LKA_tests.EmployeesEditProfile3SymbolsInTextFieldTest -->
      <class name="com.YouMagicPro.LKA_tests.OrderDeliveryOfContractCancelButtonTest">
        <test-method status="PASS" signature="startWebDriver()[pri:0, instance:com.YouMagicPro.LKA_tests.OrderDeliveryOfContractCancelButtonTest@38862c65]" name="startWebDriver" is-config="true" duration-ms="1992" started-at="2012-11-21T10:28:11Z" finished-at="2012-11-21T10:28:13Z">
          <reporter-output>
          </reporter-output>
        </test-method> <!-- startWebDriver -->
        <test-method status="PASS" signature="orderDeliveryOfContractCancelButtonTest()[pri:0, instance:com.YouMagicPro.LKA_tests.OrderDeliveryOfContractCancelButtonTest@38862c65]" name="orderDeliveryOfContractCancelButtonTest" duration-ms="20640" started-at="2012-11-21T10:28:13Z" finished-at="2012-11-21T10:28:33Z">
          <reporter-output>
          </reporter-output>
        </test-method> <!-- orderDeliveryOfContractCancelButtonTest -->
        <test-method status="PASS" signature="closeSession()[pri:0, instance:com.YouMagicPro.LKA_tests.OrderDeliveryOfContractCancelButtonTest@38862c65]" name="closeSession" is-config="true" duration-ms="1" started-at="2012-11-21T10:28:33Z" finished-at="2012-11-21T10:28:33Z">
          <reporter-output>
          </reporter-output>
        </test-method> <!-- closeSession -->
      </class> <!-- com.YouMagicPro.LKA_tests.OrderDeliveryOfContractCancelButtonTest -->
      <class name="com.YouMagicPro.LKA_tests.ExpenseStructureInternalNumbersFeeTest">
        <test-method status="PASS" signature="startWebDriver()[pri:0, instance:com.YouMagicPro.LKA_tests.ExpenseStructureInternalNumbersFeeTest@173ceeb6]" name="startWebDriver" is-config="true" duration-ms="1579" started-at="2012-11-21T10:23:24Z" finished-at="2012-11-21T10:23:25Z">
          <reporter-output>
          </reporter-output>
        </test-method> <!-- startWebDriver -->
        <test-method status="PASS" signature="expenseStructureInternalNumbersFeeTest_C15101()[pri:0, instance:com.YouMagicPro.LKA_tests.ExpenseStructureInternalNumbersFeeTest@173ceeb6]" name="expenseStructureInternalNumbersFeeTest_C15101" duration-ms="9323" started-at="2012-11-21T10:23:25Z" finished-at="2012-11-21T10:23:35Z">
          <reporter-output>
          </reporter-output>
        </test-method> <!-- expenseStructureInternalNumbersFeeTest_C15101 -->
        <test-method status="PASS" signature="closeSession()[pri:0, instance:com.YouMagicPro.LKA_tests.ExpenseStructureInternalNumbersFeeTest@173ceeb6]" name="closeSession" is-config="true" duration-ms="2" started-at="2012-11-21T10:23:35Z" finished-at="2012-11-21T10:23:35Z">
          <reporter-output>
          </reporter-output>
        </test-method> <!-- closeSession -->
      </class> <!-- com.YouMagicPro.LKA_tests.ExpenseStructureInternalNumbersFeeTest -->
      <class name="com.YouMagicPro.LKA_tests.VoiceMenuAddTest">
        <test-method status="PASS" signature="startWebDriver()[pri:0, instance:com.YouMagicPro.LKA_tests.VoiceMenuAddTest@20e8ac93]" name="startWebDriver" is-config="true" duration-ms="3117" started-at="2012-11-21T09:53:28Z" finished-at="2012-11-21T09:53:31Z">
          <reporter-output>
          </reporter-output>
        </test-method> <!-- startWebDriver -->
        <test-method status="PASS" signature="voiceMenuAddTest_C15292()[pri:0, instance:com.YouMagicPro.LKA_tests.VoiceMenuAddTest@20e8ac93]" name="voiceMenuAddTest_C15292" duration-ms="17534" started-at="2012-11-21T09:53:31Z" finished-at="2012-11-21T09:53:48Z">
          <reporter-output>
          </reporter-output>
        </test-method> <!-- voiceMenuAddTest_C15292 -->
        <test-method status="PASS" signature="closeSession()[pri:0, instance:com.YouMagicPro.LKA_tests.VoiceMenuAddTest@20e8ac93]" name="closeSession" is-config="true" duration-ms="2" started-at="2012-11-21T09:53:48Z" finished-at="2012-11-21T09:53:48Z">
          <reporter-output>
          </reporter-output>
        </test-method> <!-- closeSession -->
      </class> <!-- com.YouMagicPro.LKA_tests.VoiceMenuAddTest -->
      <class name="com.YouMagicPro.LKA_tests.EmployeesEditProfileFillInDataTest">
        <test-method status="PASS" signature="startWebDriver()[pri:0, instance:com.YouMagicPro.LKA_tests.EmployeesEditProfileFillInDataTest@55816088]" name="startWebDriver" is-config="true" duration-ms="1160" started-at="2012-11-21T10:22:05Z" finished-at="2012-11-21T10:22:06Z">
          <reporter-output>
          </reporter-output>
        </test-method> <!-- startWebDriver -->
        <test-method status="PASS" signature="employeesEditProfileTest_C15253()[pri:0, instance:com.YouMagicPro.LKA_tests.EmployeesEditProfileFillInDataTest@55816088]" name="employeesEditProfileTest_C15253" duration-ms="20426" started-at="2012-11-21T10:22:06Z" finished-at="2012-11-21T10:22:26Z">
          <reporter-output>
          </reporter-output>
        </test-method> <!-- employeesEditProfileTest_C15253 -->
        <test-method status="PASS" signature="closeSession()[pri:0, instance:com.YouMagicPro.LKA_tests.EmployeesEditProfileFillInDataTest@55816088]" name="closeSession" is-config="true" duration-ms="2" started-at="2012-11-21T10:22:26Z" finished-at="2012-11-21T10:22:26Z">
          <reporter-output>
          </reporter-output>
        </test-method> <!-- closeSession -->
      </class> <!-- com.YouMagicPro.LKA_tests.EmployeesEditProfileFillInDataTest -->
      <class name="com.YouMagicPro.LKA_tests.BuyingAdditionalInternalNumberCheckCost">
        <test-method status="PASS" signature="startWebDriver()[pri:0, instance:com.YouMagicPro.LKA_tests.BuyingAdditionalInternalNumberCheckCost@7c9c62f5]" name="startWebDriver" is-config="true" duration-ms="1237" started-at="2012-11-21T09:56:15Z" finished-at="2012-11-21T09:56:16Z">
          <reporter-output>
          </reporter-output>
        </test-method> <!-- startWebDriver -->
        <test-method status="PASS" signature="buyingAdditionalInternalNumberCheckCost_C15113()[pri:0, instance:com.YouMagicPro.LKA_tests.BuyingAdditionalInternalNumberCheckCost@7c9c62f5]" name="buyingAdditionalInternalNumberCheckCost_C15113" duration-ms="10544" started-at="2012-11-21T09:56:16Z" finished-at="2012-11-21T09:56:27Z">
          <reporter-output>
          </reporter-output>
        </test-method> <!-- buyingAdditionalInternalNumberCheckCost_C15113 -->
        <test-method status="PASS" signature="closeSession()[pri:0, instance:com.YouMagicPro.LKA_tests.BuyingAdditionalInternalNumberCheckCost@7c9c62f5]" name="closeSession" is-config="true" duration-ms="2" started-at="2012-11-21T09:56:27Z" finished-at="2012-11-21T09:56:27Z">
          <reporter-output>
          </reporter-output>
        </test-method> <!-- closeSession -->
      </class> <!-- com.YouMagicPro.LKA_tests.BuyingAdditionalInternalNumberCheckCost -->
      <class name="com.YouMagicPro.LKA_tests.ContractFillInDataTest">
        <test-method status="PASS" signature="startWebDriver()[pri:0, instance:com.YouMagicPro.LKA_tests.ContractFillInDataTest@b99f7c6]" name="startWebDriver" is-config="true" duration-ms="1208" started-at="2012-11-21T10:11:31Z" finished-at="2012-11-21T10:11:32Z">
          <reporter-output>
          </reporter-output>
        </test-method> <!-- startWebDriver -->
        <test-method status="PASS" signature="fillInContractDataTest_C14998()[pri:0, instance:com.YouMagicPro.LKA_tests.ContractFillInDataTest@b99f7c6]" name="fillInContractDataTest_C14998" duration-ms="24168" started-at="2012-11-21T10:11:32Z" finished-at="2012-11-21T10:11:57Z">
          <reporter-output>
          </reporter-output>
        </test-method> <!-- fillInContractDataTest_C14998 -->
        <test-method status="PASS" signature="closeSession()[pri:0, instance:com.YouMagicPro.LKA_tests.ContractFillInDataTest@b99f7c6]" name="closeSession" is-config="true" duration-ms="2" started-at="2012-11-21T10:11:57Z" finished-at="2012-11-21T10:11:57Z">
          <reporter-output>
          </reporter-output>
        </test-method> <!-- closeSession -->
      </class> <!-- com.YouMagicPro.LKA_tests.ContractFillInDataTest -->
      <class name="com.YouMagicPro.LKA_tests.ContractOgrnLettersAndNumbersInTextFieldTest">
        <test-method status="PASS" signature="startWebDriver()[pri:0, instance:com.YouMagicPro.LKA_tests.ContractOgrnLettersAndNumbersInTextFieldTest@374d8c71]" name="startWebDriver" is-config="true" duration-ms="1375" started-at="2012-11-21T10:16:29Z" finished-at="2012-11-21T10:16:30Z">
          <reporter-output>
          </reporter-output>
        </test-method> <!-- startWebDriver -->
        <test-method status="PASS" signature="contractOgrnLettersAndNumbersInTextFieldTest_C15057()[pri:0, instance:com.YouMagicPro.LKA_tests.ContractOgrnLettersAndNumbersInTextFieldTest@374d8c71]" name="contractOgrnLettersAndNumbersInTextFieldTest_C15057" duration-ms="21468" started-at="2012-11-21T10:16:30Z" finished-at="2012-11-21T10:16:52Z">
          <reporter-output>
          </reporter-output>
        </test-method> <!-- contractOgrnLettersAndNumbersInTextFieldTest_C15057 -->
        <test-method status="PASS" signature="closeSession()[pri:0, instance:com.YouMagicPro.LKA_tests.ContractOgrnLettersAndNumbersInTextFieldTest@374d8c71]" name="closeSession" is-config="true" duration-ms="3" started-at="2012-11-21T10:16:52Z" finished-at="2012-11-21T10:16:52Z">
          <reporter-output>
          </reporter-output>
        </test-method> <!-- closeSession -->
      </class> <!-- com.YouMagicPro.LKA_tests.ContractOgrnLettersAndNumbersInTextFieldTest -->
      <class name="com.YouMagicPro.LKA_tests.BuyingAdditionalNumberChooseCityFromList">
        <test-method status="PASS" signature="startWebDriver()[pri:0, instance:com.YouMagicPro.LKA_tests.BuyingAdditionalNumberChooseCityFromList@5fdb7adc]" name="startWebDriver" is-config="true" duration-ms="1172" started-at="2012-11-21T09:56:39Z" finished-at="2012-11-21T09:56:40Z">
          <reporter-output>
          </reporter-output>
        </test-method> <!-- startWebDriver -->
        <test-method status="PASS" signature="buyingAdditionalNumberChooseCityFromList_C15103()[pri:0, instance:com.YouMagicPro.LKA_tests.BuyingAdditionalNumberChooseCityFromList@5fdb7adc]" name="buyingAdditionalNumberChooseCityFromList_C15103" duration-ms="16279" started-at="2012-11-21T09:56:40Z" finished-at="2012-11-21T09:56:56Z">
          <reporter-output>
          </reporter-output>
        </test-method> <!-- buyingAdditionalNumberChooseCityFromList_C15103 -->
        <test-method status="PASS" signature="closeSession()[pri:0, instance:com.YouMagicPro.LKA_tests.BuyingAdditionalNumberChooseCityFromList@5fdb7adc]" name="closeSession" is-config="true" duration-ms="2" started-at="2012-11-21T09:56:56Z" finished-at="2012-11-21T09:56:56Z">
          <reporter-output>
          </reporter-output>
        </test-method> <!-- closeSession -->
      </class> <!-- com.YouMagicPro.LKA_tests.BuyingAdditionalNumberChooseCityFromList -->
      <class name="com.YouMagicPro.LKA_tests.ContractBik1inTextFieldTest">
        <test-method status="PASS" signature="startWebDriver()[pri:0, instance:com.YouMagicPro.LKA_tests.ContractBik1inTextFieldTest@3021eb3f]" name="startWebDriver" is-config="true" duration-ms="1178" started-at="2012-11-21T10:04:53Z" finished-at="2012-11-21T10:04:54Z">
          <reporter-output>
          </reporter-output>
        </test-method> <!-- startWebDriver -->
        <test-method status="PASS" signature="contractBikTest1inTextField_C15022()[pri:0, instance:com.YouMagicPro.LKA_tests.ContractBik1inTextFieldTest@3021eb3f]" name="contractBikTest1inTextField_C15022" duration-ms="24471" started-at="2012-11-21T10:04:54Z" finished-at="2012-11-21T10:05:19Z">
          <reporter-output>
          </reporter-output>
        </test-method> <!-- contractBikTest1inTextField_C15022 -->
        <test-method status="PASS" signature="closeSession()[pri:0, instance:com.YouMagicPro.LKA_tests.ContractBik1inTextFieldTest@3021eb3f]" name="closeSession" is-config="true" duration-ms="2" started-at="2012-11-21T10:05:19Z" finished-at="2012-11-21T10:05:19Z">
          <reporter-output>
          </reporter-output>
        </test-method> <!-- closeSession -->
      </class> <!-- com.YouMagicPro.LKA_tests.ContractBik1inTextFieldTest -->
      <class name="com.YouMagicPro.LKA_tests.PaymentsPageTest">
        <test-method status="PASS" signature="setUp(java.lang.String)[pri:0, instance:com.YouMagicPro.LKA_tests.PaymentsPageTest@76b23e72]" name="setUp" is-config="true" duration-ms="6456" started-at="2012-11-21T10:30:12Z" finished-at="2012-11-21T10:30:18Z">
          <params>
            <param index="0">
              <value is-null="true"/>
            </param>
          </params>
          <reporter-output>
          </reporter-output>
        </test-method> <!-- setUp -->
        <test-method status="PASS" signature="soundFilesTest()[pri:0, instance:com.YouMagicPro.LKA_tests.PaymentsPageTest@76b23e72]" name="soundFilesTest" duration-ms="22537" started-at="2012-11-21T10:30:18Z" finished-at="2012-11-21T10:30:41Z">
          <reporter-output>
          </reporter-output>
        </test-method> <!-- soundFilesTest -->
        <test-method status="PASS" signature="tearDown()[pri:0, instance:com.YouMagicPro.LKA_tests.PaymentsPageTest@76b23e72]" name="tearDown" is-config="true" duration-ms="251" started-at="2012-11-21T10:30:41Z" finished-at="2012-11-21T10:30:41Z">
          <reporter-output>
          </reporter-output>
        </test-method> <!-- tearDown -->
      </class> <!-- com.YouMagicPro.LKA_tests.PaymentsPageTest -->
      <class name="com.YouMagicPro.LKA_tests.ContractBankAccountLettersInTextFieldTest">
        <test-method status="PASS" signature="startWebDriver()[pri:0, instance:com.YouMagicPro.LKA_tests.ContractBankAccountLettersInTextFieldTest@f50fa46]" name="startWebDriver" is-config="true" duration-ms="1169" started-at="2012-11-21T10:03:27Z" finished-at="2012-11-21T10:03:29Z">
          <reporter-output>
          </reporter-output>
        </test-method> <!-- startWebDriver -->
        <test-method status="PASS" signature="contractBankAccountLettersInTextFieldTest_C14995()[pri:0, instance:com.YouMagicPro.LKA_tests.ContractBankAccountLettersInTextFieldTest@f50fa46]" name="contractBankAccountLettersInTextFieldTest_C14995" duration-ms="21586" started-at="2012-11-21T10:03:29Z" finished-at="2012-11-21T10:03:50Z">
          <reporter-output>
          </reporter-output>
        </test-method> <!-- contractBankAccountLettersInTextFieldTest_C14995 -->
        <test-method status="PASS" signature="closeSession()[pri:0, instance:com.YouMagicPro.LKA_tests.ContractBankAccountLettersInTextFieldTest@f50fa46]" name="closeSession" is-config="true" duration-ms="1" started-at="2012-11-21T10:03:50Z" finished-at="2012-11-21T10:03:50Z">
          <reporter-output>
          </reporter-output>
        </test-method> <!-- closeSession -->
      </class> <!-- com.YouMagicPro.LKA_tests.ContractBankAccountLettersInTextFieldTest -->
      <class name="com.YouMagicPro.LKA_tests.OrderToAdressChangePhoneTest">
        <test-method status="PASS" signature="startWebDriver()[pri:0, instance:com.YouMagicPro.LKA_tests.OrderToAdressChangePhoneTest@157d2287]" name="startWebDriver" is-config="true" duration-ms="1945" started-at="2012-11-21T10:29:31Z" finished-at="2012-11-21T10:29:33Z">
          <reporter-output>
          </reporter-output>
        </test-method> <!-- startWebDriver -->
        <test-method status="PASS" signature="orderToAdressChangePhoneTest_C25677()[pri:0, instance:com.YouMagicPro.LKA_tests.OrderToAdressChangePhoneTest@157d2287]" name="orderToAdressChangePhoneTest_C25677" duration-ms="16628" started-at="2012-11-21T10:29:33Z" finished-at="2012-11-21T10:29:49Z">
          <reporter-output>
          </reporter-output>
        </test-method> <!-- orderToAdressChangePhoneTest_C25677 -->
        <test-method status="PASS" signature="closeSession()[pri:0, instance:com.YouMagicPro.LKA_tests.OrderToAdressChangePhoneTest@157d2287]" name="closeSession" is-config="true" duration-ms="1" started-at="2012-11-21T10:29:49Z" finished-at="2012-11-21T10:29:49Z">
          <reporter-output>
          </reporter-output>
        </test-method> <!-- closeSession -->
      </class> <!-- com.YouMagicPro.LKA_tests.OrderToAdressChangePhoneTest -->
      <class name="com.YouMagicPro.LKA_tests.OrderDeliveryOfContractDropdownListTest">
        <test-method status="PASS" signature="startWebDriver()[pri:0, instance:com.YouMagicPro.LKA_tests.OrderDeliveryOfContractDropdownListTest@24190388]" name="startWebDriver" is-config="true" duration-ms="1924" started-at="2012-11-21T10:28:33Z" finished-at="2012-11-21T10:28:35Z">
          <reporter-output>
          </reporter-output>
        </test-method> <!-- startWebDriver -->
        <test-method status="PASS" signature="expenseStructureTest()[pri:0, instance:com.YouMagicPro.LKA_tests.OrderDeliveryOfContractDropdownListTest@24190388]" name="expenseStructureTest" duration-ms="17761" started-at="2012-11-21T10:28:35Z" finished-at="2012-11-21T10:28:53Z">
          <reporter-output>
          </reporter-output>
        </test-method> <!-- expenseStructureTest -->
        <test-method status="PASS" signature="closeSession()[pri:0, instance:com.YouMagicPro.LKA_tests.OrderDeliveryOfContractDropdownListTest@24190388]" name="closeSession" is-config="true" duration-ms="2" started-at="2012-11-21T10:28:53Z" finished-at="2012-11-21T10:28:53Z">
          <reporter-output>
          </reporter-output>
        </test-method> <!-- closeSession -->
      </class> <!-- com.YouMagicPro.LKA_tests.OrderDeliveryOfContractDropdownListTest -->
      <class name="com.YouMagicPro.LKA_tests.ContractCorAccountLettersInTextFieldTest">
        <test-method status="PASS" signature="startWebDriver()[pri:0, instance:com.YouMagicPro.LKA_tests.ContractCorAccountLettersInTextFieldTest@609fc98]" name="startWebDriver" is-config="true" duration-ms="1247" started-at="2012-11-21T10:09:29Z" finished-at="2012-11-21T10:09:30Z">
          <reporter-output>
          </reporter-output>
        </test-method> <!-- startWebDriver -->
        <test-method status="PASS" signature="contractCorAccountLettersInTextFieldTest_C15001()[pri:0, instance:com.YouMagicPro.LKA_tests.ContractCorAccountLettersInTextFieldTest@609fc98]" name="contractCorAccountLettersInTextFieldTest_C15001" duration-ms="21330" started-at="2012-11-21T10:09:30Z" finished-at="2012-11-21T10:09:51Z">
          <reporter-output>
          </reporter-output>
        </test-method> <!-- contractCorAccountLettersInTextFieldTest_C15001 -->
        <test-method status="PASS" signature="closeSession()[pri:0, instance:com.YouMagicPro.LKA_tests.ContractCorAccountLettersInTextFieldTest@609fc98]" name="closeSession" is-config="true" duration-ms="2" started-at="2012-11-21T10:09:51Z" finished-at="2012-11-21T10:09:51Z">
          <reporter-output>
          </reporter-output>
        </test-method> <!-- closeSession -->
      </class> <!-- com.YouMagicPro.LKA_tests.ContractCorAccountLettersInTextFieldTest -->
      <class name="com.YouMagicPro.LKA_tests.ContractBikSymbolsInTextFieldTest">
        <test-method status="PASS" signature="startWebDriver()[pri:0, instance:com.YouMagicPro.LKA_tests.ContractBikSymbolsInTextFieldTest@596fde80]" name="startWebDriver" is-config="true" duration-ms="1159" started-at="2012-11-21T10:06:09Z" finished-at="2012-11-21T10:06:10Z">
          <reporter-output>
          </reporter-output>
        </test-method> <!-- startWebDriver -->
        <test-method status="PASS" signature="contractBikSymbolsInTextFieldTest_C15026()[pri:0, instance:com.YouMagicPro.LKA_tests.ContractBikSymbolsInTextFieldTest@596fde80]" name="contractBikSymbolsInTextFieldTest_C15026" duration-ms="22580" started-at="2012-11-21T10:06:10Z" finished-at="2012-11-21T10:06:32Z">
          <reporter-output>
          </reporter-output>
        </test-method> <!-- contractBikSymbolsInTextFieldTest_C15026 -->
        <test-method status="PASS" signature="closeSession()[pri:0, instance:com.YouMagicPro.LKA_tests.ContractBikSymbolsInTextFieldTest@596fde80]" name="closeSession" is-config="true" duration-ms="2" started-at="2012-11-21T10:06:32Z" finished-at="2012-11-21T10:06:32Z">
          <reporter-output>
          </reporter-output>
        </test-method> <!-- closeSession -->
      </class> <!-- com.YouMagicPro.LKA_tests.ContractBikSymbolsInTextFieldTest -->
      <class name="com.YouMagicPro.LKA_tests.ContractBankAccountTenInTextFieldTest">
        <test-method status="PASS" signature="startWebDriver()[pri:0, instance:com.YouMagicPro.LKA_tests.ContractBankAccountTenInTextFieldTest@643e1d69]" name="startWebDriver" is-config="true" duration-ms="1186" started-at="2012-11-21T10:04:30Z" finished-at="2012-11-21T10:04:31Z">
          <reporter-output>
          </reporter-output>
        </test-method> <!-- startWebDriver -->
        <test-method status="PASS" signature="contractBankAccountTenInTextFieldTest_C14994()[pri:0, instance:com.YouMagicPro.LKA_tests.ContractBankAccountTenInTextFieldTest@643e1d69]" name="contractBankAccountTenInTextFieldTest_C14994" duration-ms="21659" started-at="2012-11-21T10:04:31Z" finished-at="2012-11-21T10:04:53Z">
          <reporter-output>
          </reporter-output>
        </test-method> <!-- contractBankAccountTenInTextFieldTest_C14994 -->
        <test-method status="PASS" signature="closeSession()[pri:0, instance:com.YouMagicPro.LKA_tests.ContractBankAccountTenInTextFieldTest@643e1d69]" name="closeSession" is-config="true" duration-ms="2" started-at="2012-11-21T10:04:53Z" finished-at="2012-11-21T10:04:53Z">
          <reporter-output>
          </reporter-output>
        </test-method> <!-- closeSession -->
      </class> <!-- com.YouMagicPro.LKA_tests.ContractBankAccountTenInTextFieldTest -->
      <class name="com.YouMagicPro.LKA_tests.ContractOgrnOneNumberInTextFieldTest">
        <test-method status="PASS" signature="startWebDriver()[pri:0, instance:com.YouMagicPro.LKA_tests.ContractOgrnOneNumberInTextFieldTest@78abd604]" name="startWebDriver" is-config="true" duration-ms="1726" started-at="2012-11-21T10:17:16Z" finished-at="2012-11-21T10:17:18Z">
          <reporter-output>
          </reporter-output>
        </test-method> <!-- startWebDriver -->
        <test-method status="PASS" signature="contractOgrnOneNumberInTextFieldTest_C15053()[pri:0, instance:com.YouMagicPro.LKA_tests.ContractOgrnOneNumberInTextFieldTest@78abd604]" name="contractOgrnOneNumberInTextFieldTest_C15053" duration-ms="23430" started-at="2012-11-21T10:17:18Z" finished-at="2012-11-21T10:17:41Z">
          <reporter-output>
          </reporter-output>
        </test-method> <!-- contractOgrnOneNumberInTextFieldTest_C15053 -->
        <test-method status="PASS" signature="closeSession()[pri:0, instance:com.YouMagicPro.LKA_tests.ContractOgrnOneNumberInTextFieldTest@78abd604]" name="closeSession" is-config="true" duration-ms="2" started-at="2012-11-21T10:17:41Z" finished-at="2012-11-21T10:17:41Z">
          <reporter-output>
          </reporter-output>
        </test-method> <!-- closeSession -->
      </class> <!-- com.YouMagicPro.LKA_tests.ContractOgrnOneNumberInTextFieldTest -->
      <class name="com.YouMagicPro.LKA_tests.ContractBikLettersInTextFieldTest">
        <test-method status="PASS" signature="startWebDriver()[pri:0, instance:com.YouMagicPro.LKA_tests.ContractBikLettersInTextFieldTest@70efdf29]" name="startWebDriver" is-config="true" duration-ms="1180" started-at="2012-11-21T10:05:43Z" finished-at="2012-11-21T10:05:44Z">
          <reporter-output>
          </reporter-output>
        </test-method> <!-- startWebDriver -->
        <test-method status="PASS" signature="contractBikTestLettersInTextField_C15023()[pri:0, instance:com.YouMagicPro.LKA_tests.ContractBikLettersInTextFieldTest@70efdf29]" name="contractBikTestLettersInTextField_C15023" duration-ms="24795" started-at="2012-11-21T10:05:44Z" finished-at="2012-11-21T10:06:09Z">
          <reporter-output>
          </reporter-output>
        </test-method> <!-- contractBikTestLettersInTextField_C15023 -->
        <test-method status="PASS" signature="closeSession()[pri:0, instance:com.YouMagicPro.LKA_tests.ContractBikLettersInTextFieldTest@70efdf29]" name="closeSession" is-config="true" duration-ms="1" started-at="2012-11-21T10:06:09Z" finished-at="2012-11-21T10:06:09Z">
          <reporter-output>
          </reporter-output>
        </test-method> <!-- closeSession -->
      </class> <!-- com.YouMagicPro.LKA_tests.ContractBikLettersInTextFieldTest -->
      <class name="com.YouMagicPro.LKA_tests.ClickOnBalanceTest">
        <test-method status="PASS" signature="setUp(java.lang.String)[pri:0, instance:com.YouMagicPro.LKA_tests.ClickOnBalanceTest@519e09e8]" name="setUp" is-config="true" duration-ms="5347" started-at="2012-11-21T09:58:38Z" finished-at="2012-11-21T09:58:43Z">
          <params>
            <param index="0">
              <value is-null="true"/>
            </param>
          </params>
          <reporter-output>
          </reporter-output>
        </test-method> <!-- setUp -->
        <test-method status="PASS" signature="clickOnBalanceTest()[pri:0, instance:com.YouMagicPro.LKA_tests.ClickOnBalanceTest@519e09e8]" name="clickOnBalanceTest" duration-ms="22643" started-at="2012-11-21T09:58:43Z" finished-at="2012-11-21T09:59:06Z">
          <reporter-output>
          </reporter-output>
        </test-method> <!-- clickOnBalanceTest -->
        <test-method status="PASS" signature="tearDown()[pri:0, instance:com.YouMagicPro.LKA_tests.ClickOnBalanceTest@519e09e8]" name="tearDown" is-config="true" duration-ms="343" started-at="2012-11-21T09:59:06Z" finished-at="2012-11-21T09:59:06Z">
          <reporter-output>
          </reporter-output>
        </test-method> <!-- tearDown -->
      </class> <!-- com.YouMagicPro.LKA_tests.ClickOnBalanceTest -->
      <class name="com.YouMagicPro.LKA_tests.ContractKppLettersTest">
        <test-method status="PASS" signature="startWebDriver()[pri:0, instance:com.YouMagicPro.LKA_tests.ContractKppLettersTest@1a7c9625]" name="startWebDriver" is-config="true" duration-ms="688" started-at="2012-11-21T10:14:54Z" finished-at="2012-11-21T10:14:54Z">
          <reporter-output>
          </reporter-output>
        </test-method> <!-- startWebDriver -->
        <test-method status="PASS" signature="contractKppTest_C15050()[pri:0, instance:com.YouMagicPro.LKA_tests.ContractKppLettersTest@1a7c9625]" name="contractKppTest_C15050" duration-ms="25447" started-at="2012-11-21T10:14:54Z" finished-at="2012-11-21T10:15:20Z">
          <reporter-output>
          </reporter-output>
        </test-method> <!-- contractKppTest_C15050 -->
        <test-method status="PASS" signature="closeSession()[pri:0, instance:com.YouMagicPro.LKA_tests.ContractKppLettersTest@1a7c9625]" name="closeSession" is-config="true" duration-ms="2" started-at="2012-11-21T10:15:20Z" finished-at="2012-11-21T10:15:20Z">
          <reporter-output>
          </reporter-output>
        </test-method> <!-- closeSession -->
      </class> <!-- com.YouMagicPro.LKA_tests.ContractKppLettersTest -->
      <class name="com.YouMagicPro.LKA_tests.BuyingAdditionalInternalNumberTextFieldTest">
        <test-method status="PASS" signature="startWebDriver()[pri:0, instance:com.YouMagicPro.LKA_tests.BuyingAdditionalInternalNumberTextFieldTest@47d4b906]" name="startWebDriver" is-config="true" duration-ms="1164" started-at="2012-11-21T09:56:27Z" finished-at="2012-11-21T09:56:28Z">
          <reporter-output>
          </reporter-output>
        </test-method> <!-- startWebDriver -->
        <test-method status="PASS" signature="buyingAdditionalInternalNumberTextFieldTest_C15112()[pri:0, instance:com.YouMagicPro.LKA_tests.BuyingAdditionalInternalNumberTextFieldTest@47d4b906]" name="buyingAdditionalInternalNumberTextFieldTest_C15112" duration-ms="10935" started-at="2012-11-21T09:56:28Z" finished-at="2012-11-21T09:56:39Z">
          <reporter-output>
          </reporter-output>
        </test-method> <!-- buyingAdditionalInternalNumberTextFieldTest_C15112 -->
        <test-method status="PASS" signature="closeSession()[pri:0, instance:com.YouMagicPro.LKA_tests.BuyingAdditionalInternalNumberTextFieldTest@47d4b906]" name="closeSession" is-config="true" duration-ms="2" started-at="2012-11-21T09:56:39Z" finished-at="2012-11-21T09:56:39Z">
          <reporter-output>
          </reporter-output>
        </test-method> <!-- closeSession -->
      </class> <!-- com.YouMagicPro.LKA_tests.BuyingAdditionalInternalNumberTextFieldTest -->
      <class name="com.YouMagicPro.LKA_tests.ContractBankAccountOneInTextFieldTest">
        <test-method status="PASS" signature="startWebDriver()[pri:0, instance:com.YouMagicPro.LKA_tests.ContractBankAccountOneInTextFieldTest@6547813b]" name="startWebDriver" is-config="true" duration-ms="1174" started-at="2012-11-21T10:03:50Z" finished-at="2012-11-21T10:03:51Z">
          <reporter-output>
          </reporter-output>
        </test-method> <!-- startWebDriver -->
        <test-method status="FAIL" signature="contractBankAccountOneInTextFieldTest_C14993()[pri:0, instance:com.YouMagicPro.LKA_tests.ContractBankAccountOneInTextFieldTest@6547813b]" name="contractBankAccountOneInTextFieldTest_C14993" duration-ms="15299" started-at="2012-11-21T10:03:51Z" finished-at="2012-11-21T10:04:07Z">
          <exception class="org.openqa.selenium.WebDriverException">
            <message>
              <![CDATA[Element is not clickable at point (555, 381). Other element would receive the click: <img id="1" class="slideimage" src="/sites/all/modules/contrib/umagicpro_instructions/images/home.png" data-title="    YouMagic.Pro!"> (WARNING: The server did not provide any stacktrace information)
Command duration or timeout: 29 milliseconds
Build info: version: '2.26.0', revision: '18040', time: '2012-11-02 09:44:45'
System info: os.name: 'Windows 7', os.arch: 'amd64', os.version: '6.1', java.version: '1.7.0_05'
Driver info: driver.version: RemoteWebDriver
Session ID: 42ceaa2cdec8593375f22775fee20504]]>
            </message>
            <full-stacktrace>
              <![CDATA[org.openqa.selenium.WebDriverException: Element is not clickable at point (555, 381). Other element would receive the click: <img id="1" class="slideimage" src="/sites/all/modules/contrib/umagicpro_instructions/images/home.png" data-title="    YouMagic.Pro!"> (WARNING: The server did not provide any stacktrace information)
Command duration or timeout: 29 milliseconds
Build info: version: '2.26.0', revision: '18040', time: '2012-11-02 09:44:45'
System info: os.name: 'Windows 7', os.arch: 'amd64', os.version: '6.1', java.version: '1.7.0_05'
Driver info: driver.version: RemoteWebDriver
Session ID: 42ceaa2cdec8593375f22775fee20504
	at sun.reflect.NativeConstructorAccessorImpl.newInstance0(Native Method)
	at sun.reflect.NativeConstructorAccessorImpl.newInstance(NativeConstructorAccessorImpl.java:57)
	at sun.reflect.DelegatingConstructorAccessorImpl.newInstance(DelegatingConstructorAccessorImpl.java:45)
	at java.lang.reflect.Constructor.newInstance(Constructor.java:525)
	at org.openqa.selenium.remote.ErrorHandler.createThrowable(ErrorHandler.java:188)
	at org.openqa.selenium.remote.ErrorHandler.throwIfResponseFailed(ErrorHandler.java:145)
	at org.openqa.selenium.remote.RemoteWebDriver.execute(RemoteWebDriver.java:531)
	at org.openqa.selenium.remote.RemoteWebElement.execute(RemoteWebElement.java:246)
	at org.openqa.selenium.remote.RemoteWebElement.click(RemoteWebElement.java:79)
	at com.YouMagicPro.LKA_tests.TestBase.waitContractPageToLoad(TestBase.java:138)
	at com.YouMagicPro.LKA_tests.ContractBankAccountOneInTextFieldTest.contractBankAccountOneInTextFieldTest_C14993(ContractBankAccountOneInTextFieldTest.java:11)
	at sun.reflect.NativeMethodAccessorImpl.invoke0(Native Method)
	at sun.reflect.NativeMethodAccessorImpl.invoke(NativeMethodAccessorImpl.java:57)
	at sun.reflect.DelegatingMethodAccessorImpl.invoke(DelegatingMethodAccessorImpl.java:43)
	at java.lang.reflect.Method.invoke(Method.java:601)
	at org.testng.internal.MethodInvocationHelper.invokeMethod(MethodInvocationHelper.java:80)
	at org.testng.internal.Invoker.invokeMethod(Invoker.java:714)
	at org.testng.internal.Invoker.invokeTestMethod(Invoker.java:901)
	at org.testng.internal.Invoker.invokeTestMethods(Invoker.java:1231)
	at org.testng.internal.TestMethodWorker.invokeTestMethods(TestMethodWorker.java:127)
	at org.testng.internal.TestMethodWorker.run(TestMethodWorker.java:111)
	at org.testng.TestRunner.privateRun(TestRunner.java:767)
	at org.testng.TestRunner.run(TestRunner.java:617)
	at org.testng.SuiteRunner.runTest(SuiteRunner.java:334)
	at org.testng.SuiteRunner.runSequentially(SuiteRunner.java:329)
	at org.testng.SuiteRunner.privateRun(SuiteRunner.java:291)
	at org.testng.SuiteRunner.run(SuiteRunner.java:240)
	at org.testng.SuiteRunnerWorker.runSuite(SuiteRunnerWorker.java:52)
	at org.testng.SuiteRunnerWorker.run(SuiteRunnerWorker.java:86)
	at org.testng.TestNG.runSuitesSequentially(TestNG.java:1198)
	at org.testng.TestNG.runSuitesLocally(TestNG.java:1123)
	at org.testng.TestNG.run(TestNG.java:1031)
	at org.apache.maven.surefire.testng.TestNGExecutor.run(TestNGExecutor.java:122)
	at org.apache.maven.surefire.testng.TestNGXmlTestSuite.execute(TestNGXmlTestSuite.java:88)
	at org.apache.maven.surefire.testng.TestNGProvider.invoke(TestNGProvider.java:104)
	at sun.reflect.NativeMethodAccessorImpl.invoke0(Native Method)
	at sun.reflect.NativeMethodAccessorImpl.invoke(NativeMethodAccessorImpl.java:57)
	at sun.reflect.DelegatingMethodAccessorImpl.invoke(DelegatingMethodAccessorImpl.java:43)
	at java.lang.reflect.Method.invoke(Method.java:601)
	at org.apache.maven.surefire.booter.ProviderFactory$ClassLoaderProxy.invoke(ProviderFactory.java:103)
	at $Proxy0.invoke(Unknown Source)
	at org.apache.maven.surefire.booter.SurefireStarter.invokeProvider(SurefireStarter.java:150)
	at org.apache.maven.surefire.booter.SurefireStarter.runSuitesInProcess(SurefireStarter.java:91)
	at org.apache.maven.surefire.booter.ForkedBooter.main(ForkedBooter.java:69)
]]>
            </full-stacktrace>
          </exception> <!-- org.openqa.selenium.WebDriverException -->
          <reporter-output>
          </reporter-output>
        </test-method> <!-- contractBankAccountOneInTextFieldTest_C14993 -->
        <test-method status="PASS" signature="closeSession()[pri:0, instance:com.YouMagicPro.LKA_tests.ContractBankAccountOneInTextFieldTest@6547813b]" name="closeSession" is-config="true" duration-ms="2" started-at="2012-11-21T10:04:07Z" finished-at="2012-11-21T10:04:07Z">
          <reporter-output>
          </reporter-output>
        </test-method> <!-- closeSession -->
      </class> <!-- com.YouMagicPro.LKA_tests.ContractBankAccountOneInTextFieldTest -->
      <class name="com.YouMagicPro.LKA_tests.OrderByEmailOrderWithoutDocTypeCheckedTest">
        <test-method status="PASS" signature="startWebDriver()[pri:0, instance:com.YouMagicPro.LKA_tests.OrderByEmailOrderWithoutDocTypeCheckedTest@644db282]" name="startWebDriver" is-config="true" duration-ms="670" started-at="2012-11-21T10:26:39Z" finished-at="2012-11-21T10:26:40Z">
          <reporter-output>
          </reporter-output>
        </test-method> <!-- startWebDriver -->
        <test-method status="PASS" signature="orderByEmailOrderWithoutDocTypeCheckedTest_C25656()[pri:0, instance:com.YouMagicPro.LKA_tests.OrderByEmailOrderWithoutDocTypeCheckedTest@644db282]" name="orderByEmailOrderWithoutDocTypeCheckedTest_C25656" duration-ms="18825" started-at="2012-11-21T10:26:40Z" finished-at="2012-11-21T10:26:59Z">
          <reporter-output>
          </reporter-output>
        </test-method> <!-- orderByEmailOrderWithoutDocTypeCheckedTest_C25656 -->
        <test-method status="PASS" signature="closeSession()[pri:0, instance:com.YouMagicPro.LKA_tests.OrderByEmailOrderWithoutDocTypeCheckedTest@644db282]" name="closeSession" is-config="true" duration-ms="1" started-at="2012-11-21T10:26:59Z" finished-at="2012-11-21T10:26:59Z">
          <reporter-output>
          </reporter-output>
        </test-method> <!-- closeSession -->
      </class> <!-- com.YouMagicPro.LKA_tests.OrderByEmailOrderWithoutDocTypeCheckedTest -->
      <class name="com.YouMagicPro.LKA_tests.VoiceMenuChooseSoundTest">
        <test-method status="PASS" signature="startWebDriver()[pri:0, instance:com.YouMagicPro.LKA_tests.VoiceMenuChooseSoundTest@7f3f6786]" name="startWebDriver" is-config="true" duration-ms="1176" started-at="2012-11-21T09:54:18Z" finished-at="2012-11-21T09:54:19Z">
          <reporter-output>
          </reporter-output>
        </test-method> <!-- startWebDriver -->
        <test-method status="PASS" signature="voiceMailChooseSoundTest_C15294()[pri:0, instance:com.YouMagicPro.LKA_tests.VoiceMenuChooseSoundTest@7f3f6786]" name="voiceMailChooseSoundTest_C15294" duration-ms="22981" started-at="2012-11-21T09:54:19Z" finished-at="2012-11-21T09:54:42Z">
          <reporter-output>
          </reporter-output>
        </test-method> <!-- voiceMailChooseSoundTest_C15294 -->
        <test-method status="PASS" signature="closeSession()[pri:0, instance:com.YouMagicPro.LKA_tests.VoiceMenuChooseSoundTest@7f3f6786]" name="closeSession" is-config="true" duration-ms="2" started-at="2012-11-21T09:54:42Z" finished-at="2012-11-21T09:54:42Z">
          <reporter-output>
          </reporter-output>
        </test-method> <!-- closeSession -->
      </class> <!-- com.YouMagicPro.LKA_tests.VoiceMenuChooseSoundTest -->
      <class name="com.YouMagicPro.LKA_tests.AddAndDeleteMenusTest">
        <test-method status="PASS" signature="setUp(java.lang.String)[pri:0, instance:com.YouMagicPro.LKA_tests.AddAndDeleteMenusTest@2439a391]" name="setUp" is-config="true" duration-ms="6208" started-at="2012-11-21T09:51:44Z" finished-at="2012-11-21T09:51:50Z">
          <params>
            <param index="0">
              <value is-null="true"/>
            </param>
          </params>
          <reporter-output>
          </reporter-output>
        </test-method> <!-- setUp -->
        <test-method status="FAIL" signature="addAndDeleteMenusTest()[pri:0, instance:com.YouMagicPro.LKA_tests.AddAndDeleteMenusTest@2439a391]" name="addAndDeleteMenusTest" duration-ms="28983" started-at="2012-11-21T09:51:50Z" finished-at="2012-11-21T09:52:19Z">
          <exception class="com.thoughtworks.selenium.SeleniumException">
            <message>
              <![CDATA[ERROR: Element //div[3]/div[2]/a/span not found]]>
            </message>
            <full-stacktrace>
              <![CDATA[com.thoughtworks.selenium.SeleniumException: ERROR: Element //div[3]/div[2]/a/span not found
	at com.thoughtworks.selenium.HttpCommandProcessor.throwAssertionFailureExceptionOrError(HttpCommandProcessor.java:112)
	at com.thoughtworks.selenium.HttpCommandProcessor.doCommand(HttpCommandProcessor.java:106)
	at com.thoughtworks.selenium.DefaultSelenium.click(DefaultSelenium.java:193)
	at com.YouMagicPro.LKA_tests.AddAndDeleteMenusTest.addAndDeleteMenusTest(AddAndDeleteMenusTest.java:26)
	at sun.reflect.NativeMethodAccessorImpl.invoke0(Native Method)
	at sun.reflect.NativeMethodAccessorImpl.invoke(NativeMethodAccessorImpl.java:57)
	at sun.reflect.DelegatingMethodAccessorImpl.invoke(DelegatingMethodAccessorImpl.java:43)
	at java.lang.reflect.Method.invoke(Method.java:601)
	at org.testng.internal.MethodInvocationHelper.invokeMethod(MethodInvocationHelper.java:80)
	at org.testng.internal.Invoker.invokeMethod(Invoker.java:714)
	at org.testng.internal.Invoker.invokeTestMethod(Invoker.java:901)
	at org.testng.internal.Invoker.invokeTestMethods(Invoker.java:1231)
	at org.testng.internal.TestMethodWorker.invokeTestMethods(TestMethodWorker.java:127)
	at org.testng.internal.TestMethodWorker.run(TestMethodWorker.java:111)
	at org.testng.TestRunner.privateRun(TestRunner.java:767)
	at org.testng.TestRunner.run(TestRunner.java:617)
	at org.testng.SuiteRunner.runTest(SuiteRunner.java:334)
	at org.testng.SuiteRunner.runSequentially(SuiteRunner.java:329)
	at org.testng.SuiteRunner.privateRun(SuiteRunner.java:291)
	at org.testng.SuiteRunner.run(SuiteRunner.java:240)
	at org.testng.SuiteRunnerWorker.runSuite(SuiteRunnerWorker.java:52)
	at org.testng.SuiteRunnerWorker.run(SuiteRunnerWorker.java:86)
	at org.testng.TestNG.runSuitesSequentially(TestNG.java:1198)
	at org.testng.TestNG.runSuitesLocally(TestNG.java:1123)
	at org.testng.TestNG.run(TestNG.java:1031)
	at org.apache.maven.surefire.testng.TestNGExecutor.run(TestNGExecutor.java:122)
	at org.apache.maven.surefire.testng.TestNGXmlTestSuite.execute(TestNGXmlTestSuite.java:88)
	at org.apache.maven.surefire.testng.TestNGProvider.invoke(TestNGProvider.java:104)
	at sun.reflect.NativeMethodAccessorImpl.invoke0(Native Method)
	at sun.reflect.NativeMethodAccessorImpl.invoke(NativeMethodAccessorImpl.java:57)
	at sun.reflect.DelegatingMethodAccessorImpl.invoke(DelegatingMethodAccessorImpl.java:43)
	at java.lang.reflect.Method.invoke(Method.java:601)
	at org.apache.maven.surefire.booter.ProviderFactory$ClassLoaderProxy.invoke(ProviderFactory.java:103)
	at $Proxy0.invoke(Unknown Source)
	at org.apache.maven.surefire.booter.SurefireStarter.invokeProvider(SurefireStarter.java:150)
	at org.apache.maven.surefire.booter.SurefireStarter.runSuitesInProcess(SurefireStarter.java:91)
	at org.apache.maven.surefire.booter.ForkedBooter.main(ForkedBooter.java:69)
]]>
            </full-stacktrace>
          </exception> <!-- com.thoughtworks.selenium.SeleniumException -->
          <reporter-output>
          </reporter-output>
        </test-method> <!-- addAndDeleteMenusTest -->
        <test-method status="PASS" signature="tearDown()[pri:0, instance:com.YouMagicPro.LKA_tests.AddAndDeleteMenusTest@2439a391]" name="tearDown" is-config="true" duration-ms="393" started-at="2012-11-21T09:52:19Z" finished-at="2012-11-21T09:52:20Z">
          <reporter-output>
          </reporter-output>
        </test-method> <!-- tearDown -->
      </class> <!-- com.YouMagicPro.LKA_tests.AddAndDeleteMenusTest -->
      <class name="com.YouMagicPro.LKA_tests.ContractBikLettersAndNumbersInTextFieldTest">
        <test-method status="PASS" signature="startWebDriver()[pri:0, instance:com.YouMagicPro.LKA_tests.ContractBikLettersAndNumbersInTextFieldTest@7f2502bc]" name="startWebDriver" is-config="true" duration-ms="1216" started-at="2012-11-21T10:05:19Z" finished-at="2012-11-21T10:05:20Z">
          <reporter-output>
          </reporter-output>
        </test-method> <!-- startWebDriver -->
        <test-method status="PASS" signature="contractBikTest_C15025()[pri:0, instance:com.YouMagicPro.LKA_tests.ContractBikLettersAndNumbersInTextFieldTest@7f2502bc]" name="contractBikTest_C15025" duration-ms="22601" started-at="2012-11-21T10:05:20Z" finished-at="2012-11-21T10:05:43Z">
          <reporter-output>
          </reporter-output>
        </test-method> <!-- contractBikTest_C15025 -->
        <test-method status="PASS" signature="closeSession()[pri:0, instance:com.YouMagicPro.LKA_tests.ContractBikLettersAndNumbersInTextFieldTest@7f2502bc]" name="closeSession" is-config="true" duration-ms="2" started-at="2012-11-21T10:05:43Z" finished-at="2012-11-21T10:05:43Z">
          <reporter-output>
          </reporter-output>
        </test-method> <!-- closeSession -->
      </class> <!-- com.YouMagicPro.LKA_tests.ContractBikLettersAndNumbersInTextFieldTest -->
      <class name="com.YouMagicPro.LKA_tests.VoiceMailPageTest">
        <test-method status="PASS" signature="setUp(java.lang.String)[pri:0, instance:com.YouMagicPro.LKA_tests.VoiceMailPageTest@3851a89]" name="setUp" is-config="true" duration-ms="5263" started-at="2012-11-21T09:52:20Z" finished-at="2012-11-21T09:52:25Z">
          <params>
            <param index="0">
              <value is-null="true"/>
            </param>
          </params>
          <reporter-output>
          </reporter-output>
        </test-method> <!-- setUp -->
        <test-method status="PASS" signature="voiceMailTest()[pri:0, instance:com.YouMagicPro.LKA_tests.VoiceMailPageTest@3851a89]" name="voiceMailTest" duration-ms="23970" started-at="2012-11-21T09:52:25Z" finished-at="2012-11-21T09:52:49Z">
          <reporter-output>
          </reporter-output>
        </test-method> <!-- voiceMailTest -->
        <test-method status="PASS" signature="tearDown()[pri:0, instance:com.YouMagicPro.LKA_tests.VoiceMailPageTest@3851a89]" name="tearDown" is-config="true" duration-ms="343" started-at="2012-11-21T09:52:49Z" finished-at="2012-11-21T09:52:49Z">
          <reporter-output>
          </reporter-output>
        </test-method> <!-- tearDown -->
      </class> <!-- com.YouMagicPro.LKA_tests.VoiceMailPageTest -->
      <class name="com.YouMagicPro.LKA_tests.OrderToAdressNoTextFieldFilledTest">
        <test-method status="PASS" signature="startWebDriver()[pri:0, instance:com.YouMagicPro.LKA_tests.OrderToAdressNoTextFieldFilledTest@77f85f8c]" name="startWebDriver" is-config="true" duration-ms="1403" started-at="2012-11-21T10:29:49Z" finished-at="2012-11-21T10:29:51Z">
          <reporter-output>
          </reporter-output>
        </test-method> <!-- startWebDriver -->
        <test-method status="PASS" signature="OrderToAdressNoTextFieldFilledTest_C25679()[pri:0, instance:com.YouMagicPro.LKA_tests.OrderToAdressNoTextFieldFilledTest@77f85f8c]" name="OrderToAdressNoTextFieldFilledTest_C25679" duration-ms="21065" started-at="2012-11-21T10:29:51Z" finished-at="2012-11-21T10:30:12Z">
          <reporter-output>
          </reporter-output>
        </test-method> <!-- OrderToAdressNoTextFieldFilledTest_C25679 -->
        <test-method status="PASS" signature="closeSession()[pri:0, instance:com.YouMagicPro.LKA_tests.OrderToAdressNoTextFieldFilledTest@77f85f8c]" name="closeSession" is-config="true" duration-ms="1" started-at="2012-11-21T10:30:12Z" finished-at="2012-11-21T10:30:12Z">
          <reporter-output>
          </reporter-output>
        </test-method> <!-- closeSession -->
      </class> <!-- com.YouMagicPro.LKA_tests.OrderToAdressNoTextFieldFilledTest -->
      <class name="com.YouMagicPro.LKA_tests.ContractKppSymbolsTest">
        <test-method status="PASS" signature="startWebDriver()[pri:0, instance:com.YouMagicPro.LKA_tests.ContractKppSymbolsTest@1ba5cfae]" name="startWebDriver" is-config="true" duration-ms="1033" started-at="2012-11-21T10:15:43Z" finished-at="2012-11-21T10:15:44Z">
          <reporter-output>
          </reporter-output>
        </test-method> <!-- startWebDriver -->
        <test-method status="PASS" signature="contractKppTest_C15051()[pri:0, instance:com.YouMagicPro.LKA_tests.ContractKppSymbolsTest@1ba5cfae]" name="contractKppTest_C15051" duration-ms="22879" started-at="2012-11-21T10:15:44Z" finished-at="2012-11-21T10:16:07Z">
          <reporter-output>
          </reporter-output>
        </test-method> <!-- contractKppTest_C15051 -->
        <test-method status="PASS" signature="closeSession()[pri:0, instance:com.YouMagicPro.LKA_tests.ContractKppSymbolsTest@1ba5cfae]" name="closeSession" is-config="true" duration-ms="1" started-at="2012-11-21T10:16:07Z" finished-at="2012-11-21T10:16:07Z">
          <reporter-output>
          </reporter-output>
        </test-method> <!-- closeSession -->
      </class> <!-- com.YouMagicPro.LKA_tests.ContractKppSymbolsTest -->
      <class name="com.YouMagicPro.LKA_tests.ClickOnPasswordChangeTest">
        <test-method status="PASS" signature="setUp(java.lang.String)[pri:0, instance:com.YouMagicPro.LKA_tests.ClickOnPasswordChangeTest@62f49ef9]" name="setUp" is-config="true" duration-ms="5157" started-at="2012-11-21T10:01:42Z" finished-at="2012-11-21T10:01:47Z">
          <params>
            <param index="0">
              <value is-null="true"/>
            </param>
          </params>
          <reporter-output>
          </reporter-output>
        </test-method> <!-- setUp -->
        <test-method status="PASS" signature="clickOnPasswordChangeTest()[pri:0, instance:com.YouMagicPro.LKA_tests.ClickOnPasswordChangeTest@62f49ef9]" name="clickOnPasswordChangeTest" duration-ms="21507" started-at="2012-11-21T10:01:47Z" finished-at="2012-11-21T10:02:09Z">
          <reporter-output>
          </reporter-output>
        </test-method> <!-- clickOnPasswordChangeTest -->
        <test-method status="PASS" signature="tearDown()[pri:0, instance:com.YouMagicPro.LKA_tests.ClickOnPasswordChangeTest@62f49ef9]" name="tearDown" is-config="true" duration-ms="365" started-at="2012-11-21T10:02:09Z" finished-at="2012-11-21T10:02:09Z">
          <reporter-output>
          </reporter-output>
        </test-method> <!-- tearDown -->
      </class> <!-- com.YouMagicPro.LKA_tests.ClickOnPasswordChangeTest -->
      <class name="com.YouMagicPro.LKA_tests.OrderToAdressCancelButtonClickTest">
        <test-method status="PASS" signature="startWebDriver()[pri:0, instance:com.YouMagicPro.LKA_tests.OrderToAdressCancelButtonClickTest@215bfaa5]" name="startWebDriver" is-config="true" duration-ms="1842" started-at="2012-11-21T10:28:53Z" finished-at="2012-11-21T10:28:55Z">
          <reporter-output>
          </reporter-output>
        </test-method> <!-- startWebDriver -->
        <test-method status="PASS" signature="orderToAdressCancelButtonClickTest_C25675()[pri:0, instance:com.YouMagicPro.LKA_tests.OrderToAdressCancelButtonClickTest@215bfaa5]" name="orderToAdressCancelButtonClickTest_C25675" duration-ms="16991" started-at="2012-11-21T10:28:55Z" finished-at="2012-11-21T10:29:12Z">
          <reporter-output>
          </reporter-output>
        </test-method> <!-- orderToAdressCancelButtonClickTest_C25675 -->
        <test-method status="PASS" signature="closeSession()[pri:0, instance:com.YouMagicPro.LKA_tests.OrderToAdressCancelButtonClickTest@215bfaa5]" name="closeSession" is-config="true" duration-ms="1" started-at="2012-11-21T10:29:12Z" finished-at="2012-11-21T10:29:12Z">
          <reporter-output>
          </reporter-output>
        </test-method> <!-- closeSession -->
      </class> <!-- com.YouMagicPro.LKA_tests.OrderToAdressCancelButtonClickTest -->
      <class name="com.YouMagicPro.LKA_tests.DiscSpaceTest">
        <test-method status="PASS" signature="startWebDriver()[pri:0, instance:com.YouMagicPro.LKA_tests.DiscSpaceTest@5f3c750c]" name="startWebDriver" is-config="true" duration-ms="1508" started-at="2012-11-21T10:18:33Z" finished-at="2012-11-21T10:18:35Z">
          <reporter-output>
          </reporter-output>
        </test-method> <!-- startWebDriver -->
        <test-method status="FAIL" signature="expenseStructureTest()[pri:0, instance:com.YouMagicPro.LKA_tests.DiscSpaceTest@5f3c750c]" name="expenseStructureTest" duration-ms="125912" started-at="2012-11-21T10:18:35Z" finished-at="2012-11-21T10:20:41Z">
          <exception class="org.openqa.selenium.TimeoutException">
            <message>
              <![CDATA[Timed out after 120 seconds waiting for element to be clickable: By.selector: a.bPopup__eClose.instructions-close
Build info: version: '2.26.0', revision: '18040', time: '2012-11-02 09:44:45'
System info: os.name: 'Windows 7', os.arch: 'amd64', os.version: '6.1', java.version: '1.7.0_05'
Driver info: driver.version: unknown]]>
            </message>
            <full-stacktrace>
              <![CDATA[org.openqa.selenium.TimeoutException: Timed out after 120 seconds waiting for element to be clickable: By.selector: a.bPopup__eClose.instructions-close
Build info: version: '2.26.0', revision: '18040', time: '2012-11-02 09:44:45'
System info: os.name: 'Windows 7', os.arch: 'amd64', os.version: '6.1', java.version: '1.7.0_05'
Driver info: driver.version: unknown
	at org.openqa.selenium.support.ui.FluentWait.timeoutException(FluentWait.java:255)
	at org.openqa.selenium.support.ui.FluentWait.until(FluentWait.java:224)
	at com.YouMagicPro.LKA_tests.TestBase.waitAdminPageToLoad(TestBase.java:109)
	at com.YouMagicPro.LKA_tests.DiscSpaceTest.expenseStructureTest(DiscSpaceTest.java:11)
	at sun.reflect.NativeMethodAccessorImpl.invoke0(Native Method)
	at sun.reflect.NativeMethodAccessorImpl.invoke(NativeMethodAccessorImpl.java:57)
	at sun.reflect.DelegatingMethodAccessorImpl.invoke(DelegatingMethodAccessorImpl.java:43)
	at java.lang.reflect.Method.invoke(Method.java:601)
	at org.testng.internal.MethodInvocationHelper.invokeMethod(MethodInvocationHelper.java:80)
	at org.testng.internal.Invoker.invokeMethod(Invoker.java:714)
	at org.testng.internal.Invoker.invokeTestMethod(Invoker.java:901)
	at org.testng.internal.Invoker.invokeTestMethods(Invoker.java:1231)
	at org.testng.internal.TestMethodWorker.invokeTestMethods(TestMethodWorker.java:127)
	at org.testng.internal.TestMethodWorker.run(TestMethodWorker.java:111)
	at org.testng.TestRunner.privateRun(TestRunner.java:767)
	at org.testng.TestRunner.run(TestRunner.java:617)
	at org.testng.SuiteRunner.runTest(SuiteRunner.java:334)
	at org.testng.SuiteRunner.runSequentially(SuiteRunner.java:329)
	at org.testng.SuiteRunner.privateRun(SuiteRunner.java:291)
	at org.testng.SuiteRunner.run(SuiteRunner.java:240)
	at org.testng.SuiteRunnerWorker.runSuite(SuiteRunnerWorker.java:52)
	at org.testng.SuiteRunnerWorker.run(SuiteRunnerWorker.java:86)
	at org.testng.TestNG.runSuitesSequentially(TestNG.java:1198)
	at org.testng.TestNG.runSuitesLocally(TestNG.java:1123)
	at org.testng.TestNG.run(TestNG.java:1031)
	at org.apache.maven.surefire.testng.TestNGExecutor.run(TestNGExecutor.java:122)
	at org.apache.maven.surefire.testng.TestNGXmlTestSuite.execute(TestNGXmlTestSuite.java:88)
	at org.apache.maven.surefire.testng.TestNGProvider.invoke(TestNGProvider.java:104)
	at sun.reflect.NativeMethodAccessorImpl.invoke0(Native Method)
	at sun.reflect.NativeMethodAccessorImpl.invoke(NativeMethodAccessorImpl.java:57)
	at sun.reflect.DelegatingMethodAccessorImpl.invoke(DelegatingMethodAccessorImpl.java:43)
	at java.lang.reflect.Method.invoke(Method.java:601)
	at org.apache.maven.surefire.booter.ProviderFactory$ClassLoaderProxy.invoke(ProviderFactory.java:103)
	at $Proxy0.invoke(Unknown Source)
	at org.apache.maven.surefire.booter.SurefireStarter.invokeProvider(SurefireStarter.java:150)
	at org.apache.maven.surefire.booter.SurefireStarter.runSuitesInProcess(SurefireStarter.java:91)
	at org.apache.maven.surefire.booter.ForkedBooter.main(ForkedBooter.java:69)
Caused by: org.openqa.selenium.NoSuchElementException: The element could not be found (WARNING: The server did not provide any stacktrace information)
Command duration or timeout: 15 milliseconds
For documentation on this error, please visit: http://seleniumhq.org/exceptions/no_such_element.html
Build info: version: '2.26.0', revision: '18040', time: '2012-11-02 09:44:45'
System info: os.name: 'Windows 7', os.arch: 'amd64', os.version: '6.1', java.version: '1.7.0_05'
Driver info: driver.version: RemoteWebDriver
Session ID: 2f92d37ec3a68dfc394009f530701f6f
	at sun.reflect.GeneratedConstructorAccessor13.newInstance(Unknown Source)
	at sun.reflect.DelegatingConstructorAccessorImpl.newInstance(DelegatingConstructorAccessorImpl.java:45)
	at java.lang.reflect.Constructor.newInstance(Constructor.java:525)
	at org.openqa.selenium.remote.ErrorHandler.createThrowable(ErrorHandler.java:188)
	at org.openqa.selenium.remote.ErrorHandler.throwIfResponseFailed(ErrorHandler.java:145)
	at org.openqa.selenium.remote.RemoteWebDriver.execute(RemoteWebDriver.java:531)
	at org.openqa.selenium.remote.RemoteWebDriver.findElement(RemoteWebDriver.java:301)
	at org.openqa.selenium.remote.RemoteWebDriver.findElementByCssSelector(RemoteWebDriver.java:378)
	at org.openqa.selenium.By$ByCssSelector.findElement(By.java:405)
	at org.openqa.selenium.remote.RemoteWebDriver.findElement(RemoteWebDriver.java:293)
	at org.openqa.selenium.support.ui.ExpectedConditions.findElement(ExpectedConditions.java:427)
	at org.openqa.selenium.support.ui.ExpectedConditions.access$000(ExpectedConditions.java:39)
	at org.openqa.selenium.support.ui.ExpectedConditions$4.apply(ExpectedConditions.java:126)
	at org.openqa.selenium.support.ui.ExpectedConditions$4.apply(ExpectedConditions.java:123)
	at org.openqa.selenium.support.ui.ExpectedConditions$11.apply(ExpectedConditions.java:310)
	at org.openqa.selenium.support.ui.ExpectedConditions$11.apply(ExpectedConditions.java:304)
	at org.openqa.selenium.support.ui.FluentWait.until(FluentWait.java:204)
	... 35 more
]]>
            </full-stacktrace>
          </exception> <!-- org.openqa.selenium.TimeoutException -->
          <reporter-output>
          </reporter-output>
        </test-method> <!-- expenseStructureTest -->
        <test-method status="PASS" signature="closeSession()[pri:0, instance:com.YouMagicPro.LKA_tests.DiscSpaceTest@5f3c750c]" name="closeSession" is-config="true" duration-ms="1061" started-at="2012-11-21T10:20:41Z" finished-at="2012-11-21T10:20:42Z">
          <reporter-output>
          </reporter-output>
        </test-method> <!-- closeSession -->
      </class> <!-- com.YouMagicPro.LKA_tests.DiscSpaceTest -->
      <class name="com.YouMagicPro.LKA_tests.EmployeesEditProfileTest">
        <test-method status="PASS" signature="startWebDriver()[pri:0, instance:com.YouMagicPro.LKA_tests.EmployeesEditProfileTest@29f12030]" name="startWebDriver" is-config="true" duration-ms="1178" started-at="2012-11-21T10:22:26Z" finished-at="2012-11-21T10:22:27Z">
          <reporter-output>
          </reporter-output>
        </test-method> <!-- startWebDriver -->
        <test-method status="PASS" signature="employeesEditProfileTest_C15253()[pri:0, instance:com.YouMagicPro.LKA_tests.EmployeesEditProfileTest@29f12030]" name="employeesEditProfileTest_C15253" duration-ms="17431" started-at="2012-11-21T10:22:27Z" finished-at="2012-11-21T10:22:45Z">
          <reporter-output>
          </reporter-output>
        </test-method> <!-- employeesEditProfileTest_C15253 -->
        <test-method status="PASS" signature="closeSession()[pri:0, instance:com.YouMagicPro.LKA_tests.EmployeesEditProfileTest@29f12030]" name="closeSession" is-config="true" duration-ms="2" started-at="2012-11-21T10:22:45Z" finished-at="2012-11-21T10:22:45Z">
          <reporter-output>
          </reporter-output>
        </test-method> <!-- closeSession -->
      </class> <!-- com.YouMagicPro.LKA_tests.EmployeesEditProfileTest -->
      <class name="com.YouMagicPro.LKA_tests.ClickOnIconTest">
        <test-method status="PASS" signature="setUp(java.lang.String)[pri:0, instance:com.YouMagicPro.LKA_tests.ClickOnIconTest@65a45a7f]" name="setUp" is-config="true" duration-ms="5488" started-at="2012-11-21T10:00:53Z" finished-at="2012-11-21T10:00:58Z">
          <params>
            <param index="0">
              <value is-null="true"/>
            </param>
          </params>
          <reporter-output>
          </reporter-output>
        </test-method> <!-- setUp -->
        <test-method status="PASS" signature="clickOnIconTest()[pri:0, instance:com.YouMagicPro.LKA_tests.ClickOnIconTest@65a45a7f]" name="clickOnIconTest" duration-ms="19474" started-at="2012-11-21T10:00:58Z" finished-at="2012-11-21T10:01:18Z">
          <reporter-output>
          </reporter-output>
        </test-method> <!-- clickOnIconTest -->
        <test-method status="PASS" signature="tearDown()[pri:0, instance:com.YouMagicPro.LKA_tests.ClickOnIconTest@65a45a7f]" name="tearDown" is-config="true" duration-ms="294" started-at="2012-11-21T10:01:18Z" finished-at="2012-11-21T10:01:18Z">
          <reporter-output>
          </reporter-output>
        </test-method> <!-- tearDown -->
      </class> <!-- com.YouMagicPro.LKA_tests.ClickOnIconTest -->
      <class name="com.YouMagicPro.LKA_tests.Buying804NumberCostOfNumberTest">
        <test-method status="PASS" signature="startWebDriver()[pri:0, instance:com.YouMagicPro.LKA_tests.Buying804NumberCostOfNumberTest@32b427c1]" name="startWebDriver" is-config="true" duration-ms="1198" started-at="2012-11-21T09:55:22Z" finished-at="2012-11-21T09:55:23Z">
          <reporter-output>
          </reporter-output>
        </test-method> <!-- startWebDriver -->
        <test-method status="PASS" signature="buying804NumberCostOfNumberTest_C25623()[pri:0, instance:com.YouMagicPro.LKA_tests.Buying804NumberCostOfNumberTest@32b427c1]" name="buying804NumberCostOfNumberTest_C25623" duration-ms="16704" started-at="2012-11-21T09:55:23Z" finished-at="2012-11-21T09:55:40Z">
          <reporter-output>
          </reporter-output>
        </test-method> <!-- buying804NumberCostOfNumberTest_C25623 -->
        <test-method status="PASS" signature="closeSession()[pri:0, instance:com.YouMagicPro.LKA_tests.Buying804NumberCostOfNumberTest@32b427c1]" name="closeSession" is-config="true" duration-ms="1" started-at="2012-11-21T09:55:40Z" finished-at="2012-11-21T09:55:40Z">
          <reporter-output>
          </reporter-output>
        </test-method> <!-- closeSession -->
      </class> <!-- com.YouMagicPro.LKA_tests.Buying804NumberCostOfNumberTest -->
      <class name="com.YouMagicPro.LKA_tests.ClickOnInternalNumbersTest">
        <test-method status="PASS" signature="setUp(java.lang.String)[pri:0, instance:com.YouMagicPro.LKA_tests.ClickOnInternalNumbersTest@5e9c8834]" name="setUp" is-config="true" duration-ms="5211" started-at="2012-11-21T10:01:18Z" finished-at="2012-11-21T10:01:23Z">
          <params>
            <param index="0">
              <value is-null="true"/>
            </param>
          </params>
          <reporter-output>
          </reporter-output>
        </test-method> <!-- setUp -->
        <test-method status="FAIL" signature="clickOnInternalNumbersTest()[pri:0, instance:com.YouMagicPro.LKA_tests.ClickOnInternalNumbersTest@5e9c8834]" name="clickOnInternalNumbersTest" duration-ms="18646" started-at="2012-11-21T10:01:23Z" finished-at="2012-11-21T10:01:42Z">
          <exception class="com.thoughtworks.selenium.SeleniumException">
            <message>
              <![CDATA[ERROR: Couldn't access document.body.  Is this HTML page fully loaded?]]>
            </message>
            <full-stacktrace>
              <![CDATA[com.thoughtworks.selenium.SeleniumException: ERROR: Couldn't access document.body.  Is this HTML page fully loaded?
	at com.thoughtworks.selenium.HttpCommandProcessor.throwAssertionFailureExceptionOrError(HttpCommandProcessor.java:112)
	at com.thoughtworks.selenium.HttpCommandProcessor.doCommand(HttpCommandProcessor.java:106)
	at com.thoughtworks.selenium.HttpCommandProcessor.getString(HttpCommandProcessor.java:275)
	at com.thoughtworks.selenium.HttpCommandProcessor.getBoolean(HttpCommandProcessor.java:348)
	at com.thoughtworks.selenium.DefaultSelenium.isTextPresent(DefaultSelenium.java:535)
	at com.YouMagicPro.LKA_tests.ClickOnInternalNumbersTest.clickOnInternalNumbersTest(ClickOnInternalNumbersTest.java:26)
	at sun.reflect.NativeMethodAccessorImpl.invoke0(Native Method)
	at sun.reflect.NativeMethodAccessorImpl.invoke(NativeMethodAccessorImpl.java:57)
	at sun.reflect.DelegatingMethodAccessorImpl.invoke(DelegatingMethodAccessorImpl.java:43)
	at java.lang.reflect.Method.invoke(Method.java:601)
	at org.testng.internal.MethodInvocationHelper.invokeMethod(MethodInvocationHelper.java:80)
	at org.testng.internal.Invoker.invokeMethod(Invoker.java:714)
	at org.testng.internal.Invoker.invokeTestMethod(Invoker.java:901)
	at org.testng.internal.Invoker.invokeTestMethods(Invoker.java:1231)
	at org.testng.internal.TestMethodWorker.invokeTestMethods(TestMethodWorker.java:127)
	at org.testng.internal.TestMethodWorker.run(TestMethodWorker.java:111)
	at org.testng.TestRunner.privateRun(TestRunner.java:767)
	at org.testng.TestRunner.run(TestRunner.java:617)
	at org.testng.SuiteRunner.runTest(SuiteRunner.java:334)
	at org.testng.SuiteRunner.runSequentially(SuiteRunner.java:329)
	at org.testng.SuiteRunner.privateRun(SuiteRunner.java:291)
	at org.testng.SuiteRunner.run(SuiteRunner.java:240)
	at org.testng.SuiteRunnerWorker.runSuite(SuiteRunnerWorker.java:52)
	at org.testng.SuiteRunnerWorker.run(SuiteRunnerWorker.java:86)
	at org.testng.TestNG.runSuitesSequentially(TestNG.java:1198)
	at org.testng.TestNG.runSuitesLocally(TestNG.java:1123)
	at org.testng.TestNG.run(TestNG.java:1031)
	at org.apache.maven.surefire.testng.TestNGExecutor.run(TestNGExecutor.java:122)
	at org.apache.maven.surefire.testng.TestNGXmlTestSuite.execute(TestNGXmlTestSuite.java:88)
	at org.apache.maven.surefire.testng.TestNGProvider.invoke(TestNGProvider.java:104)
	at sun.reflect.NativeMethodAccessorImpl.invoke0(Native Method)
	at sun.reflect.NativeMethodAccessorImpl.invoke(NativeMethodAccessorImpl.java:57)
	at sun.reflect.DelegatingMethodAccessorImpl.invoke(DelegatingMethodAccessorImpl.java:43)
	at java.lang.reflect.Method.invoke(Method.java:601)
	at org.apache.maven.surefire.booter.ProviderFactory$ClassLoaderProxy.invoke(ProviderFactory.java:103)
	at $Proxy0.invoke(Unknown Source)
	at org.apache.maven.surefire.booter.SurefireStarter.invokeProvider(SurefireStarter.java:150)
	at org.apache.maven.surefire.booter.SurefireStarter.runSuitesInProcess(SurefireStarter.java:91)
	at org.apache.maven.surefire.booter.ForkedBooter.main(ForkedBooter.java:69)
]]>
            </full-stacktrace>
          </exception> <!-- com.thoughtworks.selenium.SeleniumException -->
          <reporter-output>
          </reporter-output>
        </test-method> <!-- clickOnInternalNumbersTest -->
        <test-method status="PASS" signature="tearDown()[pri:0, instance:com.YouMagicPro.LKA_tests.ClickOnInternalNumbersTest@5e9c8834]" name="tearDown" is-config="true" duration-ms="347" started-at="2012-11-21T10:01:42Z" finished-at="2012-11-21T10:01:42Z">
          <reporter-output>
          </reporter-output>
        </test-method> <!-- tearDown -->
      </class> <!-- com.YouMagicPro.LKA_tests.ClickOnInternalNumbersTest -->
      <class name="com.YouMagicPro.LKA_tests.EmployeesAddEmployeeTest">
        <test-method status="PASS" signature="startWebDriver()[pri:0, instance:com.YouMagicPro.LKA_tests.EmployeesAddEmployeeTest@503c78e1]" name="startWebDriver" is-config="true" duration-ms="1360" started-at="2012-11-21T10:20:42Z" finished-at="2012-11-21T10:20:43Z">
          <reporter-output>
          </reporter-output>
        </test-method> <!-- startWebDriver -->
        <test-method status="PASS" signature="employeesEditProfileTest_C15253()[pri:0, instance:com.YouMagicPro.LKA_tests.EmployeesAddEmployeeTest@503c78e1]" name="employeesEditProfileTest_C15253" duration-ms="22340" started-at="2012-11-21T10:20:43Z" finished-at="2012-11-21T10:21:05Z">
          <reporter-output>
          </reporter-output>
        </test-method> <!-- employeesEditProfileTest_C15253 -->
        <test-method status="PASS" signature="closeSession()[pri:0, instance:com.YouMagicPro.LKA_tests.EmployeesAddEmployeeTest@503c78e1]" name="closeSession" is-config="true" duration-ms="1" started-at="2012-11-21T10:21:05Z" finished-at="2012-11-21T10:21:05Z">
          <reporter-output>
          </reporter-output>
        </test-method> <!-- closeSession -->
      </class> <!-- com.YouMagicPro.LKA_tests.EmployeesAddEmployeeTest -->
      <class name="com.YouMagicPro.LKA_tests.OrderByPickUpChangeNameTest">
        <test-method status="PASS" signature="startWebDriver()[pri:0, instance:com.YouMagicPro.LKA_tests.OrderByPickUpChangeNameTest@56c747e8]" name="startWebDriver" is-config="true" duration-ms="1225" started-at="2012-11-21T10:27:19Z" finished-at="2012-11-21T10:27:21Z">
          <reporter-output>
          </reporter-output>
        </test-method> <!-- startWebDriver -->
        <test-method status="PASS" signature="orderByPickUpChangeNameTest_C25668()[pri:0, instance:com.YouMagicPro.LKA_tests.OrderByPickUpChangeNameTest@56c747e8]" name="orderByPickUpChangeNameTest_C25668" duration-ms="20869" started-at="2012-11-21T10:27:21Z" finished-at="2012-11-21T10:27:42Z">
          <reporter-output>
          </reporter-output>
        </test-method> <!-- orderByPickUpChangeNameTest_C25668 -->
        <test-method status="PASS" signature="closeSession()[pri:0, instance:com.YouMagicPro.LKA_tests.OrderByPickUpChangeNameTest@56c747e8]" name="closeSession" is-config="true" duration-ms="1" started-at="2012-11-21T10:27:42Z" finished-at="2012-11-21T10:27:42Z">
          <reporter-output>
          </reporter-output>
        </test-method> <!-- closeSession -->
      </class> <!-- com.YouMagicPro.LKA_tests.OrderByPickUpChangeNameTest -->
      <class name="com.YouMagicPro.LKA_tests.Buying804NumberCategoriesOfNumbers">
        <test-method status="PASS" signature="startWebDriver()[pri:0, instance:com.YouMagicPro.LKA_tests.Buying804NumberCategoriesOfNumbers@2902a840]" name="startWebDriver" is-config="true" duration-ms="685" started-at="2012-11-21T09:54:42Z" finished-at="2012-11-21T09:54:43Z">
          <reporter-output>
          </reporter-output>
        </test-method> <!-- startWebDriver -->
        <test-method status="PASS" signature="buying804NumberCategoriesOfNumbers_C25622()[pri:0, instance:com.YouMagicPro.LKA_tests.Buying804NumberCategoriesOfNumbers@2902a840]" name="buying804NumberCategoriesOfNumbers_C25622" duration-ms="17481" started-at="2012-11-21T09:54:43Z" finished-at="2012-11-21T09:55:00Z">
          <reporter-output>
          </reporter-output>
        </test-method> <!-- buying804NumberCategoriesOfNumbers_C25622 -->
        <test-method status="PASS" signature="closeSession()[pri:0, instance:com.YouMagicPro.LKA_tests.Buying804NumberCategoriesOfNumbers@2902a840]" name="closeSession" is-config="true" duration-ms="2" started-at="2012-11-21T09:55:00Z" finished-at="2012-11-21T09:55:00Z">
          <reporter-output>
          </reporter-output>
        </test-method> <!-- closeSession -->
      </class> <!-- com.YouMagicPro.LKA_tests.Buying804NumberCategoriesOfNumbers -->
      <class name="com.YouMagicPro.LKA_tests.AgreementOPFTest">
        <test-method status="PASS" signature="setUp(java.lang.String)[pri:0, instance:com.YouMagicPro.LKA_tests.AgreementOPFTest@322424ee]" name="setUp" is-config="true" duration-ms="6036" started-at="2012-11-21T09:53:48Z" finished-at="2012-11-21T09:53:54Z">
          <params>
            <param index="0">
              <value is-null="true"/>
            </param>
          </params>
          <reporter-output>
          </reporter-output>
        </test-method> <!-- setUp -->
        <test-method status="PASS" signature="addAndDeleteNoticesTest()[pri:0, instance:com.YouMagicPro.LKA_tests.AgreementOPFTest@322424ee]" name="addAndDeleteNoticesTest" duration-ms="23384" started-at="2012-11-21T09:53:54Z" finished-at="2012-11-21T09:54:18Z">
          <reporter-output>
          </reporter-output>
        </test-method> <!-- addAndDeleteNoticesTest -->
        <test-method status="PASS" signature="tearDown()[pri:0, instance:com.YouMagicPro.LKA_tests.AgreementOPFTest@322424ee]" name="tearDown" is-config="true" duration-ms="321" started-at="2012-11-21T09:54:18Z" finished-at="2012-11-21T09:54:18Z">
          <reporter-output>
          </reporter-output>
        </test-method> <!-- tearDown -->
      </class> <!-- com.YouMagicPro.LKA_tests.AgreementOPFTest -->
      <class name="com.YouMagicPro.LKA_tests.ContractCorAccountTenInTextFieldTest">
        <test-method status="PASS" signature="startWebDriver()[pri:0, instance:com.YouMagicPro.LKA_tests.ContractCorAccountTenInTextFieldTest@6f6dc3c9]" name="startWebDriver" is-config="true" duration-ms="685" started-at="2012-11-21T10:10:45Z" finished-at="2012-11-21T10:10:46Z">
          <reporter-output>
          </reporter-output>
        </test-method> <!-- startWebDriver -->
        <test-method status="PASS" signature="contractCorAccountTenInTextFieldTest_C15000()[pri:0, instance:com.YouMagicPro.LKA_tests.ContractCorAccountTenInTextFieldTest@6f6dc3c9]" name="contractCorAccountTenInTextFieldTest_C15000" duration-ms="22178" started-at="2012-11-21T10:10:46Z" finished-at="2012-11-21T10:11:08Z">
          <reporter-output>
          </reporter-output>
        </test-method> <!-- contractCorAccountTenInTextFieldTest_C15000 -->
        <test-method status="PASS" signature="closeSession()[pri:0, instance:com.YouMagicPro.LKA_tests.ContractCorAccountTenInTextFieldTest@6f6dc3c9]" name="closeSession" is-config="true" duration-ms="3" started-at="2012-11-21T10:11:08Z" finished-at="2012-11-21T10:11:08Z">
          <reporter-output>
          </reporter-output>
        </test-method> <!-- closeSession -->
      </class> <!-- com.YouMagicPro.LKA_tests.ContractCorAccountTenInTextFieldTest -->
      <class name="com.YouMagicPro.LKA_tests.ContractKppLettersAndNumbersTest">
        <test-method status="PASS" signature="startWebDriver()[pri:0, instance:com.YouMagicPro.LKA_tests.ContractKppLettersAndNumbersTest@6083dc9b]" name="startWebDriver" is-config="true" duration-ms="1297" started-at="2012-11-21T10:14:31Z" finished-at="2012-11-21T10:14:32Z">
          <reporter-output>
          </reporter-output>
        </test-method> <!-- startWebDriver -->
        <test-method status="PASS" signature="contractKppTest_C15054()[pri:0, instance:com.YouMagicPro.LKA_tests.ContractKppLettersAndNumbersTest@6083dc9b]" name="contractKppTest_C15054" duration-ms="21457" started-at="2012-11-21T10:14:32Z" finished-at="2012-11-21T10:14:54Z">
          <reporter-output>
          </reporter-output>
        </test-method> <!-- contractKppTest_C15054 -->
        <test-method status="PASS" signature="closeSession()[pri:0, instance:com.YouMagicPro.LKA_tests.ContractKppLettersAndNumbersTest@6083dc9b]" name="closeSession" is-config="true" duration-ms="2" started-at="2012-11-21T10:14:54Z" finished-at="2012-11-21T10:14:54Z">
          <reporter-output>
          </reporter-output>
        </test-method> <!-- closeSession -->
      </class> <!-- com.YouMagicPro.LKA_tests.ContractKppLettersAndNumbersTest -->
      <class name="com.YouMagicPro.LKA_tests.EmployeesEditProfile2SymbolsInTextFieldTest">
        <test-method status="PASS" signature="startWebDriver()[pri:0, instance:com.YouMagicPro.LKA_tests.EmployeesEditProfile2SymbolsInTextFieldTest@70f293db]" name="startWebDriver" is-config="true" duration-ms="1157" started-at="2012-11-21T10:21:21Z" finished-at="2012-11-21T10:21:22Z">
          <reporter-output>
          </reporter-output>
        </test-method> <!-- startWebDriver -->
        <test-method status="PASS" signature="employeesEditProfileTest_C15253()[pri:0, instance:com.YouMagicPro.LKA_tests.EmployeesEditProfile2SymbolsInTextFieldTest@70f293db]" name="employeesEditProfileTest_C15253" duration-ms="21400" started-at="2012-11-21T10:21:22Z" finished-at="2012-11-21T10:21:44Z">
          <reporter-output>
          </reporter-output>
        </test-method> <!-- employeesEditProfileTest_C15253 -->
        <test-method status="PASS" signature="closeSession()[pri:0, instance:com.YouMagicPro.LKA_tests.EmployeesEditProfile2SymbolsInTextFieldTest@70f293db]" name="closeSession" is-config="true" duration-ms="2" started-at="2012-11-21T10:21:44Z" finished-at="2012-11-21T10:21:44Z">
          <reporter-output>
          </reporter-output>
        </test-method> <!-- closeSession -->
      </class> <!-- com.YouMagicPro.LKA_tests.EmployeesEditProfile2SymbolsInTextFieldTest -->
      <class name="com.YouMagicPro.LKA_tests.OrderByEmailChangeNameTest">
        <test-method status="PASS" signature="startWebDriver()[pri:0, instance:com.YouMagicPro.LKA_tests.OrderByEmailChangeNameTest@2ca76650]" name="startWebDriver" is-config="true" duration-ms="691" started-at="2012-11-21T10:26:22Z" finished-at="2012-11-21T10:26:22Z">
          <reporter-output>
          </reporter-output>
        </test-method> <!-- startWebDriver -->
        <test-method status="PASS" signature="orderByEmailChangeNameTest_C25671()[pri:0, instance:com.YouMagicPro.LKA_tests.OrderByEmailChangeNameTest@2ca76650]" name="orderByEmailChangeNameTest_C25671" duration-ms="16693" started-at="2012-11-21T10:26:22Z" finished-at="2012-11-21T10:26:39Z">
          <reporter-output>
          </reporter-output>
        </test-method> <!-- orderByEmailChangeNameTest_C25671 -->
        <test-method status="PASS" signature="closeSession()[pri:0, instance:com.YouMagicPro.LKA_tests.OrderByEmailChangeNameTest@2ca76650]" name="closeSession" is-config="true" duration-ms="2" started-at="2012-11-21T10:26:39Z" finished-at="2012-11-21T10:26:39Z">
          <reporter-output>
          </reporter-output>
        </test-method> <!-- closeSession -->
      </class> <!-- com.YouMagicPro.LKA_tests.OrderByEmailChangeNameTest -->
      <class name="com.YouMagicPro.LKA_tests.AddAndDeleteNoticesTest">
        <test-method status="PASS" signature="setUp(java.lang.String)[pri:0, instance:com.YouMagicPro.LKA_tests.AddAndDeleteNoticesTest@5ebf5dc1]" name="setUp" is-config="true" duration-ms="5448" started-at="2012-11-21T09:52:49Z" finished-at="2012-11-21T09:52:55Z">
          <params>
            <param index="0">
              <value is-null="true"/>
            </param>
          </params>
          <reporter-output>
          </reporter-output>
        </test-method> <!-- setUp -->
        <test-method status="PASS" signature="addAndDeleteNoticesTest()[pri:0, instance:com.YouMagicPro.LKA_tests.AddAndDeleteNoticesTest@5ebf5dc1]" name="addAndDeleteNoticesTest" duration-ms="32380" started-at="2012-11-21T09:52:55Z" finished-at="2012-11-21T09:53:27Z">
          <reporter-output>
          </reporter-output>
        </test-method> <!-- addAndDeleteNoticesTest -->
        <test-method status="PASS" signature="tearDown()[pri:0, instance:com.YouMagicPro.LKA_tests.AddAndDeleteNoticesTest@5ebf5dc1]" name="tearDown" is-config="true" duration-ms="312" started-at="2012-11-21T09:53:27Z" finished-at="2012-11-21T09:53:28Z">
          <reporter-output>
          </reporter-output>
        </test-method> <!-- tearDown -->
      </class> <!-- com.YouMagicPro.LKA_tests.AddAndDeleteNoticesTest -->
      <class name="com.YouMagicPro.LKA_tests.FaxPageTest">
        <test-method status="PASS" signature="setUp(java.lang.String)[pri:0, instance:com.YouMagicPro.LKA_tests.FaxPageTest@7108759d]" name="setUp" is-config="true" duration-ms="6238" started-at="2012-11-21T10:23:45Z" finished-at="2012-11-21T10:23:51Z">
          <params>
            <param index="0">
              <value is-null="true"/>
            </param>
          </params>
          <reporter-output>
          </reporter-output>
        </test-method> <!-- setUp -->
        <test-method status="PASS" signature="faxPageTest()[pri:0, instance:com.YouMagicPro.LKA_tests.FaxPageTest@7108759d]" name="faxPageTest" duration-ms="27383" started-at="2012-11-21T10:23:51Z" finished-at="2012-11-21T10:24:19Z">
          <reporter-output>
          </reporter-output>
        </test-method> <!-- faxPageTest -->
        <test-method status="PASS" signature="tearDown()[pri:0, instance:com.YouMagicPro.LKA_tests.FaxPageTest@7108759d]" name="tearDown" is-config="true" duration-ms="328" started-at="2012-11-21T10:24:19Z" finished-at="2012-11-21T10:24:19Z">
          <reporter-output>
          </reporter-output>
        </test-method> <!-- tearDown -->
      </class> <!-- com.YouMagicPro.LKA_tests.FaxPageTest -->
      <class name="com.YouMagicPro.LKA_tests.ClickOnAvatarTest">
        <test-method status="PASS" signature="setUp(java.lang.String)[pri:0, instance:com.YouMagicPro.LKA_tests.ClickOnAvatarTest@aee83a8]" name="setUp" is-config="true" duration-ms="5553" started-at="2012-11-21T09:58:09Z" finished-at="2012-11-21T09:58:15Z">
          <params>
            <param index="0">
              <value is-null="true"/>
            </param>
          </params>
          <reporter-output>
          </reporter-output>
        </test-method> <!-- setUp -->
        <test-method status="PASS" signature="clickOnAvatarTest()[pri:0, instance:com.YouMagicPro.LKA_tests.ClickOnAvatarTest@aee83a8]" name="clickOnAvatarTest" duration-ms="22698" started-at="2012-11-21T09:58:15Z" finished-at="2012-11-21T09:58:38Z">
          <reporter-output>
          </reporter-output>
        </test-method> <!-- clickOnAvatarTest -->
        <test-method status="PASS" signature="tearDown()[pri:0, instance:com.YouMagicPro.LKA_tests.ClickOnAvatarTest@aee83a8]" name="tearDown" is-config="true" duration-ms="326" started-at="2012-11-21T09:58:38Z" finished-at="2012-11-21T09:58:38Z">
          <reporter-output>
          </reporter-output>
        </test-method> <!-- tearDown -->
      </class> <!-- com.YouMagicPro.LKA_tests.ClickOnAvatarTest -->
      <class name="com.YouMagicPro.LKA_tests.SoundFilesPageTest">
        <test-method status="PASS" signature="setUp(java.lang.String)[pri:0, instance:com.YouMagicPro.LKA_tests.SoundFilesPageTest@655bf451]" name="setUp" is-config="true" duration-ms="4984" started-at="2012-11-21T10:30:41Z" finished-at="2012-11-21T10:30:46Z">
          <params>
            <param index="0">
              <value is-null="true"/>
            </param>
          </params>
          <reporter-output>
          </reporter-output>
        </test-method> <!-- setUp -->
        <test-method status="PASS" signature="soundFilesTest()[pri:0, instance:com.YouMagicPro.LKA_tests.SoundFilesPageTest@655bf451]" name="soundFilesTest" duration-ms="22531" started-at="2012-11-21T10:30:46Z" finished-at="2012-11-21T10:31:08Z">
          <reporter-output>
          </reporter-output>
        </test-method> <!-- soundFilesTest -->
        <test-method status="PASS" signature="tearDown()[pri:0, instance:com.YouMagicPro.LKA_tests.SoundFilesPageTest@655bf451]" name="tearDown" is-config="true" duration-ms="289" started-at="2012-11-21T10:31:08Z" finished-at="2012-11-21T10:31:09Z">
          <reporter-output>
          </reporter-output>
        </test-method> <!-- tearDown -->
      </class> <!-- com.YouMagicPro.LKA_tests.SoundFilesPageTest -->
      <class name="com.YouMagicPro.LKA_tests.ClickOnDiskSpaceTest">
        <test-method status="PASS" signature="setUp(java.lang.String)[pri:0, instance:com.YouMagicPro.LKA_tests.ClickOnDiskSpaceTest@1f8f110d]" name="setUp" is-config="true" duration-ms="5261" started-at="2012-11-21T09:59:53Z" finished-at="2012-11-21T09:59:58Z">
          <params>
            <param index="0">
              <value is-null="true"/>
            </param>
          </params>
          <reporter-output>
          </reporter-output>
        </test-method> <!-- setUp -->
        <test-method status="PASS" signature="clickOnDiskSpaceTest()[pri:0, instance:com.YouMagicPro.LKA_tests.ClickOnDiskSpaceTest@1f8f110d]" name="clickOnDiskSpaceTest" duration-ms="25408" started-at="2012-11-21T09:59:58Z" finished-at="2012-11-21T10:00:24Z">
          <reporter-output>
          </reporter-output>
        </test-method> <!-- clickOnDiskSpaceTest -->
        <test-method status="PASS" signature="tearDown()[pri:0, instance:com.YouMagicPro.LKA_tests.ClickOnDiskSpaceTest@1f8f110d]" name="tearDown" is-config="true" duration-ms="385" started-at="2012-11-21T10:00:24Z" finished-at="2012-11-21T10:00:24Z">
          <reporter-output>
          </reporter-output>
        </test-method> <!-- tearDown -->
      </class> <!-- com.YouMagicPro.LKA_tests.ClickOnDiskSpaceTest -->
      <class name="com.YouMagicPro.LKA_tests.ClickOnPromoTest">
        <test-method status="PASS" signature="setUp(java.lang.String)[pri:0, instance:com.YouMagicPro.LKA_tests.ClickOnPromoTest@142436ac]" name="setUp" is-config="true" duration-ms="5275" started-at="2012-11-21T10:02:38Z" finished-at="2012-11-21T10:02:43Z">
          <params>
            <param index="0">
              <value is-null="true"/>
            </param>
          </params>
          <reporter-output>
          </reporter-output>
        </test-method> <!-- setUp -->
        <test-method status="PASS" signature="clickOnPromoTest()[pri:0, instance:com.YouMagicPro.LKA_tests.ClickOnPromoTest@142436ac]" name="clickOnPromoTest" duration-ms="21053" started-at="2012-11-21T10:02:43Z" finished-at="2012-11-21T10:03:04Z">
          <reporter-output>
          </reporter-output>
        </test-method> <!-- clickOnPromoTest -->
        <test-method status="PASS" signature="tearDown()[pri:0, instance:com.YouMagicPro.LKA_tests.ClickOnPromoTest@142436ac]" name="tearDown" is-config="true" duration-ms="305" started-at="2012-11-21T10:03:04Z" finished-at="2012-11-21T10:03:05Z">
          <reporter-output>
          </reporter-output>
        </test-method> <!-- tearDown -->
      </class> <!-- com.YouMagicPro.LKA_tests.ClickOnPromoTest -->
      <class name="com.YouMagicPro.LKA_tests.OrderByEmailChangeEmailTest">
        <test-method status="PASS" signature="startWebDriver()[pri:0, instance:com.YouMagicPro.LKA_tests.OrderByEmailChangeEmailTest@3541fcda]" name="startWebDriver" is-config="true" duration-ms="1203" started-at="2012-11-21T10:26:04Z" finished-at="2012-11-21T10:26:05Z">
          <reporter-output>
          </reporter-output>
        </test-method> <!-- startWebDriver -->
        <test-method status="PASS" signature="orderByEmailChangeEmailTest_C25653()[pri:0, instance:com.YouMagicPro.LKA_tests.OrderByEmailChangeEmailTest@3541fcda]" name="orderByEmailChangeEmailTest_C25653" duration-ms="16389" started-at="2012-11-21T10:26:05Z" finished-at="2012-11-21T10:26:22Z">
          <reporter-output>
          </reporter-output>
        </test-method> <!-- orderByEmailChangeEmailTest_C25653 -->
        <test-method status="PASS" signature="closeSession()[pri:0, instance:com.YouMagicPro.LKA_tests.OrderByEmailChangeEmailTest@3541fcda]" name="closeSession" is-config="true" duration-ms="1" started-at="2012-11-21T10:26:22Z" finished-at="2012-11-21T10:26:22Z">
          <reporter-output>
          </reporter-output>
        </test-method> <!-- closeSession -->
      </class> <!-- com.YouMagicPro.LKA_tests.OrderByEmailChangeEmailTest -->
      <class name="com.YouMagicPro.LKA_tests.ContractInn6NumbersInTextFieldTest">
        <test-method status="PASS" signature="startWebDriver()[pri:0, instance:com.YouMagicPro.LKA_tests.ContractInn6NumbersInTextFieldTest@21ca2b38]" name="startWebDriver" is-config="true" duration-ms="678" started-at="2012-11-21T10:11:57Z" finished-at="2012-11-21T10:11:57Z">
          <reporter-output>
          </reporter-output>
        </test-method> <!-- startWebDriver -->
        <test-method status="PASS" signature="contractInn6NumbersInTextFieldTest_C15029()[pri:0, instance:com.YouMagicPro.LKA_tests.ContractInn6NumbersInTextFieldTest@21ca2b38]" name="contractInn6NumbersInTextFieldTest_C15029" duration-ms="23848" started-at="2012-11-21T10:11:57Z" finished-at="2012-11-21T10:12:21Z">
          <reporter-output>
          </reporter-output>
        </test-method> <!-- contractInn6NumbersInTextFieldTest_C15029 -->
        <test-method status="PASS" signature="closeSession()[pri:0, instance:com.YouMagicPro.LKA_tests.ContractInn6NumbersInTextFieldTest@21ca2b38]" name="closeSession" is-config="true" duration-ms="2" started-at="2012-11-21T10:12:21Z" finished-at="2012-11-21T10:12:21Z">
          <reporter-output>
          </reporter-output>
        </test-method> <!-- closeSession -->
      </class> <!-- com.YouMagicPro.LKA_tests.ContractInn6NumbersInTextFieldTest -->
      <class name="com.YouMagicPro.LKA_tests.VoiceMenuEmptyNameTextFieldTest">
        <test-method status="PASS" signature="startWebDriver()[pri:0, instance:com.YouMagicPro.LKA_tests.VoiceMenuEmptyNameTextFieldTest@59c0fef4]" name="startWebDriver" is-config="true" duration-ms="1211" started-at="2012-11-21T09:55:00Z" finished-at="2012-11-21T09:55:02Z">
          <reporter-output>
          </reporter-output>
        </test-method> <!-- startWebDriver -->
        <test-method status="PASS" signature="voiceMailEmptyNameTextFieldTest_C19851()[pri:0, instance:com.YouMagicPro.LKA_tests.VoiceMenuEmptyNameTextFieldTest@59c0fef4]" name="voiceMailEmptyNameTextFieldTest_C19851" duration-ms="20388" started-at="2012-11-21T09:55:02Z" finished-at="2012-11-21T09:55:22Z">
          <reporter-output>
          </reporter-output>
        </test-method> <!-- voiceMailEmptyNameTextFieldTest_C19851 -->
        <test-method status="PASS" signature="closeSession()[pri:0, instance:com.YouMagicPro.LKA_tests.VoiceMenuEmptyNameTextFieldTest@59c0fef4]" name="closeSession" is-config="true" duration-ms="2" started-at="2012-11-21T09:55:22Z" finished-at="2012-11-21T09:55:22Z">
          <reporter-output>
          </reporter-output>
        </test-method> <!-- closeSession -->
      </class> <!-- com.YouMagicPro.LKA_tests.VoiceMenuEmptyNameTextFieldTest -->
      <class name="com.YouMagicPro.LKA_tests.ExpenseStructureChooseAdditionalNumbersTest">
        <test-method status="PASS" signature="startWebDriver()[pri:0, instance:com.YouMagicPro.LKA_tests.ExpenseStructureChooseAdditionalNumbersTest@3b887b2]" name="startWebDriver" is-config="true" duration-ms="680" started-at="2012-11-21T10:22:54Z" finished-at="2012-11-21T10:22:55Z">
          <reporter-output>
          </reporter-output>
        </test-method> <!-- startWebDriver -->
        <test-method status="PASS" signature="expenseStructureChooseAdditionalNumbersTest_C15100()[pri:0, instance:com.YouMagicPro.LKA_tests.ExpenseStructureChooseAdditionalNumbersTest@3b887b2]" name="expenseStructureChooseAdditionalNumbersTest_C15100" duration-ms="10386" started-at="2012-11-21T10:22:55Z" finished-at="2012-11-21T10:23:05Z">
          <reporter-output>
          </reporter-output>
        </test-method> <!-- expenseStructureChooseAdditionalNumbersTest_C15100 -->
        <test-method status="PASS" signature="closeSession()[pri:0, instance:com.YouMagicPro.LKA_tests.ExpenseStructureChooseAdditionalNumbersTest@3b887b2]" name="closeSession" is-config="true" duration-ms="20" started-at="2012-11-21T10:23:05Z" finished-at="2012-11-21T10:23:05Z">
          <reporter-output>
          </reporter-output>
        </test-method> <!-- closeSession -->
      </class> <!-- com.YouMagicPro.LKA_tests.ExpenseStructureChooseAdditionalNumbersTest -->
      <class name="com.YouMagicPro.LKA_tests.ContractCorAccountSymbolsInTextFieldTest">
        <test-method status="PASS" signature="startWebDriver()[pri:0, instance:com.YouMagicPro.LKA_tests.ContractCorAccountSymbolsInTextFieldTest@6261d064]" name="startWebDriver" is-config="true" duration-ms="664" started-at="2012-11-21T10:10:22Z" finished-at="2012-11-21T10:10:22Z">
          <reporter-output>
          </reporter-output>
        </test-method> <!-- startWebDriver -->
        <test-method status="PASS" signature="contractCorAccountSymbolsInTextFieldTest_C15003()[pri:0, instance:com.YouMagicPro.LKA_tests.ContractCorAccountSymbolsInTextFieldTest@6261d064]" name="contractCorAccountSymbolsInTextFieldTest_C15003" duration-ms="23222" started-at="2012-11-21T10:10:22Z" finished-at="2012-11-21T10:10:45Z">
          <reporter-output>
          </reporter-output>
        </test-method> <!-- contractCorAccountSymbolsInTextFieldTest_C15003 -->
        <test-method status="PASS" signature="closeSession()[pri:0, instance:com.YouMagicPro.LKA_tests.ContractCorAccountSymbolsInTextFieldTest@6261d064]" name="closeSession" is-config="true" duration-ms="2" started-at="2012-11-21T10:10:45Z" finished-at="2012-11-21T10:10:45Z">
          <reporter-output>
          </reporter-output>
        </test-method> <!-- closeSession -->
      </class> <!-- com.YouMagicPro.LKA_tests.ContractCorAccountSymbolsInTextFieldTest -->
      <class name="com.YouMagicPro.LKA_tests.ContractOgrnLettersInTextFieldTest">
        <test-method status="PASS" signature="startWebDriver()[pri:0, instance:com.YouMagicPro.LKA_tests.ContractOgrnLettersInTextFieldTest@17911a2d]" name="startWebDriver" is-config="true" duration-ms="1664" started-at="2012-11-21T10:16:52Z" finished-at="2012-11-21T10:16:54Z">
          <reporter-output>
          </reporter-output>
        </test-method> <!-- startWebDriver -->
        <test-method status="PASS" signature="contractOgrnLettersInTextFieldTest_C15056()[pri:0, instance:com.YouMagicPro.LKA_tests.ContractOgrnLettersInTextFieldTest@17911a2d]" name="contractOgrnLettersInTextFieldTest_C15056" duration-ms="22813" started-at="2012-11-21T10:16:54Z" finished-at="2012-11-21T10:17:16Z">
          <reporter-output>
          </reporter-output>
        </test-method> <!-- contractOgrnLettersInTextFieldTest_C15056 -->
        <test-method status="PASS" signature="closeSession()[pri:0, instance:com.YouMagicPro.LKA_tests.ContractOgrnLettersInTextFieldTest@17911a2d]" name="closeSession" is-config="true" duration-ms="2" started-at="2012-11-21T10:17:16Z" finished-at="2012-11-21T10:17:16Z">
          <reporter-output>
          </reporter-output>
        </test-method> <!-- closeSession -->
      </class> <!-- com.YouMagicPro.LKA_tests.ContractOgrnLettersInTextFieldTest -->
      <class name="com.YouMagicPro.LKA_tests.OrderByEmailCancelButtonTest">
        <test-method status="PASS" signature="startWebDriver()[pri:0, instance:com.YouMagicPro.LKA_tests.OrderByEmailCancelButtonTest@69a87caa]" name="startWebDriver" is-config="true" duration-ms="1227" started-at="2012-11-21T10:25:45Z" finished-at="2012-11-21T10:25:46Z">
          <reporter-output>
          </reporter-output>
        </test-method> <!-- startWebDriver -->
        <test-method status="PASS" signature="orderByEmailCancelButtonTest_C15141()[pri:0, instance:com.YouMagicPro.LKA_tests.OrderByEmailCancelButtonTest@69a87caa]" name="orderByEmailCancelButtonTest_C15141" duration-ms="17822" started-at="2012-11-21T10:25:46Z" finished-at="2012-11-21T10:26:04Z">
          <reporter-output>
          </reporter-output>
        </test-method> <!-- orderByEmailCancelButtonTest_C15141 -->
        <test-method status="PASS" signature="closeSession()[pri:0, instance:com.YouMagicPro.LKA_tests.OrderByEmailCancelButtonTest@69a87caa]" name="closeSession" is-config="true" duration-ms="2" started-at="2012-11-21T10:26:04Z" finished-at="2012-11-21T10:26:04Z">
          <reporter-output>
          </reporter-output>
        </test-method> <!-- closeSession -->
      </class> <!-- com.YouMagicPro.LKA_tests.OrderByEmailCancelButtonTest -->
      <class name="com.YouMagicPro.LKA_tests.ClickOnExitTest">
        <test-method status="PASS" signature="setUp(java.lang.String)[pri:0, instance:com.YouMagicPro.LKA_tests.ClickOnExitTest@29fd0be9]" name="setUp" is-config="true" duration-ms="5404" started-at="2012-11-21T10:00:24Z" finished-at="2012-11-21T10:00:29Z">
          <params>
            <param index="0">
              <value is-null="true"/>
            </param>
          </params>
          <reporter-output>
          </reporter-output>
        </test-method> <!-- setUp -->
        <test-method status="PASS" signature="clickOnExitTest()[pri:0, instance:com.YouMagicPro.LKA_tests.ClickOnExitTest@29fd0be9]" name="clickOnExitTest" duration-ms="22808" started-at="2012-11-21T10:00:29Z" finished-at="2012-11-21T10:00:52Z">
          <reporter-output>
          </reporter-output>
        </test-method> <!-- clickOnExitTest -->
        <test-method status="PASS" signature="tearDown()[pri:0, instance:com.YouMagicPro.LKA_tests.ClickOnExitTest@29fd0be9]" name="tearDown" is-config="true" duration-ms="437" started-at="2012-11-21T10:00:52Z" finished-at="2012-11-21T10:00:53Z">
          <reporter-output>
          </reporter-output>
        </test-method> <!-- tearDown -->
      </class> <!-- com.YouMagicPro.LKA_tests.ClickOnExitTest -->
      <class name="com.YouMagicPro.LKA_tests.ExpenseStructureRentalFeeTest">
        <test-method status="PASS" signature="startWebDriver()[pri:0, instance:com.YouMagicPro.LKA_tests.ExpenseStructureRentalFeeTest@3490b317]" name="startWebDriver" is-config="true" duration-ms="1696" started-at="2012-11-21T10:23:35Z" finished-at="2012-11-21T10:23:36Z">
          <reporter-output>
          </reporter-output>
        </test-method> <!-- startWebDriver -->
        <test-method status="PASS" signature="expenseStructureRentalFeeTest_C15096()[pri:0, instance:com.YouMagicPro.LKA_tests.ExpenseStructureRentalFeeTest@3490b317]" name="expenseStructureRentalFeeTest_C15096" duration-ms="8900" started-at="2012-11-21T10:23:36Z" finished-at="2012-11-21T10:23:45Z">
          <reporter-output>
          </reporter-output>
        </test-method> <!-- expenseStructureRentalFeeTest_C15096 -->
        <test-method status="PASS" signature="closeSession()[pri:0, instance:com.YouMagicPro.LKA_tests.ExpenseStructureRentalFeeTest@3490b317]" name="closeSession" is-config="true" duration-ms="2" started-at="2012-11-21T10:23:45Z" finished-at="2012-11-21T10:23:45Z">
          <reporter-output>
          </reporter-output>
        </test-method> <!-- closeSession -->
      </class> <!-- com.YouMagicPro.LKA_tests.ExpenseStructureRentalFeeTest -->
      <class name="com.YouMagicPro.LKA_tests.YourNumbersTest">
        <test-method status="PASS" signature="setUp(java.lang.String)[pri:0, instance:com.YouMagicPro.LKA_tests.YourNumbersTest@da27335]" name="setUp" is-config="true" duration-ms="5649" started-at="2012-11-21T09:55:40Z" finished-at="2012-11-21T09:55:45Z">
          <params>
            <param index="0">
              <value is-null="true"/>
            </param>
          </params>
          <reporter-output>
          </reporter-output>
        </test-method> <!-- setUp -->
        <test-method status="PASS" signature="yourNumbersTest()[pri:0, instance:com.YouMagicPro.LKA_tests.YourNumbersTest@da27335]" name="yourNumbersTest" duration-ms="28846" started-at="2012-11-21T09:55:45Z" finished-at="2012-11-21T09:56:14Z">
          <reporter-output>
          </reporter-output>
        </test-method> <!-- yourNumbersTest -->
        <test-method status="PASS" signature="tearDown()[pri:0, instance:com.YouMagicPro.LKA_tests.YourNumbersTest@da27335]" name="tearDown" is-config="true" duration-ms="467" started-at="2012-11-21T09:56:14Z" finished-at="2012-11-21T09:56:15Z">
          <reporter-output>
          </reporter-output>
        </test-method> <!-- tearDown -->
      </class> <!-- com.YouMagicPro.LKA_tests.YourNumbersTest -->
      <class name="com.YouMagicPro.LKA_tests.ContractInnLettersInTextFieldTest">
        <test-method status="PASS" signature="startWebDriver()[pri:0, instance:com.YouMagicPro.LKA_tests.ContractInnLettersInTextFieldTest@6d7416c8]" name="startWebDriver" is-config="true" duration-ms="1234" started-at="2012-11-21T10:13:00Z" finished-at="2012-11-21T10:13:01Z">
          <reporter-output>
          </reporter-output>
        </test-method> <!-- startWebDriver -->
        <test-method status="PASS" signature="contractInnLettersInTextFieldTest_C15030()[pri:0, instance:com.YouMagicPro.LKA_tests.ContractInnLettersInTextFieldTest@6d7416c8]" name="contractInnLettersInTextFieldTest_C15030" duration-ms="23030" started-at="2012-11-21T10:13:01Z" finished-at="2012-11-21T10:13:24Z">
          <reporter-output>
          </reporter-output>
        </test-method> <!-- contractInnLettersInTextFieldTest_C15030 -->
        <test-method status="PASS" signature="closeSession()[pri:0, instance:com.YouMagicPro.LKA_tests.ContractInnLettersInTextFieldTest@6d7416c8]" name="closeSession" is-config="true" duration-ms="4" started-at="2012-11-21T10:13:24Z" finished-at="2012-11-21T10:13:24Z">
          <reporter-output>
          </reporter-output>
        </test-method> <!-- closeSession -->
      </class> <!-- com.YouMagicPro.LKA_tests.ContractInnLettersInTextFieldTest -->
      <class name="com.YouMagicPro.LKA_tests.ContractInnOneInTextFieldTest">
        <test-method status="PASS" signature="startWebDriver()[pri:0, instance:com.YouMagicPro.LKA_tests.ContractInnOneInTextFieldTest@3f78d35f]" name="startWebDriver" is-config="true" duration-ms="1167" started-at="2012-11-21T10:13:24Z" finished-at="2012-11-21T10:13:25Z">
          <reporter-output>
          </reporter-output>
        </test-method> <!-- startWebDriver -->
        <test-method status="PASS" signature="contractInnOneInTextFieldTest_C15028()[pri:0, instance:com.YouMagicPro.LKA_tests.ContractInnOneInTextFieldTest@3f78d35f]" name="contractInnOneInTextFieldTest_C15028" duration-ms="20533" started-at="2012-11-21T10:13:25Z" finished-at="2012-11-21T10:13:46Z">
          <reporter-output>
          </reporter-output>
        </test-method> <!-- contractInnOneInTextFieldTest_C15028 -->
        <test-method status="PASS" signature="closeSession()[pri:0, instance:com.YouMagicPro.LKA_tests.ContractInnOneInTextFieldTest@3f78d35f]" name="closeSession" is-config="true" duration-ms="2" started-at="2012-11-21T10:13:46Z" finished-at="2012-11-21T10:13:46Z">
          <reporter-output>
          </reporter-output>
        </test-method> <!-- closeSession -->
      </class> <!-- com.YouMagicPro.LKA_tests.ContractInnOneInTextFieldTest -->
      <class name="com.YouMagicPro.LKA_tests.ContractEndOfPageDataTest">
        <test-method status="PASS" signature="startWebDriver()[pri:0, instance:com.YouMagicPro.LKA_tests.ContractEndOfPageDataTest@4c6d47ff]" name="startWebDriver" is-config="true" duration-ms="1172" started-at="2012-11-21T10:11:08Z" finished-at="2012-11-21T10:11:10Z">
          <reporter-output>
          </reporter-output>
        </test-method> <!-- startWebDriver -->
        <test-method status="PASS" signature="contractEndOfPageDataTest_C15062()[pri:0, instance:com.YouMagicPro.LKA_tests.ContractEndOfPageDataTest@4c6d47ff]" name="contractEndOfPageDataTest_C15062" duration-ms="21651" started-at="2012-11-21T10:11:10Z" finished-at="2012-11-21T10:11:31Z">
          <reporter-output>
          </reporter-output>
        </test-method> <!-- contractEndOfPageDataTest_C15062 -->
        <test-method status="PASS" signature="closeSession()[pri:0, instance:com.YouMagicPro.LKA_tests.ContractEndOfPageDataTest@4c6d47ff]" name="closeSession" is-config="true" duration-ms="1" started-at="2012-11-21T10:11:31Z" finished-at="2012-11-21T10:11:31Z">
          <reporter-output>
          </reporter-output>
        </test-method> <!-- closeSession -->
      </class> <!-- com.YouMagicPro.LKA_tests.ContractEndOfPageDataTest -->
      <class name="com.YouMagicPro.LKA_tests.ExpenseStructureAdditionalNumbersFeeTest">
        <test-method status="PASS" signature="startWebDriver()[pri:0, instance:com.YouMagicPro.LKA_tests.ExpenseStructureAdditionalNumbersFeeTest@425f32ae]" name="startWebDriver" is-config="true" duration-ms="704" started-at="2012-11-21T10:22:45Z" finished-at="2012-11-21T10:22:45Z">
          <reporter-output>
          </reporter-output>
        </test-method> <!-- startWebDriver -->
        <test-method status="PASS" signature="expenseStructureAdditionalNumbersFeeTest_C15096()[pri:0, instance:com.YouMagicPro.LKA_tests.ExpenseStructureAdditionalNumbersFeeTest@425f32ae]" name="expenseStructureAdditionalNumbersFeeTest_C15096" duration-ms="8751" started-at="2012-11-21T10:22:45Z" finished-at="2012-11-21T10:22:54Z">
          <reporter-output>
          </reporter-output>
        </test-method> <!-- expenseStructureAdditionalNumbersFeeTest_C15096 -->
        <test-method status="PASS" signature="closeSession()[pri:0, instance:com.YouMagicPro.LKA_tests.ExpenseStructureAdditionalNumbersFeeTest@425f32ae]" name="closeSession" is-config="true" duration-ms="1" started-at="2012-11-21T10:22:54Z" finished-at="2012-11-21T10:22:54Z">
          <reporter-output>
          </reporter-output>
        </test-method> <!-- closeSession -->
      </class> <!-- com.YouMagicPro.LKA_tests.ExpenseStructureAdditionalNumbersFeeTest -->
      <class name="com.YouMagicPro.LKA_tests.OrderByPickUpChangePhoneTest">
        <test-method status="PASS" signature="startWebDriver()[pri:0, instance:com.YouMagicPro.LKA_tests.OrderByPickUpChangePhoneTest@1a91dd8c]" name="startWebDriver" is-config="true" duration-ms="1882" started-at="2012-11-21T10:27:42Z" finished-at="2012-11-21T10:27:43Z">
          <reporter-output>
          </reporter-output>
        </test-method> <!-- startWebDriver -->
        <test-method status="FAIL" signature="OrderByPickUpChangePhoneTest_C25666()[pri:0, instance:com.YouMagicPro.LKA_tests.OrderByPickUpChangePhoneTest@1a91dd8c]" name="OrderByPickUpChangePhoneTest_C25666" duration-ms="5336" started-at="2012-11-21T10:27:43Z" finished-at="2012-11-21T10:27:49Z">
          <exception class="org.openqa.selenium.WebDriverException">
            <message>
              <![CDATA[Element is not clickable at point (0, 0) (WARNING: The server did not provide any stacktrace information)
Command duration or timeout: 33 milliseconds
Build info: version: '2.26.0', revision: '18040', time: '2012-11-02 09:44:45'
System info: os.name: 'Windows 7', os.arch: 'amd64', os.version: '6.1', java.version: '1.7.0_05'
Driver info: driver.version: RemoteWebDriver
Session ID: 72f0d768e30d94f0c2a1539f3930085a]]>
            </message>
            <full-stacktrace>
              <![CDATA[org.openqa.selenium.WebDriverException: Element is not clickable at point (0, 0) (WARNING: The server did not provide any stacktrace information)
Command duration or timeout: 33 milliseconds
Build info: version: '2.26.0', revision: '18040', time: '2012-11-02 09:44:45'
System info: os.name: 'Windows 7', os.arch: 'amd64', os.version: '6.1', java.version: '1.7.0_05'
Driver info: driver.version: RemoteWebDriver
Session ID: 72f0d768e30d94f0c2a1539f3930085a
	at sun.reflect.NativeConstructorAccessorImpl.newInstance0(Native Method)
	at sun.reflect.NativeConstructorAccessorImpl.newInstance(NativeConstructorAccessorImpl.java:57)
	at sun.reflect.DelegatingConstructorAccessorImpl.newInstance(DelegatingConstructorAccessorImpl.java:45)
	at java.lang.reflect.Constructor.newInstance(Constructor.java:525)
	at org.openqa.selenium.remote.ErrorHandler.createThrowable(ErrorHandler.java:188)
	at org.openqa.selenium.remote.ErrorHandler.throwIfResponseFailed(ErrorHandler.java:145)
	at org.openqa.selenium.remote.RemoteWebDriver.execute(RemoteWebDriver.java:531)
	at org.openqa.selenium.remote.RemoteWebElement.execute(RemoteWebElement.java:246)
	at org.openqa.selenium.remote.RemoteWebElement.click(RemoteWebElement.java:79)
	at com.YouMagicPro.LKA_tests.TestBase.waitAdminPageToLoadSecondAccount(TestBase.java:120)
	at com.YouMagicPro.LKA_tests.OrderByPickUpChangePhoneTest.OrderByPickUpChangePhoneTest_C25666(OrderByPickUpChangePhoneTest.java:11)
	at sun.reflect.NativeMethodAccessorImpl.invoke0(Native Method)
	at sun.reflect.NativeMethodAccessorImpl.invoke(NativeMethodAccessorImpl.java:57)
	at sun.reflect.DelegatingMethodAccessorImpl.invoke(DelegatingMethodAccessorImpl.java:43)
	at java.lang.reflect.Method.invoke(Method.java:601)
	at org.testng.internal.MethodInvocationHelper.invokeMethod(MethodInvocationHelper.java:80)
	at org.testng.internal.Invoker.invokeMethod(Invoker.java:714)
	at org.testng.internal.Invoker.invokeTestMethod(Invoker.java:901)
	at org.testng.internal.Invoker.invokeTestMethods(Invoker.java:1231)
	at org.testng.internal.TestMethodWorker.invokeTestMethods(TestMethodWorker.java:127)
	at org.testng.internal.TestMethodWorker.run(TestMethodWorker.java:111)
	at org.testng.TestRunner.privateRun(TestRunner.java:767)
	at org.testng.TestRunner.run(TestRunner.java:617)
	at org.testng.SuiteRunner.runTest(SuiteRunner.java:334)
	at org.testng.SuiteRunner.runSequentially(SuiteRunner.java:329)
	at org.testng.SuiteRunner.privateRun(SuiteRunner.java:291)
	at org.testng.SuiteRunner.run(SuiteRunner.java:240)
	at org.testng.SuiteRunnerWorker.runSuite(SuiteRunnerWorker.java:52)
	at org.testng.SuiteRunnerWorker.run(SuiteRunnerWorker.java:86)
	at org.testng.TestNG.runSuitesSequentially(TestNG.java:1198)
	at org.testng.TestNG.runSuitesLocally(TestNG.java:1123)
	at org.testng.TestNG.run(TestNG.java:1031)
	at org.apache.maven.surefire.testng.TestNGExecutor.run(TestNGExecutor.java:122)
	at org.apache.maven.surefire.testng.TestNGXmlTestSuite.execute(TestNGXmlTestSuite.java:88)
	at org.apache.maven.surefire.testng.TestNGProvider.invoke(TestNGProvider.java:104)
	at sun.reflect.NativeMethodAccessorImpl.invoke0(Native Method)
	at sun.reflect.NativeMethodAccessorImpl.invoke(NativeMethodAccessorImpl.java:57)
	at sun.reflect.DelegatingMethodAccessorImpl.invoke(DelegatingMethodAccessorImpl.java:43)
	at java.lang.reflect.Method.invoke(Method.java:601)
	at org.apache.maven.surefire.booter.ProviderFactory$ClassLoaderProxy.invoke(ProviderFactory.java:103)
	at $Proxy0.invoke(Unknown Source)
	at org.apache.maven.surefire.booter.SurefireStarter.invokeProvider(SurefireStarter.java:150)
	at org.apache.maven.surefire.booter.SurefireStarter.runSuitesInProcess(SurefireStarter.java:91)
	at org.apache.maven.surefire.booter.ForkedBooter.main(ForkedBooter.java:69)
]]>
            </full-stacktrace>
          </exception> <!-- org.openqa.selenium.WebDriverException -->
          <reporter-output>
          </reporter-output>
        </test-method> <!-- OrderByPickUpChangePhoneTest_C25666 -->
        <test-method status="PASS" signature="closeSession()[pri:0, instance:com.YouMagicPro.LKA_tests.OrderByPickUpChangePhoneTest@1a91dd8c]" name="closeSession" is-config="true" duration-ms="1" started-at="2012-11-21T10:27:49Z" finished-at="2012-11-21T10:27:49Z">
          <reporter-output>
          </reporter-output>
        </test-method> <!-- closeSession -->
      </class> <!-- com.YouMagicPro.LKA_tests.OrderByPickUpChangePhoneTest -->
      <class name="com.YouMagicPro.LKA_tests.BuyingAdditionalNumberChooseNumbersFromList">
        <test-method status="PASS" signature="startWebDriver()[pri:0, instance:com.YouMagicPro.LKA_tests.BuyingAdditionalNumberChooseNumbersFromList@696564b8]" name="startWebDriver" is-config="true" duration-ms="1157" started-at="2012-11-21T09:57:20Z" finished-at="2012-11-21T09:57:21Z">
          <reporter-output>
          </reporter-output>
        </test-method> <!-- startWebDriver -->
        <test-method status="PASS" signature="BuyingAdditionalNumberChooseNumbersFromList_C15106()[pri:0, instance:com.YouMagicPro.LKA_tests.BuyingAdditionalNumberChooseNumbersFromList@696564b8]" name="BuyingAdditionalNumberChooseNumbersFromList_C15106" duration-ms="16409" started-at="2012-11-21T09:57:21Z" finished-at="2012-11-21T09:57:37Z">
          <reporter-output>
          </reporter-output>
        </test-method> <!-- BuyingAdditionalNumberChooseNumbersFromList_C15106 -->
        <test-method status="PASS" signature="closeSession()[pri:0, instance:com.YouMagicPro.LKA_tests.BuyingAdditionalNumberChooseNumbersFromList@696564b8]" name="closeSession" is-config="true" duration-ms="1" started-at="2012-11-21T09:57:37Z" finished-at="2012-11-21T09:57:37Z">
          <reporter-output>
          </reporter-output>
        </test-method> <!-- closeSession -->
      </class> <!-- com.YouMagicPro.LKA_tests.BuyingAdditionalNumberChooseNumbersFromList -->
      <class name="com.YouMagicPro.LKA_tests.ClickOnContractTest">
        <test-method status="PASS" signature="setUp(java.lang.String)[pri:0, instance:com.YouMagicPro.LKA_tests.ClickOnContractTest@5e681ff4]" name="setUp" is-config="true" duration-ms="5456" started-at="2012-11-21T09:59:06Z" finished-at="2012-11-21T09:59:12Z">
          <params>
            <param index="0">
              <value is-null="true"/>
            </param>
          </params>
          <reporter-output>
          </reporter-output>
        </test-method> <!-- setUp -->
        <test-method status="PASS" signature="clickOnContractTest()[pri:0, instance:com.YouMagicPro.LKA_tests.ClickOnContractTest@5e681ff4]" name="clickOnContractTest" duration-ms="40883" started-at="2012-11-21T09:59:12Z" finished-at="2012-11-21T09:59:53Z">
          <reporter-output>
          </reporter-output>
        </test-method> <!-- clickOnContractTest -->
        <test-method status="PASS" signature="tearDown()[pri:0, instance:com.YouMagicPro.LKA_tests.ClickOnContractTest@5e681ff4]" name="tearDown" is-config="true" duration-ms="294" started-at="2012-11-21T09:59:53Z" finished-at="2012-11-21T09:59:53Z">
          <reporter-output>
          </reporter-output>
        </test-method> <!-- tearDown -->
      </class> <!-- com.YouMagicPro.LKA_tests.ClickOnContractTest -->
      <class name="com.YouMagicPro.LKA_tests.OrderToAdressChangeNameTest">
        <test-method status="PASS" signature="startWebDriver()[pri:0, instance:com.YouMagicPro.LKA_tests.OrderToAdressChangeNameTest@7fb7a216]" name="startWebDriver" is-config="true" duration-ms="1930" started-at="2012-11-21T10:29:12Z" finished-at="2012-11-21T10:29:14Z">
          <reporter-output>
          </reporter-output>
        </test-method> <!-- startWebDriver -->
        <test-method status="PASS" signature="orderToAdressChangeNameTest_C25672()[pri:0, instance:com.YouMagicPro.LKA_tests.OrderToAdressChangeNameTest@7fb7a216]" name="orderToAdressChangeNameTest_C25672" duration-ms="16785" started-at="2012-11-21T10:29:14Z" finished-at="2012-11-21T10:29:31Z">
          <reporter-output>
          </reporter-output>
        </test-method> <!-- orderToAdressChangeNameTest_C25672 -->
        <test-method status="PASS" signature="closeSession()[pri:0, instance:com.YouMagicPro.LKA_tests.OrderToAdressChangeNameTest@7fb7a216]" name="closeSession" is-config="true" duration-ms="2" started-at="2012-11-21T10:29:31Z" finished-at="2012-11-21T10:29:31Z">
          <reporter-output>
          </reporter-output>
        </test-method> <!-- closeSession -->
      </class> <!-- com.YouMagicPro.LKA_tests.OrderToAdressChangeNameTest -->
      <class name="com.YouMagicPro.LKA_tests.OrderByPickUpOrderWithoutDocTypeCheckedTest">
        <test-method status="PASS" signature="startWebDriver()[pri:0, instance:com.YouMagicPro.LKA_tests.OrderByPickUpOrderWithoutDocTypeCheckedTest@9317bfb]" name="startWebDriver" is-config="true" duration-ms="2238" started-at="2012-11-21T10:27:49Z" finished-at="2012-11-21T10:27:51Z">
          <reporter-output>
          </reporter-output>
        </test-method> <!-- startWebDriver -->
        <test-method status="PASS" signature="orderByPickUpOrderWithoutDocTypeCheckedTest_C25663()[pri:0, instance:com.YouMagicPro.LKA_tests.OrderByPickUpOrderWithoutDocTypeCheckedTest@9317bfb]" name="orderByPickUpOrderWithoutDocTypeCheckedTest_C25663" duration-ms="19738" started-at="2012-11-21T10:27:51Z" finished-at="2012-11-21T10:28:11Z">
          <reporter-output>
          </reporter-output>
        </test-method> <!-- orderByPickUpOrderWithoutDocTypeCheckedTest_C25663 -->
        <test-method status="PASS" signature="closeSession()[pri:0, instance:com.YouMagicPro.LKA_tests.OrderByPickUpOrderWithoutDocTypeCheckedTest@9317bfb]" name="closeSession" is-config="true" duration-ms="2" started-at="2012-11-21T10:28:11Z" finished-at="2012-11-21T10:28:11Z">
          <reporter-output>
          </reporter-output>
        </test-method> <!-- closeSession -->
      </class> <!-- com.YouMagicPro.LKA_tests.OrderByPickUpOrderWithoutDocTypeCheckedTest -->
      <class name="com.YouMagicPro.LKA_tests.ContractOgrn6NumbersInTextFieldTest">
        <test-method status="PASS" signature="startWebDriver()[pri:0, instance:com.YouMagicPro.LKA_tests.ContractOgrn6NumbersInTextFieldTest@157844d3]" name="startWebDriver" is-config="true" duration-ms="1411" started-at="2012-11-21T10:16:07Z" finished-at="2012-11-21T10:16:08Z">
          <reporter-output>
          </reporter-output>
        </test-method> <!-- startWebDriver -->
        <test-method status="PASS" signature="contractOgrn6NumbersInTextFieldTest_C15055()[pri:0, instance:com.YouMagicPro.LKA_tests.ContractOgrn6NumbersInTextFieldTest@157844d3]" name="contractOgrn6NumbersInTextFieldTest_C15055" duration-ms="20603" started-at="2012-11-21T10:16:08Z" finished-at="2012-11-21T10:16:29Z">
          <reporter-output>
          </reporter-output>
        </test-method> <!-- contractOgrn6NumbersInTextFieldTest_C15055 -->
        <test-method status="PASS" signature="closeSession()[pri:0, instance:com.YouMagicPro.LKA_tests.ContractOgrn6NumbersInTextFieldTest@157844d3]" name="closeSession" is-config="true" duration-ms="2" started-at="2012-11-21T10:16:29Z" finished-at="2012-11-21T10:16:29Z">
          <reporter-output>
          </reporter-output>
        </test-method> <!-- closeSession -->
      </class> <!-- com.YouMagicPro.LKA_tests.ContractOgrn6NumbersInTextFieldTest -->
      <class name="com.YouMagicPro.LKA_tests.ContractBankAccountSymbolsInTextFieldTest">
        <test-method status="PASS" signature="startWebDriver()[pri:0, instance:com.YouMagicPro.LKA_tests.ContractBankAccountSymbolsInTextFieldTest@18b1abcd]" name="startWebDriver" is-config="true" duration-ms="1257" started-at="2012-11-21T10:04:07Z" finished-at="2012-11-21T10:04:08Z">
          <reporter-output>
          </reporter-output>
        </test-method> <!-- startWebDriver -->
        <test-method status="PASS" signature="contractBankAccountSymbolsInTextFieldTest_C14997()[pri:0, instance:com.YouMagicPro.LKA_tests.ContractBankAccountSymbolsInTextFieldTest@18b1abcd]" name="contractBankAccountSymbolsInTextFieldTest_C14997" duration-ms="22303" started-at="2012-11-21T10:04:08Z" finished-at="2012-11-21T10:04:30Z">
          <reporter-output>
          </reporter-output>
        </test-method> <!-- contractBankAccountSymbolsInTextFieldTest_C14997 -->
        <test-method status="PASS" signature="closeSession()[pri:0, instance:com.YouMagicPro.LKA_tests.ContractBankAccountSymbolsInTextFieldTest@18b1abcd]" name="closeSession" is-config="true" duration-ms="2" started-at="2012-11-21T10:04:30Z" finished-at="2012-11-21T10:04:30Z">
          <reporter-output>
          </reporter-output>
        </test-method> <!-- closeSession -->
      </class> <!-- com.YouMagicPro.LKA_tests.ContractBankAccountSymbolsInTextFieldTest -->
      <class name="com.YouMagicPro.LKA_tests.OrderByPickUpCancelButtonTest">
        <test-method status="PASS" signature="startWebDriver()[pri:0, instance:com.YouMagicPro.LKA_tests.OrderByPickUpCancelButtonTest@31961976]" name="startWebDriver" is-config="true" duration-ms="1168" started-at="2012-11-21T10:26:59Z" finished-at="2012-11-21T10:27:00Z">
          <reporter-output>
          </reporter-output>
        </test-method> <!-- startWebDriver -->
        <test-method status="PASS" signature="orderByPickUpCancelButtonTest_C25664()[pri:0, instance:com.YouMagicPro.LKA_tests.OrderByPickUpCancelButtonTest@31961976]" name="orderByPickUpCancelButtonTest_C25664" duration-ms="19791" started-at="2012-11-21T10:27:00Z" finished-at="2012-11-21T10:27:19Z">
          <reporter-output>
          </reporter-output>
        </test-method> <!-- orderByPickUpCancelButtonTest_C25664 -->
        <test-method status="PASS" signature="closeSession()[pri:0, instance:com.YouMagicPro.LKA_tests.OrderByPickUpCancelButtonTest@31961976]" name="closeSession" is-config="true" duration-ms="1" started-at="2012-11-21T10:27:19Z" finished-at="2012-11-21T10:27:19Z">
          <reporter-output>
          </reporter-output>
        </test-method> <!-- closeSession -->
      </class> <!-- com.YouMagicPro.LKA_tests.OrderByPickUpCancelButtonTest -->
      <class name="com.YouMagicPro.LKA_tests.ContractInnSymbolsInTextFieldTest">
        <test-method status="PASS" signature="startWebDriver()[pri:0, instance:com.YouMagicPro.LKA_tests.ContractInnSymbolsInTextFieldTest@70ccb7e0]" name="startWebDriver" is-config="true" duration-ms="1167" started-at="2012-11-21T10:13:46Z" finished-at="2012-11-21T10:13:47Z">
          <reporter-output>
          </reporter-output>
        </test-method> <!-- startWebDriver -->
        <test-method status="PASS" signature="contractInnLettersInTextFieldTest_C15030()[pri:0, instance:com.YouMagicPro.LKA_tests.ContractInnSymbolsInTextFieldTest@70ccb7e0]" name="contractInnLettersInTextFieldTest_C15030" duration-ms="20992" started-at="2012-11-21T10:13:47Z" finished-at="2012-11-21T10:14:08Z">
          <reporter-output>
          </reporter-output>
        </test-method> <!-- contractInnLettersInTextFieldTest_C15030 -->
        <test-method status="PASS" signature="closeSession()[pri:0, instance:com.YouMagicPro.LKA_tests.ContractInnSymbolsInTextFieldTest@70ccb7e0]" name="closeSession" is-config="true" duration-ms="2" started-at="2012-11-21T10:14:08Z" finished-at="2012-11-21T10:14:08Z">
          <reporter-output>
          </reporter-output>
        </test-method> <!-- closeSession -->
      </class> <!-- com.YouMagicPro.LKA_tests.ContractInnSymbolsInTextFieldTest -->
      <class name="com.YouMagicPro.LKA_tests.ContractCorAccount19NumbersTest">
        <test-method status="PASS" signature="startWebDriver()[pri:0, instance:com.YouMagicPro.LKA_tests.ContractCorAccount19NumbersTest@39757c6f]" name="startWebDriver" is-config="true" duration-ms="1209" started-at="2012-11-21T10:08:24Z" finished-at="2012-11-21T10:08:26Z">
          <reporter-output>
          </reporter-output>
        </test-method> <!-- startWebDriver -->
        <test-method status="PASS" signature="contractCorAccount19NumbersTest_C15005()[pri:0, instance:com.YouMagicPro.LKA_tests.ContractCorAccount19NumbersTest@39757c6f]" name="contractCorAccount19NumbersTest_C15005" duration-ms="40384" started-at="2012-11-21T10:08:26Z" finished-at="2012-11-21T10:09:06Z">
          <reporter-output>
          </reporter-output>
        </test-method> <!-- contractCorAccount19NumbersTest_C15005 -->
        <test-method status="PASS" signature="closeSession()[pri:0, instance:com.YouMagicPro.LKA_tests.ContractCorAccount19NumbersTest@39757c6f]" name="closeSession" is-config="true" duration-ms="1" started-at="2012-11-21T10:09:06Z" finished-at="2012-11-21T10:09:06Z">
          <reporter-output>
          </reporter-output>
        </test-method> <!-- closeSession -->
      </class> <!-- com.YouMagicPro.LKA_tests.ContractCorAccount19NumbersTest -->
      <class name="com.YouMagicPro.LKA_tests.ContractCorAccountOneInTextFieldTest">
        <test-method status="PASS" signature="startWebDriver()[pri:0, instance:com.YouMagicPro.LKA_tests.ContractCorAccountOneInTextFieldTest@7561ab68]" name="startWebDriver" is-config="true" duration-ms="1276" started-at="2012-11-21T10:09:51Z" finished-at="2012-11-21T10:09:53Z">
          <reporter-output>
          </reporter-output>
        </test-method> <!-- startWebDriver -->
        <test-method status="PASS" signature="contractCorAccountOneInTextFieldTest_C14499()[pri:0, instance:com.YouMagicPro.LKA_tests.ContractCorAccountOneInTextFieldTest@7561ab68]" name="contractCorAccountOneInTextFieldTest_C14499" duration-ms="28922" started-at="2012-11-21T10:09:53Z" finished-at="2012-11-21T10:10:22Z">
          <reporter-output>
          </reporter-output>
        </test-method> <!-- contractCorAccountOneInTextFieldTest_C14499 -->
        <test-method status="PASS" signature="closeSession()[pri:0, instance:com.YouMagicPro.LKA_tests.ContractCorAccountOneInTextFieldTest@7561ab68]" name="closeSession" is-config="true" duration-ms="2" started-at="2012-11-21T10:10:22Z" finished-at="2012-11-21T10:10:22Z">
          <reporter-output>
          </reporter-output>
        </test-method> <!-- closeSession -->
      </class> <!-- com.YouMagicPro.LKA_tests.ContractCorAccountOneInTextFieldTest -->
    </test> <!-- com.LKA_tests -->
  </suite> <!-- com.LKA_tests -->
</testng-results>
