<?xml version="1.0" encoding="UTF-8"?>
<testng-results skipped="0" failed="5" total="97" passed="92">
  <reporter-output>
  </reporter-output>
  <suite name="com.LKA_tests" duration-ms="1877080" started-at="2013-01-10T06:06:42Z" finished-at="2013-01-10T06:37:59Z">
    <groups>
    </groups>
    <test name="com.LKA_tests" duration-ms="1877080" started-at="2013-01-10T06:06:42Z" finished-at="2013-01-10T06:37:59Z">
      <class name="com.YouMagicPro.LKA_tests.EmployeesCheckInfoTest">
        <test-method status="PASS" signature="startWebDriver()[pri:0, instance:com.YouMagicPro.LKA_tests.EmployeesCheckInfoTest@1da477bf]" name="startWebDriver" is-config="true" duration-ms="1783" started-at="2013-01-10T10:29:05Z" finished-at="2013-01-10T10:29:07Z">
          <reporter-output>
          </reporter-output>
        </test-method> <!-- startWebDriver -->
        <test-method status="PASS" signature="employeesCheckInfoTest_C15252()[pri:0, instance:com.YouMagicPro.LKA_tests.EmployeesCheckInfoTest@1da477bf]" name="employeesCheckInfoTest_C15252" duration-ms="14063" started-at="2013-01-10T10:29:07Z" finished-at="2013-01-10T10:29:21Z">
          <reporter-output>
          </reporter-output>
        </test-method> <!-- employeesCheckInfoTest_C15252 -->
        <test-method status="PASS" signature="closeSession()[pri:0, instance:com.YouMagicPro.LKA_tests.EmployeesCheckInfoTest@1da477bf]" name="closeSession" is-config="true" duration-ms="1441" started-at="2013-01-10T10:29:21Z" finished-at="2013-01-10T10:29:22Z">
          <reporter-output>
          </reporter-output>
        </test-method> <!-- closeSession -->
      </class> <!-- com.YouMagicPro.LKA_tests.EmployeesCheckInfoTest -->
      <class name="com.YouMagicPro.LKA_tests.DetalizationPageTest">
        <test-method status="PASS" signature="setUp(java.lang.String)[pri:0, instance:com.YouMagicPro.LKA_tests.DetalizationPageTest@34dea091]" name="setUp" is-config="true" duration-ms="5314" started-at="2013-01-10T10:28:11Z" finished-at="2013-01-10T10:28:16Z">
          <params>
            <param index="0">
              <value is-null="true"/>
            </param>
          </params>
          <reporter-output>
          </reporter-output>
        </test-method> <!-- setUp -->
        <test-method status="PASS" signature="detalizationPageTest()[pri:0, instance:com.YouMagicPro.LKA_tests.DetalizationPageTest@34dea091]" name="detalizationPageTest" duration-ms="14844" started-at="2013-01-10T10:28:16Z" finished-at="2013-01-10T10:28:31Z">
          <reporter-output>
          </reporter-output>
        </test-method> <!-- detalizationPageTest -->
        <test-method status="PASS" signature="tearDown()[pri:0, instance:com.YouMagicPro.LKA_tests.DetalizationPageTest@34dea091]" name="tearDown" is-config="true" duration-ms="266" started-at="2013-01-10T10:28:31Z" finished-at="2013-01-10T10:28:31Z">
          <reporter-output>
          </reporter-output>
        </test-method> <!-- tearDown -->
      </class> <!-- com.YouMagicPro.LKA_tests.DetalizationPageTest -->
      <class name="com.YouMagicPro.LKA_tests.ClickOnPersonalAccountTest">
        <test-method status="PASS" signature="setUp(java.lang.String)[pri:0, instance:com.YouMagicPro.LKA_tests.ClickOnPersonalAccountTest@1bbe7ff5]" name="setUp" is-config="true" duration-ms="5096" started-at="2013-01-10T10:17:18Z" finished-at="2013-01-10T10:17:23Z">
          <params>
            <param index="0">
              <value is-null="true"/>
            </param>
          </params>
          <reporter-output>
          </reporter-output>
        </test-method> <!-- setUp -->
        <test-method status="PASS" signature="clickOnPersonalAccountTest()[pri:0, instance:com.YouMagicPro.LKA_tests.ClickOnPersonalAccountTest@1bbe7ff5]" name="clickOnPersonalAccountTest" duration-ms="15265" started-at="2013-01-10T10:17:23Z" finished-at="2013-01-10T10:17:39Z">
          <reporter-output>
          </reporter-output>
        </test-method> <!-- clickOnPersonalAccountTest -->
        <test-method status="PASS" signature="tearDown()[pri:0, instance:com.YouMagicPro.LKA_tests.ClickOnPersonalAccountTest@1bbe7ff5]" name="tearDown" is-config="true" duration-ms="235" started-at="2013-01-10T10:17:39Z" finished-at="2013-01-10T10:17:39Z">
          <reporter-output>
          </reporter-output>
        </test-method> <!-- tearDown -->
      </class> <!-- com.YouMagicPro.LKA_tests.ClickOnPersonalAccountTest -->
      <class name="com.YouMagicPro.LKA_tests.ContractCorAccountLettersAndNumbersTextFieldTest">
        <test-method status="PASS" signature="startWebDriver()[pri:0, instance:com.YouMagicPro.LKA_tests.ContractCorAccountLettersAndNumbersTextFieldTest@19d1c871]" name="startWebDriver" is-config="true" duration-ms="1774" started-at="2013-01-10T10:21:20Z" finished-at="2013-01-10T10:21:22Z">
          <reporter-output>
          </reporter-output>
        </test-method> <!-- startWebDriver -->
        <test-method status="PASS" signature="contractCorAccountTenInTextFieldTest_C15000()[pri:0, instance:com.YouMagicPro.LKA_tests.ContractCorAccountLettersAndNumbersTextFieldTest@19d1c871]" name="contractCorAccountTenInTextFieldTest_C15000" duration-ms="15171" started-at="2013-01-10T10:21:22Z" finished-at="2013-01-10T10:21:37Z">
          <reporter-output>
          </reporter-output>
        </test-method> <!-- contractCorAccountTenInTextFieldTest_C15000 -->
        <test-method status="PASS" signature="closeSession()[pri:0, instance:com.YouMagicPro.LKA_tests.ContractCorAccountLettersAndNumbersTextFieldTest@19d1c871]" name="closeSession" is-config="true" duration-ms="1442" started-at="2013-01-10T10:21:37Z" finished-at="2013-01-10T10:21:39Z">
          <reporter-output>
          </reporter-output>
        </test-method> <!-- closeSession -->
      </class> <!-- com.YouMagicPro.LKA_tests.ContractCorAccountLettersAndNumbersTextFieldTest -->
      <class name="com.YouMagicPro.LKA_tests.ContractInnChooseFormTest">
        <test-method status="PASS" signature="startWebDriver()[pri:0, instance:com.YouMagicPro.LKA_tests.ContractInnChooseFormTest@a5dae4f]" name="startWebDriver" is-config="true" duration-ms="1814" started-at="2013-01-10T10:23:41Z" finished-at="2013-01-10T10:23:43Z">
          <reporter-output>
          </reporter-output>
        </test-method> <!-- startWebDriver -->
        <test-method status="PASS" signature="contractInnChooseForm_C15047()[pri:0, instance:com.YouMagicPro.LKA_tests.ContractInnChooseFormTest@a5dae4f]" name="contractInnChooseForm_C15047" duration-ms="29872" started-at="2013-01-10T10:23:43Z" finished-at="2013-01-10T10:24:13Z">
          <reporter-output>
          </reporter-output>
        </test-method> <!-- contractInnChooseForm_C15047 -->
        <test-method status="PASS" signature="closeSession()[pri:0, instance:com.YouMagicPro.LKA_tests.ContractInnChooseFormTest@a5dae4f]" name="closeSession" is-config="true" duration-ms="1454" started-at="2013-01-10T10:24:13Z" finished-at="2013-01-10T10:24:15Z">
          <reporter-output>
          </reporter-output>
        </test-method> <!-- closeSession -->
      </class> <!-- com.YouMagicPro.LKA_tests.ContractInnChooseFormTest -->
      <class name="com.YouMagicPro.LKA_tests.ContractCheckDocumentTest">
        <test-method status="PASS" signature="startWebDriver()[pri:0, instance:com.YouMagicPro.LKA_tests.ContractCheckDocumentTest@163c2261]" name="startWebDriver" is-config="true" duration-ms="1765" started-at="2013-01-10T10:20:45Z" finished-at="2013-01-10T10:20:47Z">
          <reporter-output>
          </reporter-output>
        </test-method> <!-- startWebDriver -->
        <test-method status="PASS" signature="contractCheckDocumentTest_C14986()[pri:0, instance:com.YouMagicPro.LKA_tests.ContractCheckDocumentTest@163c2261]" name="contractCheckDocumentTest_C14986" duration-ms="12118" started-at="2013-01-10T10:20:47Z" finished-at="2013-01-10T10:20:59Z">
          <reporter-output>
          </reporter-output>
        </test-method> <!-- contractCheckDocumentTest_C14986 -->
        <test-method status="PASS" signature="closeSession()[pri:0, instance:com.YouMagicPro.LKA_tests.ContractCheckDocumentTest@163c2261]" name="closeSession" is-config="true" duration-ms="1470" started-at="2013-01-10T10:20:59Z" finished-at="2013-01-10T10:21:01Z">
          <reporter-output>
          </reporter-output>
        </test-method> <!-- closeSession -->
      </class> <!-- com.YouMagicPro.LKA_tests.ContractCheckDocumentTest -->
      <class name="com.YouMagicPro.LKA_tests.FeedbackPageTest">
        <test-method status="PASS" signature="setUp(java.lang.String)[pri:0, instance:com.YouMagicPro.LKA_tests.FeedbackPageTest@1660bb22]" name="setUp" is-config="true" duration-ms="5174" started-at="2013-01-10T10:32:28Z" finished-at="2013-01-10T10:32:33Z">
          <params>
            <param index="0">
              <value is-null="true"/>
            </param>
          </params>
          <reporter-output>
          </reporter-output>
        </test-method> <!-- setUp -->
        <test-method status="PASS" signature="feedbackPageTest()[pri:0, instance:com.YouMagicPro.LKA_tests.FeedbackPageTest@1660bb22]" name="feedbackPageTest" duration-ms="17391" started-at="2013-01-10T10:32:33Z" finished-at="2013-01-10T10:32:51Z">
          <reporter-output>
          </reporter-output>
        </test-method> <!-- feedbackPageTest -->
        <test-method status="PASS" signature="tearDown()[pri:0, instance:com.YouMagicPro.LKA_tests.FeedbackPageTest@1660bb22]" name="tearDown" is-config="true" duration-ms="234" started-at="2013-01-10T10:32:51Z" finished-at="2013-01-10T10:32:51Z">
          <reporter-output>
          </reporter-output>
        </test-method> <!-- tearDown -->
      </class> <!-- com.YouMagicPro.LKA_tests.FeedbackPageTest -->
      <class name="com.YouMagicPro.LKA_tests.ContractKpp6NumbersInTextFieldTest">
        <test-method status="PASS" signature="startWebDriver()[pri:0, instance:com.YouMagicPro.LKA_tests.ContractKpp6NumbersInTextFieldTest@75faf398]" name="startWebDriver" is-config="true" duration-ms="1779" started-at="2013-01-10T10:25:07Z" finished-at="2013-01-10T10:25:09Z">
          <reporter-output>
          </reporter-output>
        </test-method> <!-- startWebDriver -->
        <test-method status="PASS" signature="contractKppTest_C15049()[pri:0, instance:com.YouMagicPro.LKA_tests.ContractKpp6NumbersInTextFieldTest@75faf398]" name="contractKppTest_C15049" duration-ms="15174" started-at="2013-01-10T10:25:09Z" finished-at="2013-01-10T10:25:24Z">
          <reporter-output>
          </reporter-output>
        </test-method> <!-- contractKppTest_C15049 -->
        <test-method status="PASS" signature="closeSession()[pri:0, instance:com.YouMagicPro.LKA_tests.ContractKpp6NumbersInTextFieldTest@75faf398]" name="closeSession" is-config="true" duration-ms="1467" started-at="2013-01-10T10:25:24Z" finished-at="2013-01-10T10:25:25Z">
          <reporter-output>
          </reporter-output>
        </test-method> <!-- closeSession -->
      </class> <!-- com.YouMagicPro.LKA_tests.ContractKpp6NumbersInTextFieldTest -->
      <class name="com.YouMagicPro.LKA_tests.NotificationsCheckFieldsTest">
        <test-method status="PASS" signature="startWebDriver()[pri:0, instance:com.YouMagicPro.LKA_tests.NotificationsCheckFieldsTest@2cc29ba3]" name="startWebDriver" is-config="true" duration-ms="1812" started-at="2013-01-10T10:33:12Z" finished-at="2013-01-10T10:33:14Z">
          <reporter-output>
          </reporter-output>
        </test-method> <!-- startWebDriver -->
        <test-method status="FAIL" signature="notificationsCheckFieldsTest_C15141()[pri:0, instance:com.YouMagicPro.LKA_tests.NotificationsCheckFieldsTest@2cc29ba3]" name="notificationsCheckFieldsTest_C15141" duration-ms="10986" started-at="2013-01-10T10:33:14Z" finished-at="2013-01-10T10:33:25Z">
          <exception class="org.openqa.selenium.WebDriverException">
            <message>
              <![CDATA[Element is not clickable at point (118.5, 506). Other element would receive the click: <div class="snoska">...</div> (WARNING: The server did not provide any stacktrace information)
Command duration or timeout: 67 milliseconds
Build info: version: '2.26.0', revision: '18040', time: '2012-11-02 09:44:45'
System info: os.name: 'Windows 7', os.arch: 'amd64', os.version: '6.1', java.version: '1.7.0_09'
Driver info: driver.version: RemoteWebDriver
Session ID: 736f97e3bda1591d5dc7ecc76cfe9986]]>
            </message>
            <full-stacktrace>
              <![CDATA[org.openqa.selenium.WebDriverException: Element is not clickable at point (118.5, 506). Other element would receive the click: <div class="snoska">...</div> (WARNING: The server did not provide any stacktrace information)
Command duration or timeout: 67 milliseconds
Build info: version: '2.26.0', revision: '18040', time: '2012-11-02 09:44:45'
System info: os.name: 'Windows 7', os.arch: 'amd64', os.version: '6.1', java.version: '1.7.0_09'
Driver info: driver.version: RemoteWebDriver
Session ID: 736f97e3bda1591d5dc7ecc76cfe9986
	at sun.reflect.NativeConstructorAccessorImpl.newInstance0(Native Method)
	at sun.reflect.NativeConstructorAccessorImpl.newInstance(NativeConstructorAccessorImpl.java:57)
	at sun.reflect.DelegatingConstructorAccessorImpl.newInstance(DelegatingConstructorAccessorImpl.java:45)
	at java.lang.reflect.Constructor.newInstance(Constructor.java:525)
	at org.openqa.selenium.remote.ErrorHandler.createThrowable(ErrorHandler.java:188)
	at org.openqa.selenium.remote.ErrorHandler.throwIfResponseFailed(ErrorHandler.java:145)
	at org.openqa.selenium.remote.RemoteWebDriver.execute(RemoteWebDriver.java:531)
	at org.openqa.selenium.remote.RemoteWebElement.execute(RemoteWebElement.java:246)
	at org.openqa.selenium.remote.RemoteWebElement.click(RemoteWebElement.java:79)
	at com.YouMagicPro.LKA_tests.NotificationsCheckFieldsTest.notificationsCheckFieldsTest_C15141(NotificationsCheckFieldsTest.java:20)
	at sun.reflect.NativeMethodAccessorImpl.invoke0(Native Method)
	at sun.reflect.NativeMethodAccessorImpl.invoke(NativeMethodAccessorImpl.java:57)
	at sun.reflect.DelegatingMethodAccessorImpl.invoke(DelegatingMethodAccessorImpl.java:43)
	at java.lang.reflect.Method.invoke(Method.java:601)
	at org.testng.internal.MethodInvocationHelper.invokeMethod(MethodInvocationHelper.java:80)
	at org.testng.internal.Invoker.invokeMethod(Invoker.java:714)
	at org.testng.internal.Invoker.invokeTestMethod(Invoker.java:901)
	at org.testng.internal.Invoker.invokeTestMethods(Invoker.java:1231)
	at org.testng.internal.TestMethodWorker.invokeTestMethods(TestMethodWorker.java:127)
	at org.testng.internal.TestMethodWorker.run(TestMethodWorker.java:111)
	at org.testng.TestRunner.privateRun(TestRunner.java:767)
	at org.testng.TestRunner.run(TestRunner.java:617)
	at org.testng.SuiteRunner.runTest(SuiteRunner.java:334)
	at org.testng.SuiteRunner.runSequentially(SuiteRunner.java:329)
	at org.testng.SuiteRunner.privateRun(SuiteRunner.java:291)
	at org.testng.SuiteRunner.run(SuiteRunner.java:240)
	at org.testng.SuiteRunnerWorker.runSuite(SuiteRunnerWorker.java:52)
	at org.testng.SuiteRunnerWorker.run(SuiteRunnerWorker.java:86)
	at org.testng.TestNG.runSuitesSequentially(TestNG.java:1198)
	at org.testng.TestNG.runSuitesLocally(TestNG.java:1123)
	at org.testng.TestNG.run(TestNG.java:1031)
	at org.apache.maven.surefire.testng.TestNGExecutor.run(TestNGExecutor.java:122)
	at org.apache.maven.surefire.testng.TestNGXmlTestSuite.execute(TestNGXmlTestSuite.java:88)
	at org.apache.maven.surefire.testng.TestNGProvider.invoke(TestNGProvider.java:104)
	at sun.reflect.NativeMethodAccessorImpl.invoke0(Native Method)
	at sun.reflect.NativeMethodAccessorImpl.invoke(NativeMethodAccessorImpl.java:57)
	at sun.reflect.DelegatingMethodAccessorImpl.invoke(DelegatingMethodAccessorImpl.java:43)
	at java.lang.reflect.Method.invoke(Method.java:601)
	at org.apache.maven.surefire.booter.ProviderFactory$ClassLoaderProxy.invoke(ProviderFactory.java:103)
	at $Proxy0.invoke(Unknown Source)
	at org.apache.maven.surefire.booter.SurefireStarter.invokeProvider(SurefireStarter.java:150)
	at org.apache.maven.surefire.booter.SurefireStarter.runSuitesInProcess(SurefireStarter.java:91)
	at org.apache.maven.surefire.booter.ForkedBooter.main(ForkedBooter.java:69)
]]>
            </full-stacktrace>
          </exception> <!-- org.openqa.selenium.WebDriverException -->
          <reporter-output>
          </reporter-output>
        </test-method> <!-- notificationsCheckFieldsTest_C15141 -->
        <test-method status="PASS" signature="closeSession()[pri:0, instance:com.YouMagicPro.LKA_tests.NotificationsCheckFieldsTest@2cc29ba3]" name="closeSession" is-config="true" duration-ms="1416" started-at="2013-01-10T10:33:25Z" finished-at="2013-01-10T10:33:27Z">
          <reporter-output>
          </reporter-output>
        </test-method> <!-- closeSession -->
      </class> <!-- com.YouMagicPro.LKA_tests.NotificationsCheckFieldsTest -->
      <class name="com.YouMagicPro.LKA_tests.EmployeesEditProfileFillInDataTest">
        <test-method status="PASS" signature="startWebDriver()[pri:0, instance:com.YouMagicPro.LKA_tests.EmployeesEditProfileFillInDataTest@621c6849]" name="startWebDriver" is-config="true" duration-ms="1790" started-at="2013-01-10T10:30:05Z" finished-at="2013-01-10T10:30:06Z">
          <reporter-output>
          </reporter-output>
        </test-method> <!-- startWebDriver -->
        <test-method status="PASS" signature="employeesEditProfileFillInDataTest_C15253()[pri:0, instance:com.YouMagicPro.LKA_tests.EmployeesEditProfileFillInDataTest@621c6849]" name="employeesEditProfileFillInDataTest_C15253" duration-ms="23052" started-at="2013-01-10T10:30:06Z" finished-at="2013-01-10T10:30:29Z">
          <reporter-output>
          </reporter-output>
        </test-method> <!-- employeesEditProfileFillInDataTest_C15253 -->
        <test-method status="PASS" signature="closeSession()[pri:0, instance:com.YouMagicPro.LKA_tests.EmployeesEditProfileFillInDataTest@621c6849]" name="closeSession" is-config="true" duration-ms="1403" started-at="2013-01-10T10:30:29Z" finished-at="2013-01-10T10:30:31Z">
          <reporter-output>
          </reporter-output>
        </test-method> <!-- closeSession -->
      </class> <!-- com.YouMagicPro.LKA_tests.EmployeesEditProfileFillInDataTest -->
      <class name="com.YouMagicPro.LKA_tests.ExpenseStructureInternalNumbersFeeTest">
        <test-method status="PASS" signature="startWebDriver()[pri:0, instance:com.YouMagicPro.LKA_tests.ExpenseStructureInternalNumbersFeeTest@590937cb]" name="startWebDriver" is-config="true" duration-ms="1787" started-at="2013-01-10T10:31:41Z" finished-at="2013-01-10T10:31:43Z">
          <reporter-output>
          </reporter-output>
        </test-method> <!-- startWebDriver -->
        <test-method status="PASS" signature="expenseStructureInternalNumbersFeeTest_C15101()[pri:0, instance:com.YouMagicPro.LKA_tests.ExpenseStructureInternalNumbersFeeTest@590937cb]" name="expenseStructureInternalNumbersFeeTest_C15101" duration-ms="9202" started-at="2013-01-10T10:31:43Z" finished-at="2013-01-10T10:31:52Z">
          <reporter-output>
          </reporter-output>
        </test-method> <!-- expenseStructureInternalNumbersFeeTest_C15101 -->
        <test-method status="PASS" signature="closeSession()[pri:0, instance:com.YouMagicPro.LKA_tests.ExpenseStructureInternalNumbersFeeTest@590937cb]" name="closeSession" is-config="true" duration-ms="1446" started-at="2013-01-10T10:31:52Z" finished-at="2013-01-10T10:31:53Z">
          <reporter-output>
          </reporter-output>
        </test-method> <!-- closeSession -->
      </class> <!-- com.YouMagicPro.LKA_tests.ExpenseStructureInternalNumbersFeeTest -->
      <class name="com.YouMagicPro.LKA_tests.ContractFillInDataTest">
        <test-method status="PASS" signature="startWebDriver()[pri:0, instance:com.YouMagicPro.LKA_tests.ContractFillInDataTest@7cd3f7a0]" name="startWebDriver" is-config="true" duration-ms="1780" started-at="2013-01-10T10:23:02Z" finished-at="2013-01-10T10:23:04Z">
          <reporter-output>
          </reporter-output>
        </test-method> <!-- startWebDriver -->
        <test-method status="PASS" signature="fillInContractDataTest_C14998()[pri:0, instance:com.YouMagicPro.LKA_tests.ContractFillInDataTest@7cd3f7a0]" name="fillInContractDataTest_C14998" duration-ms="18979" started-at="2013-01-10T10:23:04Z" finished-at="2013-01-10T10:23:23Z">
          <reporter-output>
          </reporter-output>
        </test-method> <!-- fillInContractDataTest_C14998 -->
        <test-method status="PASS" signature="closeSession()[pri:0, instance:com.YouMagicPro.LKA_tests.ContractFillInDataTest@7cd3f7a0]" name="closeSession" is-config="true" duration-ms="1477" started-at="2013-01-10T10:23:23Z" finished-at="2013-01-10T10:23:24Z">
          <reporter-output>
          </reporter-output>
        </test-method> <!-- closeSession -->
      </class> <!-- com.YouMagicPro.LKA_tests.ContractFillInDataTest -->
      <class name="com.YouMagicPro.LKA_tests.ContractOgrnLettersAndNumbersInTextFieldTest">
        <test-method status="PASS" signature="startWebDriver()[pri:0, instance:com.YouMagicPro.LKA_tests.ContractOgrnLettersAndNumbersInTextFieldTest@4d5825d6]" name="startWebDriver" is-config="true" duration-ms="1896" started-at="2013-01-10T10:26:56Z" finished-at="2013-01-10T10:26:58Z">
          <reporter-output>
          </reporter-output>
        </test-method> <!-- startWebDriver -->
        <test-method status="PASS" signature="contractOgrnLettersAndNumbersInTextFieldTest_C15057()[pri:0, instance:com.YouMagicPro.LKA_tests.ContractOgrnLettersAndNumbersInTextFieldTest@4d5825d6]" name="contractOgrnLettersAndNumbersInTextFieldTest_C15057" duration-ms="15880" started-at="2013-01-10T10:26:58Z" finished-at="2013-01-10T10:27:14Z">
          <reporter-output>
          </reporter-output>
        </test-method> <!-- contractOgrnLettersAndNumbersInTextFieldTest_C15057 -->
        <test-method status="PASS" signature="closeSession()[pri:0, instance:com.YouMagicPro.LKA_tests.ContractOgrnLettersAndNumbersInTextFieldTest@4d5825d6]" name="closeSession" is-config="true" duration-ms="1468" started-at="2013-01-10T10:27:14Z" finished-at="2013-01-10T10:27:16Z">
          <reporter-output>
          </reporter-output>
        </test-method> <!-- closeSession -->
      </class> <!-- com.YouMagicPro.LKA_tests.ContractOgrnLettersAndNumbersInTextFieldTest -->
      <class name="com.YouMagicPro.LKA_tests.ContractBik1inTextFieldTest">
        <test-method status="PASS" signature="startWebDriver()[pri:0, instance:com.YouMagicPro.LKA_tests.ContractBik1inTextFieldTest@77c2bc0d]" name="startWebDriver" is-config="true" duration-ms="1774" started-at="2013-01-10T10:19:32Z" finished-at="2013-01-10T10:19:34Z">
          <reporter-output>
          </reporter-output>
        </test-method> <!-- startWebDriver -->
        <test-method status="PASS" signature="contractBikTest1inTextField_C15022()[pri:0, instance:com.YouMagicPro.LKA_tests.ContractBik1inTextFieldTest@77c2bc0d]" name="contractBikTest1inTextField_C15022" duration-ms="14980" started-at="2013-01-10T10:19:34Z" finished-at="2013-01-10T10:19:49Z">
          <reporter-output>
          </reporter-output>
        </test-method> <!-- contractBikTest1inTextField_C15022 -->
        <test-method status="PASS" signature="closeSession()[pri:0, instance:com.YouMagicPro.LKA_tests.ContractBik1inTextFieldTest@77c2bc0d]" name="closeSession" is-config="true" duration-ms="1468" started-at="2013-01-10T10:19:49Z" finished-at="2013-01-10T10:19:50Z">
          <reporter-output>
          </reporter-output>
        </test-method> <!-- closeSession -->
      </class> <!-- com.YouMagicPro.LKA_tests.ContractBik1inTextFieldTest -->
      <class name="com.YouMagicPro.LKA_tests.OrderToAdressChangePhoneTest">
        <test-method status="PASS" signature="startWebDriver()[pri:0, instance:com.YouMagicPro.LKA_tests.OrderToAdressChangePhoneTest@22e5b6b0]" name="startWebDriver" is-config="true" duration-ms="1765" started-at="2013-01-10T10:36:27Z" finished-at="2013-01-10T10:36:29Z">
          <reporter-output>
          </reporter-output>
        </test-method> <!-- startWebDriver -->
        <test-method status="PASS" signature="orderToAdressChangePhoneTest_C25677()[pri:0, instance:com.YouMagicPro.LKA_tests.OrderToAdressChangePhoneTest@22e5b6b0]" name="orderToAdressChangePhoneTest_C25677" duration-ms="11090" started-at="2013-01-10T10:36:29Z" finished-at="2013-01-10T10:36:40Z">
          <reporter-output>
          </reporter-output>
        </test-method> <!-- orderToAdressChangePhoneTest_C25677 -->
        <test-method status="PASS" signature="closeSession()[pri:0, instance:com.YouMagicPro.LKA_tests.OrderToAdressChangePhoneTest@22e5b6b0]" name="closeSession" is-config="true" duration-ms="1435" started-at="2013-01-10T10:36:40Z" finished-at="2013-01-10T10:36:41Z">
          <reporter-output>
          </reporter-output>
        </test-method> <!-- closeSession -->
      </class> <!-- com.YouMagicPro.LKA_tests.OrderToAdressChangePhoneTest -->
      <class name="com.YouMagicPro.LKA_tests.OrderDeliveryOfContractDropdownListTest">
        <test-method status="PASS" signature="startWebDriver()[pri:0, instance:com.YouMagicPro.LKA_tests.OrderDeliveryOfContractDropdownListTest@365ce20]" name="startWebDriver" is-config="true" duration-ms="1769" started-at="2013-01-10T10:35:39Z" finished-at="2013-01-10T10:35:40Z">
          <reporter-output>
          </reporter-output>
        </test-method> <!-- startWebDriver -->
        <test-method status="PASS" signature="expenseStructureTest()[pri:0, instance:com.YouMagicPro.LKA_tests.OrderDeliveryOfContractDropdownListTest@365ce20]" name="expenseStructureTest" duration-ms="10918" started-at="2013-01-10T10:35:40Z" finished-at="2013-01-10T10:35:51Z">
          <reporter-output>
          </reporter-output>
        </test-method> <!-- expenseStructureTest -->
        <test-method status="PASS" signature="closeSession()[pri:0, instance:com.YouMagicPro.LKA_tests.OrderDeliveryOfContractDropdownListTest@365ce20]" name="closeSession" is-config="true" duration-ms="1535" started-at="2013-01-10T10:35:51Z" finished-at="2013-01-10T10:35:53Z">
          <reporter-output>
          </reporter-output>
        </test-method> <!-- closeSession -->
      </class> <!-- com.YouMagicPro.LKA_tests.OrderDeliveryOfContractDropdownListTest -->
      <class name="com.YouMagicPro.LKA_tests.ContractBikSymbolsInTextFieldTest">
        <test-method status="PASS" signature="startWebDriver()[pri:0, instance:com.YouMagicPro.LKA_tests.ContractBikSymbolsInTextFieldTest@3541fcda]" name="startWebDriver" is-config="true" duration-ms="1758" started-at="2013-01-10T10:20:27Z" finished-at="2013-01-10T10:20:29Z">
          <reporter-output>
          </reporter-output>
        </test-method> <!-- startWebDriver -->
        <test-method status="PASS" signature="contractBikSymbolsInTextFieldTest_C15026()[pri:0, instance:com.YouMagicPro.LKA_tests.ContractBikSymbolsInTextFieldTest@3541fcda]" name="contractBikSymbolsInTextFieldTest_C15026" duration-ms="15337" started-at="2013-01-10T10:20:29Z" finished-at="2013-01-10T10:20:44Z">
          <reporter-output>
          </reporter-output>
        </test-method> <!-- contractBikSymbolsInTextFieldTest_C15026 -->
        <test-method status="PASS" signature="closeSession()[pri:0, instance:com.YouMagicPro.LKA_tests.ContractBikSymbolsInTextFieldTest@3541fcda]" name="closeSession" is-config="true" duration-ms="1461" started-at="2013-01-10T10:20:44Z" finished-at="2013-01-10T10:20:45Z">
          <reporter-output>
          </reporter-output>
        </test-method> <!-- closeSession -->
      </class> <!-- com.YouMagicPro.LKA_tests.ContractBikSymbolsInTextFieldTest -->
      <class name="com.YouMagicPro.LKA_tests.ContractBankAccountTenInTextFieldTest">
        <test-method status="PASS" signature="startWebDriver()[pri:0, instance:com.YouMagicPro.LKA_tests.ContractBankAccountTenInTextFieldTest@44365201]" name="startWebDriver" is-config="true" duration-ms="1726" started-at="2013-01-10T10:19:14Z" finished-at="2013-01-10T10:19:15Z">
          <reporter-output>
          </reporter-output>
        </test-method> <!-- startWebDriver -->
        <test-method status="PASS" signature="contractBankAccountTenInTextFieldTest_C14994()[pri:0, instance:com.YouMagicPro.LKA_tests.ContractBankAccountTenInTextFieldTest@44365201]" name="contractBankAccountTenInTextFieldTest_C14994" duration-ms="15038" started-at="2013-01-10T10:19:15Z" finished-at="2013-01-10T10:19:30Z">
          <reporter-output>
          </reporter-output>
        </test-method> <!-- contractBankAccountTenInTextFieldTest_C14994 -->
        <test-method status="PASS" signature="closeSession()[pri:0, instance:com.YouMagicPro.LKA_tests.ContractBankAccountTenInTextFieldTest@44365201]" name="closeSession" is-config="true" duration-ms="1476" started-at="2013-01-10T10:19:30Z" finished-at="2013-01-10T10:19:32Z">
          <reporter-output>
          </reporter-output>
        </test-method> <!-- closeSession -->
      </class> <!-- com.YouMagicPro.LKA_tests.ContractBankAccountTenInTextFieldTest -->
      <class name="com.YouMagicPro.LKA_tests.ContractOgrnOneNumberInTextFieldTest">
        <test-method status="PASS" signature="startWebDriver()[pri:0, instance:com.YouMagicPro.LKA_tests.ContractOgrnOneNumberInTextFieldTest@379bc1bf]" name="startWebDriver" is-config="true" duration-ms="1732" started-at="2013-01-10T10:27:35Z" finished-at="2013-01-10T10:27:36Z">
          <reporter-output>
          </reporter-output>
        </test-method> <!-- startWebDriver -->
        <test-method status="PASS" signature="contractOgrnOneNumberInTextFieldTest_C15053()[pri:0, instance:com.YouMagicPro.LKA_tests.ContractOgrnOneNumberInTextFieldTest@379bc1bf]" name="contractOgrnOneNumberInTextFieldTest_C15053" duration-ms="14932" started-at="2013-01-10T10:27:36Z" finished-at="2013-01-10T10:27:51Z">
          <reporter-output>
          </reporter-output>
        </test-method> <!-- contractOgrnOneNumberInTextFieldTest_C15053 -->
        <test-method status="PASS" signature="closeSession()[pri:0, instance:com.YouMagicPro.LKA_tests.ContractOgrnOneNumberInTextFieldTest@379bc1bf]" name="closeSession" is-config="true" duration-ms="1409" started-at="2013-01-10T10:27:51Z" finished-at="2013-01-10T10:27:53Z">
          <reporter-output>
          </reporter-output>
        </test-method> <!-- closeSession -->
      </class> <!-- com.YouMagicPro.LKA_tests.ContractOgrnOneNumberInTextFieldTest -->
      <class name="com.YouMagicPro.LKA_tests.ContractBikLettersInTextFieldTest">
        <test-method status="PASS" signature="startWebDriver()[pri:0, instance:com.YouMagicPro.LKA_tests.ContractBikLettersInTextFieldTest@3ff9ddb5]" name="startWebDriver" is-config="true" duration-ms="1907" started-at="2013-01-10T10:20:08Z" finished-at="2013-01-10T10:20:10Z">
          <reporter-output>
          </reporter-output>
        </test-method> <!-- startWebDriver -->
        <test-method status="PASS" signature="contractBikTestLettersInTextField_C15023()[pri:0, instance:com.YouMagicPro.LKA_tests.ContractBikLettersInTextFieldTest@3ff9ddb5]" name="contractBikTestLettersInTextField_C15023" duration-ms="15096" started-at="2013-01-10T10:20:10Z" finished-at="2013-01-10T10:20:25Z">
          <reporter-output>
          </reporter-output>
        </test-method> <!-- contractBikTestLettersInTextField_C15023 -->
        <test-method status="PASS" signature="closeSession()[pri:0, instance:com.YouMagicPro.LKA_tests.ContractBikLettersInTextFieldTest@3ff9ddb5]" name="closeSession" is-config="true" duration-ms="1427" started-at="2013-01-10T10:20:25Z" finished-at="2013-01-10T10:20:27Z">
          <reporter-output>
          </reporter-output>
        </test-method> <!-- closeSession -->
      </class> <!-- com.YouMagicPro.LKA_tests.ContractBikLettersInTextFieldTest -->
      <class name="com.YouMagicPro.LKA_tests.BuyingAdditionalInternalNumberTextFieldTest">
        <test-method status="PASS" signature="startWebDriver()[pri:0, instance:com.YouMagicPro.LKA_tests.BuyingAdditionalInternalNumberTextFieldTest@1d04966e]" name="startWebDriver" is-config="true" duration-ms="1760" started-at="2013-01-10T10:11:59Z" finished-at="2013-01-10T10:12:01Z">
          <reporter-output>
          </reporter-output>
        </test-method> <!-- startWebDriver -->
        <test-method status="FAIL" signature="buyingAdditionalInternalNumberTextFieldTest_C15112()[pri:0, instance:com.YouMagicPro.LKA_tests.BuyingAdditionalInternalNumberTextFieldTest@1d04966e]" name="buyingAdditionalInternalNumberTextFieldTest_C15112" duration-ms="9180" started-at="2013-01-10T10:12:01Z" finished-at="2013-01-10T10:12:10Z">
          <exception class="org.openqa.selenium.WebDriverException">
            <message>
              <![CDATA[Element is not clickable at point (555, 380). Other element would receive the click: <img id="1" class="slideimage" src="/sites/all/modules/contrib/umagicpro_instructions/images/home.png" data-title="Благодарим вас за выбор YouMagic.Pro!"> (WARNING: The server did not provide any stacktrace information)
Command duration or timeout: 66 milliseconds
Build info: version: '2.26.0', revision: '18040', time: '2012-11-02 09:44:45'
System info: os.name: 'Windows 7', os.arch: 'amd64', os.version: '6.1', java.version: '1.7.0_09'
Driver info: driver.version: RemoteWebDriver
Session ID: 8fbb70b42f6d5f2c4e69bccdedae2f68]]>
            </message>
            <full-stacktrace>
              <![CDATA[org.openqa.selenium.WebDriverException: Element is not clickable at point (555, 380). Other element would receive the click: <img id="1" class="slideimage" src="/sites/all/modules/contrib/umagicpro_instructions/images/home.png" data-title="Благодарим вас за выбор YouMagic.Pro!"> (WARNING: The server did not provide any stacktrace information)
Command duration or timeout: 66 milliseconds
Build info: version: '2.26.0', revision: '18040', time: '2012-11-02 09:44:45'
System info: os.name: 'Windows 7', os.arch: 'amd64', os.version: '6.1', java.version: '1.7.0_09'
Driver info: driver.version: RemoteWebDriver
Session ID: 8fbb70b42f6d5f2c4e69bccdedae2f68
	at sun.reflect.NativeConstructorAccessorImpl.newInstance0(Native Method)
	at sun.reflect.NativeConstructorAccessorImpl.newInstance(NativeConstructorAccessorImpl.java:57)
	at sun.reflect.DelegatingConstructorAccessorImpl.newInstance(DelegatingConstructorAccessorImpl.java:45)
	at java.lang.reflect.Constructor.newInstance(Constructor.java:525)
	at org.openqa.selenium.remote.ErrorHandler.createThrowable(ErrorHandler.java:188)
	at org.openqa.selenium.remote.ErrorHandler.throwIfResponseFailed(ErrorHandler.java:145)
	at org.openqa.selenium.remote.RemoteWebDriver.execute(RemoteWebDriver.java:531)
	at org.openqa.selenium.remote.RemoteWebElement.execute(RemoteWebElement.java:246)
	at org.openqa.selenium.remote.RemoteWebElement.click(RemoteWebElement.java:79)
	at com.YouMagicPro.LKA_tests.TestBase.waitAdminPageToLoad(TestBase.java:147)
	at com.YouMagicPro.LKA_tests.BuyingAdditionalInternalNumberTextFieldTest.buyingAdditionalInternalNumberTextFieldTest_C15112(BuyingAdditionalInternalNumberTextFieldTest.java:11)
	at sun.reflect.NativeMethodAccessorImpl.invoke0(Native Method)
	at sun.reflect.NativeMethodAccessorImpl.invoke(NativeMethodAccessorImpl.java:57)
	at sun.reflect.DelegatingMethodAccessorImpl.invoke(DelegatingMethodAccessorImpl.java:43)
	at java.lang.reflect.Method.invoke(Method.java:601)
	at org.testng.internal.MethodInvocationHelper.invokeMethod(MethodInvocationHelper.java:80)
	at org.testng.internal.Invoker.invokeMethod(Invoker.java:714)
	at org.testng.internal.Invoker.invokeTestMethod(Invoker.java:901)
	at org.testng.internal.Invoker.invokeTestMethods(Invoker.java:1231)
	at org.testng.internal.TestMethodWorker.invokeTestMethods(TestMethodWorker.java:127)
	at org.testng.internal.TestMethodWorker.run(TestMethodWorker.java:111)
	at org.testng.TestRunner.privateRun(TestRunner.java:767)
	at org.testng.TestRunner.run(TestRunner.java:617)
	at org.testng.SuiteRunner.runTest(SuiteRunner.java:334)
	at org.testng.SuiteRunner.runSequentially(SuiteRunner.java:329)
	at org.testng.SuiteRunner.privateRun(SuiteRunner.java:291)
	at org.testng.SuiteRunner.run(SuiteRunner.java:240)
	at org.testng.SuiteRunnerWorker.runSuite(SuiteRunnerWorker.java:52)
	at org.testng.SuiteRunnerWorker.run(SuiteRunnerWorker.java:86)
	at org.testng.TestNG.runSuitesSequentially(TestNG.java:1198)
	at org.testng.TestNG.runSuitesLocally(TestNG.java:1123)
	at org.testng.TestNG.run(TestNG.java:1031)
	at org.apache.maven.surefire.testng.TestNGExecutor.run(TestNGExecutor.java:122)
	at org.apache.maven.surefire.testng.TestNGXmlTestSuite.execute(TestNGXmlTestSuite.java:88)
	at org.apache.maven.surefire.testng.TestNGProvider.invoke(TestNGProvider.java:104)
	at sun.reflect.NativeMethodAccessorImpl.invoke0(Native Method)
	at sun.reflect.NativeMethodAccessorImpl.invoke(NativeMethodAccessorImpl.java:57)
	at sun.reflect.DelegatingMethodAccessorImpl.invoke(DelegatingMethodAccessorImpl.java:43)
	at java.lang.reflect.Method.invoke(Method.java:601)
	at org.apache.maven.surefire.booter.ProviderFactory$ClassLoaderProxy.invoke(ProviderFactory.java:103)
	at $Proxy0.invoke(Unknown Source)
	at org.apache.maven.surefire.booter.SurefireStarter.invokeProvider(SurefireStarter.java:150)
	at org.apache.maven.surefire.booter.SurefireStarter.runSuitesInProcess(SurefireStarter.java:91)
	at org.apache.maven.surefire.booter.ForkedBooter.main(ForkedBooter.java:69)
]]>
            </full-stacktrace>
          </exception> <!-- org.openqa.selenium.WebDriverException -->
          <reporter-output>
          </reporter-output>
        </test-method> <!-- buyingAdditionalInternalNumberTextFieldTest_C15112 -->
        <test-method status="PASS" signature="closeSession()[pri:0, instance:com.YouMagicPro.LKA_tests.BuyingAdditionalInternalNumberTextFieldTest@1d04966e]" name="closeSession" is-config="true" duration-ms="1465" started-at="2013-01-10T10:12:10Z" finished-at="2013-01-10T10:12:12Z">
          <reporter-output>
          </reporter-output>
        </test-method> <!-- closeSession -->
      </class> <!-- com.YouMagicPro.LKA_tests.BuyingAdditionalInternalNumberTextFieldTest -->
      <class name="com.YouMagicPro.LKA_tests.ContractBankAccountOneInTextFieldTest">
        <test-method status="PASS" signature="startWebDriver()[pri:0, instance:com.YouMagicPro.LKA_tests.ContractBankAccountOneInTextFieldTest@287cbe54]" name="startWebDriver" is-config="true" duration-ms="1749" started-at="2013-01-10T10:18:37Z" finished-at="2013-01-10T10:18:38Z">
          <reporter-output>
          </reporter-output>
        </test-method> <!-- startWebDriver -->
        <test-method status="PASS" signature="contractBankAccountOneInTextFieldTest_C14993()[pri:0, instance:com.YouMagicPro.LKA_tests.ContractBankAccountOneInTextFieldTest@287cbe54]" name="contractBankAccountOneInTextFieldTest_C14993" duration-ms="15138" started-at="2013-01-10T10:18:38Z" finished-at="2013-01-10T10:18:53Z">
          <reporter-output>
          </reporter-output>
        </test-method> <!-- contractBankAccountOneInTextFieldTest_C14993 -->
        <test-method status="PASS" signature="closeSession()[pri:0, instance:com.YouMagicPro.LKA_tests.ContractBankAccountOneInTextFieldTest@287cbe54]" name="closeSession" is-config="true" duration-ms="1470" started-at="2013-01-10T10:18:53Z" finished-at="2013-01-10T10:18:55Z">
          <reporter-output>
          </reporter-output>
        </test-method> <!-- closeSession -->
      </class> <!-- com.YouMagicPro.LKA_tests.ContractBankAccountOneInTextFieldTest -->
      <class name="com.YouMagicPro.LKA_tests.OrderByEmailOrderWithoutDocTypeCheckedTest">
        <test-method status="PASS" signature="startWebDriver()[pri:0, instance:com.YouMagicPro.LKA_tests.OrderByEmailOrderWithoutDocTypeCheckedTest@5e5aefe]" name="startWebDriver" is-config="true" duration-ms="1920" started-at="2013-01-10T10:34:09Z" finished-at="2013-01-10T10:34:11Z">
          <reporter-output>
          </reporter-output>
        </test-method> <!-- startWebDriver -->
        <test-method status="PASS" signature="orderByEmailOrderWithoutDocTypeCheckedTest_C25656()[pri:0, instance:com.YouMagicPro.LKA_tests.OrderByEmailOrderWithoutDocTypeCheckedTest@5e5aefe]" name="orderByEmailOrderWithoutDocTypeCheckedTest_C25656" duration-ms="12680" started-at="2013-01-10T10:34:11Z" finished-at="2013-01-10T10:34:24Z">
          <reporter-output>
          </reporter-output>
        </test-method> <!-- orderByEmailOrderWithoutDocTypeCheckedTest_C25656 -->
        <test-method status="PASS" signature="closeSession()[pri:0, instance:com.YouMagicPro.LKA_tests.OrderByEmailOrderWithoutDocTypeCheckedTest@5e5aefe]" name="closeSession" is-config="true" duration-ms="1411" started-at="2013-01-10T10:34:24Z" finished-at="2013-01-10T10:34:25Z">
          <reporter-output>
          </reporter-output>
        </test-method> <!-- closeSession -->
      </class> <!-- com.YouMagicPro.LKA_tests.OrderByEmailOrderWithoutDocTypeCheckedTest -->
      <class name="com.YouMagicPro.LKA_tests.AddAndDeleteMenusTest">
        <test-method status="PASS" signature="setUp(java.lang.String)[pri:0, instance:com.YouMagicPro.LKA_tests.AddAndDeleteMenusTest@48774b2c]" name="setUp" is-config="true" duration-ms="8674" started-at="2013-01-10T10:06:42Z" finished-at="2013-01-10T10:06:51Z">
          <params>
            <param index="0">
              <value is-null="true"/>
            </param>
          </params>
          <reporter-output>
          </reporter-output>
        </test-method> <!-- setUp -->
        <test-method status="PASS" signature="addAndDeleteMenusTest()[pri:0, instance:com.YouMagicPro.LKA_tests.AddAndDeleteMenusTest@48774b2c]" name="addAndDeleteMenusTest" duration-ms="56204" started-at="2013-01-10T10:06:51Z" finished-at="2013-01-10T10:07:47Z">
          <reporter-output>
          </reporter-output>
        </test-method> <!-- addAndDeleteMenusTest -->
        <test-method status="PASS" signature="tearDown()[pri:0, instance:com.YouMagicPro.LKA_tests.AddAndDeleteMenusTest@48774b2c]" name="tearDown" is-config="true" duration-ms="375" started-at="2013-01-10T10:07:47Z" finished-at="2013-01-10T10:07:47Z">
          <reporter-output>
          </reporter-output>
        </test-method> <!-- tearDown -->
      </class> <!-- com.YouMagicPro.LKA_tests.AddAndDeleteMenusTest -->
      <class name="com.YouMagicPro.LKA_tests.VoiceMailPageTest">
        <test-method status="PASS" signature="setUp(java.lang.String)[pri:0, instance:com.YouMagicPro.LKA_tests.VoiceMailPageTest@52ccff1e]" name="setUp" is-config="true" duration-ms="5158" started-at="2013-01-10T10:10:17Z" finished-at="2013-01-10T10:10:22Z">
          <params>
            <param index="0">
              <value is-null="true"/>
            </param>
          </params>
          <reporter-output>
          </reporter-output>
        </test-method> <!-- setUp -->
        <test-method status="PASS" signature="voiceMailPageTest()[pri:0, instance:com.YouMagicPro.LKA_tests.VoiceMailPageTest@52ccff1e]" name="voiceMailPageTest" duration-ms="16407" started-at="2013-01-10T10:10:22Z" finished-at="2013-01-10T10:10:39Z">
          <reporter-output>
          </reporter-output>
        </test-method> <!-- voiceMailPageTest -->
        <test-method status="PASS" signature="tearDown()[pri:0, instance:com.YouMagicPro.LKA_tests.VoiceMailPageTest@52ccff1e]" name="tearDown" is-config="true" duration-ms="359" started-at="2013-01-10T10:10:39Z" finished-at="2013-01-10T10:10:39Z">
          <reporter-output>
          </reporter-output>
        </test-method> <!-- tearDown -->
      </class> <!-- com.YouMagicPro.LKA_tests.VoiceMailPageTest -->
      <class name="com.YouMagicPro.LKA_tests.ClickOnIconTest">
        <test-method status="PASS" signature="setUp(java.lang.String)[pri:0, instance:com.YouMagicPro.LKA_tests.ClickOnIconTest@6c2e1e17]" name="setUp" is-config="true" duration-ms="5612" started-at="2013-01-10T10:16:19Z" finished-at="2013-01-10T10:16:25Z">
          <params>
            <param index="0">
              <value is-null="true"/>
            </param>
          </params>
          <reporter-output>
          </reporter-output>
        </test-method> <!-- setUp -->
        <test-method status="PASS" signature="clickOnIconTest()[pri:0, instance:com.YouMagicPro.LKA_tests.ClickOnIconTest@6c2e1e17]" name="clickOnIconTest" duration-ms="12625" started-at="2013-01-10T10:16:25Z" finished-at="2013-01-10T10:16:37Z">
          <reporter-output>
          </reporter-output>
        </test-method> <!-- clickOnIconTest -->
        <test-method status="PASS" signature="tearDown()[pri:0, instance:com.YouMagicPro.LKA_tests.ClickOnIconTest@6c2e1e17]" name="tearDown" is-config="true" duration-ms="234" started-at="2013-01-10T10:16:37Z" finished-at="2013-01-10T10:16:37Z">
          <reporter-output>
          </reporter-output>
        </test-method> <!-- tearDown -->
      </class> <!-- com.YouMagicPro.LKA_tests.ClickOnIconTest -->
      <class name="com.YouMagicPro.LKA_tests.OrderByPickUpChangeNameTest">
        <test-method status="PASS" signature="startWebDriver()[pri:0, instance:com.YouMagicPro.LKA_tests.OrderByPickUpChangeNameTest@6ed885d7]" name="startWebDriver" is-config="true" duration-ms="1741" started-at="2013-01-10T10:34:39Z" finished-at="2013-01-10T10:34:41Z">
          <reporter-output>
          </reporter-output>
        </test-method> <!-- startWebDriver -->
        <test-method status="PASS" signature="orderByPickUpChangeNameTest_C25668()[pri:0, instance:com.YouMagicPro.LKA_tests.OrderByPickUpChangeNameTest@6ed885d7]" name="orderByPickUpChangeNameTest_C25668" duration-ms="11494" started-at="2013-01-10T10:34:41Z" finished-at="2013-01-10T10:34:52Z">
          <reporter-output>
          </reporter-output>
        </test-method> <!-- orderByPickUpChangeNameTest_C25668 -->
        <test-method status="PASS" signature="closeSession()[pri:0, instance:com.YouMagicPro.LKA_tests.OrderByPickUpChangeNameTest@6ed885d7]" name="closeSession" is-config="true" duration-ms="1498" started-at="2013-01-10T10:34:52Z" finished-at="2013-01-10T10:34:54Z">
          <reporter-output>
          </reporter-output>
        </test-method> <!-- closeSession -->
      </class> <!-- com.YouMagicPro.LKA_tests.OrderByPickUpChangeNameTest -->
      <class name="com.YouMagicPro.LKA_tests.AgreementOPFTest">
        <test-method status="PASS" signature="setUp(java.lang.String)[pri:0, instance:com.YouMagicPro.LKA_tests.AgreementOPFTest@45f519ae]" name="setUp" is-config="true" duration-ms="5174" started-at="2013-01-10T10:09:15Z" finished-at="2013-01-10T10:09:20Z">
          <params>
            <param index="0">
              <value is-null="true"/>
            </param>
          </params>
          <reporter-output>
          </reporter-output>
        </test-method> <!-- setUp -->
        <test-method status="PASS" signature="addAndDeleteNoticesTest()[pri:0, instance:com.YouMagicPro.LKA_tests.AgreementOPFTest@45f519ae]" name="addAndDeleteNoticesTest" duration-ms="13593" started-at="2013-01-10T10:09:20Z" finished-at="2013-01-10T10:09:34Z">
          <reporter-output>
          </reporter-output>
        </test-method> <!-- addAndDeleteNoticesTest -->
        <test-method status="PASS" signature="tearDown()[pri:0, instance:com.YouMagicPro.LKA_tests.AgreementOPFTest@45f519ae]" name="tearDown" is-config="true" duration-ms="360" started-at="2013-01-10T10:09:34Z" finished-at="2013-01-10T10:09:34Z">
          <reporter-output>
          </reporter-output>
        </test-method> <!-- tearDown -->
      </class> <!-- com.YouMagicPro.LKA_tests.AgreementOPFTest -->
      <class name="com.YouMagicPro.LKA_tests.ContractCorAccountTenInTextFieldTest">
        <test-method status="PASS" signature="startWebDriver()[pri:0, instance:com.YouMagicPro.LKA_tests.ContractCorAccountTenInTextFieldTest@23160d8e]" name="startWebDriver" is-config="true" duration-ms="1752" started-at="2013-01-10T10:22:34Z" finished-at="2013-01-10T10:22:36Z">
          <reporter-output>
          </reporter-output>
        </test-method> <!-- startWebDriver -->
        <test-method status="FAIL" signature="contractCorAccountTenInTextFieldTest_C15000()[pri:0, instance:com.YouMagicPro.LKA_tests.ContractCorAccountTenInTextFieldTest@23160d8e]" name="contractCorAccountTenInTextFieldTest_C15000" duration-ms="8799" started-at="2013-01-10T10:22:36Z" finished-at="2013-01-10T10:22:45Z">
          <exception class="org.openqa.selenium.WebDriverException">
            <message>
              <![CDATA[Element is not clickable at point (868.5, 44). Other element would receive the click: <div class="sl_head">...</div> (WARNING: The server did not provide any stacktrace information)
Command duration or timeout: 165 milliseconds
Build info: version: '2.26.0', revision: '18040', time: '2012-11-02 09:44:45'
System info: os.name: 'Windows 7', os.arch: 'amd64', os.version: '6.1', java.version: '1.7.0_09'
Driver info: driver.version: RemoteWebDriver
Session ID: ab50733c0b10f19043721fe4475625af]]>
            </message>
            <full-stacktrace>
              <![CDATA[org.openqa.selenium.WebDriverException: Element is not clickable at point (868.5, 44). Other element would receive the click: <div class="sl_head">...</div> (WARNING: The server did not provide any stacktrace information)
Command duration or timeout: 165 milliseconds
Build info: version: '2.26.0', revision: '18040', time: '2012-11-02 09:44:45'
System info: os.name: 'Windows 7', os.arch: 'amd64', os.version: '6.1', java.version: '1.7.0_09'
Driver info: driver.version: RemoteWebDriver
Session ID: ab50733c0b10f19043721fe4475625af
	at sun.reflect.NativeConstructorAccessorImpl.newInstance0(Native Method)
	at sun.reflect.NativeConstructorAccessorImpl.newInstance(NativeConstructorAccessorImpl.java:57)
	at sun.reflect.DelegatingConstructorAccessorImpl.newInstance(DelegatingConstructorAccessorImpl.java:45)
	at java.lang.reflect.Constructor.newInstance(Constructor.java:525)
	at org.openqa.selenium.remote.ErrorHandler.createThrowable(ErrorHandler.java:188)
	at org.openqa.selenium.remote.ErrorHandler.throwIfResponseFailed(ErrorHandler.java:145)
	at org.openqa.selenium.remote.RemoteWebDriver.execute(RemoteWebDriver.java:531)
	at org.openqa.selenium.remote.RemoteWebElement.execute(RemoteWebElement.java:246)
	at org.openqa.selenium.remote.RemoteWebElement.click(RemoteWebElement.java:79)
	at com.YouMagicPro.LKA_tests.TestBase.waitContractPageToLoad(TestBase.java:173)
	at com.YouMagicPro.LKA_tests.ContractCorAccountTenInTextFieldTest.contractCorAccountTenInTextFieldTest_C15000(ContractCorAccountTenInTextFieldTest.java:8)
	at sun.reflect.NativeMethodAccessorImpl.invoke0(Native Method)
	at sun.reflect.NativeMethodAccessorImpl.invoke(NativeMethodAccessorImpl.java:57)
	at sun.reflect.DelegatingMethodAccessorImpl.invoke(DelegatingMethodAccessorImpl.java:43)
	at java.lang.reflect.Method.invoke(Method.java:601)
	at org.testng.internal.MethodInvocationHelper.invokeMethod(MethodInvocationHelper.java:80)
	at org.testng.internal.Invoker.invokeMethod(Invoker.java:714)
	at org.testng.internal.Invoker.invokeTestMethod(Invoker.java:901)
	at org.testng.internal.Invoker.invokeTestMethods(Invoker.java:1231)
	at org.testng.internal.TestMethodWorker.invokeTestMethods(TestMethodWorker.java:127)
	at org.testng.internal.TestMethodWorker.run(TestMethodWorker.java:111)
	at org.testng.TestRunner.privateRun(TestRunner.java:767)
	at org.testng.TestRunner.run(TestRunner.java:617)
	at org.testng.SuiteRunner.runTest(SuiteRunner.java:334)
	at org.testng.SuiteRunner.runSequentially(SuiteRunner.java:329)
	at org.testng.SuiteRunner.privateRun(SuiteRunner.java:291)
	at org.testng.SuiteRunner.run(SuiteRunner.java:240)
	at org.testng.SuiteRunnerWorker.runSuite(SuiteRunnerWorker.java:52)
	at org.testng.SuiteRunnerWorker.run(SuiteRunnerWorker.java:86)
	at org.testng.TestNG.runSuitesSequentially(TestNG.java:1198)
	at org.testng.TestNG.runSuitesLocally(TestNG.java:1123)
	at org.testng.TestNG.run(TestNG.java:1031)
	at org.apache.maven.surefire.testng.TestNGExecutor.run(TestNGExecutor.java:122)
	at org.apache.maven.surefire.testng.TestNGXmlTestSuite.execute(TestNGXmlTestSuite.java:88)
	at org.apache.maven.surefire.testng.TestNGProvider.invoke(TestNGProvider.java:104)
	at sun.reflect.NativeMethodAccessorImpl.invoke0(Native Method)
	at sun.reflect.NativeMethodAccessorImpl.invoke(NativeMethodAccessorImpl.java:57)
	at sun.reflect.DelegatingMethodAccessorImpl.invoke(DelegatingMethodAccessorImpl.java:43)
	at java.lang.reflect.Method.invoke(Method.java:601)
	at org.apache.maven.surefire.booter.ProviderFactory$ClassLoaderProxy.invoke(ProviderFactory.java:103)
	at $Proxy0.invoke(Unknown Source)
	at org.apache.maven.surefire.booter.SurefireStarter.invokeProvider(SurefireStarter.java:150)
	at org.apache.maven.surefire.booter.SurefireStarter.runSuitesInProcess(SurefireStarter.java:91)
	at org.apache.maven.surefire.booter.ForkedBooter.main(ForkedBooter.java:69)
]]>
            </full-stacktrace>
          </exception> <!-- org.openqa.selenium.WebDriverException -->
          <reporter-output>
          </reporter-output>
        </test-method> <!-- contractCorAccountTenInTextFieldTest_C15000 -->
        <test-method status="PASS" signature="closeSession()[pri:0, instance:com.YouMagicPro.LKA_tests.ContractCorAccountTenInTextFieldTest@23160d8e]" name="closeSession" is-config="true" duration-ms="1504" started-at="2013-01-10T10:22:45Z" finished-at="2013-01-10T10:22:46Z">
          <reporter-output>
          </reporter-output>
        </test-method> <!-- closeSession -->
      </class> <!-- com.YouMagicPro.LKA_tests.ContractCorAccountTenInTextFieldTest -->
      <class name="com.YouMagicPro.LKA_tests.ContractKppLettersAndNumbersTest">
        <test-method status="PASS" signature="startWebDriver()[pri:0, instance:com.YouMagicPro.LKA_tests.ContractKppLettersAndNumbersTest@62d438fd]" name="startWebDriver" is-config="true" duration-ms="1802" started-at="2013-01-10T10:25:25Z" finished-at="2013-01-10T10:25:27Z">
          <reporter-output>
          </reporter-output>
        </test-method> <!-- startWebDriver -->
        <test-method status="PASS" signature="contractKppTest_C15054()[pri:0, instance:com.YouMagicPro.LKA_tests.ContractKppLettersAndNumbersTest@62d438fd]" name="contractKppTest_C15054" duration-ms="14894" started-at="2013-01-10T10:25:27Z" finished-at="2013-01-10T10:25:42Z">
          <reporter-output>
          </reporter-output>
        </test-method> <!-- contractKppTest_C15054 -->
        <test-method status="PASS" signature="closeSession()[pri:0, instance:com.YouMagicPro.LKA_tests.ContractKppLettersAndNumbersTest@62d438fd]" name="closeSession" is-config="true" duration-ms="1439" started-at="2013-01-10T10:25:42Z" finished-at="2013-01-10T10:25:43Z">
          <reporter-output>
          </reporter-output>
        </test-method> <!-- closeSession -->
      </class> <!-- com.YouMagicPro.LKA_tests.ContractKppLettersAndNumbersTest -->
      <class name="com.YouMagicPro.LKA_tests.FaxPageTest">
        <test-method status="PASS" signature="setUp(java.lang.String)[pri:0, instance:com.YouMagicPro.LKA_tests.FaxPageTest@233a73db]" name="setUp" is-config="true" duration-ms="5096" started-at="2013-01-10T10:32:06Z" finished-at="2013-01-10T10:32:11Z">
          <params>
            <param index="0">
              <value is-null="true"/>
            </param>
          </params>
          <reporter-output>
          </reporter-output>
        </test-method> <!-- setUp -->
        <test-method status="PASS" signature="faxPageTest()[pri:0, instance:com.YouMagicPro.LKA_tests.FaxPageTest@233a73db]" name="faxPageTest" duration-ms="16984" started-at="2013-01-10T10:32:11Z" finished-at="2013-01-10T10:32:28Z">
          <reporter-output>
          </reporter-output>
        </test-method> <!-- faxPageTest -->
        <test-method status="PASS" signature="tearDown()[pri:0, instance:com.YouMagicPro.LKA_tests.FaxPageTest@233a73db]" name="tearDown" is-config="true" duration-ms="250" started-at="2013-01-10T10:32:28Z" finished-at="2013-01-10T10:32:28Z">
          <reporter-output>
          </reporter-output>
        </test-method> <!-- tearDown -->
      </class> <!-- com.YouMagicPro.LKA_tests.FaxPageTest -->
      <class name="com.YouMagicPro.LKA_tests.ClickOnAvatarTest">
        <test-method status="PASS" signature="setUp(java.lang.String)[pri:0, instance:com.YouMagicPro.LKA_tests.ClickOnAvatarTest@561c2c45]" name="setUp" is-config="true" duration-ms="5101" started-at="2013-01-10T10:14:39Z" finished-at="2013-01-10T10:14:44Z">
          <params>
            <param index="0">
              <value is-null="true"/>
            </param>
          </params>
          <reporter-output>
          </reporter-output>
        </test-method> <!-- setUp -->
        <test-method status="PASS" signature="clickOnAvatarTest()[pri:0, instance:com.YouMagicPro.LKA_tests.ClickOnAvatarTest@561c2c45]" name="clickOnAvatarTest" duration-ms="14813" started-at="2013-01-10T10:14:44Z" finished-at="2013-01-10T10:14:59Z">
          <reporter-output>
          </reporter-output>
        </test-method> <!-- clickOnAvatarTest -->
        <test-method status="PASS" signature="tearDown()[pri:0, instance:com.YouMagicPro.LKA_tests.ClickOnAvatarTest@561c2c45]" name="tearDown" is-config="true" duration-ms="250" started-at="2013-01-10T10:14:59Z" finished-at="2013-01-10T10:14:59Z">
          <reporter-output>
          </reporter-output>
        </test-method> <!-- tearDown -->
      </class> <!-- com.YouMagicPro.LKA_tests.ClickOnAvatarTest -->
      <class name="com.YouMagicPro.LKA_tests.SoundFilesPageTest">
        <test-method status="PASS" signature="setUp(java.lang.String)[pri:0, instance:com.YouMagicPro.LKA_tests.SoundFilesPageTest@7f3f6786]" name="setUp" is-config="true" duration-ms="5174" started-at="2013-01-10T10:37:17Z" finished-at="2013-01-10T10:37:22Z">
          <params>
            <param index="0">
              <value is-null="true"/>
            </param>
          </params>
          <reporter-output>
          </reporter-output>
        </test-method> <!-- setUp -->
        <test-method status="PASS" signature="soundFilesTest()[pri:0, instance:com.YouMagicPro.LKA_tests.SoundFilesPageTest@7f3f6786]" name="soundFilesTest" duration-ms="20375" started-at="2013-01-10T10:37:22Z" finished-at="2013-01-10T10:37:43Z">
          <reporter-output>
          </reporter-output>
        </test-method> <!-- soundFilesTest -->
        <test-method status="PASS" signature="tearDown()[pri:0, instance:com.YouMagicPro.LKA_tests.SoundFilesPageTest@7f3f6786]" name="tearDown" is-config="true" duration-ms="250" started-at="2013-01-10T10:37:43Z" finished-at="2013-01-10T10:37:43Z">
          <reporter-output>
          </reporter-output>
        </test-method> <!-- tearDown -->
      </class> <!-- com.YouMagicPro.LKA_tests.SoundFilesPageTest -->
      <class name="com.YouMagicPro.LKA_tests.ClickOnDiskSpaceTest">
        <test-method status="PASS" signature="setUp(java.lang.String)[pri:0, instance:com.YouMagicPro.LKA_tests.ClickOnDiskSpaceTest@40266966]" name="setUp" is-config="true" duration-ms="5065" started-at="2013-01-10T10:15:40Z" finished-at="2013-01-10T10:15:45Z">
          <params>
            <param index="0">
              <value is-null="true"/>
            </param>
          </params>
          <reporter-output>
          </reporter-output>
        </test-method> <!-- setUp -->
        <test-method status="PASS" signature="clickOnDiskSpaceTest()[pri:0, instance:com.YouMagicPro.LKA_tests.ClickOnDiskSpaceTest@40266966]" name="clickOnDiskSpaceTest" duration-ms="14875" started-at="2013-01-10T10:15:45Z" finished-at="2013-01-10T10:16:00Z">
          <reporter-output>
          </reporter-output>
        </test-method> <!-- clickOnDiskSpaceTest -->
        <test-method status="PASS" signature="tearDown()[pri:0, instance:com.YouMagicPro.LKA_tests.ClickOnDiskSpaceTest@40266966]" name="tearDown" is-config="true" duration-ms="203" started-at="2013-01-10T10:16:00Z" finished-at="2013-01-10T10:16:00Z">
          <reporter-output>
          </reporter-output>
        </test-method> <!-- tearDown -->
      </class> <!-- com.YouMagicPro.LKA_tests.ClickOnDiskSpaceTest -->
      <class name="com.YouMagicPro.LKA_tests.OrderByEmailChangeEmailTest">
        <test-method status="PASS" signature="startWebDriver()[pri:0, instance:com.YouMagicPro.LKA_tests.OrderByEmailChangeEmailTest@4a41e2a3]" name="startWebDriver" is-config="true" duration-ms="1792" started-at="2013-01-10T10:33:40Z" finished-at="2013-01-10T10:33:42Z">
          <reporter-output>
          </reporter-output>
        </test-method> <!-- startWebDriver -->
        <test-method status="PASS" signature="orderByEmailChangeEmailTest_C25653()[pri:0, instance:com.YouMagicPro.LKA_tests.OrderByEmailChangeEmailTest@4a41e2a3]" name="orderByEmailChangeEmailTest_C25653" duration-ms="11120" started-at="2013-01-10T10:33:42Z" finished-at="2013-01-10T10:33:53Z">
          <reporter-output>
          </reporter-output>
        </test-method> <!-- orderByEmailChangeEmailTest_C25653 -->
        <test-method status="PASS" signature="closeSession()[pri:0, instance:com.YouMagicPro.LKA_tests.OrderByEmailChangeEmailTest@4a41e2a3]" name="closeSession" is-config="true" duration-ms="1492" started-at="2013-01-10T10:33:53Z" finished-at="2013-01-10T10:33:55Z">
          <reporter-output>
          </reporter-output>
        </test-method> <!-- closeSession -->
      </class> <!-- com.YouMagicPro.LKA_tests.OrderByEmailChangeEmailTest -->
      <class name="com.YouMagicPro.LKA_tests.ContractInn6NumbersInTextFieldTest">
        <test-method status="PASS" signature="startWebDriver()[pri:0, instance:com.YouMagicPro.LKA_tests.ContractInn6NumbersInTextFieldTest@7f62a9bf]" name="startWebDriver" is-config="true" duration-ms="1800" started-at="2013-01-10T10:23:24Z" finished-at="2013-01-10T10:23:26Z">
          <reporter-output>
          </reporter-output>
        </test-method> <!-- startWebDriver -->
        <test-method status="PASS" signature="contractInn6NumbersInTextFieldTest_C15029()[pri:0, instance:com.YouMagicPro.LKA_tests.ContractInn6NumbersInTextFieldTest@7f62a9bf]" name="contractInn6NumbersInTextFieldTest_C15029" duration-ms="14176" started-at="2013-01-10T10:23:26Z" finished-at="2013-01-10T10:23:40Z">
          <reporter-output>
          </reporter-output>
        </test-method> <!-- contractInn6NumbersInTextFieldTest_C15029 -->
        <test-method status="PASS" signature="closeSession()[pri:0, instance:com.YouMagicPro.LKA_tests.ContractInn6NumbersInTextFieldTest@7f62a9bf]" name="closeSession" is-config="true" duration-ms="1440" started-at="2013-01-10T10:23:40Z" finished-at="2013-01-10T10:23:41Z">
          <reporter-output>
          </reporter-output>
        </test-method> <!-- closeSession -->
      </class> <!-- com.YouMagicPro.LKA_tests.ContractInn6NumbersInTextFieldTest -->
      <class name="com.YouMagicPro.LKA_tests.VoiceMenuEmptyNameTextFieldTest">
        <test-method status="PASS" signature="startWebDriver()[pri:0, instance:com.YouMagicPro.LKA_tests.VoiceMenuEmptyNameTextFieldTest@173ceeb6]" name="startWebDriver" is-config="true" duration-ms="1786" started-at="2013-01-10T10:12:12Z" finished-at="2013-01-10T10:12:13Z">
          <reporter-output>
          </reporter-output>
        </test-method> <!-- startWebDriver -->
        <test-method status="PASS" signature="voiceMailEmptyNameTextFieldTest_C19851()[pri:0, instance:com.YouMagicPro.LKA_tests.VoiceMenuEmptyNameTextFieldTest@173ceeb6]" name="voiceMailEmptyNameTextFieldTest_C19851" duration-ms="17270" started-at="2013-01-10T10:12:13Z" finished-at="2013-01-10T10:12:31Z">
          <reporter-output>
          </reporter-output>
        </test-method> <!-- voiceMailEmptyNameTextFieldTest_C19851 -->
        <test-method status="PASS" signature="closeSession()[pri:0, instance:com.YouMagicPro.LKA_tests.VoiceMenuEmptyNameTextFieldTest@173ceeb6]" name="closeSession" is-config="true" duration-ms="1481" started-at="2013-01-10T10:12:31Z" finished-at="2013-01-10T10:12:32Z">
          <reporter-output>
          </reporter-output>
        </test-method> <!-- closeSession -->
      </class> <!-- com.YouMagicPro.LKA_tests.VoiceMenuEmptyNameTextFieldTest -->
      <class name="com.YouMagicPro.LKA_tests.ContractCorAccountSymbolsInTextFieldTest">
        <test-method status="PASS" signature="startWebDriver()[pri:0, instance:com.YouMagicPro.LKA_tests.ContractCorAccountSymbolsInTextFieldTest@42d0850]" name="startWebDriver" is-config="true" duration-ms="1733" started-at="2013-01-10T10:22:16Z" finished-at="2013-01-10T10:22:18Z">
          <reporter-output>
          </reporter-output>
        </test-method> <!-- startWebDriver -->
        <test-method status="PASS" signature="contractCorAccountSymbolsInTextFieldTest_C15003()[pri:0, instance:com.YouMagicPro.LKA_tests.ContractCorAccountSymbolsInTextFieldTest@42d0850]" name="contractCorAccountSymbolsInTextFieldTest_C15003" duration-ms="15102" started-at="2013-01-10T10:22:18Z" finished-at="2013-01-10T10:22:33Z">
          <reporter-output>
          </reporter-output>
        </test-method> <!-- contractCorAccountSymbolsInTextFieldTest_C15003 -->
        <test-method status="PASS" signature="closeSession()[pri:0, instance:com.YouMagicPro.LKA_tests.ContractCorAccountSymbolsInTextFieldTest@42d0850]" name="closeSession" is-config="true" duration-ms="1408" started-at="2013-01-10T10:22:33Z" finished-at="2013-01-10T10:22:34Z">
          <reporter-output>
          </reporter-output>
        </test-method> <!-- closeSession -->
      </class> <!-- com.YouMagicPro.LKA_tests.ContractCorAccountSymbolsInTextFieldTest -->
      <class name="com.YouMagicPro.LKA_tests.ExpenseStructureChooseAdditionalNumbersTest">
        <test-method status="PASS" signature="startWebDriver()[pri:0, instance:com.YouMagicPro.LKA_tests.ExpenseStructureChooseAdditionalNumbersTest@1ba5cfae]" name="startWebDriver" is-config="true" duration-ms="1775" started-at="2013-01-10T10:31:06Z" finished-at="2013-01-10T10:31:08Z">
          <reporter-output>
          </reporter-output>
        </test-method> <!-- startWebDriver -->
        <test-method status="PASS" signature="expenseStructureChooseAdditionalNumbersTest_C15100()[pri:0, instance:com.YouMagicPro.LKA_tests.ExpenseStructureChooseAdditionalNumbersTest@1ba5cfae]" name="expenseStructureChooseAdditionalNumbersTest_C15100" duration-ms="11537" started-at="2013-01-10T10:31:08Z" finished-at="2013-01-10T10:31:20Z">
          <reporter-output>
          </reporter-output>
        </test-method> <!-- expenseStructureChooseAdditionalNumbersTest_C15100 -->
        <test-method status="PASS" signature="closeSession()[pri:0, instance:com.YouMagicPro.LKA_tests.ExpenseStructureChooseAdditionalNumbersTest@1ba5cfae]" name="closeSession" is-config="true" duration-ms="1441" started-at="2013-01-10T10:31:20Z" finished-at="2013-01-10T10:31:21Z">
          <reporter-output>
          </reporter-output>
        </test-method> <!-- closeSession -->
      </class> <!-- com.YouMagicPro.LKA_tests.ExpenseStructureChooseAdditionalNumbersTest -->
      <class name="com.YouMagicPro.LKA_tests.ContractOgrnLettersInTextFieldTest">
        <test-method status="PASS" signature="startWebDriver()[pri:0, instance:com.YouMagicPro.LKA_tests.ContractOgrnLettersInTextFieldTest@12bcb5a9]" name="startWebDriver" is-config="true" duration-ms="1828" started-at="2013-01-10T10:27:16Z" finished-at="2013-01-10T10:27:17Z">
          <reporter-output>
          </reporter-output>
        </test-method> <!-- startWebDriver -->
        <test-method status="PASS" signature="contractOgrnLettersInTextFieldTest_C15056()[pri:0, instance:com.YouMagicPro.LKA_tests.ContractOgrnLettersInTextFieldTest@12bcb5a9]" name="contractOgrnLettersInTextFieldTest_C15056" duration-ms="15697" started-at="2013-01-10T10:27:17Z" finished-at="2013-01-10T10:27:33Z">
          <reporter-output>
          </reporter-output>
        </test-method> <!-- contractOgrnLettersInTextFieldTest_C15056 -->
        <test-method status="PASS" signature="closeSession()[pri:0, instance:com.YouMagicPro.LKA_tests.ContractOgrnLettersInTextFieldTest@12bcb5a9]" name="closeSession" is-config="true" duration-ms="1436" started-at="2013-01-10T10:27:33Z" finished-at="2013-01-10T10:27:35Z">
          <reporter-output>
          </reporter-output>
        </test-method> <!-- closeSession -->
      </class> <!-- com.YouMagicPro.LKA_tests.ContractOgrnLettersInTextFieldTest -->
      <class name="com.YouMagicPro.LKA_tests.OrderByEmailCancelButtonTest">
        <test-method status="PASS" signature="startWebDriver()[pri:0, instance:com.YouMagicPro.LKA_tests.OrderByEmailCancelButtonTest@19e0f99e]" name="startWebDriver" is-config="true" duration-ms="1816" started-at="2013-01-10T10:33:27Z" finished-at="2013-01-10T10:33:28Z">
          <reporter-output>
          </reporter-output>
        </test-method> <!-- startWebDriver -->
        <test-method status="PASS" signature="orderByEmailCancelButtonTest_C15141()[pri:0, instance:com.YouMagicPro.LKA_tests.OrderByEmailCancelButtonTest@19e0f99e]" name="orderByEmailCancelButtonTest_C15141" duration-ms="10426" started-at="2013-01-10T10:33:28Z" finished-at="2013-01-10T10:33:39Z">
          <reporter-output>
          </reporter-output>
        </test-method> <!-- orderByEmailCancelButtonTest_C15141 -->
        <test-method status="PASS" signature="closeSession()[pri:0, instance:com.YouMagicPro.LKA_tests.OrderByEmailCancelButtonTest@19e0f99e]" name="closeSession" is-config="true" duration-ms="1498" started-at="2013-01-10T10:33:39Z" finished-at="2013-01-10T10:33:40Z">
          <reporter-output>
          </reporter-output>
        </test-method> <!-- closeSession -->
      </class> <!-- com.YouMagicPro.LKA_tests.OrderByEmailCancelButtonTest -->
      <class name="com.YouMagicPro.LKA_tests.YourNumbersTest">
        <test-method status="PASS" signature="setUp(java.lang.String)[pri:0, instance:com.YouMagicPro.LKA_tests.YourNumbersTest@56783b10]" name="setUp" is-config="true" duration-ms="5221" started-at="2013-01-10T10:13:32Z" finished-at="2013-01-10T10:13:37Z">
          <params>
            <param index="0">
              <value is-null="true"/>
            </param>
          </params>
          <reporter-output>
          </reporter-output>
        </test-method> <!-- setUp -->
        <test-method status="PASS" signature="yourNumbersTest()[pri:0, instance:com.YouMagicPro.LKA_tests.YourNumbersTest@56783b10]" name="yourNumbersTest" duration-ms="20312" started-at="2013-01-10T10:13:37Z" finished-at="2013-01-10T10:13:58Z">
          <reporter-output>
          </reporter-output>
        </test-method> <!-- yourNumbersTest -->
        <test-method status="PASS" signature="tearDown()[pri:0, instance:com.YouMagicPro.LKA_tests.YourNumbersTest@56783b10]" name="tearDown" is-config="true" duration-ms="297" started-at="2013-01-10T10:13:58Z" finished-at="2013-01-10T10:13:58Z">
          <reporter-output>
          </reporter-output>
        </test-method> <!-- tearDown -->
      </class> <!-- com.YouMagicPro.LKA_tests.YourNumbersTest -->
      <class name="com.YouMagicPro.LKA_tests.ContractInnOneInTextFieldTest">
        <test-method status="PASS" signature="startWebDriver()[pri:0, instance:com.YouMagicPro.LKA_tests.ContractInnOneInTextFieldTest@528c40ee]" name="startWebDriver" is-config="true" duration-ms="1789" started-at="2013-01-10T10:24:32Z" finished-at="2013-01-10T10:24:34Z">
          <reporter-output>
          </reporter-output>
        </test-method> <!-- startWebDriver -->
        <test-method status="PASS" signature="contractInnOneInTextFieldTest_C15028()[pri:0, instance:com.YouMagicPro.LKA_tests.ContractInnOneInTextFieldTest@528c40ee]" name="contractInnOneInTextFieldTest_C15028" duration-ms="13976" started-at="2013-01-10T10:24:34Z" finished-at="2013-01-10T10:24:48Z">
          <reporter-output>
          </reporter-output>
        </test-method> <!-- contractInnOneInTextFieldTest_C15028 -->
        <test-method status="PASS" signature="closeSession()[pri:0, instance:com.YouMagicPro.LKA_tests.ContractInnOneInTextFieldTest@528c40ee]" name="closeSession" is-config="true" duration-ms="1438" started-at="2013-01-10T10:24:48Z" finished-at="2013-01-10T10:24:49Z">
          <reporter-output>
          </reporter-output>
        </test-method> <!-- closeSession -->
      </class> <!-- com.YouMagicPro.LKA_tests.ContractInnOneInTextFieldTest -->
      <class name="com.YouMagicPro.LKA_tests.ExpenseStructureAdditionalNumbersFeeTest">
        <test-method status="PASS" signature="startWebDriver()[pri:0, instance:com.YouMagicPro.LKA_tests.ExpenseStructureAdditionalNumbersFeeTest@6f6dc3c9]" name="startWebDriver" is-config="true" duration-ms="1792" started-at="2013-01-10T10:30:52Z" finished-at="2013-01-10T10:30:54Z">
          <reporter-output>
          </reporter-output>
        </test-method> <!-- startWebDriver -->
        <test-method status="FAIL" signature="expenseStructureAdditionalNumbersFeeTest_C15096()[pri:0, instance:com.YouMagicPro.LKA_tests.ExpenseStructureAdditionalNumbersFeeTest@6f6dc3c9]" name="expenseStructureAdditionalNumbersFeeTest_C15096" duration-ms="11229" started-at="2013-01-10T10:30:54Z" finished-at="2013-01-10T10:31:05Z">
          <exception class="org.openqa.selenium.WebDriverException">
            <message>
              <![CDATA[Element is not clickable at point (868.5, 44). Other element would receive the click: <div class="sl_head">...</div> (WARNING: The server did not provide any stacktrace information)
Command duration or timeout: 136 milliseconds
Build info: version: '2.26.0', revision: '18040', time: '2012-11-02 09:44:45'
System info: os.name: 'Windows 7', os.arch: 'amd64', os.version: '6.1', java.version: '1.7.0_09'
Driver info: driver.version: RemoteWebDriver
Session ID: afe284b7580b301f57eead624524c263]]>
            </message>
            <full-stacktrace>
              <![CDATA[org.openqa.selenium.WebDriverException: Element is not clickable at point (868.5, 44). Other element would receive the click: <div class="sl_head">...</div> (WARNING: The server did not provide any stacktrace information)
Command duration or timeout: 136 milliseconds
Build info: version: '2.26.0', revision: '18040', time: '2012-11-02 09:44:45'
System info: os.name: 'Windows 7', os.arch: 'amd64', os.version: '6.1', java.version: '1.7.0_09'
Driver info: driver.version: RemoteWebDriver
Session ID: afe284b7580b301f57eead624524c263
	at sun.reflect.NativeConstructorAccessorImpl.newInstance0(Native Method)
	at sun.reflect.NativeConstructorAccessorImpl.newInstance(NativeConstructorAccessorImpl.java:57)
	at sun.reflect.DelegatingConstructorAccessorImpl.newInstance(DelegatingConstructorAccessorImpl.java:45)
	at java.lang.reflect.Constructor.newInstance(Constructor.java:525)
	at org.openqa.selenium.remote.ErrorHandler.createThrowable(ErrorHandler.java:188)
	at org.openqa.selenium.remote.ErrorHandler.throwIfResponseFailed(ErrorHandler.java:145)
	at org.openqa.selenium.remote.RemoteWebDriver.execute(RemoteWebDriver.java:531)
	at org.openqa.selenium.remote.RemoteWebElement.execute(RemoteWebElement.java:246)
	at org.openqa.selenium.remote.RemoteWebElement.click(RemoteWebElement.java:79)
	at com.YouMagicPro.LKA_tests.TestBase.waitAdminPageToLoad(TestBase.java:146)
	at com.YouMagicPro.LKA_tests.ExpenseStructureAdditionalNumbersFeeTest.expenseStructureAdditionalNumbersFeeTest_C15096(ExpenseStructureAdditionalNumbersFeeTest.java:11)
	at sun.reflect.NativeMethodAccessorImpl.invoke0(Native Method)
	at sun.reflect.NativeMethodAccessorImpl.invoke(NativeMethodAccessorImpl.java:57)
	at sun.reflect.DelegatingMethodAccessorImpl.invoke(DelegatingMethodAccessorImpl.java:43)
	at java.lang.reflect.Method.invoke(Method.java:601)
	at org.testng.internal.MethodInvocationHelper.invokeMethod(MethodInvocationHelper.java:80)
	at org.testng.internal.Invoker.invokeMethod(Invoker.java:714)
	at org.testng.internal.Invoker.invokeTestMethod(Invoker.java:901)
	at org.testng.internal.Invoker.invokeTestMethods(Invoker.java:1231)
	at org.testng.internal.TestMethodWorker.invokeTestMethods(TestMethodWorker.java:127)
	at org.testng.internal.TestMethodWorker.run(TestMethodWorker.java:111)
	at org.testng.TestRunner.privateRun(TestRunner.java:767)
	at org.testng.TestRunner.run(TestRunner.java:617)
	at org.testng.SuiteRunner.runTest(SuiteRunner.java:334)
	at org.testng.SuiteRunner.runSequentially(SuiteRunner.java:329)
	at org.testng.SuiteRunner.privateRun(SuiteRunner.java:291)
	at org.testng.SuiteRunner.run(SuiteRunner.java:240)
	at org.testng.SuiteRunnerWorker.runSuite(SuiteRunnerWorker.java:52)
	at org.testng.SuiteRunnerWorker.run(SuiteRunnerWorker.java:86)
	at org.testng.TestNG.runSuitesSequentially(TestNG.java:1198)
	at org.testng.TestNG.runSuitesLocally(TestNG.java:1123)
	at org.testng.TestNG.run(TestNG.java:1031)
	at org.apache.maven.surefire.testng.TestNGExecutor.run(TestNGExecutor.java:122)
	at org.apache.maven.surefire.testng.TestNGXmlTestSuite.execute(TestNGXmlTestSuite.java:88)
	at org.apache.maven.surefire.testng.TestNGProvider.invoke(TestNGProvider.java:104)
	at sun.reflect.NativeMethodAccessorImpl.invoke0(Native Method)
	at sun.reflect.NativeMethodAccessorImpl.invoke(NativeMethodAccessorImpl.java:57)
	at sun.reflect.DelegatingMethodAccessorImpl.invoke(DelegatingMethodAccessorImpl.java:43)
	at java.lang.reflect.Method.invoke(Method.java:601)
	at org.apache.maven.surefire.booter.ProviderFactory$ClassLoaderProxy.invoke(ProviderFactory.java:103)
	at $Proxy0.invoke(Unknown Source)
	at org.apache.maven.surefire.booter.SurefireStarter.invokeProvider(SurefireStarter.java:150)
	at org.apache.maven.surefire.booter.SurefireStarter.runSuitesInProcess(SurefireStarter.java:91)
	at org.apache.maven.surefire.booter.ForkedBooter.main(ForkedBooter.java:69)
]]>
            </full-stacktrace>
          </exception> <!-- org.openqa.selenium.WebDriverException -->
          <reporter-output>
          </reporter-output>
        </test-method> <!-- expenseStructureAdditionalNumbersFeeTest_C15096 -->
        <test-method status="PASS" signature="closeSession()[pri:0, instance:com.YouMagicPro.LKA_tests.ExpenseStructureAdditionalNumbersFeeTest@6f6dc3c9]" name="closeSession" is-config="true" duration-ms="1451" started-at="2013-01-10T10:31:05Z" finished-at="2013-01-10T10:31:06Z">
          <reporter-output>
          </reporter-output>
        </test-method> <!-- closeSession -->
      </class> <!-- com.YouMagicPro.LKA_tests.ExpenseStructureAdditionalNumbersFeeTest -->
      <class name="com.YouMagicPro.LKA_tests.BuyingAdditionalNumberChooseNumbersFromList">
        <test-method status="PASS" signature="startWebDriver()[pri:0, instance:com.YouMagicPro.LKA_tests.BuyingAdditionalNumberChooseNumbersFromList@1081350a]" name="startWebDriver" is-config="true" duration-ms="1898" started-at="2013-01-10T10:13:58Z" finished-at="2013-01-10T10:14:00Z">
          <reporter-output>
          </reporter-output>
        </test-method> <!-- startWebDriver -->
        <test-method status="PASS" signature="BuyingAdditionalNumberChooseNumbersFromList_C15106()[pri:0, instance:com.YouMagicPro.LKA_tests.BuyingAdditionalNumberChooseNumbersFromList@1081350a]" name="BuyingAdditionalNumberChooseNumbersFromList_C15106" duration-ms="17283" started-at="2013-01-10T10:14:00Z" finished-at="2013-01-10T10:14:17Z">
          <reporter-output>
          </reporter-output>
        </test-method> <!-- BuyingAdditionalNumberChooseNumbersFromList_C15106 -->
[...]
          <params>
            <param index="0">
              <value is-null="true"/>
            </param>
          </params>
          <reporter-output>
          </reporter-output>
        </test-method> <!-- setUp -->
        <test-method status="PASS" signature="clickOnInternalNumbersTest()[pri:0, instance:com.YouMagicPro.LKA_tests.ClickOnInternalNumbersTest@7f2bad63]" name="clickOnInternalNumbersTest" duration-ms="14719" started-at="2013-01-10T10:16:42Z" finished-at="2013-01-10T10:16:57Z">
          <reporter-output>
          </reporter-output>
        </test-method> <!-- clickOnInternalNumbersTest -->
        <test-method status="PASS" signature="tearDown()[pri:0, instance:com.YouMagicPro.LKA_tests.ClickOnInternalNumbersTest@7f2bad63]" name="tearDown" is-config="true" duration-ms="219" started-at="2013-01-10T10:16:57Z" finished-at="2013-01-10T10:16:57Z">
          <reporter-output>
          </reporter-output>
        </test-method> <!-- tearDown -->
      </class> <!-- com.YouMagicPro.LKA_tests.ClickOnInternalNumbersTest -->
      <class name="com.YouMagicPro.LKA_tests.Buying804NumberCategoriesOfNumbers">
        <test-method status="PASS" signature="startWebDriver()[pri:0, instance:com.YouMagicPro.LKA_tests.Buying804NumberCategoriesOfNumbers@3595ecae]" name="startWebDriver" is-config="true" duration-ms="1798" started-at="2013-01-10T10:09:55Z" finished-at="2013-01-10T10:09:56Z">
          <reporter-output>
          </reporter-output>
        </test-method> <!-- startWebDriver -->
        <test-method status="PASS" signature="buying804NumberCategoriesOfNumbers_C25622()[pri:0, instance:com.YouMagicPro.LKA_tests.Buying804NumberCategoriesOfNumbers@3595ecae]" name="buying804NumberCategoriesOfNumbers_C25622" duration-ms="19333" started-at="2013-01-10T10:09:56Z" finished-at="2013-01-10T10:10:16Z">
          <reporter-output>
          </reporter-output>
        </test-method> <!-- buying804NumberCategoriesOfNumbers_C25622 -->
        <test-method status="PASS" signature="closeSession()[pri:0, instance:com.YouMagicPro.LKA_tests.Buying804NumberCategoriesOfNumbers@3595ecae]" name="closeSession" is-config="true" duration-ms="1417" started-at="2013-01-10T10:10:16Z" finished-at="2013-01-10T10:10:17Z">
          <reporter-output>
          </reporter-output>
        </test-method> <!-- closeSession -->
      </class> <!-- com.YouMagicPro.LKA_tests.Buying804NumberCategoriesOfNumbers -->
      <class name="com.YouMagicPro.LKA_tests.EmployeesEditProfile2SymbolsInTextFieldTest">
        <test-method status="PASS" signature="startWebDriver()[pri:0, instance:com.YouMagicPro.LKA_tests.EmployeesEditProfile2SymbolsInTextFieldTest@6fb05c54]" name="startWebDriver" is-config="true" duration-ms="1755" started-at="2013-01-10T10:29:22Z" finished-at="2013-01-10T10:29:24Z">
          <reporter-output>
          </reporter-output>
        </test-method> <!-- startWebDriver -->
        <test-method status="PASS" signature="employeesEditProfile2SymbolsInTextFieldTest_C15253()[pri:0, instance:com.YouMagicPro.LKA_tests.EmployeesEditProfile2SymbolsInTextFieldTest@6fb05c54]" name="employeesEditProfile2SymbolsInTextFieldTest_C15253" duration-ms="18226" started-at="2013-01-10T10:29:24Z" finished-at="2013-01-10T10:29:42Z">
          <reporter-output>
          </reporter-output>
        </test-method> <!-- employeesEditProfile2SymbolsInTextFieldTest_C15253 -->
        <test-method status="PASS" signature="closeSession()[pri:0, instance:com.YouMagicPro.LKA_tests.EmployeesEditProfile2SymbolsInTextFieldTest@6fb05c54]" name="closeSession" is-config="true" duration-ms="1450" started-at="2013-01-10T10:29:42Z" finished-at="2013-01-10T10:29:44Z">
          <reporter-output>
          </reporter-output>
        </test-method> <!-- closeSession -->
      </class> <!-- com.YouMagicPro.LKA_tests.EmployeesEditProfile2SymbolsInTextFieldTest -->
      <class name="com.YouMagicPro.LKA_tests.OrderByEmailChangeNameTest">
        <test-method status="PASS" signature="startWebDriver()[pri:0, instance:com.YouMagicPro.LKA_tests.OrderByEmailChangeNameTest@237dc815]" name="startWebDriver" is-config="true" duration-ms="1805" started-at="2013-01-10T10:33:55Z" finished-at="2013-01-10T10:33:56Z">
          <reporter-output>
          </reporter-output>
        </test-method> <!-- startWebDriver -->
        <test-method status="PASS" signature="orderByEmailChangeNameTest_C25671()[pri:0, instance:com.YouMagicPro.LKA_tests.OrderByEmailChangeNameTest@237dc815]" name="orderByEmailChangeNameTest_C25671" duration-ms="10984" started-at="2013-01-10T10:33:56Z" finished-at="2013-01-10T10:34:07Z">
          <reporter-output>
          </reporter-output>
        </test-method> <!-- orderByEmailChangeNameTest_C25671 -->
        <test-method status="PASS" signature="closeSession()[pri:0, instance:com.YouMagicPro.LKA_tests.OrderByEmailChangeNameTest@237dc815]" name="closeSession" is-config="true" duration-ms="1499" started-at="2013-01-10T10:34:07Z" finished-at="2013-01-10T10:34:09Z">
          <reporter-output>
          </reporter-output>
        </test-method> <!-- closeSession -->
      </class> <!-- com.YouMagicPro.LKA_tests.OrderByEmailChangeNameTest -->
      <class name="com.YouMagicPro.LKA_tests.AddAndDeleteNoticesTest">
        <test-method status="PASS" signature="setUp(java.lang.String)[pri:0, instance:com.YouMagicPro.LKA_tests.AddAndDeleteNoticesTest@5e691263]" name="setUp" is-config="true" duration-ms="5423" started-at="2013-01-10T10:08:17Z" finished-at="2013-01-10T10:08:23Z">
          <params>
            <param index="0">
              <value is-null="true"/>
            </param>
          </params>
          <reporter-output>
          </reporter-output>
        </test-method> <!-- setUp -->
        <test-method status="PASS" signature="addAndDeleteNoticesTest()[pri:0, instance:com.YouMagicPro.LKA_tests.AddAndDeleteNoticesTest@5e691263]" name="addAndDeleteNoticesTest" duration-ms="25125" started-at="2013-01-10T10:08:23Z" finished-at="2013-01-10T10:08:48Z">
          <reporter-output>
          </reporter-output>
        </test-method> <!-- addAndDeleteNoticesTest -->
        <test-method status="PASS" signature="tearDown()[pri:0, instance:com.YouMagicPro.LKA_tests.AddAndDeleteNoticesTest@5e691263]" name="tearDown" is-config="true" duration-ms="329" started-at="2013-01-10T10:08:48Z" finished-at="2013-01-10T10:08:48Z">
          <reporter-output>
          </reporter-output>
        </test-method> <!-- tearDown -->
      </class> <!-- com.YouMagicPro.LKA_tests.AddAndDeleteNoticesTest -->
      <class name="com.YouMagicPro.LKA_tests.ClickOnPromoTest">
        <test-method status="PASS" signature="setUp(java.lang.String)[pri:0, instance:com.YouMagicPro.LKA_tests.ClickOnPromoTest@70ccb7e0]" name="setUp" is-config="true" duration-ms="5127" started-at="2013-01-10T10:17:39Z" finished-at="2013-01-10T10:17:44Z">
          <params>
            <param index="0">
              <value is-null="true"/>
            </param>
          </params>
          <reporter-output>
          </reporter-output>
        </test-method> <!-- setUp -->
        <test-method status="PASS" signature="clickOnPromoTest()[pri:0, instance:com.YouMagicPro.LKA_tests.ClickOnPromoTest@70ccb7e0]" name="clickOnPromoTest" duration-ms="14953" started-at="2013-01-10T10:17:44Z" finished-at="2013-01-10T10:17:59Z">
          <reporter-output>
          </reporter-output>
        </test-method> <!-- clickOnPromoTest -->
        <test-method status="PASS" signature="tearDown()[pri:0, instance:com.YouMagicPro.LKA_tests.ClickOnPromoTest@70ccb7e0]" name="tearDown" is-config="true" duration-ms="250" started-at="2013-01-10T10:17:59Z" finished-at="2013-01-10T10:17:59Z">
          <reporter-output>
          </reporter-output>
        </test-method> <!-- tearDown -->
      </class> <!-- com.YouMagicPro.LKA_tests.ClickOnPromoTest -->
      <class name="com.YouMagicPro.LKA_tests.VoiceMailChooseSoundTest">
        <test-method status="PASS" signature="startWebDriver()[pri:0, instance:com.YouMagicPro.LKA_tests.VoiceMailChooseSoundTest@493b1f1b]" name="startWebDriver" is-config="true" duration-ms="1855" started-at="2013-01-10T10:08:48Z" finished-at="2013-01-10T10:08:50Z">
          <reporter-output>
          </reporter-output>
        </test-method> <!-- startWebDriver -->
        <test-method status="PASS" signature="voiceMailChooseSoundTest_C15294()[pri:0, instance:com.YouMagicPro.LKA_tests.VoiceMailChooseSoundTest@493b1f1b]" name="voiceMailChooseSoundTest_C15294" duration-ms="23527" started-at="2013-01-10T10:08:50Z" finished-at="2013-01-10T10:09:13Z">
          <reporter-output>
          </reporter-output>
        </test-method> <!-- voiceMailChooseSoundTest_C15294 -->
        <test-method status="PASS" signature="closeSession()[pri:0, instance:com.YouMagicPro.LKA_tests.VoiceMailChooseSoundTest@493b1f1b]" name="closeSession" is-config="true" duration-ms="1559" started-at="2013-01-10T10:09:13Z" finished-at="2013-01-10T10:09:15Z">
          <reporter-output>
          </reporter-output>
        </test-method> <!-- closeSession -->
      </class> <!-- com.YouMagicPro.LKA_tests.VoiceMailChooseSoundTest -->
      <class name="com.YouMagicPro.LKA_tests.ClickOnExitTest">
        <test-method status="PASS" signature="setUp(java.lang.String)[pri:0, instance:com.YouMagicPro.LKA_tests.ClickOnExitTest@2330a31]" name="setUp" is-config="true" duration-ms="4971" started-at="2013-01-10T10:16:00Z" finished-at="2013-01-10T10:16:05Z">
          <params>
            <param index="0">
              <value is-null="true"/>
            </param>
          </params>
          <reporter-output>
          </reporter-output>
        </test-method> <!-- setUp -->
        <test-method status="PASS" signature="clickOnExitTest()[pri:0, instance:com.YouMagicPro.LKA_tests.ClickOnExitTest@2330a31]" name="clickOnExitTest" duration-ms="13296" started-at="2013-01-10T10:16:05Z" finished-at="2013-01-10T10:16:19Z">
          <reporter-output>
          </reporter-output>
        </test-method> <!-- clickOnExitTest -->
        <test-method status="PASS" signature="tearDown()[pri:0, instance:com.YouMagicPro.LKA_tests.ClickOnExitTest@2330a31]" name="tearDown" is-config="true" duration-ms="250" started-at="2013-01-10T10:16:19Z" finished-at="2013-01-10T10:16:19Z">
          <reporter-output>
          </reporter-output>
        </test-method> <!-- tearDown -->
      </class> <!-- com.YouMagicPro.LKA_tests.ClickOnExitTest -->
      <class name="com.YouMagicPro.LKA_tests.ExpenseStructureRentalFeeTest">
        <test-method status="PASS" signature="startWebDriver()[pri:0, instance:com.YouMagicPro.LKA_tests.ExpenseStructureRentalFeeTest@c5ec9da]" name="startWebDriver" is-config="true" duration-ms="1701" started-at="2013-01-10T10:31:53Z" finished-at="2013-01-10T10:31:55Z">
          <reporter-output>
          </reporter-output>
        </test-method> <!-- startWebDriver -->
        <test-method status="PASS" signature="expenseStructureRentalFeeTest_C15096()[pri:0, instance:com.YouMagicPro.LKA_tests.ExpenseStructureRentalFeeTest@c5ec9da]" name="expenseStructureRentalFeeTest_C15096" duration-ms="9135" started-at="2013-01-10T10:31:55Z" finished-at="2013-01-10T10:32:04Z">
          <reporter-output>
          </reporter-output>
        </test-method> <!-- expenseStructureRentalFeeTest_C15096 -->
        <test-method status="PASS" signature="closeSession()[pri:0, instance:com.YouMagicPro.LKA_tests.ExpenseStructureRentalFeeTest@c5ec9da]" name="closeSession" is-config="true" duration-ms="1477" started-at="2013-01-10T10:32:04Z" finished-at="2013-01-10T10:32:06Z">
          <reporter-output>
          </reporter-output>
        </test-method> <!-- closeSession -->
      </class> <!-- com.YouMagicPro.LKA_tests.ExpenseStructureRentalFeeTest -->
      <class name="com.YouMagicPro.LKA_tests.ContractInnLettersInTextFieldTest">
        <test-method status="PASS" signature="startWebDriver()[pri:0, instance:com.YouMagicPro.LKA_tests.ContractInnLettersInTextFieldTest@103c0cfb]" name="startWebDriver" is-config="true" duration-ms="1819" started-at="2013-01-10T10:24:15Z" finished-at="2013-01-10T10:24:16Z">
          <reporter-output>
          </reporter-output>
        </test-method> <!-- startWebDriver -->
        <test-method status="PASS" signature="contractInnLettersInTextFieldTest_C15030()[pri:0, instance:com.YouMagicPro.LKA_tests.ContractInnLettersInTextFieldTest@103c0cfb]" name="contractInnLettersInTextFieldTest_C15030" duration-ms="14425" started-at="2013-01-10T10:24:16Z" finished-at="2013-01-10T10:24:31Z">
          <reporter-output>
          </reporter-output>
        </test-method> <!-- contractInnLettersInTextFieldTest_C15030 -->
        <test-method status="PASS" signature="closeSession()[pri:0, instance:com.YouMagicPro.LKA_tests.ContractInnLettersInTextFieldTest@103c0cfb]" name="closeSession" is-config="true" duration-ms="1424" started-at="2013-01-10T10:24:31Z" finished-at="2013-01-10T10:24:32Z">
          <reporter-output>
          </reporter-output>
        </test-method> <!-- closeSession -->
      </class> <!-- com.YouMagicPro.LKA_tests.ContractInnLettersInTextFieldTest -->
      <class name="com.YouMagicPro.LKA_tests.ContractEndOfPageDataTest">
        <test-method status="PASS" signature="startWebDriver()[pri:0, instance:com.YouMagicPro.LKA_tests.ContractEndOfPageDataTest@794baafe]" name="startWebDriver" is-config="true" duration-ms="1746" started-at="2013-01-10T10:22:46Z" finished-at="2013-01-10T10:22:48Z">
          <reporter-output>
          </reporter-output>
        </test-method> <!-- startWebDriver -->
        <test-method status="PASS" signature="contractEndOfPageDataTest_C15062()[pri:0, instance:com.YouMagicPro.LKA_tests.ContractEndOfPageDataTest@794baafe]" name="contractEndOfPageDataTest_C15062" duration-ms="12318" started-at="2013-01-10T10:22:48Z" finished-at="2013-01-10T10:23:00Z">
          <reporter-output>
          </reporter-output>
        </test-method> <!-- contractEndOfPageDataTest_C15062 -->
        <test-method status="PASS" signature="closeSession()[pri:0, instance:com.YouMagicPro.LKA_tests.ContractEndOfPageDataTest@794baafe]" name="closeSession" is-config="true" duration-ms="1455" started-at="2013-01-10T10:23:00Z" finished-at="2013-01-10T10:23:02Z">
          <reporter-output>
          </reporter-output>
        </test-method> <!-- closeSession -->
      </class> <!-- com.YouMagicPro.LKA_tests.ContractEndOfPageDataTest -->
      <class name="com.YouMagicPro.LKA_tests.OrderByPickUpChangePhoneTest">
        <test-method status="PASS" signature="startWebDriver()[pri:0, instance:com.YouMagicPro.LKA_tests.OrderByPickUpChangePhoneTest@f530ff3]" name="startWebDriver" is-config="true" duration-ms="1746" started-at="2013-01-10T10:34:54Z" finished-at="2013-01-10T10:34:56Z">
          <reporter-output>
          </reporter-output>
        </test-method> <!-- startWebDriver -->
        <test-method status="PASS" signature="OrderByPickUpChangePhoneTest_C25666()[pri:0, instance:com.YouMagicPro.LKA_tests.OrderByPickUpChangePhoneTest@f530ff3]" name="OrderByPickUpChangePhoneTest_C25666" duration-ms="11048" started-at="2013-01-10T10:34:56Z" finished-at="2013-01-10T10:35:07Z">
          <reporter-output>
          </reporter-output>
        </test-method> <!-- OrderByPickUpChangePhoneTest_C25666 -->
        <test-method status="PASS" signature="closeSession()[pri:0, instance:com.YouMagicPro.LKA_tests.OrderByPickUpChangePhoneTest@f530ff3]" name="closeSession" is-config="true" duration-ms="1486" started-at="2013-01-10T10:35:07Z" finished-at="2013-01-10T10:35:08Z">
          <reporter-output>
          </reporter-output>
        </test-method> <!-- closeSession -->
      </class> <!-- com.YouMagicPro.LKA_tests.OrderByPickUpChangePhoneTest -->
      <class name="com.YouMagicPro.LKA_tests.ClickOnContractTest">
        <test-method status="PASS" signature="setUp(java.lang.String)[pri:0, instance:com.YouMagicPro.LKA_tests.ClickOnContractTest@56c747e8]" name="setUp" is-config="true" duration-ms="4893" started-at="2013-01-10T10:15:20Z" finished-at="2013-01-10T10:15:25Z">
          <params>
            <param index="0">
              <value is-null="true"/>
            </param>
          </params>
          <reporter-output>
          </reporter-output>
        </test-method> <!-- setUp -->
        <test-method status="PASS" signature="clickOnContractTest()[pri:0, instance:com.YouMagicPro.LKA_tests.ClickOnContractTest@56c747e8]" name="clickOnContractTest" duration-ms="15328" started-at="2013-01-10T10:15:25Z" finished-at="2013-01-10T10:15:40Z">
          <reporter-output>
          </reporter-output>
        </test-method> <!-- clickOnContractTest -->
        <test-method status="PASS" signature="tearDown()[pri:0, instance:com.YouMagicPro.LKA_tests.ClickOnContractTest@56c747e8]" name="tearDown" is-config="true" duration-ms="187" started-at="2013-01-10T10:15:40Z" finished-at="2013-01-10T10:15:40Z">
          <reporter-output>
          </reporter-output>
        </test-method> <!-- tearDown -->
      </class> <!-- com.YouMagicPro.LKA_tests.ClickOnContractTest -->
      <class name="com.YouMagicPro.LKA_tests.OrderToAdressChangeNameTest">
        <test-method status="PASS" signature="startWebDriver()[pri:0, instance:com.YouMagicPro.LKA_tests.OrderToAdressChangeNameTest@3c74445]" name="startWebDriver" is-config="true" duration-ms="1866" started-at="2013-01-10T10:36:13Z" finished-at="2013-01-10T10:36:15Z">
          <reporter-output>
          </reporter-output>
        </test-method> <!-- startWebDriver -->
        <test-method status="PASS" signature="orderToAdressChangeNameTest_C25672()[pri:0, instance:com.YouMagicPro.LKA_tests.OrderToAdressChangeNameTest@3c74445]" name="orderToAdressChangeNameTest_C25672" duration-ms="11041" started-at="2013-01-10T10:36:15Z" finished-at="2013-01-10T10:36:26Z">
          <reporter-output>
          </reporter-output>
        </test-method> <!-- orderToAdressChangeNameTest_C25672 -->
        <test-method status="PASS" signature="closeSession()[pri:0, instance:com.YouMagicPro.LKA_tests.OrderToAdressChangeNameTest@3c74445]" name="closeSession" is-config="true" duration-ms="1447" started-at="2013-01-10T10:36:26Z" finished-at="2013-01-10T10:36:27Z">
          <reporter-output>
          </reporter-output>
        </test-method> <!-- closeSession -->
      </class> <!-- com.YouMagicPro.LKA_tests.OrderToAdressChangeNameTest -->
      <class name="com.YouMagicPro.LKA_tests.ContractBankAccountSymbolsInTextFieldTest">
        <test-method status="PASS" signature="startWebDriver()[pri:0, instance:com.YouMagicPro.LKA_tests.ContractBankAccountSymbolsInTextFieldTest@4ee2f574]" name="startWebDriver" is-config="true" duration-ms="1793" started-at="2013-01-10T10:18:55Z" finished-at="2013-01-10T10:18:57Z">
          <reporter-output>
          </reporter-output>
        </test-method> <!-- startWebDriver -->
        <test-method status="PASS" signature="contractBankAccountSymbolsInTextFieldTest_C14997()[pri:0, instance:com.YouMagicPro.LKA_tests.ContractBankAccountSymbolsInTextFieldTest@4ee2f574]" name="contractBankAccountSymbolsInTextFieldTest_C14997" duration-ms="15477" started-at="2013-01-10T10:18:57Z" finished-at="2013-01-10T10:19:12Z">
          <reporter-output>
          </reporter-output>
        </test-method> <!-- contractBankAccountSymbolsInTextFieldTest_C14997 -->
        <test-method status="PASS" signature="closeSession()[pri:0, instance:com.YouMagicPro.LKA_tests.ContractBankAccountSymbolsInTextFieldTest@4ee2f574]" name="closeSession" is-config="true" duration-ms="1418" started-at="2013-01-10T10:19:12Z" finished-at="2013-01-10T10:19:14Z">
          <reporter-output>
          </reporter-output>
        </test-method> <!-- closeSession -->
      </class> <!-- com.YouMagicPro.LKA_tests.ContractBankAccountSymbolsInTextFieldTest -->
    </test> <!-- com.LKA_tests -->
  </suite> <!-- com.LKA_tests -->
</testng-results>
