<?xml version="1.0" encoding="UTF-8" ?>
<testsuite failures="5" time="1,881.518" errors="0" skipped="0" tests="97" name="TestSuite">
  <properties>
[...]
</properties>
  <testcase time="56.204" classname="com.YouMagicPro.LKA_tests.AddAndDeleteMenusTest" name="addAndDeleteMenusTest"/>
  <testcase time="22.87" classname="com.YouMagicPro.LKA_tests.VoiceFillNAmeTextFieldTest" name="voiceFillNAmeTextFieldTest_C15293"/>
  <testcase time="25.125" classname="com.YouMagicPro.LKA_tests.AddAndDeleteNoticesTest" name="addAndDeleteNoticesTest"/>
  <testcase time="23.527" classname="com.YouMagicPro.LKA_tests.VoiceMailChooseSoundTest" name="voiceMailChooseSoundTest_C15294"/>
  <testcase time="13.593" classname="com.YouMagicPro.LKA_tests.AgreementOPFTest" name="addAndDeleteNoticesTest"/>
  <testcase time="17.127" classname="com.YouMagicPro.LKA_tests.VoiceMailEmptyNameTextFieldTest" name="voiceMailEmptyNameTextFieldTest_C19851"/>
  <testcase time="19.333" classname="com.YouMagicPro.LKA_tests.Buying804NumberCategoriesOfNumbers" name="buying804NumberCategoriesOfNumbers_C25622"/>
  <testcase time="16.407" classname="com.YouMagicPro.LKA_tests.VoiceMailPageTest" name="voiceMailPageTest"/>
  <testcase time="17.33" classname="com.YouMagicPro.LKA_tests.Buying804NumberCostOfNumberTest" name="buying804NumberCostOfNumberTest_C25623"/>
  <testcase time="15.513" classname="com.YouMagicPro.LKA_tests.VoiceMenuAddTest" name="voiceMenuAddTest_C15292"/>
  <testcase time="10.224" classname="com.YouMagicPro.LKA_tests.BuyingAdditionalInternalNumberCheckCost" name="buyingAdditionalInternalNumberCheckCost_C15113"/>
  <testcase time="23.894" classname="com.YouMagicPro.LKA_tests.VoiceMenuChooseSoundTest" name="voiceMailChooseSoundTest_C15294"/>
  <testcase time="9.19" classname="com.YouMagicPro.LKA_tests.BuyingAdditionalInternalNumberTextFieldTest" name="buyingAdditionalInternalNumberTextFieldTest_C15112">
    <failure message="Element is not clickable at point (555, 380). Other element would receive the click: &lt;img id=&quot;1&quot; class=&quot;slideimage&quot; src=&quot;/sites/all/modules/contrib/umagicpro_instructions/images/home.png&quot; data-title=&quot;Благодарим вас за выбор YouMagic.Pro!&quot;&gt; (WARNING: The server did not provide any stacktrace information)
Command duration or timeout: 66 milliseconds
Build info: version: &apos;2.26.0&apos;, revision: &apos;18040&apos;, time: &apos;2012-11-02 09:44:45&apos;
System info: os.name: &apos;Windows 7&apos;, os.arch: &apos;amd64&apos;, os.version: &apos;6.1&apos;, java.version: &apos;1.7.0_09&apos;
Driver info: driver.version: RemoteWebDriver
Session ID: 8fbb70b42f6d5f2c4e69bccdedae2f68" type="org.openqa.selenium.WebDriverException">org.openqa.selenium.WebDriverException: Element is not clickable at point (555, 380). Other element would receive the click: &lt;img id=&quot;1&quot; class=&quot;slideimage&quot; src=&quot;/sites/all/modules/contrib/umagicpro_instructions/images/home.png&quot; data-title=&quot;Благодарим вас за выбор YouMagic.Pro!&quot;&gt; (WARNING: The server did not provide any stacktrace information)
Command duration or timeout: 66 milliseconds
Build info: version: &apos;2.26.0&apos;, revision: &apos;18040&apos;, time: &apos;2012-11-02 09:44:45&apos;
System info: os.name: &apos;Windows 7&apos;, os.arch: &apos;amd64&apos;, os.version: &apos;6.1&apos;, java.version: &apos;1.7.0_09&apos;
Driver info: driver.version: RemoteWebDriver
Session ID: 8fbb70b42f6d5f2c4e69bccdedae2f68
	at sun.reflect.NativeConstructorAccessorImpl.newInstance0(Native Method)
	at sun.reflect.NativeConstructorAccessorImpl.newInstance(NativeConstructorAccessorImpl.java:57)
	at sun.reflect.DelegatingConstructorAccessorImpl.newInstance(DelegatingConstructorAccessorImpl.java:45)
	at java.lang.reflect.Constructor.newInstance(Constructor.java:525)
	at org.openqa.selenium.remote.ErrorHandler.createThrowable(ErrorHandler.java:188)
	at org.openqa.selenium.remote.ErrorHandler.throwIfResponseFailed(ErrorHandler.java:145)
	at org.openqa.selenium.remote.RemoteWebDriver.execute(RemoteWebDriver.java:531)
	at org.openqa.selenium.remote.RemoteWebElement.execute(RemoteWebElement.java:246)
	at org.openqa.selenium.remote.RemoteWebElement.click(RemoteWebElement.java:79)
	at com.YouMagicPro.LKA_tests.TestBase.waitAdminPageToLoad(TestBase.java:147)
	at com.YouMagicPro.LKA_tests.BuyingAdditionalInternalNumberTextFieldTest.buyingAdditionalInternalNumberTextFieldTest_C15112(BuyingAdditionalInternalNumberTextFieldTest.java:11)
</failure>
  </testcase>
  <testcase time="17.27" classname="com.YouMagicPro.LKA_tests.VoiceMenuEmptyNameTextFieldTest" name="voiceMailEmptyNameTextFieldTest_C19851"/>
  <testcase time="17.376" classname="com.YouMagicPro.LKA_tests.BuyingAdditionalNumberChooseCityFromList" name="buyingAdditionalNumberChooseCityFromList_C15103"/>
  <testcase time="15.44" classname="com.YouMagicPro.LKA_tests.VoiceMenuFillNAmeTextFieldTest" name="voiceFillNAmeTextFieldTest_C15293"/>
  <testcase time="17.103" classname="com.YouMagicPro.LKA_tests.BuyingAdditionalNumberChooseNumberCategories" name="BuyingAdditionalNumberChooseNumberCategories_C15105"/>
  <testcase time="20.312" classname="com.YouMagicPro.LKA_tests.YourNumbersTest" name="yourNumbersTest"/>
  <testcase time="17.283" classname="com.YouMagicPro.LKA_tests.BuyingAdditionalNumberChooseNumbersFromList" name="BuyingAdditionalNumberChooseNumbersFromList_C15106"/>
  <testcase time="15.328" classname="com.YouMagicPro.LKA_tests.CallForwardingPageTest" name="clickOnAvatarTest"/>
  <testcase time="14.813" classname="com.YouMagicPro.LKA_tests.ClickOnAvatarTest" name="clickOnAvatarTest"/>
  <testcase time="15.219" classname="com.YouMagicPro.LKA_tests.ClickOnBalanceTest" name="clickOnBalanceTest"/>
  <testcase time="15.328" classname="com.YouMagicPro.LKA_tests.ClickOnContractTest" name="clickOnContractTest"/>
  <testcase time="14.875" classname="com.YouMagicPro.LKA_tests.ClickOnDiskSpaceTest" name="clickOnDiskSpaceTest"/>
  <testcase time="13.296" classname="com.YouMagicPro.LKA_tests.ClickOnExitTest" name="clickOnExitTest"/>
  <testcase time="12.625" classname="com.YouMagicPro.LKA_tests.ClickOnIconTest" name="clickOnIconTest"/>
  <testcase time="14.719" classname="com.YouMagicPro.LKA_tests.ClickOnInternalNumbersTest" name="clickOnInternalNumbersTest"/>
  <testcase time="15.75" classname="com.YouMagicPro.LKA_tests.ClickOnPasswordChangeTest" name="clickOnPasswordChangeTest"/>
  <testcase time="15.265" classname="com.YouMagicPro.LKA_tests.ClickOnPersonalAccountTest" name="clickOnPersonalAccountTest"/>
  <testcase time="14.953" classname="com.YouMagicPro.LKA_tests.ClickOnPromoTest" name="clickOnPromoTest"/>
  <testcase time="15.539" classname="com.YouMagicPro.LKA_tests.ContractBankAccountLettersAndNumbersTest" name="contractBankAccountLettersAndNumbersTest_C14496"/>
  <testcase time="15.203" classname="com.YouMagicPro.LKA_tests.ContractBankAccountLettersInTextFieldTest" name="contractBankAccountLettersInTextFieldTest_C14995"/>
  <testcase time="15.138" classname="com.YouMagicPro.LKA_tests.ContractBankAccountOneInTextFieldTest" name="contractBankAccountOneInTextFieldTest_C14993"/>
  <testcase time="15.477" classname="com.YouMagicPro.LKA_tests.ContractBankAccountSymbolsInTextFieldTest" name="contractBankAccountSymbolsInTextFieldTest_C14997"/>
  <testcase time="15.038" classname="com.YouMagicPro.LKA_tests.ContractBankAccountTenInTextFieldTest" name="contractBankAccountTenInTextFieldTest_C14994"/>
  <testcase time="14.98" classname="com.YouMagicPro.LKA_tests.ContractBik1inTextFieldTest" name="contractBikTest1inTextField_C15022"/>
  <testcase time="15.116" classname="com.YouMagicPro.LKA_tests.ContractBikLettersAndNumbersInTextFieldTest" name="contractBikTest_C15025"/>
  <testcase time="15.096" classname="com.YouMagicPro.LKA_tests.ContractBikLettersInTextFieldTest" name="contractBikTestLettersInTextField_C15023"/>
  <testcase time="15.337" classname="com.YouMagicPro.LKA_tests.ContractBikSymbolsInTextFieldTest" name="contractBikSymbolsInTextFieldTest_C15026"/>
  <testcase time="12.118" classname="com.YouMagicPro.LKA_tests.ContractCheckDocumentTest" name="contractCheckDocumentTest_C14986"/>
  <testcase time="16.25" classname="com.YouMagicPro.LKA_tests.ContractCorAccount19NumbersTest" name="contractCorAccount19NumbersTest_C15005"/>
  <testcase time="15.171" classname="com.YouMagicPro.LKA_tests.ContractCorAccountLettersAndNumbersTextFieldTest" name="contractCorAccountTenInTextFieldTest_C15000"/>
  <testcase time="15.48" classname="com.YouMagicPro.LKA_tests.ContractCorAccountLettersInTextFieldTest" name="contractCorAccountLettersInTextFieldTest_C15001"/>
  <testcase time="15.492" classname="com.YouMagicPro.LKA_tests.ContractCorAccountOneInTextFieldTest" name="contractCorAccountOneInTextFieldTest_C14499"/>
  <testcase time="15.102" classname="com.YouMagicPro.LKA_tests.ContractCorAccountSymbolsInTextFieldTest" name="contractCorAccountSymbolsInTextFieldTest_C15003"/>
  <testcase time="8.801" classname="com.YouMagicPro.LKA_tests.ContractCorAccountTenInTextFieldTest" name="contractCorAccountTenInTextFieldTest_C15000">
    <failure message="Element is not clickable at point (868.5, 44). Other element would receive the click: &lt;div class=&quot;sl_head&quot;&gt;...&lt;/div&gt; (WARNING: The server did not provide any stacktrace information)
Command duration or timeout: 165 milliseconds
Build info: version: &apos;2.26.0&apos;, revision: &apos;18040&apos;, time: &apos;2012-11-02 09:44:45&apos;
System info: os.name: &apos;Windows 7&apos;, os.arch: &apos;amd64&apos;, os.version: &apos;6.1&apos;, java.version: &apos;1.7.0_09&apos;
Driver info: driver.version: RemoteWebDriver
Session ID: ab50733c0b10f19043721fe4475625af" type="org.openqa.selenium.WebDriverException">org.openqa.selenium.WebDriverException: Element is not clickable at point (868.5, 44). Other element would receive the click: &lt;div class=&quot;sl_head&quot;&gt;...&lt;/div&gt; (WARNING: The server did not provide any stacktrace information)
Command duration or timeout: 165 milliseconds
Build info: version: &apos;2.26.0&apos;, revision: &apos;18040&apos;, time: &apos;2012-11-02 09:44:45&apos;
System info: os.name: &apos;Windows 7&apos;, os.arch: &apos;amd64&apos;, os.version: &apos;6.1&apos;, java.version: &apos;1.7.0_09&apos;
Driver info: driver.version: RemoteWebDriver
Session ID: ab50733c0b10f19043721fe4475625af
	at sun.reflect.NativeConstructorAccessorImpl.newInstance0(Native Method)
	at sun.reflect.NativeConstructorAccessorImpl.newInstance(NativeConstructorAccessorImpl.java:57)
	at sun.reflect.DelegatingConstructorAccessorImpl.newInstance(DelegatingConstructorAccessorImpl.java:45)
	at java.lang.reflect.Constructor.newInstance(Constructor.java:525)
	at org.openqa.selenium.remote.ErrorHandler.createThrowable(ErrorHandler.java:188)
	at org.openqa.selenium.remote.ErrorHandler.throwIfResponseFailed(ErrorHandler.java:145)
	at org.openqa.selenium.remote.RemoteWebDriver.execute(RemoteWebDriver.java:531)
	at org.openqa.selenium.remote.RemoteWebElement.execute(RemoteWebElement.java:246)
	at org.openqa.selenium.remote.RemoteWebElement.click(RemoteWebElement.java:79)
	at com.YouMagicPro.LKA_tests.TestBase.waitContractPageToLoad(TestBase.java:173)
	at com.YouMagicPro.LKA_tests.ContractCorAccountTenInTextFieldTest.contractCorAccountTenInTextFieldTest_C15000(ContractCorAccountTenInTextFieldTest.java:8)
</failure>
  </testcase>
  <testcase time="12.318" classname="com.YouMagicPro.LKA_tests.ContractEndOfPageDataTest" name="contractEndOfPageDataTest_C15062"/>
  <testcase time="18.979" classname="com.YouMagicPro.LKA_tests.ContractFillInDataTest" name="fillInContractDataTest_C14998"/>
  <testcase time="14.177" classname="com.YouMagicPro.LKA_tests.ContractInn6NumbersInTextFieldTest" name="contractInn6NumbersInTextFieldTest_C15029"/>
  <testcase time="29.872" classname="com.YouMagicPro.LKA_tests.ContractInnChooseFormTest" name="contractInnChooseForm_C15047"/>
  <testcase time="14.425" classname="com.YouMagicPro.LKA_tests.ContractInnLettersInTextFieldTest" name="contractInnLettersInTextFieldTest_C15030"/>
  <testcase time="13.976" classname="com.YouMagicPro.LKA_tests.ContractInnOneInTextFieldTest" name="contractInnOneInTextFieldTest_C15028"/>
  <testcase time="14.144" classname="com.YouMagicPro.LKA_tests.ContractInnSymbolsInTextFieldTest" name="contractInnLettersInTextFieldTest_C15030"/>
  <testcase time="15.174" classname="com.YouMagicPro.LKA_tests.ContractKpp6NumbersInTextFieldTest" name="contractKppTest_C15049"/>
  <testcase time="14.894" classname="com.YouMagicPro.LKA_tests.ContractKppLettersAndNumbersTest" name="contractKppTest_C15054"/>
  <testcase time="15.24" classname="com.YouMagicPro.LKA_tests.ContractKppLettersTest" name="contractKppTest_C15050"/>
  <testcase time="14.899" classname="com.YouMagicPro.LKA_tests.ContractKppOneNumberInTextFieldTest" name="contractKppTest_C15048"/>
  <testcase time="15.001" classname="com.YouMagicPro.LKA_tests.ContractKppSymbolsTest" name="contractKppTest_C15051"/>
  <testcase time="14.874" classname="com.YouMagicPro.LKA_tests.ContractOgrn6NumbersInTextFieldTest" name="contractOgrn6NumbersInTextFieldTest_C15055"/>
  <testcase time="15.88" classname="com.YouMagicPro.LKA_tests.ContractOgrnLettersAndNumbersInTextFieldTest" name="contractOgrnLettersAndNumbersInTextFieldTest_C15057"/>
  <testcase time="15.697" classname="com.YouMagicPro.LKA_tests.ContractOgrnLettersInTextFieldTest" name="contractOgrnLettersInTextFieldTest_C15056"/>
  <testcase time="14.932" classname="com.YouMagicPro.LKA_tests.ContractOgrnOneNumberInTextFieldTest" name="contractOgrnOneNumberInTextFieldTest_C15053"/>
  <testcase time="15.044" classname="com.YouMagicPro.LKA_tests.ContractOgrnSymbolsTest" name="contractFillBankAccountTest"/>
  <testcase time="14.844" classname="com.YouMagicPro.LKA_tests.DetalizationPageTest" name="detalizationPageTest"/>
  <testcase time="9.109" classname="com.YouMagicPro.LKA_tests.DiscSpaceTest" name="discSpaceTest"/>
  <testcase time="17.842" classname="com.YouMagicPro.LKA_tests.EmployeesAddEmployeeTest" name="employeesEditProfileTest_C15253"/>
  <testcase time="14.062" classname="com.YouMagicPro.LKA_tests.EmployeesCheckInfoTest" name="employeesCheckInfoTest_C15252"/>
  <testcase time="18.226" classname="com.YouMagicPro.LKA_tests.EmployeesEditProfile2SymbolsInTextFieldTest" name="employeesEditProfile2SymbolsInTextFieldTest_C15253"/>
  <testcase time="17.761" classname="com.YouMagicPro.LKA_tests.EmployeesEditProfile3SymbolsInTextFieldTest" name="employeesEditProfile3SymbolsInTextFieldTest_C15256"/>
  <testcase time="23.052" classname="com.YouMagicPro.LKA_tests.EmployeesEditProfileFillInDataTest" name="employeesEditProfileFillInDataTest_C15253"/>
  <testcase time="17.482" classname="com.YouMagicPro.LKA_tests.EmployeesEditProfileTest" name="employeesEditProfileTest_C15253"/>
  <testcase time="11.231" classname="com.YouMagicPro.LKA_tests.ExpenseStructureAdditionalNumbersFeeTest" name="expenseStructureAdditionalNumbersFeeTest_C15096">
    <failure message="Element is not clickable at point (868.5, 44). Other element would receive the click: &lt;div class=&quot;sl_head&quot;&gt;...&lt;/div&gt; (WARNING: The server did not provide any stacktrace information)
Command duration or timeout: 136 milliseconds
Build info: version: &apos;2.26.0&apos;, revision: &apos;18040&apos;, time: &apos;2012-11-02 09:44:45&apos;
System info: os.name: &apos;Windows 7&apos;, os.arch: &apos;amd64&apos;, os.version: &apos;6.1&apos;, java.version: &apos;1.7.0_09&apos;
Driver info: driver.version: RemoteWebDriver
Session ID: afe284b7580b301f57eead624524c263" type="org.openqa.selenium.WebDriverException">org.openqa.selenium.WebDriverException: Element is not clickable at point (868.5, 44). Other element would receive the click: &lt;div class=&quot;sl_head&quot;&gt;...&lt;/div&gt; (WARNING: The server did not provide any stacktrace information)
Command duration or timeout: 136 milliseconds
Build info: version: &apos;2.26.0&apos;, revision: &apos;18040&apos;, time: &apos;2012-11-02 09:44:45&apos;
System info: os.name: &apos;Windows 7&apos;, os.arch: &apos;amd64&apos;, os.version: &apos;6.1&apos;, java.version: &apos;1.7.0_09&apos;
Driver info: driver.version: RemoteWebDriver
Session ID: afe284b7580b301f57eead624524c263
	at sun.reflect.NativeConstructorAccessorImpl.newInstance0(Native Method)
	at sun.reflect.NativeConstructorAccessorImpl.newInstance(NativeConstructorAccessorImpl.java:57)
	at sun.reflect.DelegatingConstructorAccessorImpl.newInstance(DelegatingConstructorAccessorImpl.java:45)
	at java.lang.reflect.Constructor.newInstance(Constructor.java:525)
	at org.openqa.selenium.remote.ErrorHandler.createThrowable(ErrorHandler.java:188)
	at org.openqa.selenium.remote.ErrorHandler.throwIfResponseFailed(ErrorHandler.java:145)
	at org.openqa.selenium.remote.RemoteWebDriver.execute(RemoteWebDriver.java:531)
	at org.openqa.selenium.remote.RemoteWebElement.execute(RemoteWebElement.java:246)
	at org.openqa.selenium.remote.RemoteWebElement.click(RemoteWebElement.java:79)
	at com.YouMagicPro.LKA_tests.TestBase.waitAdminPageToLoad(TestBase.java:146)
	at com.YouMagicPro.LKA_tests.ExpenseStructureAdditionalNumbersFeeTest.expenseStructureAdditionalNumbersFeeTest_C15096(ExpenseStructureAdditionalNumbersFeeTest.java:11)
</failure>
  </testcase>
  <testcase time="11.537" classname="com.YouMagicPro.LKA_tests.ExpenseStructureChooseAdditionalNumbersTest" name="expenseStructureChooseAdditionalNumbersTest_C15100"/>
  <testcase time="16.611" classname="com.YouMagicPro.LKA_tests.ExpenseStructureChooseIntNumbersPageTest" name="expenseStructureChooseIntNumbersPageTest_C15102"/>
  <testcase time="9.202" classname="com.YouMagicPro.LKA_tests.ExpenseStructureInternalNumbersFeeTest" name="expenseStructureInternalNumbersFeeTest_C15101"/>
  <testcase time="9.135" classname="com.YouMagicPro.LKA_tests.ExpenseStructureRentalFeeTest" name="expenseStructureRentalFeeTest_C15096"/>
  <testcase time="16.984" classname="com.YouMagicPro.LKA_tests.FaxPageTest" name="faxPageTest"/>
  <testcase time="17.391" classname="com.YouMagicPro.LKA_tests.FeedbackPageTest" name="feedbackPageTest"/>
  <testcase time="16.281" classname="com.YouMagicPro.LKA_tests.FilesFreeSpacePageTest" name="filesFreeSpaceTest"/>
  <testcase time="10.988" classname="com.YouMagicPro.LKA_tests.NotificationsCheckFieldsTest" name="notificationsCheckFieldsTest_C15141">
    <failure message="Element is not clickable at point (118.5, 506). Other element would receive the click: &lt;div class=&quot;snoska&quot;&gt;...&lt;/div&gt; (WARNING: The server did not provide any stacktrace information)
Command duration or timeout: 67 milliseconds
Build info: version: &apos;2.26.0&apos;, revision: &apos;18040&apos;, time: &apos;2012-11-02 09:44:45&apos;
System info: os.name: &apos;Windows 7&apos;, os.arch: &apos;amd64&apos;, os.version: &apos;6.1&apos;, java.version: &apos;1.7.0_09&apos;
Driver info: driver.version: RemoteWebDriver
Session ID: 736f97e3bda1591d5dc7ecc76cfe9986" type="org.openqa.selenium.WebDriverException">org.openqa.selenium.WebDriverException: Element is not clickable at point (118.5, 506). Other element would receive the click: &lt;div class=&quot;snoska&quot;&gt;...&lt;/div&gt; (WARNING: The server did not provide any stacktrace information)
Command duration or timeout: 67 milliseconds
Build info: version: &apos;2.26.0&apos;, revision: &apos;18040&apos;, time: &apos;2012-11-02 09:44:45&apos;
System info: os.name: &apos;Windows 7&apos;, os.arch: &apos;amd64&apos;, os.version: &apos;6.1&apos;, java.version: &apos;1.7.0_09&apos;
Driver info: driver.version: RemoteWebDriver
Session ID: 736f97e3bda1591d5dc7ecc76cfe9986
	at sun.reflect.NativeConstructorAccessorImpl.newInstance0(Native Method)
	at sun.reflect.NativeConstructorAccessorImpl.newInstance(NativeConstructorAccessorImpl.java:57)
	at sun.reflect.DelegatingConstructorAccessorImpl.newInstance(DelegatingConstructorAccessorImpl.java:45)
	at java.lang.reflect.Constructor.newInstance(Constructor.java:525)
	at org.openqa.selenium.remote.ErrorHandler.createThrowable(ErrorHandler.java:188)
	at org.openqa.selenium.remote.ErrorHandler.throwIfResponseFailed(ErrorHandler.java:145)
	at org.openqa.selenium.remote.RemoteWebDriver.execute(RemoteWebDriver.java:531)
	at org.openqa.selenium.remote.RemoteWebElement.execute(RemoteWebElement.java:246)
	at org.openqa.selenium.remote.RemoteWebElement.click(RemoteWebElement.java:79)
	at com.YouMagicPro.LKA_tests.NotificationsCheckFieldsTest.notificationsCheckFieldsTest_C15141(NotificationsCheckFieldsTest.java:20)
</failure>
  </testcase>
  <testcase time="10.426" classname="com.YouMagicPro.LKA_tests.OrderByEmailCancelButtonTest" name="orderByEmailCancelButtonTest_C15141"/>
  <testcase time="11.12" classname="com.YouMagicPro.LKA_tests.OrderByEmailChangeEmailTest" name="orderByEmailChangeEmailTest_C25653"/>
  <testcase time="10.984" classname="com.YouMagicPro.LKA_tests.OrderByEmailChangeNameTest" name="orderByEmailChangeNameTest_C25671"/>
  <testcase time="12.68" classname="com.YouMagicPro.LKA_tests.OrderByEmailOrderWithoutDocTypeCheckedTest" name="orderByEmailOrderWithoutDocTypeCheckedTest_C25656"/>
  <testcase time="10.982" classname="com.YouMagicPro.LKA_tests.OrderByPickUpCancelButtonTest" name="orderByPickUpCancelButtonTest_C25664"/>
  <testcase time="11.494" classname="com.YouMagicPro.LKA_tests.OrderByPickUpChangeNameTest" name="orderByPickUpChangeNameTest_C25668"/>
  <testcase time="11.048" classname="com.YouMagicPro.LKA_tests.OrderByPickUpChangePhoneTest" name="OrderByPickUpChangePhoneTest_C25666"/>
  <testcase time="12.762" classname="com.YouMagicPro.LKA_tests.OrderByPickUpOrderWithoutDocTypeCheckedTest" name="orderByPickUpOrderWithoutDocTypeCheckedTest_C25663"/>
  <testcase time="10.97" classname="com.YouMagicPro.LKA_tests.OrderDeliveryOfContractCancelButtonTest" name="orderDeliveryOfContractCancelButtonTest"/>
  <testcase time="10.918" classname="com.YouMagicPro.LKA_tests.OrderDeliveryOfContractDropdownListTest" name="expenseStructureTest"/>
  <testcase time="16.68" classname="com.YouMagicPro.LKA_tests.OrderToAdressCancelButtonClickTest" name="orderToAdressCancelButtonClickTest_C25675"/>
  <testcase time="11.041" classname="com.YouMagicPro.LKA_tests.OrderToAdressChangeNameTest" name="orderToAdressChangeNameTest_C25672"/>
  <testcase time="11.089" classname="com.YouMagicPro.LKA_tests.OrderToAdressChangePhoneTest" name="orderToAdressChangePhoneTest_C25677"/>
  <testcase time="13.04" classname="com.YouMagicPro.LKA_tests.OrderToAdressNoTextFieldFilledTest" name="OrderToAdressNoTextFieldFilledTest_C25679">
    <failure message="expected [На вашем балансе недостаточно денег для совершения данной операции. Пожалуйста, пополните счет.] but found [Вы находитесь в состоянии финансовой блокировки. Пожалуйста, пополните счет.]" type="java.lang.AssertionError">java.lang.AssertionError: expected [На вашем балансе недостаточно денег для совершения данной операции. Пожалуйста, пополните счет.] but found [Вы находитесь в состоянии финансовой блокировки. Пожалуйста, пополните счет.]
	at org.testng.Assert.fail(Assert.java:94)
	at org.testng.Assert.failNotEquals(Assert.java:494)
	at org.testng.Assert.assertEquals(Assert.java:123)
	at org.testng.Assert.assertEquals(Assert.java:165)
	at com.YouMagicPro.LKA_tests.TestBase.assertEquals(TestBase.java:51)
	at com.YouMagicPro.LKA_tests.OrderToAdressNoTextFieldFilledTest.OrderToAdressNoTextFieldFilledTest_C25679(OrderToAdressNoTextFieldFilledTest.java:18)
</failure>
  </testcase>
  <testcase time="14.438" classname="com.YouMagicPro.LKA_tests.PaymentsPageTest" name="soundFilesTest"/>
  <testcase time="20.375" classname="com.YouMagicPro.LKA_tests.SoundFilesPageTest" name="soundFilesTest"/>
  <testcase time="12.61" classname="com.YouMagicPro.LKA_tests.SupportPhoneTest" name="SupportPhoneTest_C25679"/>
</testsuite>