<?xml version="1.0" encoding="UTF-8" ?>
<testsuite failures="61" time="1,831.982" errors="0" skipped="0" tests="97" name="TestSuite">
  <properties>
[...]
</properties>
  <testcase time="55.537" classname="com.YouMagicPro.LKA_tests.AddAndDeleteMenusTest" name="addAndDeleteMenusTest">
    <failure message="" type="java.lang.AssertionError">java.lang.AssertionError: 
	at org.testng.AssertJUnit.fail(AssertJUnit.java:59)
	at org.testng.AssertJUnit.assertTrue(AssertJUnit.java:24)
	at org.testng.AssertJUnit.assertFalse(AssertJUnit.java:41)
	at org.testng.AssertJUnit.assertFalse(AssertJUnit.java:49)
	at com.YouMagicPro.LKA_tests.AddAndDeleteMenusTest.addAndDeleteMenusTest(AddAndDeleteMenusTest.java:34)
</failure>
  </testcase>
  <testcase time="25.791" classname="com.YouMagicPro.LKA_tests.VoiceFillNAmeTextFieldTest" name="voiceFillNAmeTextFieldTest_C15293">
    <failure message="expected [М1] but found [Меню]" type="java.lang.AssertionError">java.lang.AssertionError: expected [М1] but found [Меню]
	at org.testng.Assert.fail(Assert.java:94)
	at org.testng.Assert.failNotEquals(Assert.java:494)
	at org.testng.Assert.assertEquals(Assert.java:123)
	at org.testng.Assert.assertEquals(Assert.java:165)
	at com.YouMagicPro.LKA_tests.TestBase.assertEquals(TestBase.java:51)
	at com.YouMagicPro.LKA_tests.VoiceFillNAmeTextFieldTest.voiceFillNAmeTextFieldTest_C15293(VoiceFillNAmeTextFieldTest.java:32)
</failure>
  </testcase>
  <testcase time="24.789" classname="com.YouMagicPro.LKA_tests.AddAndDeleteNoticesTest" name="addAndDeleteNoticesTest"/>
  <testcase time="23.3" classname="com.YouMagicPro.LKA_tests.VoiceMailChooseSoundTest" name="voiceMailChooseSoundTest_C15294">
    <failure message="expected [М1] but found [Меню]" type="java.lang.AssertionError">java.lang.AssertionError: expected [М1] but found [Меню]
	at org.testng.Assert.fail(Assert.java:94)
	at org.testng.Assert.failNotEquals(Assert.java:494)
	at org.testng.Assert.assertEquals(Assert.java:123)
	at org.testng.Assert.assertEquals(Assert.java:165)
	at com.YouMagicPro.LKA_tests.TestBase.assertEquals(TestBase.java:51)
	at com.YouMagicPro.LKA_tests.VoiceMailChooseSoundTest.voiceMailChooseSoundTest_C15294(VoiceMailChooseSoundTest.java:40)
</failure>
  </testcase>
  <testcase time="14.64" classname="com.YouMagicPro.LKA_tests.AgreementOPFTest" name="addAndDeleteNoticesTest"/>
  <testcase time="3.056" classname="com.YouMagicPro.LKA_tests.VoiceMailEmptyNameTextFieldTest" name="voiceMailEmptyNameTextFieldTest_C19851">
    <failure message="Script execution failed. Script: $(&apos;.gradient_back, .gradient_back_two, .div_abs_for_ifr&apos;).css({ &apos;display&apos;: &apos;block&apos;  }); var atr_adm = $(&apos;.administrator&apos;).attr(&quot;href&quot;); $(&quot;.iframe_rega&quot;).attr({src: atr_adm}).css({ display: &quot;none&quot;});$(&quot;.iframe_rega&quot;).load(function () {$(&apos;.bLoginFormWrap_kn&apos;).css({&apos;display&apos;: &apos;block&apos;});$(this).css({ visibility: &quot;visible&quot;, display:&quot;block&quot; });});;
 $ is not defined (WARNING: The server did not provide any stacktrace information)
Command duration or timeout: 19 milliseconds
Build info: version: &apos;2.26.0&apos;, revision: &apos;18040&apos;, time: &apos;2012-11-02 09:44:45&apos;
System info: os.name: &apos;Windows 7&apos;, os.arch: &apos;amd64&apos;, os.version: &apos;6.1&apos;, java.version: &apos;1.7.0_09&apos;
Driver info: driver.version: RemoteWebDriver
Session ID: 7c29993d2c57d94efc589e5f1b98b8d8" type="org.openqa.selenium.WebDriverException">org.openqa.selenium.WebDriverException: Script execution failed. Script: $(&apos;.gradient_back, .gradient_back_two, .div_abs_for_ifr&apos;).css({ &apos;display&apos;: &apos;block&apos;  }); var atr_adm = $(&apos;.administrator&apos;).attr(&quot;href&quot;); $(&quot;.iframe_rega&quot;).attr({src: atr_adm}).css({ display: &quot;none&quot;});$(&quot;.iframe_rega&quot;).load(function () {$(&apos;.bLoginFormWrap_kn&apos;).css({&apos;display&apos;: &apos;block&apos;});$(this).css({ visibility: &quot;visible&quot;, display:&quot;block&quot; });});;
 $ is not defined (WARNING: The server did not provide any stacktrace information)
Command duration or timeout: 19 milliseconds
Build info: version: &apos;2.26.0&apos;, revision: &apos;18040&apos;, time: &apos;2012-11-02 09:44:45&apos;
System info: os.name: &apos;Windows 7&apos;, os.arch: &apos;amd64&apos;, os.version: &apos;6.1&apos;, java.version: &apos;1.7.0_09&apos;
Driver info: driver.version: RemoteWebDriver
Session ID: 7c29993d2c57d94efc589e5f1b98b8d8
	at sun.reflect.NativeConstructorAccessorImpl.newInstance0(Native Method)
	at sun.reflect.NativeConstructorAccessorImpl.newInstance(NativeConstructorAccessorImpl.java:57)
	at sun.reflect.DelegatingConstructorAccessorImpl.newInstance(DelegatingConstructorAccessorImpl.java:45)
	at java.lang.reflect.Constructor.newInstance(Constructor.java:525)
	at org.openqa.selenium.remote.ErrorHandler.createThrowable(ErrorHandler.java:188)
	at org.openqa.selenium.remote.ErrorHandler.throwIfResponseFailed(ErrorHandler.java:145)
	at org.openqa.selenium.remote.RemoteWebDriver.execute(RemoteWebDriver.java:531)
	at org.openqa.selenium.remote.RemoteWebDriver.executeScript(RemoteWebDriver.java:440)
	at com.YouMagicPro.LKA_tests.TestBase.waitAdminPageToLoad(TestBase.java:150)
	at com.YouMagicPro.LKA_tests.VoiceMailEmptyNameTextFieldTest.voiceMailEmptyNameTextFieldTest_C19851(VoiceMailEmptyNameTextFieldTest.java:10)
</failure>
  </testcase>
  <testcase time="2.894" classname="com.YouMagicPro.LKA_tests.Buying804NumberCategoriesOfNumbers" name="buying804NumberCategoriesOfNumbers_C25622">
    <failure message="Script execution failed. Script: $(&apos;.gradient_back, .gradient_back_two, .div_abs_for_ifr&apos;).css({ &apos;display&apos;: &apos;block&apos;  }); var atr_adm = $(&apos;.administrator&apos;).attr(&quot;href&quot;); $(&quot;.iframe_rega&quot;).attr({src: atr_adm}).css({ display: &quot;none&quot;});$(&quot;.iframe_rega&quot;).load(function () {$(&apos;.bLoginFormWrap_kn&apos;).css({&apos;display&apos;: &apos;block&apos;});$(this).css({ visibility: &quot;visible&quot;, display:&quot;block&quot; });});;
 $ is not defined (WARNING: The server did not provide any stacktrace information)
Command duration or timeout: 17 milliseconds
Build info: version: &apos;2.26.0&apos;, revision: &apos;18040&apos;, time: &apos;2012-11-02 09:44:45&apos;
System info: os.name: &apos;Windows 7&apos;, os.arch: &apos;amd64&apos;, os.version: &apos;6.1&apos;, java.version: &apos;1.7.0_09&apos;
Driver info: driver.version: RemoteWebDriver
Session ID: de42c09f0be18393749970cd3c19d465" type="org.openqa.selenium.WebDriverException">org.openqa.selenium.WebDriverException: Script execution failed. Script: $(&apos;.gradient_back, .gradient_back_two, .div_abs_for_ifr&apos;).css({ &apos;display&apos;: &apos;block&apos;  }); var atr_adm = $(&apos;.administrator&apos;).attr(&quot;href&quot;); $(&quot;.iframe_rega&quot;).attr({src: atr_adm}).css({ display: &quot;none&quot;});$(&quot;.iframe_rega&quot;).load(function () {$(&apos;.bLoginFormWrap_kn&apos;).css({&apos;display&apos;: &apos;block&apos;});$(this).css({ visibility: &quot;visible&quot;, display:&quot;block&quot; });});;
 $ is not defined (WARNING: The server did not provide any stacktrace information)
Command duration or timeout: 17 milliseconds
Build info: version: &apos;2.26.0&apos;, revision: &apos;18040&apos;, time: &apos;2012-11-02 09:44:45&apos;
System info: os.name: &apos;Windows 7&apos;, os.arch: &apos;amd64&apos;, os.version: &apos;6.1&apos;, java.version: &apos;1.7.0_09&apos;
Driver info: driver.version: RemoteWebDriver
Session ID: de42c09f0be18393749970cd3c19d465
	at sun.reflect.NativeConstructorAccessorImpl.newInstance0(Native Method)
	at sun.reflect.NativeConstructorAccessorImpl.newInstance(NativeConstructorAccessorImpl.java:57)
	at sun.reflect.DelegatingConstructorAccessorImpl.newInstance(DelegatingConstructorAccessorImpl.java:45)
	at java.lang.reflect.Constructor.newInstance(Constructor.java:525)
	at org.openqa.selenium.remote.ErrorHandler.createThrowable(ErrorHandler.java:188)
	at org.openqa.selenium.remote.ErrorHandler.throwIfResponseFailed(ErrorHandler.java:145)
	at org.openqa.selenium.remote.RemoteWebDriver.execute(RemoteWebDriver.java:531)
	at org.openqa.selenium.remote.RemoteWebDriver.executeScript(RemoteWebDriver.java:440)
	at com.YouMagicPro.LKA_tests.TestBase.waitAdminPageToLoad(TestBase.java:150)
	at com.YouMagicPro.LKA_tests.Buying804NumberCategoriesOfNumbers.buying804NumberCategoriesOfNumbers_C25622(Buying804NumberCategoriesOfNumbers.java:11)
</failure>
  </testcase>
  <testcase time="3.265" classname="com.YouMagicPro.LKA_tests.VoiceMailPageTest" name="voiceMailTest">
    <failure message="ERROR: Element css=a.bPopup__eClose.instructions-close not found" type="com.thoughtworks.selenium.SeleniumException">com.thoughtworks.selenium.SeleniumException: ERROR: Element css=a.bPopup__eClose.instructions-close not found
	at com.thoughtworks.selenium.HttpCommandProcessor.throwAssertionFailureExceptionOrError(HttpCommandProcessor.java:112)
	at com.thoughtworks.selenium.HttpCommandProcessor.doCommand(HttpCommandProcessor.java:106)
	at com.thoughtworks.selenium.DefaultSelenium.click(DefaultSelenium.java:193)
	at com.YouMagicPro.LKA_tests.VoiceMailPageTest.voiceMailTest(VoiceMailPageTest.java:19)
</failure>
  </testcase>
  <testcase time="2.793" classname="com.YouMagicPro.LKA_tests.Buying804NumberCostOfNumberTest" name="buying804NumberCostOfNumberTest_C25623">
    <failure message="Script execution failed. Script: $(&apos;.gradient_back, .gradient_back_two, .div_abs_for_ifr&apos;).css({ &apos;display&apos;: &apos;block&apos;  }); var atr_adm = $(&apos;.administrator&apos;).attr(&quot;href&quot;); $(&quot;.iframe_rega&quot;).attr({src: atr_adm}).css({ display: &quot;none&quot;});$(&quot;.iframe_rega&quot;).load(function () {$(&apos;.bLoginFormWrap_kn&apos;).css({&apos;display&apos;: &apos;block&apos;});$(this).css({ visibility: &quot;visible&quot;, display:&quot;block&quot; });});;
 $ is not defined (WARNING: The server did not provide any stacktrace information)
Command duration or timeout: 17 milliseconds
Build info: version: &apos;2.26.0&apos;, revision: &apos;18040&apos;, time: &apos;2012-11-02 09:44:45&apos;
System info: os.name: &apos;Windows 7&apos;, os.arch: &apos;amd64&apos;, os.version: &apos;6.1&apos;, java.version: &apos;1.7.0_09&apos;
Driver info: driver.version: RemoteWebDriver
Session ID: 6fb9be30f7b001191c5cc32d0e375260" type="org.openqa.selenium.WebDriverException">org.openqa.selenium.WebDriverException: Script execution failed. Script: $(&apos;.gradient_back, .gradient_back_two, .div_abs_for_ifr&apos;).css({ &apos;display&apos;: &apos;block&apos;  }); var atr_adm = $(&apos;.administrator&apos;).attr(&quot;href&quot;); $(&quot;.iframe_rega&quot;).attr({src: atr_adm}).css({ display: &quot;none&quot;});$(&quot;.iframe_rega&quot;).load(function () {$(&apos;.bLoginFormWrap_kn&apos;).css({&apos;display&apos;: &apos;block&apos;});$(this).css({ visibility: &quot;visible&quot;, display:&quot;block&quot; });});;
 $ is not defined (WARNING: The server did not provide any stacktrace information)
Command duration or timeout: 17 milliseconds
Build info: version: &apos;2.26.0&apos;, revision: &apos;18040&apos;, time: &apos;2012-11-02 09:44:45&apos;
System info: os.name: &apos;Windows 7&apos;, os.arch: &apos;amd64&apos;, os.version: &apos;6.1&apos;, java.version: &apos;1.7.0_09&apos;
Driver info: driver.version: RemoteWebDriver
Session ID: 6fb9be30f7b001191c5cc32d0e375260
	at sun.reflect.NativeConstructorAccessorImpl.newInstance0(Native Method)
	at sun.reflect.NativeConstructorAccessorImpl.newInstance(NativeConstructorAccessorImpl.java:57)
	at sun.reflect.DelegatingConstructorAccessorImpl.newInstance(DelegatingConstructorAccessorImpl.java:45)
	at java.lang.reflect.Constructor.newInstance(Constructor.java:525)
	at org.openqa.selenium.remote.ErrorHandler.createThrowable(ErrorHandler.java:188)
	at org.openqa.selenium.remote.ErrorHandler.throwIfResponseFailed(ErrorHandler.java:145)
	at org.openqa.selenium.remote.RemoteWebDriver.execute(RemoteWebDriver.java:531)
	at org.openqa.selenium.remote.RemoteWebDriver.executeScript(RemoteWebDriver.java:440)
	at com.YouMagicPro.LKA_tests.TestBase.waitAdminPageToLoad(TestBase.java:150)
	at com.YouMagicPro.LKA_tests.Buying804NumberCostOfNumberTest.buying804NumberCostOfNumberTest_C25623(Buying804NumberCostOfNumberTest.java:11)
</failure>
  </testcase>
  <testcase time="2.91" classname="com.YouMagicPro.LKA_tests.VoiceMenuAddTest" name="voiceMenuAddTest_C15292">
    <failure message="Script execution failed. Script: $(&apos;.gradient_back, .gradient_back_two, .div_abs_for_ifr&apos;).css({ &apos;display&apos;: &apos;block&apos;  }); var atr_adm = $(&apos;.administrator&apos;).attr(&quot;href&quot;); $(&quot;.iframe_rega&quot;).attr({src: atr_adm}).css({ display: &quot;none&quot;});$(&quot;.iframe_rega&quot;).load(function () {$(&apos;.bLoginFormWrap_kn&apos;).css({&apos;display&apos;: &apos;block&apos;});$(this).css({ visibility: &quot;visible&quot;, display:&quot;block&quot; });});;
 $ is not defined (WARNING: The server did not provide any stacktrace information)
Command duration or timeout: 20 milliseconds
Build info: version: &apos;2.26.0&apos;, revision: &apos;18040&apos;, time: &apos;2012-11-02 09:44:45&apos;
System info: os.name: &apos;Windows 7&apos;, os.arch: &apos;amd64&apos;, os.version: &apos;6.1&apos;, java.version: &apos;1.7.0_09&apos;
Driver info: driver.version: RemoteWebDriver
Session ID: 9e51695b35ebec2ebf6aec01bd8126fc" type="org.openqa.selenium.WebDriverException">org.openqa.selenium.WebDriverException: Script execution failed. Script: $(&apos;.gradient_back, .gradient_back_two, .div_abs_for_ifr&apos;).css({ &apos;display&apos;: &apos;block&apos;  }); var atr_adm = $(&apos;.administrator&apos;).attr(&quot;href&quot;); $(&quot;.iframe_rega&quot;).attr({src: atr_adm}).css({ display: &quot;none&quot;});$(&quot;.iframe_rega&quot;).load(function () {$(&apos;.bLoginFormWrap_kn&apos;).css({&apos;display&apos;: &apos;block&apos;});$(this).css({ visibility: &quot;visible&quot;, display:&quot;block&quot; });});;
 $ is not defined (WARNING: The server did not provide any stacktrace information)
Command duration or timeout: 20 milliseconds
Build info: version: &apos;2.26.0&apos;, revision: &apos;18040&apos;, time: &apos;2012-11-02 09:44:45&apos;
System info: os.name: &apos;Windows 7&apos;, os.arch: &apos;amd64&apos;, os.version: &apos;6.1&apos;, java.version: &apos;1.7.0_09&apos;
Driver info: driver.version: RemoteWebDriver
Session ID: 9e51695b35ebec2ebf6aec01bd8126fc
	at sun.reflect.NativeConstructorAccessorImpl.newInstance0(Native Method)
	at sun.reflect.NativeConstructorAccessorImpl.newInstance(NativeConstructorAccessorImpl.java:57)
	at sun.reflect.DelegatingConstructorAccessorImpl.newInstance(DelegatingConstructorAccessorImpl.java:45)
	at java.lang.reflect.Constructor.newInstance(Constructor.java:525)
	at org.openqa.selenium.remote.ErrorHandler.createThrowable(ErrorHandler.java:188)
	at org.openqa.selenium.remote.ErrorHandler.throwIfResponseFailed(ErrorHandler.java:145)
	at org.openqa.selenium.remote.RemoteWebDriver.execute(RemoteWebDriver.java:531)
	at org.openqa.selenium.remote.RemoteWebDriver.executeScript(RemoteWebDriver.java:440)
	at com.YouMagicPro.LKA_tests.TestBase.waitAdminPageToLoad(TestBase.java:150)
	at com.YouMagicPro.LKA_tests.VoiceMenuAddTest.voiceMenuAddTest_C15292(VoiceMenuAddTest.java:10)
</failure>
  </testcase>
  <testcase time="2.918" classname="com.YouMagicPro.LKA_tests.BuyingAdditionalInternalNumberCheckCost" name="buyingAdditionalInternalNumberCheckCost_C15113">
    <failure message="Script execution failed. Script: $(&apos;.gradient_back, .gradient_back_two, .div_abs_for_ifr&apos;).css({ &apos;display&apos;: &apos;block&apos;  }); var atr_adm = $(&apos;.administrator&apos;).attr(&quot;href&quot;); $(&quot;.iframe_rega&quot;).attr({src: atr_adm}).css({ display: &quot;none&quot;});$(&quot;.iframe_rega&quot;).load(function () {$(&apos;.bLoginFormWrap_kn&apos;).css({&apos;display&apos;: &apos;block&apos;});$(this).css({ visibility: &quot;visible&quot;, display:&quot;block&quot; });});;
 $ is not defined (WARNING: The server did not provide any stacktrace information)
Command duration or timeout: 22 milliseconds
Build info: version: &apos;2.26.0&apos;, revision: &apos;18040&apos;, time: &apos;2012-11-02 09:44:45&apos;
System info: os.name: &apos;Windows 7&apos;, os.arch: &apos;amd64&apos;, os.version: &apos;6.1&apos;, java.version: &apos;1.7.0_09&apos;
Driver info: driver.version: RemoteWebDriver
Session ID: 437f229a38241a7a46665b4570ede0af" type="org.openqa.selenium.WebDriverException">org.openqa.selenium.WebDriverException: Script execution failed. Script: $(&apos;.gradient_back, .gradient_back_two, .div_abs_for_ifr&apos;).css({ &apos;display&apos;: &apos;block&apos;  }); var atr_adm = $(&apos;.administrator&apos;).attr(&quot;href&quot;); $(&quot;.iframe_rega&quot;).attr({src: atr_adm}).css({ display: &quot;none&quot;});$(&quot;.iframe_rega&quot;).load(function () {$(&apos;.bLoginFormWrap_kn&apos;).css({&apos;display&apos;: &apos;block&apos;});$(this).css({ visibility: &quot;visible&quot;, display:&quot;block&quot; });});;
 $ is not defined (WARNING: The server did not provide any stacktrace information)
Command duration or timeout: 22 milliseconds
Build info: version: &apos;2.26.0&apos;, revision: &apos;18040&apos;, time: &apos;2012-11-02 09:44:45&apos;
System info: os.name: &apos;Windows 7&apos;, os.arch: &apos;amd64&apos;, os.version: &apos;6.1&apos;, java.version: &apos;1.7.0_09&apos;
Driver info: driver.version: RemoteWebDriver
Session ID: 437f229a38241a7a46665b4570ede0af
	at sun.reflect.NativeConstructorAccessorImpl.newInstance0(Native Method)
	at sun.reflect.NativeConstructorAccessorImpl.newInstance(NativeConstructorAccessorImpl.java:57)
	at sun.reflect.DelegatingConstructorAccessorImpl.newInstance(DelegatingConstructorAccessorImpl.java:45)
	at java.lang.reflect.Constructor.newInstance(Constructor.java:525)
	at org.openqa.selenium.remote.ErrorHandler.createThrowable(ErrorHandler.java:188)
	at org.openqa.selenium.remote.ErrorHandler.throwIfResponseFailed(ErrorHandler.java:145)
	at org.openqa.selenium.remote.RemoteWebDriver.execute(RemoteWebDriver.java:531)
	at org.openqa.selenium.remote.RemoteWebDriver.executeScript(RemoteWebDriver.java:440)
	at com.YouMagicPro.LKA_tests.TestBase.waitAdminPageToLoad(TestBase.java:150)
	at com.YouMagicPro.LKA_tests.BuyingAdditionalInternalNumberCheckCost.buyingAdditionalInternalNumberCheckCost_C15113(BuyingAdditionalInternalNumberCheckCost.java:11)
</failure>
  </testcase>
  <testcase time="2.894" classname="com.YouMagicPro.LKA_tests.VoiceMenuChooseSoundTest" name="voiceMailChooseSoundTest_C15294">
    <failure message="Script execution failed. Script: $(&apos;.gradient_back, .gradient_back_two, .div_abs_for_ifr&apos;).css({ &apos;display&apos;: &apos;block&apos;  }); var atr_adm = $(&apos;.administrator&apos;).attr(&quot;href&quot;); $(&quot;.iframe_rega&quot;).attr({src: atr_adm}).css({ display: &quot;none&quot;});$(&quot;.iframe_rega&quot;).load(function () {$(&apos;.bLoginFormWrap_kn&apos;).css({&apos;display&apos;: &apos;block&apos;});$(this).css({ visibility: &quot;visible&quot;, display:&quot;block&quot; });});;
 $ is not defined (WARNING: The server did not provide any stacktrace information)
Command duration or timeout: 18 milliseconds
Build info: version: &apos;2.26.0&apos;, revision: &apos;18040&apos;, time: &apos;2012-11-02 09:44:45&apos;
System info: os.name: &apos;Windows 7&apos;, os.arch: &apos;amd64&apos;, os.version: &apos;6.1&apos;, java.version: &apos;1.7.0_09&apos;
Driver info: driver.version: RemoteWebDriver
Session ID: a77c5e428b201c1d66d824497d59735f" type="org.openqa.selenium.WebDriverException">org.openqa.selenium.WebDriverException: Script execution failed. Script: $(&apos;.gradient_back, .gradient_back_two, .div_abs_for_ifr&apos;).css({ &apos;display&apos;: &apos;block&apos;  }); var atr_adm = $(&apos;.administrator&apos;).attr(&quot;href&quot;); $(&quot;.iframe_rega&quot;).attr({src: atr_adm}).css({ display: &quot;none&quot;});$(&quot;.iframe_rega&quot;).load(function () {$(&apos;.bLoginFormWrap_kn&apos;).css({&apos;display&apos;: &apos;block&apos;});$(this).css({ visibility: &quot;visible&quot;, display:&quot;block&quot; });});;
 $ is not defined (WARNING: The server did not provide any stacktrace information)
Command duration or timeout: 18 milliseconds
Build info: version: &apos;2.26.0&apos;, revision: &apos;18040&apos;, time: &apos;2012-11-02 09:44:45&apos;
System info: os.name: &apos;Windows 7&apos;, os.arch: &apos;amd64&apos;, os.version: &apos;6.1&apos;, java.version: &apos;1.7.0_09&apos;
Driver info: driver.version: RemoteWebDriver
Session ID: a77c5e428b201c1d66d824497d59735f
	at sun.reflect.NativeConstructorAccessorImpl.newInstance0(Native Method)
	at sun.reflect.NativeConstructorAccessorImpl.newInstance(NativeConstructorAccessorImpl.java:57)
	at sun.reflect.DelegatingConstructorAccessorImpl.newInstance(DelegatingConstructorAccessorImpl.java:45)
	at java.lang.reflect.Constructor.newInstance(Constructor.java:525)
	at org.openqa.selenium.remote.ErrorHandler.createThrowable(ErrorHandler.java:188)
	at org.openqa.selenium.remote.ErrorHandler.throwIfResponseFailed(ErrorHandler.java:145)
	at org.openqa.selenium.remote.RemoteWebDriver.execute(RemoteWebDriver.java:531)
	at org.openqa.selenium.remote.RemoteWebDriver.executeScript(RemoteWebDriver.java:440)
	at com.YouMagicPro.LKA_tests.TestBase.waitAdminPageToLoad(TestBase.java:150)
	at com.YouMagicPro.LKA_tests.VoiceMenuChooseSoundTest.voiceMailChooseSoundTest_C15294(VoiceMenuChooseSoundTest.java:10)
</failure>
  </testcase>
  <testcase time="2.955" classname="com.YouMagicPro.LKA_tests.BuyingAdditionalInternalNumberTextFieldTest" name="buyingAdditionalInternalNumberTextFieldTest_C15112">
    <failure message="Script execution failed. Script: $(&apos;.gradient_back, .gradient_back_two, .div_abs_for_ifr&apos;).css({ &apos;display&apos;: &apos;block&apos;  }); var atr_adm = $(&apos;.administrator&apos;).attr(&quot;href&quot;); $(&quot;.iframe_rega&quot;).attr({src: atr_adm}).css({ display: &quot;none&quot;});$(&quot;.iframe_rega&quot;).load(function () {$(&apos;.bLoginFormWrap_kn&apos;).css({&apos;display&apos;: &apos;block&apos;});$(this).css({ visibility: &quot;visible&quot;, display:&quot;block&quot; });});;
 $ is not defined (WARNING: The server did not provide any stacktrace information)
Command duration or timeout: 17 milliseconds
Build info: version: &apos;2.26.0&apos;, revision: &apos;18040&apos;, time: &apos;2012-11-02 09:44:45&apos;
System info: os.name: &apos;Windows 7&apos;, os.arch: &apos;amd64&apos;, os.version: &apos;6.1&apos;, java.version: &apos;1.7.0_09&apos;
Driver info: driver.version: RemoteWebDriver
Session ID: ad63e4c3dd973a5e3808750aaf8becbf" type="org.openqa.selenium.WebDriverException">org.openqa.selenium.WebDriverException: Script execution failed. Script: $(&apos;.gradient_back, .gradient_back_two, .div_abs_for_ifr&apos;).css({ &apos;display&apos;: &apos;block&apos;  }); var atr_adm = $(&apos;.administrator&apos;).attr(&quot;href&quot;); $(&quot;.iframe_rega&quot;).attr({src: atr_adm}).css({ display: &quot;none&quot;});$(&quot;.iframe_rega&quot;).load(function () {$(&apos;.bLoginFormWrap_kn&apos;).css({&apos;display&apos;: &apos;block&apos;});$(this).css({ visibility: &quot;visible&quot;, display:&quot;block&quot; });});;
 $ is not defined (WARNING: The server did not provide any stacktrace information)
Command duration or timeout: 17 milliseconds
Build info: version: &apos;2.26.0&apos;, revision: &apos;18040&apos;, time: &apos;2012-11-02 09:44:45&apos;
System info: os.name: &apos;Windows 7&apos;, os.arch: &apos;amd64&apos;, os.version: &apos;6.1&apos;, java.version: &apos;1.7.0_09&apos;
Driver info: driver.version: RemoteWebDriver
Session ID: ad63e4c3dd973a5e3808750aaf8becbf
	at sun.reflect.NativeConstructorAccessorImpl.newInstance0(Native Method)
	at sun.reflect.NativeConstructorAccessorImpl.newInstance(NativeConstructorAccessorImpl.java:57)
	at sun.reflect.DelegatingConstructorAccessorImpl.newInstance(DelegatingConstructorAccessorImpl.java:45)
	at java.lang.reflect.Constructor.newInstance(Constructor.java:525)
	at org.openqa.selenium.remote.ErrorHandler.createThrowable(ErrorHandler.java:188)
	at org.openqa.selenium.remote.ErrorHandler.throwIfResponseFailed(ErrorHandler.java:145)
	at org.openqa.selenium.remote.RemoteWebDriver.execute(RemoteWebDriver.java:531)
	at org.openqa.selenium.remote.RemoteWebDriver.executeScript(RemoteWebDriver.java:440)
	at com.YouMagicPro.LKA_tests.TestBase.waitAdminPageToLoad(TestBase.java:150)
	at com.YouMagicPro.LKA_tests.BuyingAdditionalInternalNumberTextFieldTest.buyingAdditionalInternalNumberTextFieldTest_C15112(BuyingAdditionalInternalNumberTextFieldTest.java:11)
</failure>
  </testcase>
  <testcase time="22.54" classname="com.YouMagicPro.LKA_tests.VoiceMenuEmptyNameTextFieldTest" name="voiceMailEmptyNameTextFieldTest_C19851"/>
  <testcase time="17.441" classname="com.YouMagicPro.LKA_tests.BuyingAdditionalNumberChooseCityFromList" name="buyingAdditionalNumberChooseCityFromList_C15103">
    <failure message="Element is not clickable at point (-104, 176.5) (WARNING: The server did not provide any stacktrace information)
Command duration or timeout: 158 milliseconds
Build info: version: &apos;2.26.0&apos;, revision: &apos;18040&apos;, time: &apos;2012-11-02 09:44:45&apos;
System info: os.name: &apos;Windows 7&apos;, os.arch: &apos;amd64&apos;, os.version: &apos;6.1&apos;, java.version: &apos;1.7.0_09&apos;
Driver info: driver.version: RemoteWebDriver
Session ID: 3ea1181522dc24aa8ab5e4b0ddaf9c9b" type="org.openqa.selenium.WebDriverException">org.openqa.selenium.WebDriverException: Element is not clickable at point (-104, 176.5) (WARNING: The server did not provide any stacktrace information)
Command duration or timeout: 158 milliseconds
Build info: version: &apos;2.26.0&apos;, revision: &apos;18040&apos;, time: &apos;2012-11-02 09:44:45&apos;
System info: os.name: &apos;Windows 7&apos;, os.arch: &apos;amd64&apos;, os.version: &apos;6.1&apos;, java.version: &apos;1.7.0_09&apos;
Driver info: driver.version: RemoteWebDriver
Session ID: 3ea1181522dc24aa8ab5e4b0ddaf9c9b
	at sun.reflect.NativeConstructorAccessorImpl.newInstance0(Native Method)
	at sun.reflect.NativeConstructorAccessorImpl.newInstance(NativeConstructorAccessorImpl.java:57)
	at sun.reflect.DelegatingConstructorAccessorImpl.newInstance(DelegatingConstructorAccessorImpl.java:45)
	at java.lang.reflect.Constructor.newInstance(Constructor.java:525)
	at org.openqa.selenium.remote.ErrorHandler.createThrowable(ErrorHandler.java:188)
	at org.openqa.selenium.remote.ErrorHandler.throwIfResponseFailed(ErrorHandler.java:145)
	at org.openqa.selenium.remote.RemoteWebDriver.execute(RemoteWebDriver.java:531)
	at org.openqa.selenium.remote.RemoteWebElement.execute(RemoteWebElement.java:246)
	at org.openqa.selenium.remote.RemoteWebElement.click(RemoteWebElement.java:79)
	at com.YouMagicPro.LKA_tests.BuyingAdditionalNumberChooseCityFromList.buyingAdditionalNumberChooseCityFromList_C15103(BuyingAdditionalNumberChooseCityFromList.java:16)
</failure>
  </testcase>
  <testcase time="2.862" classname="com.YouMagicPro.LKA_tests.VoiceMenuFillNAmeTextFieldTest" name="voiceFillNAmeTextFieldTest_C15293">
    <failure message="Script execution failed. Script: $(&apos;.gradient_back, .gradient_back_two, .div_abs_for_ifr&apos;).css({ &apos;display&apos;: &apos;block&apos;  }); var atr_adm = $(&apos;.administrator&apos;).attr(&quot;href&quot;); $(&quot;.iframe_rega&quot;).attr({src: atr_adm}).css({ display: &quot;none&quot;});$(&quot;.iframe_rega&quot;).load(function () {$(&apos;.bLoginFormWrap_kn&apos;).css({&apos;display&apos;: &apos;block&apos;});$(this).css({ visibility: &quot;visible&quot;, display:&quot;block&quot; });});;
 $ is not defined (WARNING: The server did not provide any stacktrace information)
Command duration or timeout: 19 milliseconds
Build info: version: &apos;2.26.0&apos;, revision: &apos;18040&apos;, time: &apos;2012-11-02 09:44:45&apos;
System info: os.name: &apos;Windows 7&apos;, os.arch: &apos;amd64&apos;, os.version: &apos;6.1&apos;, java.version: &apos;1.7.0_09&apos;
Driver info: driver.version: RemoteWebDriver
Session ID: 40a6fe80d860524419d38bc6994bacc1" type="org.openqa.selenium.WebDriverException">org.openqa.selenium.WebDriverException: Script execution failed. Script: $(&apos;.gradient_back, .gradient_back_two, .div_abs_for_ifr&apos;).css({ &apos;display&apos;: &apos;block&apos;  }); var atr_adm = $(&apos;.administrator&apos;).attr(&quot;href&quot;); $(&quot;.iframe_rega&quot;).attr({src: atr_adm}).css({ display: &quot;none&quot;});$(&quot;.iframe_rega&quot;).load(function () {$(&apos;.bLoginFormWrap_kn&apos;).css({&apos;display&apos;: &apos;block&apos;});$(this).css({ visibility: &quot;visible&quot;, display:&quot;block&quot; });});;
 $ is not defined (WARNING: The server did not provide any stacktrace information)
Command duration or timeout: 19 milliseconds
Build info: version: &apos;2.26.0&apos;, revision: &apos;18040&apos;, time: &apos;2012-11-02 09:44:45&apos;
System info: os.name: &apos;Windows 7&apos;, os.arch: &apos;amd64&apos;, os.version: &apos;6.1&apos;, java.version: &apos;1.7.0_09&apos;
Driver info: driver.version: RemoteWebDriver
Session ID: 40a6fe80d860524419d38bc6994bacc1
	at sun.reflect.NativeConstructorAccessorImpl.newInstance0(Native Method)
	at sun.reflect.NativeConstructorAccessorImpl.newInstance(NativeConstructorAccessorImpl.java:57)
	at sun.reflect.DelegatingConstructorAccessorImpl.newInstance(DelegatingConstructorAccessorImpl.java:45)
	at java.lang.reflect.Constructor.newInstance(Constructor.java:525)
	at org.openqa.selenium.remote.ErrorHandler.createThrowable(ErrorHandler.java:188)
	at org.openqa.selenium.remote.ErrorHandler.throwIfResponseFailed(ErrorHandler.java:145)
	at org.openqa.selenium.remote.RemoteWebDriver.execute(RemoteWebDriver.java:531)
	at org.openqa.selenium.remote.RemoteWebDriver.executeScript(RemoteWebDriver.java:440)
	at com.YouMagicPro.LKA_tests.TestBase.waitAdminPageToLoad(TestBase.java:150)
	at com.YouMagicPro.LKA_tests.VoiceMenuFillNAmeTextFieldTest.voiceFillNAmeTextFieldTest_C15293(VoiceMenuFillNAmeTextFieldTest.java:10)
</failure>
  </testcase>
  <testcase time="23.116" classname="com.YouMagicPro.LKA_tests.BuyingAdditionalNumberChooseNumberCategories" name="BuyingAdditionalNumberChooseNumberCategories_C15105"/>
  <testcase time="19.821" classname="com.YouMagicPro.LKA_tests.YourNumbersTest" name="yourNumbersTest">
    <failure message="" type="java.lang.AssertionError">java.lang.AssertionError: 
	at org.testng.AssertJUnit.fail(AssertJUnit.java:59)
	at org.testng.AssertJUnit.assertTrue(AssertJUnit.java:24)
	at org.testng.AssertJUnit.assertTrue(AssertJUnit.java:33)
	at com.YouMagicPro.LKA_tests.YourNumbersTest.yourNumbersTest(YourNumbersTest.java:18)
</failure>
  </testcase>
  <testcase time="2.838" classname="com.YouMagicPro.LKA_tests.BuyingAdditionalNumberChooseNumbersFromList" name="BuyingAdditionalNumberChooseNumbersFromList_C15106">
    <failure message="Script execution failed. Script: $(&apos;.gradient_back, .gradient_back_two, .div_abs_for_ifr&apos;).css({ &apos;display&apos;: &apos;block&apos;  }); var atr_adm = $(&apos;.administrator&apos;).attr(&quot;href&quot;); $(&quot;.iframe_rega&quot;).attr({src: atr_adm}).css({ display: &quot;none&quot;});$(&quot;.iframe_rega&quot;).load(function () {$(&apos;.bLoginFormWrap_kn&apos;).css({&apos;display&apos;: &apos;block&apos;});$(this).css({ visibility: &quot;visible&quot;, display:&quot;block&quot; });});;
 $ is not defined (WARNING: The server did not provide any stacktrace information)
Command duration or timeout: 19 milliseconds
Build info: version: &apos;2.26.0&apos;, revision: &apos;18040&apos;, time: &apos;2012-11-02 09:44:45&apos;
System info: os.name: &apos;Windows 7&apos;, os.arch: &apos;amd64&apos;, os.version: &apos;6.1&apos;, java.version: &apos;1.7.0_09&apos;
Driver info: driver.version: RemoteWebDriver
Session ID: 134bb65a149294ebe705807439278184" type="org.openqa.selenium.WebDriverException">org.openqa.selenium.WebDriverException: Script execution failed. Script: $(&apos;.gradient_back, .gradient_back_two, .div_abs_for_ifr&apos;).css({ &apos;display&apos;: &apos;block&apos;  }); var atr_adm = $(&apos;.administrator&apos;).attr(&quot;href&quot;); $(&quot;.iframe_rega&quot;).attr({src: atr_adm}).css({ display: &quot;none&quot;});$(&quot;.iframe_rega&quot;).load(function () {$(&apos;.bLoginFormWrap_kn&apos;).css({&apos;display&apos;: &apos;block&apos;});$(this).css({ visibility: &quot;visible&quot;, display:&quot;block&quot; });});;
 $ is not defined (WARNING: The server did not provide any stacktrace information)
Command duration or timeout: 19 milliseconds
Build info: version: &apos;2.26.0&apos;, revision: &apos;18040&apos;, time: &apos;2012-11-02 09:44:45&apos;
System info: os.name: &apos;Windows 7&apos;, os.arch: &apos;amd64&apos;, os.version: &apos;6.1&apos;, java.version: &apos;1.7.0_09&apos;
Driver info: driver.version: RemoteWebDriver
Session ID: 134bb65a149294ebe705807439278184
	at sun.reflect.NativeConstructorAccessorImpl.newInstance0(Native Method)
	at sun.reflect.NativeConstructorAccessorImpl.newInstance(NativeConstructorAccessorImpl.java:57)
	at sun.reflect.DelegatingConstructorAccessorImpl.newInstance(DelegatingConstructorAccessorImpl.java:45)
	at java.lang.reflect.Constructor.newInstance(Constructor.java:525)
	at org.openqa.selenium.remote.ErrorHandler.createThrowable(ErrorHandler.java:188)
	at org.openqa.selenium.remote.ErrorHandler.throwIfResponseFailed(ErrorHandler.java:145)
	at org.openqa.selenium.remote.RemoteWebDriver.execute(RemoteWebDriver.java:531)
	at org.openqa.selenium.remote.RemoteWebDriver.executeScript(RemoteWebDriver.java:440)
	at com.YouMagicPro.LKA_tests.TestBase.waitAdminPageToLoad(TestBase.java:150)
	at com.YouMagicPro.LKA_tests.BuyingAdditionalNumberChooseNumbersFromList.BuyingAdditionalNumberChooseNumbersFromList_C15106(BuyingAdditionalNumberChooseNumbersFromList.java:11)
</failure>
  </testcase>
  <testcase time="16.255" classname="com.YouMagicPro.LKA_tests.CallForwardingPageTest" name="clickOnAvatarTest"/>
  <testcase time="15.148" classname="com.YouMagicPro.LKA_tests.ClickOnAvatarTest" name="clickOnAvatarTest"/>
  <testcase time="16.78" classname="com.YouMagicPro.LKA_tests.ClickOnBalanceTest" name="clickOnBalanceTest"/>
  <testcase time="14.492" classname="com.YouMagicPro.LKA_tests.ClickOnContractTest" name="clickOnContractTest"/>
  <testcase time="15.019" classname="com.YouMagicPro.LKA_tests.ClickOnDiskSpaceTest" name="clickOnDiskSpaceTest"/>
  <testcase time="12.602" classname="com.YouMagicPro.LKA_tests.ClickOnExitTest" name="clickOnExitTest"/>
  <testcase time="12.535" classname="com.YouMagicPro.LKA_tests.ClickOnIconTest" name="clickOnIconTest"/>
  <testcase time="14.387" classname="com.YouMagicPro.LKA_tests.ClickOnInternalNumbersTest" name="clickOnInternalNumbersTest"/>
  <testcase time="14.637" classname="com.YouMagicPro.LKA_tests.ClickOnPasswordChangeTest" name="clickOnPasswordChangeTest"/>
  <testcase time="15.401" classname="com.YouMagicPro.LKA_tests.ClickOnPersonalAccountTest" name="clickOnPersonalAccountTest"/>
  <testcase time="15.359" classname="com.YouMagicPro.LKA_tests.ClickOnPromoTest" name="clickOnPromoTest"/>
  <testcase time="14.129" classname="com.YouMagicPro.LKA_tests.ContractBankAccountLettersAndNumbersTest" name="contractBankAccountLettersAndNumbersTest_C14496">
    <failure message="Script execution failed. Script: logged_in = getCookie(&quot;umagicpro_logged_in&quot;);if (logged_in == 0) {$(&apos;.gradient_back, .gradient_back_two, .div_abs_for_ifr&apos;).css({&apos;display&apos;: &apos;block&apos;});var atr_adm = $(&apos;.administrator&apos;).attr(&quot;href&quot;); $(&quot;.iframe_rega&quot;).attr({ src: atr_adm}).css({display: &quot;none&quot; });$(&quot;.iframe_rega&quot;).load(function () { $(&apos;.bLoginFormWrap_kn&apos;).css({&apos;display&apos;: &apos;block&apos;}); $(this).css({  visibility: &quot;visible&quot;, display: &quot;block&quot;}); }); } else {loginAction(); };
 getCookie is not defined (WARNING: The server did not provide any stacktrace information)
Command duration or timeout: 15 milliseconds
Build info: version: &apos;2.26.0&apos;, revision: &apos;18040&apos;, time: &apos;2012-11-02 09:44:45&apos;
System info: os.name: &apos;Windows 7&apos;, os.arch: &apos;amd64&apos;, os.version: &apos;6.1&apos;, java.version: &apos;1.7.0_09&apos;
Driver info: driver.version: RemoteWebDriver
Session ID: 9fc20eb520415d13f45cef34ec328619" type="org.openqa.selenium.WebDriverException">org.openqa.selenium.WebDriverException: Script execution failed. Script: logged_in = getCookie(&quot;umagicpro_logged_in&quot;);if (logged_in == 0) {$(&apos;.gradient_back, .gradient_back_two, .div_abs_for_ifr&apos;).css({&apos;display&apos;: &apos;block&apos;});var atr_adm = $(&apos;.administrator&apos;).attr(&quot;href&quot;); $(&quot;.iframe_rega&quot;).attr({ src: atr_adm}).css({display: &quot;none&quot; });$(&quot;.iframe_rega&quot;).load(function () { $(&apos;.bLoginFormWrap_kn&apos;).css({&apos;display&apos;: &apos;block&apos;}); $(this).css({  visibility: &quot;visible&quot;, display: &quot;block&quot;}); }); } else {loginAction(); };
 getCookie is not defined (WARNING: The server did not provide any stacktrace information)
Command duration or timeout: 15 milliseconds
Build info: version: &apos;2.26.0&apos;, revision: &apos;18040&apos;, time: &apos;2012-11-02 09:44:45&apos;
System info: os.name: &apos;Windows 7&apos;, os.arch: &apos;amd64&apos;, os.version: &apos;6.1&apos;, java.version: &apos;1.7.0_09&apos;
Driver info: driver.version: RemoteWebDriver
Session ID: 9fc20eb520415d13f45cef34ec328619
	at sun.reflect.NativeConstructorAccessorImpl.newInstance0(Native Method)
	at sun.reflect.NativeConstructorAccessorImpl.newInstance(NativeConstructorAccessorImpl.java:57)
	at sun.reflect.DelegatingConstructorAccessorImpl.newInstance(DelegatingConstructorAccessorImpl.java:45)
	at java.lang.reflect.Constructor.newInstance(Constructor.java:525)
	at org.openqa.selenium.remote.ErrorHandler.createThrowable(ErrorHandler.java:188)
	at org.openqa.selenium.remote.ErrorHandler.throwIfResponseFailed(ErrorHandler.java:145)
	at org.openqa.selenium.remote.RemoteWebDriver.execute(RemoteWebDriver.java:531)
	at org.openqa.selenium.remote.RemoteWebDriver.executeScript(RemoteWebDriver.java:440)
	at com.YouMagicPro.LKA_tests.TestBase.waitContractPageToLoad(TestBase.java:238)
	at com.YouMagicPro.LKA_tests.ContractBankAccountLettersAndNumbersTest.contractBankAccountLettersAndNumbersTest_C14496(ContractBankAccountLettersAndNumbersTest.java:11)
</failure>
  </testcase>
  <testcase time="12.844" classname="com.YouMagicPro.LKA_tests.ContractBankAccountLettersInTextFieldTest" name="contractBankAccountLettersInTextFieldTest_C14995">
    <failure message="Script execution failed. Script: logged_in = getCookie(&quot;umagicpro_logged_in&quot;);if (logged_in == 0) {$(&apos;.gradient_back, .gradient_back_two, .div_abs_for_ifr&apos;).css({&apos;display&apos;: &apos;block&apos;});var atr_adm = $(&apos;.administrator&apos;).attr(&quot;href&quot;); $(&quot;.iframe_rega&quot;).attr({ src: atr_adm}).css({display: &quot;none&quot; });$(&quot;.iframe_rega&quot;).load(function () { $(&apos;.bLoginFormWrap_kn&apos;).css({&apos;display&apos;: &apos;block&apos;}); $(this).css({  visibility: &quot;visible&quot;, display: &quot;block&quot;}); }); } else {loginAction(); };
 getCookie is not defined (WARNING: The server did not provide any stacktrace information)
Command duration or timeout: 20 milliseconds
Build info: version: &apos;2.26.0&apos;, revision: &apos;18040&apos;, time: &apos;2012-11-02 09:44:45&apos;
System info: os.name: &apos;Windows 7&apos;, os.arch: &apos;amd64&apos;, os.version: &apos;6.1&apos;, java.version: &apos;1.7.0_09&apos;
Driver info: driver.version: RemoteWebDriver
Session ID: d8df0a1745c2d940045ab9973a659241" type="org.openqa.selenium.WebDriverException">org.openqa.selenium.WebDriverException: Script execution failed. Script: logged_in = getCookie(&quot;umagicpro_logged_in&quot;);if (logged_in == 0) {$(&apos;.gradient_back, .gradient_back_two, .div_abs_for_ifr&apos;).css({&apos;display&apos;: &apos;block&apos;});var atr_adm = $(&apos;.administrator&apos;).attr(&quot;href&quot;); $(&quot;.iframe_rega&quot;).attr({ src: atr_adm}).css({display: &quot;none&quot; });$(&quot;.iframe_rega&quot;).load(function () { $(&apos;.bLoginFormWrap_kn&apos;).css({&apos;display&apos;: &apos;block&apos;}); $(this).css({  visibility: &quot;visible&quot;, display: &quot;block&quot;}); }); } else {loginAction(); };
 getCookie is not defined (WARNING: The server did not provide any stacktrace information)
Command duration or timeout: 20 milliseconds
Build info: version: &apos;2.26.0&apos;, revision: &apos;18040&apos;, time: &apos;2012-11-02 09:44:45&apos;
System info: os.name: &apos;Windows 7&apos;, os.arch: &apos;amd64&apos;, os.version: &apos;6.1&apos;, java.version: &apos;1.7.0_09&apos;
Driver info: driver.version: RemoteWebDriver
Session ID: d8df0a1745c2d940045ab9973a659241
	at sun.reflect.NativeConstructorAccessorImpl.newInstance0(Native Method)
	at sun.reflect.NativeConstructorAccessorImpl.newInstance(NativeConstructorAccessorImpl.java:57)
	at sun.reflect.DelegatingConstructorAccessorImpl.newInstance(DelegatingConstructorAccessorImpl.java:45)
	at java.lang.reflect.Constructor.newInstance(Constructor.java:525)
	at org.openqa.selenium.remote.ErrorHandler.createThrowable(ErrorHandler.java:188)
	at org.openqa.selenium.remote.ErrorHandler.throwIfResponseFailed(ErrorHandler.java:145)
	at org.openqa.selenium.remote.RemoteWebDriver.execute(RemoteWebDriver.java:531)
	at org.openqa.selenium.remote.RemoteWebDriver.executeScript(RemoteWebDriver.java:440)
	at com.YouMagicPro.LKA_tests.TestBase.waitContractPageToLoad(TestBase.java:238)
	at com.YouMagicPro.LKA_tests.ContractBankAccountLettersInTextFieldTest.contractBankAccountLettersInTextFieldTest_C14995(ContractBankAccountLettersInTextFieldTest.java:11)
</failure>
  </testcase>
  <testcase time="28.392" classname="com.YouMagicPro.LKA_tests.ContractBankAccountOneInTextFieldTest" name="contractBankAccountOneInTextFieldTest_C14993"/>
  <testcase time="29.688" classname="com.YouMagicPro.LKA_tests.ContractBankAccountSymbolsInTextFieldTest" name="contractBankAccountSymbolsInTextFieldTest_C14997"/>
  <testcase time="12.874" classname="com.YouMagicPro.LKA_tests.ContractBankAccountTenInTextFieldTest" name="contractBankAccountTenInTextFieldTest_C14994">
    <failure message="Script execution failed. Script: logged_in = getCookie(&quot;umagicpro_logged_in&quot;);if (logged_in == 0) {$(&apos;.gradient_back, .gradient_back_two, .div_abs_for_ifr&apos;).css({&apos;display&apos;: &apos;block&apos;});var atr_adm = $(&apos;.administrator&apos;).attr(&quot;href&quot;); $(&quot;.iframe_rega&quot;).attr({ src: atr_adm}).css({display: &quot;none&quot; });$(&quot;.iframe_rega&quot;).load(function () { $(&apos;.bLoginFormWrap_kn&apos;).css({&apos;display&apos;: &apos;block&apos;}); $(this).css({  visibility: &quot;visible&quot;, display: &quot;block&quot;}); }); } else {loginAction(); };
 getCookie is not defined (WARNING: The server did not provide any stacktrace information)
Command duration or timeout: 18 milliseconds
Build info: version: &apos;2.26.0&apos;, revision: &apos;18040&apos;, time: &apos;2012-11-02 09:44:45&apos;
System info: os.name: &apos;Windows 7&apos;, os.arch: &apos;amd64&apos;, os.version: &apos;6.1&apos;, java.version: &apos;1.7.0_09&apos;
Driver info: driver.version: RemoteWebDriver
Session ID: 2cb8b60b44c7c0fff71cff1743dec0ea" type="org.openqa.selenium.WebDriverException">org.openqa.selenium.WebDriverException: Script execution failed. Script: logged_in = getCookie(&quot;umagicpro_logged_in&quot;);if (logged_in == 0) {$(&apos;.gradient_back, .gradient_back_two, .div_abs_for_ifr&apos;).css({&apos;display&apos;: &apos;block&apos;});var atr_adm = $(&apos;.administrator&apos;).attr(&quot;href&quot;); $(&quot;.iframe_rega&quot;).attr({ src: atr_adm}).css({display: &quot;none&quot; });$(&quot;.iframe_rega&quot;).load(function () { $(&apos;.bLoginFormWrap_kn&apos;).css({&apos;display&apos;: &apos;block&apos;}); $(this).css({  visibility: &quot;visible&quot;, display: &quot;block&quot;}); }); } else {loginAction(); };
 getCookie is not defined (WARNING: The server did not provide any stacktrace information)
Command duration or timeout: 18 milliseconds
Build info: version: &apos;2.26.0&apos;, revision: &apos;18040&apos;, time: &apos;2012-11-02 09:44:45&apos;
System info: os.name: &apos;Windows 7&apos;, os.arch: &apos;amd64&apos;, os.version: &apos;6.1&apos;, java.version: &apos;1.7.0_09&apos;
Driver info: driver.version: RemoteWebDriver
Session ID: 2cb8b60b44c7c0fff71cff1743dec0ea
	at sun.reflect.NativeConstructorAccessorImpl.newInstance0(Native Method)
	at sun.reflect.NativeConstructorAccessorImpl.newInstance(NativeConstructorAccessorImpl.java:57)
	at sun.reflect.DelegatingConstructorAccessorImpl.newInstance(DelegatingConstructorAccessorImpl.java:45)
	at java.lang.reflect.Constructor.newInstance(Constructor.java:525)
	at org.openqa.selenium.remote.ErrorHandler.createThrowable(ErrorHandler.java:188)
	at org.openqa.selenium.remote.ErrorHandler.throwIfResponseFailed(ErrorHandler.java:145)
	at org.openqa.selenium.remote.RemoteWebDriver.execute(RemoteWebDriver.java:531)
	at org.openqa.selenium.remote.RemoteWebDriver.executeScript(RemoteWebDriver.java:440)
	at com.YouMagicPro.LKA_tests.TestBase.waitContractPageToLoad(TestBase.java:238)
	at com.YouMagicPro.LKA_tests.ContractBankAccountTenInTextFieldTest.contractBankAccountTenInTextFieldTest_C14994(ContractBankAccountTenInTextFieldTest.java:11)
</failure>
  </testcase>
  <testcase time="28.144" classname="com.YouMagicPro.LKA_tests.ContractBik1inTextFieldTest" name="contractBikTest1inTextField_C15022"/>
  <testcase time="28.454" classname="com.YouMagicPro.LKA_tests.ContractBikLettersAndNumbersInTextFieldTest" name="contractBikTest_C15025"/>
  <testcase time="12.905" classname="com.YouMagicPro.LKA_tests.ContractBikLettersInTextFieldTest" name="contractBikTestLettersInTextField_C15023">
    <failure message="Script execution failed. Script: logged_in = getCookie(&quot;umagicpro_logged_in&quot;);if (logged_in == 0) {$(&apos;.gradient_back, .gradient_back_two, .div_abs_for_ifr&apos;).css({&apos;display&apos;: &apos;block&apos;});var atr_adm = $(&apos;.administrator&apos;).attr(&quot;href&quot;); $(&quot;.iframe_rega&quot;).attr({ src: atr_adm}).css({display: &quot;none&quot; });$(&quot;.iframe_rega&quot;).load(function () { $(&apos;.bLoginFormWrap_kn&apos;).css({&apos;display&apos;: &apos;block&apos;}); $(this).css({  visibility: &quot;visible&quot;, display: &quot;block&quot;}); }); } else {loginAction(); };
 getCookie is not defined (WARNING: The server did not provide any stacktrace information)
Command duration or timeout: 24 milliseconds
Build info: version: &apos;2.26.0&apos;, revision: &apos;18040&apos;, time: &apos;2012-11-02 09:44:45&apos;
System info: os.name: &apos;Windows 7&apos;, os.arch: &apos;amd64&apos;, os.version: &apos;6.1&apos;, java.version: &apos;1.7.0_09&apos;
Driver info: driver.version: RemoteWebDriver
Session ID: 60286d0314cd79fe88fa8cdcd262ab1b" type="org.openqa.selenium.WebDriverException">org.openqa.selenium.WebDriverException: Script execution failed. Script: logged_in = getCookie(&quot;umagicpro_logged_in&quot;);if (logged_in == 0) {$(&apos;.gradient_back, .gradient_back_two, .div_abs_for_ifr&apos;).css({&apos;display&apos;: &apos;block&apos;});var atr_adm = $(&apos;.administrator&apos;).attr(&quot;href&quot;); $(&quot;.iframe_rega&quot;).attr({ src: atr_adm}).css({display: &quot;none&quot; });$(&quot;.iframe_rega&quot;).load(function () { $(&apos;.bLoginFormWrap_kn&apos;).css({&apos;display&apos;: &apos;block&apos;}); $(this).css({  visibility: &quot;visible&quot;, display: &quot;block&quot;}); }); } else {loginAction(); };
 getCookie is not defined (WARNING: The server did not provide any stacktrace information)
Command duration or timeout: 24 milliseconds
Build info: version: &apos;2.26.0&apos;, revision: &apos;18040&apos;, time: &apos;2012-11-02 09:44:45&apos;
System info: os.name: &apos;Windows 7&apos;, os.arch: &apos;amd64&apos;, os.version: &apos;6.1&apos;, java.version: &apos;1.7.0_09&apos;
Driver info: driver.version: RemoteWebDriver
Session ID: 60286d0314cd79fe88fa8cdcd262ab1b
	at sun.reflect.NativeConstructorAccessorImpl.newInstance0(Native Method)
	at sun.reflect.NativeConstructorAccessorImpl.newInstance(NativeConstructorAccessorImpl.java:57)
	at sun.reflect.DelegatingConstructorAccessorImpl.newInstance(DelegatingConstructorAccessorImpl.java:45)
	at java.lang.reflect.Constructor.newInstance(Constructor.java:525)
	at org.openqa.selenium.remote.ErrorHandler.createThrowable(ErrorHandler.java:188)
	at org.openqa.selenium.remote.ErrorHandler.throwIfResponseFailed(ErrorHandler.java:145)
	at org.openqa.selenium.remote.RemoteWebDriver.execute(RemoteWebDriver.java:531)
	at org.openqa.selenium.remote.RemoteWebDriver.executeScript(RemoteWebDriver.java:440)
	at com.YouMagicPro.LKA_tests.TestBase.waitContractPageToLoad(TestBase.java:238)
	at com.YouMagicPro.LKA_tests.ContractBikLettersInTextFieldTest.contractBikTestLettersInTextField_C15023(ContractBikLettersInTextFieldTest.java:11)
</failure>
  </testcase>
  <testcase time="12.805" classname="com.YouMagicPro.LKA_tests.ContractBikSymbolsInTextFieldTest" name="contractBikSymbolsInTextFieldTest_C15026">
    <failure message="Script execution failed. Script: logged_in = getCookie(&quot;umagicpro_logged_in&quot;);if (logged_in == 0) {$(&apos;.gradient_back, .gradient_back_two, .div_abs_for_ifr&apos;).css({&apos;display&apos;: &apos;block&apos;});var atr_adm = $(&apos;.administrator&apos;).attr(&quot;href&quot;); $(&quot;.iframe_rega&quot;).attr({ src: atr_adm}).css({display: &quot;none&quot; });$(&quot;.iframe_rega&quot;).load(function () { $(&apos;.bLoginFormWrap_kn&apos;).css({&apos;display&apos;: &apos;block&apos;}); $(this).css({  visibility: &quot;visible&quot;, display: &quot;block&quot;}); }); } else {loginAction(); };
 getCookie is not defined (WARNING: The server did not provide any stacktrace information)
Command duration or timeout: 21 milliseconds
Build info: version: &apos;2.26.0&apos;, revision: &apos;18040&apos;, time: &apos;2012-11-02 09:44:45&apos;
System info: os.name: &apos;Windows 7&apos;, os.arch: &apos;amd64&apos;, os.version: &apos;6.1&apos;, java.version: &apos;1.7.0_09&apos;
Driver info: driver.version: RemoteWebDriver
Session ID: 32a5e7f7b3d003b7abc609ccb739b52b" type="org.openqa.selenium.WebDriverException">org.openqa.selenium.WebDriverException: Script execution failed. Script: logged_in = getCookie(&quot;umagicpro_logged_in&quot;);if (logged_in == 0) {$(&apos;.gradient_back, .gradient_back_two, .div_abs_for_ifr&apos;).css({&apos;display&apos;: &apos;block&apos;});var atr_adm = $(&apos;.administrator&apos;).attr(&quot;href&quot;); $(&quot;.iframe_rega&quot;).attr({ src: atr_adm}).css({display: &quot;none&quot; });$(&quot;.iframe_rega&quot;).load(function () { $(&apos;.bLoginFormWrap_kn&apos;).css({&apos;display&apos;: &apos;block&apos;}); $(this).css({  visibility: &quot;visible&quot;, display: &quot;block&quot;}); }); } else {loginAction(); };
 getCookie is not defined (WARNING: The server did not provide any stacktrace information)
Command duration or timeout: 21 milliseconds
Build info: version: &apos;2.26.0&apos;, revision: &apos;18040&apos;, time: &apos;2012-11-02 09:44:45&apos;
System info: os.name: &apos;Windows 7&apos;, os.arch: &apos;amd64&apos;, os.version: &apos;6.1&apos;, java.version: &apos;1.7.0_09&apos;
Driver info: driver.version: RemoteWebDriver
Session ID: 32a5e7f7b3d003b7abc609ccb739b52b
	at sun.reflect.NativeConstructorAccessorImpl.newInstance0(Native Method)
	at sun.reflect.NativeConstructorAccessorImpl.newInstance(NativeConstructorAccessorImpl.java:57)
	at sun.reflect.DelegatingConstructorAccessorImpl.newInstance(DelegatingConstructorAccessorImpl.java:45)
	at java.lang.reflect.Constructor.newInstance(Constructor.java:525)
	at org.openqa.selenium.remote.ErrorHandler.createThrowable(ErrorHandler.java:188)
	at org.openqa.selenium.remote.ErrorHandler.throwIfResponseFailed(ErrorHandler.java:145)
	at org.openqa.selenium.remote.RemoteWebDriver.execute(RemoteWebDriver.java:531)
	at org.openqa.selenium.remote.RemoteWebDriver.executeScript(RemoteWebDriver.java:440)
	at com.YouMagicPro.LKA_tests.TestBase.waitContractPageToLoad(TestBase.java:238)
	at com.YouMagicPro.LKA_tests.ContractBikSymbolsInTextFieldTest.contractBikSymbolsInTextFieldTest_C15026(ContractBikSymbolsInTextFieldTest.java:11)
</failure>
  </testcase>
  <testcase time="23.192" classname="com.YouMagicPro.LKA_tests.ContractCheckDocumentTest" name="contractCheckDocumentTest_C14986">
    <failure message="Element is not clickable at point (303, 419). Other element would receive the click: &lt;div id=&quot;instructionBackdrop&quot; style=&quot;z-index: 1110; position: absolute; left: 0px; margin: 0px; background-color: rgb(255, 255, 255); opacity: 0.55; top: 0px; height: 2428px; width: 960px; background-position: initial initial; background-repeat: initial initial;&quot;&gt;&lt;/div&gt; (WARNING: The server did not provide any stacktrace information)
Command duration or timeout: 133 milliseconds
Build info: version: &apos;2.26.0&apos;, revision: &apos;18040&apos;, time: &apos;2012-11-02 09:44:45&apos;
System info: os.name: &apos;Windows 7&apos;, os.arch: &apos;amd64&apos;, os.version: &apos;6.1&apos;, java.version: &apos;1.7.0_09&apos;
Driver info: driver.version: RemoteWebDriver
Session ID: a1811604c11af641a2c75438ea332ddc" type="org.openqa.selenium.WebDriverException">org.openqa.selenium.WebDriverException: Element is not clickable at point (303, 419). Other element would receive the click: &lt;div id=&quot;instructionBackdrop&quot; style=&quot;z-index: 1110; position: absolute; left: 0px; margin: 0px; background-color: rgb(255, 255, 255); opacity: 0.55; top: 0px; height: 2428px; width: 960px; background-position: initial initial; background-repeat: initial initial;&quot;&gt;&lt;/div&gt; (WARNING: The server did not provide any stacktrace information)
Command duration or timeout: 133 milliseconds
Build info: version: &apos;2.26.0&apos;, revision: &apos;18040&apos;, time: &apos;2012-11-02 09:44:45&apos;
System info: os.name: &apos;Windows 7&apos;, os.arch: &apos;amd64&apos;, os.version: &apos;6.1&apos;, java.version: &apos;1.7.0_09&apos;
Driver info: driver.version: RemoteWebDriver
Session ID: a1811604c11af641a2c75438ea332ddc
	at sun.reflect.NativeConstructorAccessorImpl.newInstance0(Native Method)
	at sun.reflect.NativeConstructorAccessorImpl.newInstance(NativeConstructorAccessorImpl.java:57)
	at sun.reflect.DelegatingConstructorAccessorImpl.newInstance(DelegatingConstructorAccessorImpl.java:45)
	at java.lang.reflect.Constructor.newInstance(Constructor.java:525)
	at org.openqa.selenium.remote.ErrorHandler.createThrowable(ErrorHandler.java:188)
	at org.openqa.selenium.remote.ErrorHandler.throwIfResponseFailed(ErrorHandler.java:145)
	at org.openqa.selenium.remote.RemoteWebDriver.execute(RemoteWebDriver.java:531)
	at org.openqa.selenium.remote.RemoteWebElement.execute(RemoteWebElement.java:246)
	at org.openqa.selenium.remote.RemoteWebElement.click(RemoteWebElement.java:79)
	at com.YouMagicPro.LKA_tests.ContractCheckDocumentTest.contractCheckDocumentTest_C14986(ContractCheckDocumentTest.java:13)
</failure>
  </testcase>
  <testcase time="14.097" classname="com.YouMagicPro.LKA_tests.ContractCorAccount19NumbersTest" name="contractCorAccount19NumbersTest_C15005">
    <failure message="Script execution failed. Script: logged_in = getCookie(&quot;umagicpro_logged_in&quot;);if (logged_in == 0) {$(&apos;.gradient_back, .gradient_back_two, .div_abs_for_ifr&apos;).css({&apos;display&apos;: &apos;block&apos;});var atr_adm = $(&apos;.administrator&apos;).attr(&quot;href&quot;); $(&quot;.iframe_rega&quot;).attr({ src: atr_adm}).css({display: &quot;none&quot; });$(&quot;.iframe_rega&quot;).load(function () { $(&apos;.bLoginFormWrap_kn&apos;).css({&apos;display&apos;: &apos;block&apos;}); $(this).css({  visibility: &quot;visible&quot;, display: &quot;block&quot;}); }); } else {loginAction(); };
 getCookie is not defined (WARNING: The server did not provide any stacktrace information)
Command duration or timeout: 13 milliseconds
Build info: version: &apos;2.26.0&apos;, revision: &apos;18040&apos;, time: &apos;2012-11-02 09:44:45&apos;
System info: os.name: &apos;Windows 7&apos;, os.arch: &apos;amd64&apos;, os.version: &apos;6.1&apos;, java.version: &apos;1.7.0_09&apos;
Driver info: driver.version: RemoteWebDriver
Session ID: 00a48d326a720675cb8212ec46bdcaaf" type="org.openqa.selenium.WebDriverException">org.openqa.selenium.WebDriverException: Script execution failed. Script: logged_in = getCookie(&quot;umagicpro_logged_in&quot;);if (logged_in == 0) {$(&apos;.gradient_back, .gradient_back_two, .div_abs_for_ifr&apos;).css({&apos;display&apos;: &apos;block&apos;});var atr_adm = $(&apos;.administrator&apos;).attr(&quot;href&quot;); $(&quot;.iframe_rega&quot;).attr({ src: atr_adm}).css({display: &quot;none&quot; });$(&quot;.iframe_rega&quot;).load(function () { $(&apos;.bLoginFormWrap_kn&apos;).css({&apos;display&apos;: &apos;block&apos;}); $(this).css({  visibility: &quot;visible&quot;, display: &quot;block&quot;}); }); } else {loginAction(); };
 getCookie is not defined (WARNING: The server did not provide any stacktrace information)
Command duration or timeout: 13 milliseconds
Build info: version: &apos;2.26.0&apos;, revision: &apos;18040&apos;, time: &apos;2012-11-02 09:44:45&apos;
System info: os.name: &apos;Windows 7&apos;, os.arch: &apos;amd64&apos;, os.version: &apos;6.1&apos;, java.version: &apos;1.7.0_09&apos;
Driver info: driver.version: RemoteWebDriver
Session ID: 00a48d326a720675cb8212ec46bdcaaf
	at sun.reflect.GeneratedConstructorAccessor14.newInstance(Unknown Source)
	at sun.reflect.DelegatingConstructorAccessorImpl.newInstance(DelegatingConstructorAccessorImpl.java:45)
	at java.lang.reflect.Constructor.newInstance(Constructor.java:525)
	at org.openqa.selenium.remote.ErrorHandler.createThrowable(ErrorHandler.java:188)
	at org.openqa.selenium.remote.ErrorHandler.throwIfResponseFailed(ErrorHandler.java:145)
	at org.openqa.selenium.remote.RemoteWebDriver.execute(RemoteWebDriver.java:531)
	at org.openqa.selenium.remote.RemoteWebDriver.executeScript(RemoteWebDriver.java:440)
	at com.YouMagicPro.LKA_tests.TestBase.waitContractPageToLoad(TestBase.java:238)
	at com.YouMagicPro.LKA_tests.ContractCorAccount19NumbersTest.contractCorAccount19NumbersTest_C15005(ContractCorAccount19NumbersTest.java:11)
</failure>
  </testcase>
  <testcase time="12.823" classname="com.YouMagicPro.LKA_tests.ContractCorAccountLettersAndNumbersTextFieldTest" name="contractCorAccountTenInTextFieldTest_C15000">
    <failure message="Script execution failed. Script: logged_in = getCookie(&quot;umagicpro_logged_in&quot;);if (logged_in == 0) {$(&apos;.gradient_back, .gradient_back_two, .div_abs_for_ifr&apos;).css({&apos;display&apos;: &apos;block&apos;});var atr_adm = $(&apos;.administrator&apos;).attr(&quot;href&quot;); $(&quot;.iframe_rega&quot;).attr({ src: atr_adm}).css({display: &quot;none&quot; });$(&quot;.iframe_rega&quot;).load(function () { $(&apos;.bLoginFormWrap_kn&apos;).css({&apos;display&apos;: &apos;block&apos;}); $(this).css({  visibility: &quot;visible&quot;, display: &quot;block&quot;}); }); } else {loginAction(); };
 getCookie is not defined (WARNING: The server did not provide any stacktrace information)
Command duration or timeout: 22 milliseconds
Build info: version: &apos;2.26.0&apos;, revision: &apos;18040&apos;, time: &apos;2012-11-02 09:44:45&apos;
System info: os.name: &apos;Windows 7&apos;, os.arch: &apos;amd64&apos;, os.version: &apos;6.1&apos;, java.version: &apos;1.7.0_09&apos;
Driver info: driver.version: RemoteWebDriver
Session ID: 0f3db4c7e5236000b3ddd6101d940ffd" type="org.openqa.selenium.WebDriverException">org.openqa.selenium.WebDriverException: Script execution failed. Script: logged_in = getCookie(&quot;umagicpro_logged_in&quot;);if (logged_in == 0) {$(&apos;.gradient_back, .gradient_back_two, .div_abs_for_ifr&apos;).css({&apos;display&apos;: &apos;block&apos;});var atr_adm = $(&apos;.administrator&apos;).attr(&quot;href&quot;); $(&quot;.iframe_rega&quot;).attr({ src: atr_adm}).css({display: &quot;none&quot; });$(&quot;.iframe_rega&quot;).load(function () { $(&apos;.bLoginFormWrap_kn&apos;).css({&apos;display&apos;: &apos;block&apos;}); $(this).css({  visibility: &quot;visible&quot;, display: &quot;block&quot;}); }); } else {loginAction(); };
 getCookie is not defined (WARNING: The server did not provide any stacktrace information)
Command duration or timeout: 22 milliseconds
Build info: version: &apos;2.26.0&apos;, revision: &apos;18040&apos;, time: &apos;2012-11-02 09:44:45&apos;
System info: os.name: &apos;Windows 7&apos;, os.arch: &apos;amd64&apos;, os.version: &apos;6.1&apos;, java.version: &apos;1.7.0_09&apos;
Driver info: driver.version: RemoteWebDriver
Session ID: 0f3db4c7e5236000b3ddd6101d940ffd
	at sun.reflect.GeneratedConstructorAccessor14.newInstance(Unknown Source)
	at sun.reflect.DelegatingConstructorAccessorImpl.newInstance(DelegatingConstructorAccessorImpl.java:45)
	at java.lang.reflect.Constructor.newInstance(Constructor.java:525)
	at org.openqa.selenium.remote.ErrorHandler.createThrowable(ErrorHandler.java:188)
	at org.openqa.selenium.remote.ErrorHandler.throwIfResponseFailed(ErrorHandler.java:145)
	at org.openqa.selenium.remote.RemoteWebDriver.execute(RemoteWebDriver.java:531)
	at org.openqa.selenium.remote.RemoteWebDriver.executeScript(RemoteWebDriver.java:440)
	at com.YouMagicPro.LKA_tests.TestBase.waitContractPageToLoad(TestBase.java:238)
	at com.YouMagicPro.LKA_tests.ContractCorAccountLettersAndNumbersTextFieldTest.contractCorAccountTenInTextFieldTest_C15000(ContractCorAccountLettersAndNumbersTextFieldTest.java:8)
</failure>
  </testcase>
  <testcase time="12.977" classname="com.YouMagicPro.LKA_tests.ContractCorAccountLettersInTextFieldTest" name="contractCorAccountLettersInTextFieldTest_C15001">
    <failure message="Script execution failed. Script: logged_in = getCookie(&quot;umagicpro_logged_in&quot;);if (logged_in == 0) {$(&apos;.gradient_back, .gradient_back_two, .div_abs_for_ifr&apos;).css({&apos;display&apos;: &apos;block&apos;});var atr_adm = $(&apos;.administrator&apos;).attr(&quot;href&quot;); $(&quot;.iframe_rega&quot;).attr({ src: atr_adm}).css({display: &quot;none&quot; });$(&quot;.iframe_rega&quot;).load(function () { $(&apos;.bLoginFormWrap_kn&apos;).css({&apos;display&apos;: &apos;block&apos;}); $(this).css({  visibility: &quot;visible&quot;, display: &quot;block&quot;}); }); } else {loginAction(); };
 getCookie is not defined (WARNING: The server did not provide any stacktrace information)
Command duration or timeout: 19 milliseconds
Build info: version: &apos;2.26.0&apos;, revision: &apos;18040&apos;, time: &apos;2012-11-02 09:44:45&apos;
System info: os.name: &apos;Windows 7&apos;, os.arch: &apos;amd64&apos;, os.version: &apos;6.1&apos;, java.version: &apos;1.7.0_09&apos;
Driver info: driver.version: RemoteWebDriver
Session ID: e5bc8e80d41677c7b6e058f3c5a8203a" type="org.openqa.selenium.WebDriverException">org.openqa.selenium.WebDriverException: Script execution failed. Script: logged_in = getCookie(&quot;umagicpro_logged_in&quot;);if (logged_in == 0) {$(&apos;.gradient_back, .gradient_back_two, .div_abs_for_ifr&apos;).css({&apos;display&apos;: &apos;block&apos;});var atr_adm = $(&apos;.administrator&apos;).attr(&quot;href&quot;); $(&quot;.iframe_rega&quot;).attr({ src: atr_adm}).css({display: &quot;none&quot; });$(&quot;.iframe_rega&quot;).load(function () { $(&apos;.bLoginFormWrap_kn&apos;).css({&apos;display&apos;: &apos;block&apos;}); $(this).css({  visibility: &quot;visible&quot;, display: &quot;block&quot;}); }); } else {loginAction(); };
 getCookie is not defined (WARNING: The server did not provide any stacktrace information)
Command duration or timeout: 19 milliseconds
Build info: version: &apos;2.26.0&apos;, revision: &apos;18040&apos;, time: &apos;2012-11-02 09:44:45&apos;
System info: os.name: &apos;Windows 7&apos;, os.arch: &apos;amd64&apos;, os.version: &apos;6.1&apos;, java.version: &apos;1.7.0_09&apos;
Driver info: driver.version: RemoteWebDriver
Session ID: e5bc8e80d41677c7b6e058f3c5a8203a
	at sun.reflect.GeneratedConstructorAccessor14.newInstance(Unknown Source)
	at sun.reflect.DelegatingConstructorAccessorImpl.newInstance(DelegatingConstructorAccessorImpl.java:45)
	at java.lang.reflect.Constructor.newInstance(Constructor.java:525)
	at org.openqa.selenium.remote.ErrorHandler.createThrowable(ErrorHandler.java:188)
	at org.openqa.selenium.remote.ErrorHandler.throwIfResponseFailed(ErrorHandler.java:145)
	at org.openqa.selenium.remote.RemoteWebDriver.execute(RemoteWebDriver.java:531)
	at org.openqa.selenium.remote.RemoteWebDriver.executeScript(RemoteWebDriver.java:440)
	at com.YouMagicPro.LKA_tests.TestBase.waitContractPageToLoad(TestBase.java:238)
	at com.YouMagicPro.LKA_tests.ContractCorAccountLettersInTextFieldTest.contractCorAccountLettersInTextFieldTest_C15001(ContractCorAccountLettersInTextFieldTest.java:8)
</failure>
  </testcase>
  <testcase time="27.963" classname="com.YouMagicPro.LKA_tests.ContractCorAccountOneInTextFieldTest" name="contractCorAccountOneInTextFieldTest_C14499"/>
  <testcase time="12.866" classname="com.YouMagicPro.LKA_tests.ContractCorAccountSymbolsInTextFieldTest" name="contractCorAccountSymbolsInTextFieldTest_C15003">
    <failure message="Script execution failed. Script: logged_in = getCookie(&quot;umagicpro_logged_in&quot;);if (logged_in == 0) {$(&apos;.gradient_back, .gradient_back_two, .div_abs_for_ifr&apos;).css({&apos;display&apos;: &apos;block&apos;});var atr_adm = $(&apos;.administrator&apos;).attr(&quot;href&quot;); $(&quot;.iframe_rega&quot;).attr({ src: atr_adm}).css({display: &quot;none&quot; });$(&quot;.iframe_rega&quot;).load(function () { $(&apos;.bLoginFormWrap_kn&apos;).css({&apos;display&apos;: &apos;block&apos;}); $(this).css({  visibility: &quot;visible&quot;, display: &quot;block&quot;}); }); } else {loginAction(); };
 getCookie is not defined (WARNING: The server did not provide any stacktrace information)
Command duration or timeout: 20 milliseconds
Build info: version: &apos;2.26.0&apos;, revision: &apos;18040&apos;, time: &apos;2012-11-02 09:44:45&apos;
System info: os.name: &apos;Windows 7&apos;, os.arch: &apos;amd64&apos;, os.version: &apos;6.1&apos;, java.version: &apos;1.7.0_09&apos;
Driver info: driver.version: RemoteWebDriver
Session ID: 64f91d8a2afbfc5149ab062f72ba5125" type="org.openqa.selenium.WebDriverException">org.openqa.selenium.WebDriverException: Script execution failed. Script: logged_in = getCookie(&quot;umagicpro_logged_in&quot;);if (logged_in == 0) {$(&apos;.gradient_back, .gradient_back_two, .div_abs_for_ifr&apos;).css({&apos;display&apos;: &apos;block&apos;});var atr_adm = $(&apos;.administrator&apos;).attr(&quot;href&quot;); $(&quot;.iframe_rega&quot;).attr({ src: atr_adm}).css({display: &quot;none&quot; });$(&quot;.iframe_rega&quot;).load(function () { $(&apos;.bLoginFormWrap_kn&apos;).css({&apos;display&apos;: &apos;block&apos;}); $(this).css({  visibility: &quot;visible&quot;, display: &quot;block&quot;}); }); } else {loginAction(); };
 getCookie is not defined (WARNING: The server did not provide any stacktrace information)
Command duration or timeout: 20 milliseconds
Build info: version: &apos;2.26.0&apos;, revision: &apos;18040&apos;, time: &apos;2012-11-02 09:44:45&apos;
System info: os.name: &apos;Windows 7&apos;, os.arch: &apos;amd64&apos;, os.version: &apos;6.1&apos;, java.version: &apos;1.7.0_09&apos;
Driver info: driver.version: RemoteWebDriver
Session ID: 64f91d8a2afbfc5149ab062f72ba5125
	at sun.reflect.GeneratedConstructorAccessor14.newInstance(Unknown Source)
	at sun.reflect.DelegatingConstructorAccessorImpl.newInstance(DelegatingConstructorAccessorImpl.java:45)
	at java.lang.reflect.Constructor.newInstance(Constructor.java:525)
	at org.openqa.selenium.remote.ErrorHandler.createThrowable(ErrorHandler.java:188)
	at org.openqa.selenium.remote.ErrorHandler.throwIfResponseFailed(ErrorHandler.java:145)
	at org.openqa.selenium.remote.RemoteWebDriver.execute(RemoteWebDriver.java:531)
	at org.openqa.selenium.remote.RemoteWebDriver.executeScript(RemoteWebDriver.java:440)
	at com.YouMagicPro.LKA_tests.TestBase.waitContractPageToLoad(TestBase.java:238)
	at com.YouMagicPro.LKA_tests.ContractCorAccountSymbolsInTextFieldTest.contractCorAccountSymbolsInTextFieldTest_C15003(ContractCorAccountSymbolsInTextFieldTest.java:8)
</failure>
  </testcase>
  <testcase time="28.274" classname="com.YouMagicPro.LKA_tests.ContractCorAccountTenInTextFieldTest" name="contractCorAccountTenInTextFieldTest_C15000"/>
  <testcase time="26.69" classname="com.YouMagicPro.LKA_tests.ContractEndOfPageDataTest" name="contractEndOfPageDataTest_C15062">
    <failure message="Element is not clickable at point (58, 663). Other element would receive the click: &lt;img id=&quot;1&quot; class=&quot;slideimage&quot; src=&quot;/sites/all/modules/contrib/umagicpro_instructions/images/home.png&quot; data-title=&quot;Благодарим вас за выбор YouMagic.Pro!&quot;&gt; (WARNING: The server did not provide any stacktrace information)
Command duration or timeout: 83 milliseconds
Build info: version: &apos;2.26.0&apos;, revision: &apos;18040&apos;, time: &apos;2012-11-02 09:44:45&apos;
System info: os.name: &apos;Windows 7&apos;, os.arch: &apos;amd64&apos;, os.version: &apos;6.1&apos;, java.version: &apos;1.7.0_09&apos;
Driver info: driver.version: RemoteWebDriver
Session ID: 04fbbc55d8303b7fe97e6401b60cb647" type="org.openqa.selenium.WebDriverException">org.openqa.selenium.WebDriverException: Element is not clickable at point (58, 663). Other element would receive the click: &lt;img id=&quot;1&quot; class=&quot;slideimage&quot; src=&quot;/sites/all/modules/contrib/umagicpro_instructions/images/home.png&quot; data-title=&quot;Благодарим вас за выбор YouMagic.Pro!&quot;&gt; (WARNING: The server did not provide any stacktrace information)
Command duration or timeout: 83 milliseconds
Build info: version: &apos;2.26.0&apos;, revision: &apos;18040&apos;, time: &apos;2012-11-02 09:44:45&apos;
System info: os.name: &apos;Windows 7&apos;, os.arch: &apos;amd64&apos;, os.version: &apos;6.1&apos;, java.version: &apos;1.7.0_09&apos;
Driver info: driver.version: RemoteWebDriver
Session ID: 04fbbc55d8303b7fe97e6401b60cb647
	at sun.reflect.GeneratedConstructorAccessor14.newInstance(Unknown Source)
	at sun.reflect.DelegatingConstructorAccessorImpl.newInstance(DelegatingConstructorAccessorImpl.java:45)
	at java.lang.reflect.Constructor.newInstance(Constructor.java:525)
	at org.openqa.selenium.remote.ErrorHandler.createThrowable(ErrorHandler.java:188)
	at org.openqa.selenium.remote.ErrorHandler.throwIfResponseFailed(ErrorHandler.java:145)
	at org.openqa.selenium.remote.RemoteWebDriver.execute(RemoteWebDriver.java:531)
	at org.openqa.selenium.remote.RemoteWebElement.execute(RemoteWebElement.java:246)
	at org.openqa.selenium.remote.RemoteWebElement.click(RemoteWebElement.java:79)
	at com.YouMagicPro.LKA_tests.ContractEndOfPageDataTest.contractEndOfPageDataTest_C15062(ContractEndOfPageDataTest.java:14)
</failure>
  </testcase>
  <testcase time="14.103" classname="com.YouMagicPro.LKA_tests.ContractFillInDataTest" name="fillInContractDataTest_C14998">
    <failure message="Script execution failed. Script: logged_in = getCookie(&quot;umagicpro_logged_in&quot;);if (logged_in == 0) {$(&apos;.gradient_back, .gradient_back_two, .div_abs_for_ifr&apos;).css({&apos;display&apos;: &apos;block&apos;});var atr_adm = $(&apos;.administrator&apos;).attr(&quot;href&quot;); $(&quot;.iframe_rega&quot;).attr({ src: atr_adm}).css({display: &quot;none&quot; });$(&quot;.iframe_rega&quot;).load(function () { $(&apos;.bLoginFormWrap_kn&apos;).css({&apos;display&apos;: &apos;block&apos;}); $(this).css({  visibility: &quot;visible&quot;, display: &quot;block&quot;}); }); } else {loginAction(); };
 getCookie is not defined (WARNING: The server did not provide any stacktrace information)
Command duration or timeout: 17 milliseconds
Build info: version: &apos;2.26.0&apos;, revision: &apos;18040&apos;, time: &apos;2012-11-02 09:44:45&apos;
System info: os.name: &apos;Windows 7&apos;, os.arch: &apos;amd64&apos;, os.version: &apos;6.1&apos;, java.version: &apos;1.7.0_09&apos;
Driver info: driver.version: RemoteWebDriver
Session ID: 9a354438c4ca35d3b260f2db1104e881" type="org.openqa.selenium.WebDriverException">org.openqa.selenium.WebDriverException: Script execution failed. Script: logged_in = getCookie(&quot;umagicpro_logged_in&quot;);if (logged_in == 0) {$(&apos;.gradient_back, .gradient_back_two, .div_abs_for_ifr&apos;).css({&apos;display&apos;: &apos;block&apos;});var atr_adm = $(&apos;.administrator&apos;).attr(&quot;href&quot;); $(&quot;.iframe_rega&quot;).attr({ src: atr_adm}).css({display: &quot;none&quot; });$(&quot;.iframe_rega&quot;).load(function () { $(&apos;.bLoginFormWrap_kn&apos;).css({&apos;display&apos;: &apos;block&apos;}); $(this).css({  visibility: &quot;visible&quot;, display: &quot;block&quot;}); }); } else {loginAction(); };
 getCookie is not defined (WARNING: The server did not provide any stacktrace information)
Command duration or timeout: 17 milliseconds
Build info: version: &apos;2.26.0&apos;, revision: &apos;18040&apos;, time: &apos;2012-11-02 09:44:45&apos;
System info: os.name: &apos;Windows 7&apos;, os.arch: &apos;amd64&apos;, os.version: &apos;6.1&apos;, java.version: &apos;1.7.0_09&apos;
Driver info: driver.version: RemoteWebDriver
Session ID: 9a354438c4ca35d3b260f2db1104e881
	at sun.reflect.GeneratedConstructorAccessor14.newInstance(Unknown Source)
	at sun.reflect.DelegatingConstructorAccessorImpl.newInstance(DelegatingConstructorAccessorImpl.java:45)
	at java.lang.reflect.Constructor.newInstance(Constructor.java:525)
	at org.openqa.selenium.remote.ErrorHandler.createThrowable(ErrorHandler.java:188)
	at org.openqa.selenium.remote.ErrorHandler.throwIfResponseFailed(ErrorHandler.java:145)
	at org.openqa.selenium.remote.RemoteWebDriver.execute(RemoteWebDriver.java:531)
	at org.openqa.selenium.remote.RemoteWebDriver.executeScript(RemoteWebDriver.java:440)
	at com.YouMagicPro.LKA_tests.TestBase.waitContractPageToLoad(TestBase.java:238)
	at com.YouMagicPro.LKA_tests.ContractFillInDataTest.fillInContractDataTest_C14998(ContractFillInDataTest.java:13)
</failure>
  </testcase>
  <testcase time="51.035" classname="com.YouMagicPro.LKA_tests.ContractInn6NumbersInTextFieldTest" name="contractInn6NumbersInTextFieldTest_C15029"/>
  <testcase time="12.862" classname="com.YouMagicPro.LKA_tests.ContractInnChooseFormTest" name="contractInnChooseForm_C15047">
    <failure message="Script execution failed. Script: logged_in = getCookie(&quot;umagicpro_logged_in&quot;);if (logged_in == 0) {$(&apos;.gradient_back, .gradient_back_two, .div_abs_for_ifr&apos;).css({&apos;display&apos;: &apos;block&apos;});var atr_adm = $(&apos;.administrator&apos;).attr(&quot;href&quot;); $(&quot;.iframe_rega&quot;).attr({ src: atr_adm}).css({display: &quot;none&quot; });$(&quot;.iframe_rega&quot;).load(function () { $(&apos;.bLoginFormWrap_kn&apos;).css({&apos;display&apos;: &apos;block&apos;}); $(this).css({  visibility: &quot;visible&quot;, display: &quot;block&quot;}); }); } else {loginAction(); };
 getCookie is not defined (WARNING: The server did not provide any stacktrace information)
Command duration or timeout: 18 milliseconds
Build info: version: &apos;2.26.0&apos;, revision: &apos;18040&apos;, time: &apos;2012-11-02 09:44:45&apos;
System info: os.name: &apos;Windows 7&apos;, os.arch: &apos;amd64&apos;, os.version: &apos;6.1&apos;, java.version: &apos;1.7.0_09&apos;
Driver info: driver.version: RemoteWebDriver
Session ID: 78328d5336255f98e225fe5d9cb0961a" type="org.openqa.selenium.WebDriverException">org.openqa.selenium.WebDriverException: Script execution failed. Script: logged_in = getCookie(&quot;umagicpro_logged_in&quot;);if (logged_in == 0) {$(&apos;.gradient_back, .gradient_back_two, .div_abs_for_ifr&apos;).css({&apos;display&apos;: &apos;block&apos;});var atr_adm = $(&apos;.administrator&apos;).attr(&quot;href&quot;); $(&quot;.iframe_rega&quot;).attr({ src: atr_adm}).css({display: &quot;none&quot; });$(&quot;.iframe_rega&quot;).load(function () { $(&apos;.bLoginFormWrap_kn&apos;).css({&apos;display&apos;: &apos;block&apos;}); $(this).css({  visibility: &quot;visible&quot;, display: &quot;block&quot;}); }); } else {loginAction(); };
 getCookie is not defined (WARNING: The server did not provide any stacktrace information)
Command duration or timeout: 18 milliseconds
Build info: version: &apos;2.26.0&apos;, revision: &apos;18040&apos;, time: &apos;2012-11-02 09:44:45&apos;
System info: os.name: &apos;Windows 7&apos;, os.arch: &apos;amd64&apos;, os.version: &apos;6.1&apos;, java.version: &apos;1.7.0_09&apos;
Driver info: driver.version: RemoteWebDriver
Session ID: 78328d5336255f98e225fe5d9cb0961a
	at sun.reflect.GeneratedConstructorAccessor14.newInstance(Unknown Source)
	at sun.reflect.DelegatingConstructorAccessorImpl.newInstance(DelegatingConstructorAccessorImpl.java:45)
	at java.lang.reflect.Constructor.newInstance(Constructor.java:525)
	at org.openqa.selenium.remote.ErrorHandler.createThrowable(ErrorHandler.java:188)
	at org.openqa.selenium.remote.ErrorHandler.throwIfResponseFailed(ErrorHandler.java:145)
	at org.openqa.selenium.remote.RemoteWebDriver.execute(RemoteWebDriver.java:531)
	at org.openqa.selenium.remote.RemoteWebDriver.executeScript(RemoteWebDriver.java:440)
	at com.YouMagicPro.LKA_tests.TestBase.waitContractPageToLoad(TestBase.java:238)
	at com.YouMagicPro.LKA_tests.ContractInnChooseFormTest.contractInnChooseForm_C15047(ContractInnChooseFormTest.java:11)
</failure>
  </testcase>
  <testcase time="12.893" classname="com.YouMagicPro.LKA_tests.ContractInnLettersInTextFieldTest" name="contractInnLettersInTextFieldTest_C15030">
    <failure message="Script execution failed. Script: logged_in = getCookie(&quot;umagicpro_logged_in&quot;);if (logged_in == 0) {$(&apos;.gradient_back, .gradient_back_two, .div_abs_for_ifr&apos;).css({&apos;display&apos;: &apos;block&apos;});var atr_adm = $(&apos;.administrator&apos;).attr(&quot;href&quot;); $(&quot;.iframe_rega&quot;).attr({ src: atr_adm}).css({display: &quot;none&quot; });$(&quot;.iframe_rega&quot;).load(function () { $(&apos;.bLoginFormWrap_kn&apos;).css({&apos;display&apos;: &apos;block&apos;}); $(this).css({  visibility: &quot;visible&quot;, display: &quot;block&quot;}); }); } else {loginAction(); };
 getCookie is not defined (WARNING: The server did not provide any stacktrace information)
Command duration or timeout: 19 milliseconds
Build info: version: &apos;2.26.0&apos;, revision: &apos;18040&apos;, time: &apos;2012-11-02 09:44:45&apos;
System info: os.name: &apos;Windows 7&apos;, os.arch: &apos;amd64&apos;, os.version: &apos;6.1&apos;, java.version: &apos;1.7.0_09&apos;
Driver info: driver.version: RemoteWebDriver
[...]
System info: os.name: &apos;Windows 7&apos;, os.arch: &apos;amd64&apos;, os.version: &apos;6.1&apos;, java.version: &apos;1.7.0_09&apos;
Driver info: driver.version: RemoteWebDriver
Session ID: 366bb9e44434883ba49409bf0994f255
	at sun.reflect.NativeConstructorAccessorImpl.newInstance0(Native Method)
	at sun.reflect.NativeConstructorAccessorImpl.newInstance(NativeConstructorAccessorImpl.java:57)
	at sun.reflect.DelegatingConstructorAccessorImpl.newInstance(DelegatingConstructorAccessorImpl.java:45)
	at java.lang.reflect.Constructor.newInstance(Constructor.java:525)
	at org.openqa.selenium.remote.ErrorHandler.createThrowable(ErrorHandler.java:188)
	at org.openqa.selenium.remote.ErrorHandler.throwIfResponseFailed(ErrorHandler.java:145)
	at org.openqa.selenium.remote.RemoteWebDriver.execute(RemoteWebDriver.java:531)
	at org.openqa.selenium.remote.RemoteWebDriver.findElement(RemoteWebDriver.java:301)
	at org.openqa.selenium.remote.RemoteWebDriver.findElementByXPath(RemoteWebDriver.java:386)
	at org.openqa.selenium.By$ByXPath.findElement(By.java:343)
	at org.openqa.selenium.remote.RemoteWebDriver.findElement(RemoteWebDriver.java:293)
	at com.YouMagicPro.LKA_tests.TestBase.waitAdminPageToLoadSecondAccount(TestBase.java:217)
	at com.YouMagicPro.LKA_tests.OrderByPickUpOrderWithoutDocTypeCheckedTest.orderByPickUpOrderWithoutDocTypeCheckedTest_C25663(OrderByPickUpOrderWithoutDocTypeCheckedTest.java:11)
</failure>
  </testcase>
  <testcase time="2.963" classname="com.YouMagicPro.LKA_tests.OrderDeliveryOfContractCancelButtonTest" name="orderDeliveryOfContractCancelButtonTest">
    <failure message="Script execution failed. Script: $(&apos;.gradient_back, .gradient_back_two, .div_abs_for_ifr&apos;).css({ &apos;display&apos;: &apos;block&apos;  }); var atr_adm = $(&apos;.administrator&apos;).attr(&quot;href&quot;); $(&quot;.iframe_rega&quot;).attr({src: atr_adm}).css({ display: &quot;none&quot;});$(&quot;.iframe_rega&quot;).load(function () {$(&apos;.bLoginFormWrap_kn&apos;).css({&apos;display&apos;: &apos;block&apos;});$(this).css({ visibility: &quot;visible&quot;, display:&quot;block&quot; });});;
 $ is not defined (WARNING: The server did not provide any stacktrace information)
Command duration or timeout: 19 milliseconds
Build info: version: &apos;2.26.0&apos;, revision: &apos;18040&apos;, time: &apos;2012-11-02 09:44:45&apos;
System info: os.name: &apos;Windows 7&apos;, os.arch: &apos;amd64&apos;, os.version: &apos;6.1&apos;, java.version: &apos;1.7.0_09&apos;
Driver info: driver.version: RemoteWebDriver
Session ID: 2b4e57f9c7f0f016c2e199bba0229c1b" type="org.openqa.selenium.WebDriverException">org.openqa.selenium.WebDriverException: Script execution failed. Script: $(&apos;.gradient_back, .gradient_back_two, .div_abs_for_ifr&apos;).css({ &apos;display&apos;: &apos;block&apos;  }); var atr_adm = $(&apos;.administrator&apos;).attr(&quot;href&quot;); $(&quot;.iframe_rega&quot;).attr({src: atr_adm}).css({ display: &quot;none&quot;});$(&quot;.iframe_rega&quot;).load(function () {$(&apos;.bLoginFormWrap_kn&apos;).css({&apos;display&apos;: &apos;block&apos;});$(this).css({ visibility: &quot;visible&quot;, display:&quot;block&quot; });});;
 $ is not defined (WARNING: The server did not provide any stacktrace information)
Command duration or timeout: 19 milliseconds
Build info: version: &apos;2.26.0&apos;, revision: &apos;18040&apos;, time: &apos;2012-11-02 09:44:45&apos;
System info: os.name: &apos;Windows 7&apos;, os.arch: &apos;amd64&apos;, os.version: &apos;6.1&apos;, java.version: &apos;1.7.0_09&apos;
Driver info: driver.version: RemoteWebDriver
Session ID: 2b4e57f9c7f0f016c2e199bba0229c1b
	at sun.reflect.GeneratedConstructorAccessor14.newInstance(Unknown Source)
	at sun.reflect.DelegatingConstructorAccessorImpl.newInstance(DelegatingConstructorAccessorImpl.java:45)
	at java.lang.reflect.Constructor.newInstance(Constructor.java:525)
	at org.openqa.selenium.remote.ErrorHandler.createThrowable(ErrorHandler.java:188)
	at org.openqa.selenium.remote.ErrorHandler.throwIfResponseFailed(ErrorHandler.java:145)
	at org.openqa.selenium.remote.RemoteWebDriver.execute(RemoteWebDriver.java:531)
	at org.openqa.selenium.remote.RemoteWebDriver.executeScript(RemoteWebDriver.java:440)
	at com.YouMagicPro.LKA_tests.TestBase.waitAdminPageToLoadSecondAccount(TestBase.java:192)
	at com.YouMagicPro.LKA_tests.OrderDeliveryOfContractCancelButtonTest.orderDeliveryOfContractCancelButtonTest(OrderDeliveryOfContractCancelButtonTest.java:11)
</failure>
  </testcase>
  <testcase time="2.84" classname="com.YouMagicPro.LKA_tests.OrderDeliveryOfContractDropdownListTest" name="expenseStructureTest">
    <failure message="Script execution failed. Script: $(&apos;.gradient_back, .gradient_back_two, .div_abs_for_ifr&apos;).css({ &apos;display&apos;: &apos;block&apos;  }); var atr_adm = $(&apos;.administrator&apos;).attr(&quot;href&quot;); $(&quot;.iframe_rega&quot;).attr({src: atr_adm}).css({ display: &quot;none&quot;});$(&quot;.iframe_rega&quot;).load(function () {$(&apos;.bLoginFormWrap_kn&apos;).css({&apos;display&apos;: &apos;block&apos;});$(this).css({ visibility: &quot;visible&quot;, display:&quot;block&quot; });});;
 $ is not defined (WARNING: The server did not provide any stacktrace information)
Command duration or timeout: 20 milliseconds
Build info: version: &apos;2.26.0&apos;, revision: &apos;18040&apos;, time: &apos;2012-11-02 09:44:45&apos;
System info: os.name: &apos;Windows 7&apos;, os.arch: &apos;amd64&apos;, os.version: &apos;6.1&apos;, java.version: &apos;1.7.0_09&apos;
Driver info: driver.version: RemoteWebDriver
Session ID: 20dd28c83ae87535a45ea877f210e90c" type="org.openqa.selenium.WebDriverException">org.openqa.selenium.WebDriverException: Script execution failed. Script: $(&apos;.gradient_back, .gradient_back_two, .div_abs_for_ifr&apos;).css({ &apos;display&apos;: &apos;block&apos;  }); var atr_adm = $(&apos;.administrator&apos;).attr(&quot;href&quot;); $(&quot;.iframe_rega&quot;).attr({src: atr_adm}).css({ display: &quot;none&quot;});$(&quot;.iframe_rega&quot;).load(function () {$(&apos;.bLoginFormWrap_kn&apos;).css({&apos;display&apos;: &apos;block&apos;});$(this).css({ visibility: &quot;visible&quot;, display:&quot;block&quot; });});;
 $ is not defined (WARNING: The server did not provide any stacktrace information)
Command duration or timeout: 20 milliseconds
Build info: version: &apos;2.26.0&apos;, revision: &apos;18040&apos;, time: &apos;2012-11-02 09:44:45&apos;
System info: os.name: &apos;Windows 7&apos;, os.arch: &apos;amd64&apos;, os.version: &apos;6.1&apos;, java.version: &apos;1.7.0_09&apos;
Driver info: driver.version: RemoteWebDriver
Session ID: 20dd28c83ae87535a45ea877f210e90c
	at sun.reflect.GeneratedConstructorAccessor14.newInstance(Unknown Source)
	at sun.reflect.DelegatingConstructorAccessorImpl.newInstance(DelegatingConstructorAccessorImpl.java:45)
	at java.lang.reflect.Constructor.newInstance(Constructor.java:525)
	at org.openqa.selenium.remote.ErrorHandler.createThrowable(ErrorHandler.java:188)
	at org.openqa.selenium.remote.ErrorHandler.throwIfResponseFailed(ErrorHandler.java:145)
	at org.openqa.selenium.remote.RemoteWebDriver.execute(RemoteWebDriver.java:531)
	at org.openqa.selenium.remote.RemoteWebDriver.executeScript(RemoteWebDriver.java:440)
	at com.YouMagicPro.LKA_tests.TestBase.waitAdminPageToLoadSecondAccount(TestBase.java:192)
	at com.YouMagicPro.LKA_tests.OrderDeliveryOfContractDropdownListTest.expenseStructureTest(OrderDeliveryOfContractDropdownListTest.java:11)
</failure>
  </testcase>
  <testcase time="2.885" classname="com.YouMagicPro.LKA_tests.OrderToAdressCancelButtonClickTest" name="orderToAdressCancelButtonClickTest_C25675">
    <failure message="Script execution failed. Script: $(&apos;.gradient_back, .gradient_back_two, .div_abs_for_ifr&apos;).css({ &apos;display&apos;: &apos;block&apos;  }); var atr_adm = $(&apos;.administrator&apos;).attr(&quot;href&quot;); $(&quot;.iframe_rega&quot;).attr({src: atr_adm}).css({ display: &quot;none&quot;});$(&quot;.iframe_rega&quot;).load(function () {$(&apos;.bLoginFormWrap_kn&apos;).css({&apos;display&apos;: &apos;block&apos;});$(this).css({ visibility: &quot;visible&quot;, display:&quot;block&quot; });});;
 $ is not defined (WARNING: The server did not provide any stacktrace information)
Command duration or timeout: 18 milliseconds
Build info: version: &apos;2.26.0&apos;, revision: &apos;18040&apos;, time: &apos;2012-11-02 09:44:45&apos;
System info: os.name: &apos;Windows 7&apos;, os.arch: &apos;amd64&apos;, os.version: &apos;6.1&apos;, java.version: &apos;1.7.0_09&apos;
Driver info: driver.version: RemoteWebDriver
Session ID: bf85d8902a8bc86467b8e7ac7ff1ba37" type="org.openqa.selenium.WebDriverException">org.openqa.selenium.WebDriverException: Script execution failed. Script: $(&apos;.gradient_back, .gradient_back_two, .div_abs_for_ifr&apos;).css({ &apos;display&apos;: &apos;block&apos;  }); var atr_adm = $(&apos;.administrator&apos;).attr(&quot;href&quot;); $(&quot;.iframe_rega&quot;).attr({src: atr_adm}).css({ display: &quot;none&quot;});$(&quot;.iframe_rega&quot;).load(function () {$(&apos;.bLoginFormWrap_kn&apos;).css({&apos;display&apos;: &apos;block&apos;});$(this).css({ visibility: &quot;visible&quot;, display:&quot;block&quot; });});;
 $ is not defined (WARNING: The server did not provide any stacktrace information)
Command duration or timeout: 18 milliseconds
Build info: version: &apos;2.26.0&apos;, revision: &apos;18040&apos;, time: &apos;2012-11-02 09:44:45&apos;
System info: os.name: &apos;Windows 7&apos;, os.arch: &apos;amd64&apos;, os.version: &apos;6.1&apos;, java.version: &apos;1.7.0_09&apos;
Driver info: driver.version: RemoteWebDriver
Session ID: bf85d8902a8bc86467b8e7ac7ff1ba37
	at sun.reflect.GeneratedConstructorAccessor14.newInstance(Unknown Source)
	at sun.reflect.DelegatingConstructorAccessorImpl.newInstance(DelegatingConstructorAccessorImpl.java:45)
	at java.lang.reflect.Constructor.newInstance(Constructor.java:525)
	at org.openqa.selenium.remote.ErrorHandler.createThrowable(ErrorHandler.java:188)
	at org.openqa.selenium.remote.ErrorHandler.throwIfResponseFailed(ErrorHandler.java:145)
	at org.openqa.selenium.remote.RemoteWebDriver.execute(RemoteWebDriver.java:531)
	at org.openqa.selenium.remote.RemoteWebDriver.executeScript(RemoteWebDriver.java:440)
	at com.YouMagicPro.LKA_tests.TestBase.waitAdminPageToLoadSecondAccount(TestBase.java:192)
	at com.YouMagicPro.LKA_tests.OrderToAdressCancelButtonClickTest.orderToAdressCancelButtonClickTest_C25675(OrderToAdressCancelButtonClickTest.java:11)
</failure>
  </testcase>
  <testcase time="20.956" classname="com.YouMagicPro.LKA_tests.OrderToAdressChangeNameTest" name="orderToAdressChangeNameTest_C25672">
    <failure message="The element could not be found (WARNING: The server did not provide any stacktrace information)
Command duration or timeout: 10.08 seconds
For documentation on this error, please visit: http://seleniumhq.org/exceptions/no_such_element.html
Build info: version: &apos;2.26.0&apos;, revision: &apos;18040&apos;, time: &apos;2012-11-02 09:44:45&apos;
System info: os.name: &apos;Windows 7&apos;, os.arch: &apos;amd64&apos;, os.version: &apos;6.1&apos;, java.version: &apos;1.7.0_09&apos;
Driver info: driver.version: RemoteWebDriver
Session ID: 99eab186fb4c9dc713d791039e83d410" type="org.openqa.selenium.NoSuchElementException">org.openqa.selenium.NoSuchElementException: The element could not be found (WARNING: The server did not provide any stacktrace information)
Command duration or timeout: 10.08 seconds
For documentation on this error, please visit: http://seleniumhq.org/exceptions/no_such_element.html
Build info: version: &apos;2.26.0&apos;, revision: &apos;18040&apos;, time: &apos;2012-11-02 09:44:45&apos;
System info: os.name: &apos;Windows 7&apos;, os.arch: &apos;amd64&apos;, os.version: &apos;6.1&apos;, java.version: &apos;1.7.0_09&apos;
Driver info: driver.version: RemoteWebDriver
Session ID: 99eab186fb4c9dc713d791039e83d410
	at sun.reflect.NativeConstructorAccessorImpl.newInstance0(Native Method)
	at sun.reflect.NativeConstructorAccessorImpl.newInstance(NativeConstructorAccessorImpl.java:57)
	at sun.reflect.DelegatingConstructorAccessorImpl.newInstance(DelegatingConstructorAccessorImpl.java:45)
	at java.lang.reflect.Constructor.newInstance(Constructor.java:525)
	at org.openqa.selenium.remote.ErrorHandler.createThrowable(ErrorHandler.java:188)
	at org.openqa.selenium.remote.ErrorHandler.throwIfResponseFailed(ErrorHandler.java:145)
	at org.openqa.selenium.remote.RemoteWebDriver.execute(RemoteWebDriver.java:531)
	at org.openqa.selenium.remote.RemoteWebDriver.findElement(RemoteWebDriver.java:301)
	at org.openqa.selenium.remote.RemoteWebDriver.findElementByXPath(RemoteWebDriver.java:386)
	at org.openqa.selenium.By$ByXPath.findElement(By.java:343)
	at org.openqa.selenium.remote.RemoteWebDriver.findElement(RemoteWebDriver.java:293)
	at com.YouMagicPro.LKA_tests.TestBase.waitAdminPageToLoadSecondAccount(TestBase.java:217)
	at com.YouMagicPro.LKA_tests.OrderToAdressChangeNameTest.orderToAdressChangeNameTest_C25672(OrderToAdressChangeNameTest.java:11)
</failure>
  </testcase>
  <testcase time="2.827" classname="com.YouMagicPro.LKA_tests.OrderToAdressChangePhoneTest" name="orderToAdressChangePhoneTest_C25677">
    <failure message="Script execution failed. Script: $(&apos;.gradient_back, .gradient_back_two, .div_abs_for_ifr&apos;).css({ &apos;display&apos;: &apos;block&apos;  }); var atr_adm = $(&apos;.administrator&apos;).attr(&quot;href&quot;); $(&quot;.iframe_rega&quot;).attr({src: atr_adm}).css({ display: &quot;none&quot;});$(&quot;.iframe_rega&quot;).load(function () {$(&apos;.bLoginFormWrap_kn&apos;).css({&apos;display&apos;: &apos;block&apos;});$(this).css({ visibility: &quot;visible&quot;, display:&quot;block&quot; });});;
 $ is not defined (WARNING: The server did not provide any stacktrace information)
Command duration or timeout: 19 milliseconds
Build info: version: &apos;2.26.0&apos;, revision: &apos;18040&apos;, time: &apos;2012-11-02 09:44:45&apos;
System info: os.name: &apos;Windows 7&apos;, os.arch: &apos;amd64&apos;, os.version: &apos;6.1&apos;, java.version: &apos;1.7.0_09&apos;
Driver info: driver.version: RemoteWebDriver
Session ID: 3234515b5a20a4e9027effa59a48187b" type="org.openqa.selenium.WebDriverException">org.openqa.selenium.WebDriverException: Script execution failed. Script: $(&apos;.gradient_back, .gradient_back_two, .div_abs_for_ifr&apos;).css({ &apos;display&apos;: &apos;block&apos;  }); var atr_adm = $(&apos;.administrator&apos;).attr(&quot;href&quot;); $(&quot;.iframe_rega&quot;).attr({src: atr_adm}).css({ display: &quot;none&quot;});$(&quot;.iframe_rega&quot;).load(function () {$(&apos;.bLoginFormWrap_kn&apos;).css({&apos;display&apos;: &apos;block&apos;});$(this).css({ visibility: &quot;visible&quot;, display:&quot;block&quot; });});;
 $ is not defined (WARNING: The server did not provide any stacktrace information)
Command duration or timeout: 19 milliseconds
Build info: version: &apos;2.26.0&apos;, revision: &apos;18040&apos;, time: &apos;2012-11-02 09:44:45&apos;
System info: os.name: &apos;Windows 7&apos;, os.arch: &apos;amd64&apos;, os.version: &apos;6.1&apos;, java.version: &apos;1.7.0_09&apos;
Driver info: driver.version: RemoteWebDriver
Session ID: 3234515b5a20a4e9027effa59a48187b
	at sun.reflect.GeneratedConstructorAccessor14.newInstance(Unknown Source)
	at sun.reflect.DelegatingConstructorAccessorImpl.newInstance(DelegatingConstructorAccessorImpl.java:45)
	at java.lang.reflect.Constructor.newInstance(Constructor.java:525)
	at org.openqa.selenium.remote.ErrorHandler.createThrowable(ErrorHandler.java:188)
	at org.openqa.selenium.remote.ErrorHandler.throwIfResponseFailed(ErrorHandler.java:145)
	at org.openqa.selenium.remote.RemoteWebDriver.execute(RemoteWebDriver.java:531)
	at org.openqa.selenium.remote.RemoteWebDriver.executeScript(RemoteWebDriver.java:440)
	at com.YouMagicPro.LKA_tests.TestBase.waitAdminPageToLoadSecondAccount(TestBase.java:192)
	at com.YouMagicPro.LKA_tests.OrderToAdressChangePhoneTest.orderToAdressChangePhoneTest_C25677(OrderToAdressChangePhoneTest.java:11)
</failure>
  </testcase>
  <testcase time="2.849" classname="com.YouMagicPro.LKA_tests.OrderToAdressNoTextFieldFilledTest" name="OrderToAdressNoTextFieldFilledTest_C25679">
    <failure message="Script execution failed. Script: $(&apos;.gradient_back, .gradient_back_two, .div_abs_for_ifr&apos;).css({ &apos;display&apos;: &apos;block&apos;  }); var atr_adm = $(&apos;.administrator&apos;).attr(&quot;href&quot;); $(&quot;.iframe_rega&quot;).attr({src: atr_adm}).css({ display: &quot;none&quot;});$(&quot;.iframe_rega&quot;).load(function () {$(&apos;.bLoginFormWrap_kn&apos;).css({&apos;display&apos;: &apos;block&apos;});$(this).css({ visibility: &quot;visible&quot;, display:&quot;block&quot; });});;
 $ is not defined (WARNING: The server did not provide any stacktrace information)
Command duration or timeout: 17 milliseconds
Build info: version: &apos;2.26.0&apos;, revision: &apos;18040&apos;, time: &apos;2012-11-02 09:44:45&apos;
System info: os.name: &apos;Windows 7&apos;, os.arch: &apos;amd64&apos;, os.version: &apos;6.1&apos;, java.version: &apos;1.7.0_09&apos;
Driver info: driver.version: RemoteWebDriver
Session ID: 95de01812f324177b138ca8a5decd3b0" type="org.openqa.selenium.WebDriverException">org.openqa.selenium.WebDriverException: Script execution failed. Script: $(&apos;.gradient_back, .gradient_back_two, .div_abs_for_ifr&apos;).css({ &apos;display&apos;: &apos;block&apos;  }); var atr_adm = $(&apos;.administrator&apos;).attr(&quot;href&quot;); $(&quot;.iframe_rega&quot;).attr({src: atr_adm}).css({ display: &quot;none&quot;});$(&quot;.iframe_rega&quot;).load(function () {$(&apos;.bLoginFormWrap_kn&apos;).css({&apos;display&apos;: &apos;block&apos;});$(this).css({ visibility: &quot;visible&quot;, display:&quot;block&quot; });});;
 $ is not defined (WARNING: The server did not provide any stacktrace information)
Command duration or timeout: 17 milliseconds
Build info: version: &apos;2.26.0&apos;, revision: &apos;18040&apos;, time: &apos;2012-11-02 09:44:45&apos;
System info: os.name: &apos;Windows 7&apos;, os.arch: &apos;amd64&apos;, os.version: &apos;6.1&apos;, java.version: &apos;1.7.0_09&apos;
Driver info: driver.version: RemoteWebDriver
Session ID: 95de01812f324177b138ca8a5decd3b0
	at sun.reflect.GeneratedConstructorAccessor14.newInstance(Unknown Source)
	at sun.reflect.DelegatingConstructorAccessorImpl.newInstance(DelegatingConstructorAccessorImpl.java:45)
	at java.lang.reflect.Constructor.newInstance(Constructor.java:525)
	at org.openqa.selenium.remote.ErrorHandler.createThrowable(ErrorHandler.java:188)
	at org.openqa.selenium.remote.ErrorHandler.throwIfResponseFailed(ErrorHandler.java:145)
	at org.openqa.selenium.remote.RemoteWebDriver.execute(RemoteWebDriver.java:531)
	at org.openqa.selenium.remote.RemoteWebDriver.executeScript(RemoteWebDriver.java:440)
	at com.YouMagicPro.LKA_tests.TestBase.waitAdminPageToLoadSecondAccount(TestBase.java:192)
	at com.YouMagicPro.LKA_tests.OrderToAdressNoTextFieldFilledTest.OrderToAdressNoTextFieldFilledTest_C25679(OrderToAdressNoTextFieldFilledTest.java:11)
</failure>
  </testcase>
  <testcase time="16.284" classname="com.YouMagicPro.LKA_tests.PaymentsPageTest" name="soundFilesTest"/>
  <testcase time="16.608" classname="com.YouMagicPro.LKA_tests.SoundFilesPageTest" name="soundFilesTest">
    <failure message="" type="java.lang.AssertionError">java.lang.AssertionError: 
	at org.testng.AssertJUnit.fail(AssertJUnit.java:59)
	at org.testng.AssertJUnit.assertTrue(AssertJUnit.java:24)
	at org.testng.AssertJUnit.assertTrue(AssertJUnit.java:33)
	at com.YouMagicPro.LKA_tests.SoundFilesPageTest.soundFilesTest(SoundFilesPageTest.java:21)
</failure>
  </testcase>
  <testcase time="13.658" classname="com.YouMagicPro.LKA_tests.SupportPhoneTest" name="SupportPhoneTest_C25679"/>
</testsuite>