<?xml version="1.0" encoding="UTF-8" ?>
<testsuite failures="33" time="1,786.859" errors="0" skipped="0" tests="97" name="TestSuite">
  <properties>
[...]
</properties>
  <testcase time="63.481" classname="com.YouMagicPro.LKA_tests.AddAndDeleteMenusTest" name="addAndDeleteMenusTest"/>
  <testcase time="21.956" classname="com.YouMagicPro.LKA_tests.VoiceFillNAmeTextFieldTest" name="voiceFillNAmeTextFieldTest_C15293"/>
  <testcase time="24.784" classname="com.YouMagicPro.LKA_tests.AddAndDeleteNoticesTest" name="addAndDeleteNoticesTest"/>
  <testcase time="8.841" classname="com.YouMagicPro.LKA_tests.VoiceMailChooseSoundTest" name="voiceMailChooseSoundTest_C15294">
    <failure message="Element is not clickable at point (868.5, 44). Other element would receive the click: &lt;div class=&quot;sl_head&quot;&gt;...&lt;/div&gt; (WARNING: The server did not provide any stacktrace information)
Command duration or timeout: 130 milliseconds
Build info: version: &apos;2.26.0&apos;, revision: &apos;18040&apos;, time: &apos;2012-11-02 09:44:45&apos;
System info: os.name: &apos;Windows 7&apos;, os.arch: &apos;amd64&apos;, os.version: &apos;6.1&apos;, java.version: &apos;1.7.0_09&apos;
Driver info: driver.version: RemoteWebDriver
Session ID: c4098896a7cd2e3d25331a56fb755bcc" type="org.openqa.selenium.WebDriverException">org.openqa.selenium.WebDriverException: Element is not clickable at point (868.5, 44). Other element would receive the click: &lt;div class=&quot;sl_head&quot;&gt;...&lt;/div&gt; (WARNING: The server did not provide any stacktrace information)
Command duration or timeout: 130 milliseconds
Build info: version: &apos;2.26.0&apos;, revision: &apos;18040&apos;, time: &apos;2012-11-02 09:44:45&apos;
System info: os.name: &apos;Windows 7&apos;, os.arch: &apos;amd64&apos;, os.version: &apos;6.1&apos;, java.version: &apos;1.7.0_09&apos;
Driver info: driver.version: RemoteWebDriver
Session ID: c4098896a7cd2e3d25331a56fb755bcc
	at sun.reflect.NativeConstructorAccessorImpl.newInstance0(Native Method)
	at sun.reflect.NativeConstructorAccessorImpl.newInstance(NativeConstructorAccessorImpl.java:57)
	at sun.reflect.DelegatingConstructorAccessorImpl.newInstance(DelegatingConstructorAccessorImpl.java:45)
	at java.lang.reflect.Constructor.newInstance(Constructor.java:525)
	at org.openqa.selenium.remote.ErrorHandler.createThrowable(ErrorHandler.java:188)
	at org.openqa.selenium.remote.ErrorHandler.throwIfResponseFailed(ErrorHandler.java:145)
	at org.openqa.selenium.remote.RemoteWebDriver.execute(RemoteWebDriver.java:531)
	at org.openqa.selenium.remote.RemoteWebElement.execute(RemoteWebElement.java:246)
	at org.openqa.selenium.remote.RemoteWebElement.click(RemoteWebElement.java:79)
	at com.YouMagicPro.LKA_tests.TestBase.waitAdminPageToLoad(TestBase.java:145)
	at com.YouMagicPro.LKA_tests.VoiceMailChooseSoundTest.voiceMailChooseSoundTest_C15294(VoiceMailChooseSoundTest.java:10)
</failure>
  </testcase>
  <testcase time="13.72" classname="com.YouMagicPro.LKA_tests.AgreementOPFTest" name="addAndDeleteNoticesTest"/>
  <testcase time="18.734" classname="com.YouMagicPro.LKA_tests.VoiceMailEmptyNameTextFieldTest" name="voiceMailEmptyNameTextFieldTest_C19851">
    <failure message="The element could not be found (WARNING: The server did not provide any stacktrace information)
Command duration or timeout: 32 milliseconds
For documentation on this error, please visit: http://seleniumhq.org/exceptions/no_such_element.html
Build info: version: &apos;2.26.0&apos;, revision: &apos;18040&apos;, time: &apos;2012-11-02 09:44:45&apos;
System info: os.name: &apos;Windows 7&apos;, os.arch: &apos;amd64&apos;, os.version: &apos;6.1&apos;, java.version: &apos;1.7.0_09&apos;
Driver info: driver.version: RemoteWebDriver
Session ID: ee58e441281ba0a713bd657123333235" type="org.openqa.selenium.NoSuchElementException">org.openqa.selenium.NoSuchElementException: The element could not be found (WARNING: The server did not provide any stacktrace information)
Command duration or timeout: 32 milliseconds
For documentation on this error, please visit: http://seleniumhq.org/exceptions/no_such_element.html
Build info: version: &apos;2.26.0&apos;, revision: &apos;18040&apos;, time: &apos;2012-11-02 09:44:45&apos;
System info: os.name: &apos;Windows 7&apos;, os.arch: &apos;amd64&apos;, os.version: &apos;6.1&apos;, java.version: &apos;1.7.0_09&apos;
Driver info: driver.version: RemoteWebDriver
Session ID: ee58e441281ba0a713bd657123333235
	at sun.reflect.NativeConstructorAccessorImpl.newInstance0(Native Method)
	at sun.reflect.NativeConstructorAccessorImpl.newInstance(NativeConstructorAccessorImpl.java:57)
	at sun.reflect.DelegatingConstructorAccessorImpl.newInstance(DelegatingConstructorAccessorImpl.java:45)
	at java.lang.reflect.Constructor.newInstance(Constructor.java:525)
	at org.openqa.selenium.remote.ErrorHandler.createThrowable(ErrorHandler.java:188)
	at org.openqa.selenium.remote.ErrorHandler.throwIfResponseFailed(ErrorHandler.java:145)
	at org.openqa.selenium.remote.RemoteWebDriver.execute(RemoteWebDriver.java:531)
	at org.openqa.selenium.remote.RemoteWebDriver.findElement(RemoteWebDriver.java:301)
	at org.openqa.selenium.remote.RemoteWebDriver.findElementByXPath(RemoteWebDriver.java:386)
	at org.openqa.selenium.By$ByXPath.findElement(By.java:343)
	at org.openqa.selenium.remote.RemoteWebDriver.findElement(RemoteWebDriver.java:293)
	at com.YouMagicPro.LKA_tests.VoiceMailEmptyNameTextFieldTest.voiceMailEmptyNameTextFieldTest_C19851(VoiceMailEmptyNameTextFieldTest.java:32)
</failure>
  </testcase>
  <testcase time="15.735" classname="com.YouMagicPro.LKA_tests.Buying804NumberCategoriesOfNumbers" name="buying804NumberCategoriesOfNumbers_C25622"/>
  <testcase time="18.385" classname="com.YouMagicPro.LKA_tests.VoiceMailPageTest" name="voiceMailPageTest"/>
  <testcase time="16.863" classname="com.YouMagicPro.LKA_tests.Buying804NumberCostOfNumberTest" name="buying804NumberCostOfNumberTest_C25623"/>
  <testcase time="15.033" classname="com.YouMagicPro.LKA_tests.VoiceMenuAddTest" name="voiceMenuAddTest_C15292"/>
  <testcase time="11.223" classname="com.YouMagicPro.LKA_tests.BuyingAdditionalInternalNumberCheckCost" name="buyingAdditionalInternalNumberCheckCost_C15113"/>
  <testcase time="23.722" classname="com.YouMagicPro.LKA_tests.VoiceMenuChooseSoundTest" name="voiceMailChooseSoundTest_C15294"/>
  <testcase time="10.574" classname="com.YouMagicPro.LKA_tests.BuyingAdditionalInternalNumberTextFieldTest" name="buyingAdditionalInternalNumberTextFieldTest_C15112"/>
  <testcase time="17.629" classname="com.YouMagicPro.LKA_tests.VoiceMenuEmptyNameTextFieldTest" name="voiceMailEmptyNameTextFieldTest_C19851"/>
  <testcase time="16.054" classname="com.YouMagicPro.LKA_tests.BuyingAdditionalNumberChooseCityFromList" name="buyingAdditionalNumberChooseCityFromList_C15103"/>
  <testcase time="14.886" classname="com.YouMagicPro.LKA_tests.VoiceMenuFillNAmeTextFieldTest" name="voiceFillNAmeTextFieldTest_C15293">
    <failure message="The element could not be found (WARNING: The server did not provide any stacktrace information)
Command duration or timeout: 39 milliseconds
For documentation on this error, please visit: http://seleniumhq.org/exceptions/no_such_element.html
Build info: version: &apos;2.26.0&apos;, revision: &apos;18040&apos;, time: &apos;2012-11-02 09:44:45&apos;
System info: os.name: &apos;Windows 7&apos;, os.arch: &apos;amd64&apos;, os.version: &apos;6.1&apos;, java.version: &apos;1.7.0_09&apos;
Driver info: driver.version: RemoteWebDriver
Session ID: 344a50e53b09230dc5c40a839a1ab2c8" type="org.openqa.selenium.NoSuchElementException">org.openqa.selenium.NoSuchElementException: The element could not be found (WARNING: The server did not provide any stacktrace information)
Command duration or timeout: 39 milliseconds
For documentation on this error, please visit: http://seleniumhq.org/exceptions/no_such_element.html
Build info: version: &apos;2.26.0&apos;, revision: &apos;18040&apos;, time: &apos;2012-11-02 09:44:45&apos;
System info: os.name: &apos;Windows 7&apos;, os.arch: &apos;amd64&apos;, os.version: &apos;6.1&apos;, java.version: &apos;1.7.0_09&apos;
Driver info: driver.version: RemoteWebDriver
Session ID: 344a50e53b09230dc5c40a839a1ab2c8
	at sun.reflect.GeneratedConstructorAccessor13.newInstance(Unknown Source)
	at sun.reflect.DelegatingConstructorAccessorImpl.newInstance(DelegatingConstructorAccessorImpl.java:45)
	at java.lang.reflect.Constructor.newInstance(Constructor.java:525)
	at org.openqa.selenium.remote.ErrorHandler.createThrowable(ErrorHandler.java:188)
	at org.openqa.selenium.remote.ErrorHandler.throwIfResponseFailed(ErrorHandler.java:145)
	at org.openqa.selenium.remote.RemoteWebDriver.execute(RemoteWebDriver.java:531)
	at org.openqa.selenium.remote.RemoteWebDriver.findElement(RemoteWebDriver.java:301)
	at org.openqa.selenium.remote.RemoteWebDriver.findElementByXPath(RemoteWebDriver.java:386)
	at org.openqa.selenium.By$ByXPath.findElement(By.java:343)
	at org.openqa.selenium.remote.RemoteWebDriver.findElement(RemoteWebDriver.java:293)
	at com.YouMagicPro.LKA_tests.VoiceMenuFillNAmeTextFieldTest.voiceFillNAmeTextFieldTest_C15293(VoiceMenuFillNAmeTextFieldTest.java:27)
</failure>
  </testcase>
  <testcase time="15.782" classname="com.YouMagicPro.LKA_tests.BuyingAdditionalNumberChooseNumberCategories" name="BuyingAdditionalNumberChooseNumberCategories_C15105"/>
  <testcase time="22.516" classname="com.YouMagicPro.LKA_tests.YourNumbersTest" name="yourNumbersTest"/>
  <testcase time="16.408" classname="com.YouMagicPro.LKA_tests.BuyingAdditionalNumberChooseNumbersFromList" name="BuyingAdditionalNumberChooseNumbersFromList_C15106"/>
  <testcase time="15.891" classname="com.YouMagicPro.LKA_tests.CallForwardingPageTest" name="clickOnAvatarTest"/>
  <testcase time="15.265" classname="com.YouMagicPro.LKA_tests.ClickOnAvatarTest" name="clickOnAvatarTest"/>
  <testcase time="15.157" classname="com.YouMagicPro.LKA_tests.ClickOnBalanceTest" name="clickOnBalanceTest"/>
  <testcase time="14.703" classname="com.YouMagicPro.LKA_tests.ClickOnContractTest" name="clickOnContractTest"/>
  <testcase time="14.953" classname="com.YouMagicPro.LKA_tests.ClickOnDiskSpaceTest" name="clickOnDiskSpaceTest"/>
  <testcase time="13.75" classname="com.YouMagicPro.LKA_tests.ClickOnExitTest" name="clickOnExitTest"/>
  <testcase time="13.125" classname="com.YouMagicPro.LKA_tests.ClickOnIconTest" name="clickOnIconTest"/>
  <testcase time="14.235" classname="com.YouMagicPro.LKA_tests.ClickOnInternalNumbersTest" name="clickOnInternalNumbersTest"/>
  <testcase time="14.516" classname="com.YouMagicPro.LKA_tests.ClickOnPasswordChangeTest" name="clickOnPasswordChangeTest"/>
  <testcase time="15.766" classname="com.YouMagicPro.LKA_tests.ClickOnPersonalAccountTest" name="clickOnPersonalAccountTest"/>
  <testcase time="14.234" classname="com.YouMagicPro.LKA_tests.ClickOnPromoTest" name="clickOnPromoTest"/>
  <testcase time="15.362" classname="com.YouMagicPro.LKA_tests.ContractBankAccountLettersAndNumbersTest" name="contractBankAccountLettersAndNumbersTest_C14496"/>
  <testcase time="9.081" classname="com.YouMagicPro.LKA_tests.ContractBankAccountLettersInTextFieldTest" name="contractBankAccountLettersInTextFieldTest_C14995">
    <failure message="Element is not clickable at point (868.5, 44). Other element would receive the click: &lt;div class=&quot;sl_head&quot;&gt;...&lt;/div&gt; (WARNING: The server did not provide any stacktrace information)
Command duration or timeout: 219 milliseconds
Build info: version: &apos;2.26.0&apos;, revision: &apos;18040&apos;, time: &apos;2012-11-02 09:44:45&apos;
System info: os.name: &apos;Windows 7&apos;, os.arch: &apos;amd64&apos;, os.version: &apos;6.1&apos;, java.version: &apos;1.7.0_09&apos;
Driver info: driver.version: RemoteWebDriver
Session ID: 39e7ab070795c62ce767282d243ab76e" type="org.openqa.selenium.WebDriverException">org.openqa.selenium.WebDriverException: Element is not clickable at point (868.5, 44). Other element would receive the click: &lt;div class=&quot;sl_head&quot;&gt;...&lt;/div&gt; (WARNING: The server did not provide any stacktrace information)
Command duration or timeout: 219 milliseconds
Build info: version: &apos;2.26.0&apos;, revision: &apos;18040&apos;, time: &apos;2012-11-02 09:44:45&apos;
System info: os.name: &apos;Windows 7&apos;, os.arch: &apos;amd64&apos;, os.version: &apos;6.1&apos;, java.version: &apos;1.7.0_09&apos;
Driver info: driver.version: RemoteWebDriver
Session ID: 39e7ab070795c62ce767282d243ab76e
	at sun.reflect.NativeConstructorAccessorImpl.newInstance0(Native Method)
	at sun.reflect.NativeConstructorAccessorImpl.newInstance(NativeConstructorAccessorImpl.java:57)
	at sun.reflect.DelegatingConstructorAccessorImpl.newInstance(DelegatingConstructorAccessorImpl.java:45)
	at java.lang.reflect.Constructor.newInstance(Constructor.java:525)
	at org.openqa.selenium.remote.ErrorHandler.createThrowable(ErrorHandler.java:188)
	at org.openqa.selenium.remote.ErrorHandler.throwIfResponseFailed(ErrorHandler.java:145)
	at org.openqa.selenium.remote.RemoteWebDriver.execute(RemoteWebDriver.java:531)
	at org.openqa.selenium.remote.RemoteWebElement.execute(RemoteWebElement.java:246)
	at org.openqa.selenium.remote.RemoteWebElement.click(RemoteWebElement.java:79)
	at com.YouMagicPro.LKA_tests.TestBase.waitContractPageToLoad(TestBase.java:172)
	at com.YouMagicPro.LKA_tests.ContractBankAccountLettersInTextFieldTest.contractBankAccountLettersInTextFieldTest_C14995(ContractBankAccountLettersInTextFieldTest.java:11)
</failure>
  </testcase>
  <testcase time="15.827" classname="com.YouMagicPro.LKA_tests.ContractBankAccountOneInTextFieldTest" name="contractBankAccountOneInTextFieldTest_C14993"/>
  <testcase time="15.527" classname="com.YouMagicPro.LKA_tests.ContractBankAccountSymbolsInTextFieldTest" name="contractBankAccountSymbolsInTextFieldTest_C14997"/>
  <testcase time="15.265" classname="com.YouMagicPro.LKA_tests.ContractBankAccountTenInTextFieldTest" name="contractBankAccountTenInTextFieldTest_C14994"/>
  <testcase time="12.225" classname="com.YouMagicPro.LKA_tests.ContractBik1inTextFieldTest" name="contractBikTest1inTextField_C15022">
    <failure message="Element must be displayed to click (WARNING: The server did not provide any stacktrace information)
Command duration or timeout: 15 milliseconds
Build info: version: &apos;2.26.0&apos;, revision: &apos;18040&apos;, time: &apos;2012-11-02 09:44:45&apos;
System info: os.name: &apos;Windows 7&apos;, os.arch: &apos;amd64&apos;, os.version: &apos;6.1&apos;, java.version: &apos;1.7.0_09&apos;
Driver info: driver.version: RemoteWebDriver
Session ID: 48db19375fb47e24469d1aebaf1e8ef8" type="org.openqa.selenium.ElementNotVisibleException">org.openqa.selenium.ElementNotVisibleException: Element must be displayed to click (WARNING: The server did not provide any stacktrace information)
Command duration or timeout: 15 milliseconds
Build info: version: &apos;2.26.0&apos;, revision: &apos;18040&apos;, time: &apos;2012-11-02 09:44:45&apos;
System info: os.name: &apos;Windows 7&apos;, os.arch: &apos;amd64&apos;, os.version: &apos;6.1&apos;, java.version: &apos;1.7.0_09&apos;
Driver info: driver.version: RemoteWebDriver
Session ID: 48db19375fb47e24469d1aebaf1e8ef8
	at sun.reflect.NativeConstructorAccessorImpl.newInstance0(Native Method)
	at sun.reflect.NativeConstructorAccessorImpl.newInstance(NativeConstructorAccessorImpl.java:57)
	at sun.reflect.DelegatingConstructorAccessorImpl.newInstance(DelegatingConstructorAccessorImpl.java:45)
	at java.lang.reflect.Constructor.newInstance(Constructor.java:525)
	at org.openqa.selenium.remote.ErrorHandler.createThrowable(ErrorHandler.java:188)
	at org.openqa.selenium.remote.ErrorHandler.throwIfResponseFailed(ErrorHandler.java:145)
	at org.openqa.selenium.remote.RemoteWebDriver.execute(RemoteWebDriver.java:531)
	at org.openqa.selenium.remote.RemoteWebElement.execute(RemoteWebElement.java:246)
	at org.openqa.selenium.remote.RemoteWebElement.click(RemoteWebElement.java:79)
	at com.YouMagicPro.LKA_tests.TestBase.sendKeysAndAssert_bik(TestBase.java:55)
	at com.YouMagicPro.LKA_tests.ContractBik1inTextFieldTest.contractBikTest1inTextField_C15022(ContractBik1inTextFieldTest.java:10)
</failure>
  </testcase>
  <testcase time="11.864" classname="com.YouMagicPro.LKA_tests.ContractBikLettersAndNumbersInTextFieldTest" name="contractBikTest_C15025">
    <failure message="Element must be displayed to click (WARNING: The server did not provide any stacktrace information)
Command duration or timeout: 15 milliseconds
Build info: version: &apos;2.26.0&apos;, revision: &apos;18040&apos;, time: &apos;2012-11-02 09:44:45&apos;
System info: os.name: &apos;Windows 7&apos;, os.arch: &apos;amd64&apos;, os.version: &apos;6.1&apos;, java.version: &apos;1.7.0_09&apos;
Driver info: driver.version: RemoteWebDriver
Session ID: 37b4e133a07251d37d66eec57d78a0ec" type="org.openqa.selenium.ElementNotVisibleException">org.openqa.selenium.ElementNotVisibleException: Element must be displayed to click (WARNING: The server did not provide any stacktrace information)
Command duration or timeout: 15 milliseconds
Build info: version: &apos;2.26.0&apos;, revision: &apos;18040&apos;, time: &apos;2012-11-02 09:44:45&apos;
System info: os.name: &apos;Windows 7&apos;, os.arch: &apos;amd64&apos;, os.version: &apos;6.1&apos;, java.version: &apos;1.7.0_09&apos;
Driver info: driver.version: RemoteWebDriver
Session ID: 37b4e133a07251d37d66eec57d78a0ec
	at sun.reflect.NativeConstructorAccessorImpl.newInstance0(Native Method)
	at sun.reflect.NativeConstructorAccessorImpl.newInstance(NativeConstructorAccessorImpl.java:57)
	at sun.reflect.DelegatingConstructorAccessorImpl.newInstance(DelegatingConstructorAccessorImpl.java:45)
	at java.lang.reflect.Constructor.newInstance(Constructor.java:525)
	at org.openqa.selenium.remote.ErrorHandler.createThrowable(ErrorHandler.java:188)
	at org.openqa.selenium.remote.ErrorHandler.throwIfResponseFailed(ErrorHandler.java:145)
	at org.openqa.selenium.remote.RemoteWebDriver.execute(RemoteWebDriver.java:531)
	at org.openqa.selenium.remote.RemoteWebElement.execute(RemoteWebElement.java:246)
	at org.openqa.selenium.remote.RemoteWebElement.click(RemoteWebElement.java:79)
	at com.YouMagicPro.LKA_tests.TestBase.sendKeysAndAssert_bik(TestBase.java:55)
	at com.YouMagicPro.LKA_tests.ContractBikLettersAndNumbersInTextFieldTest.contractBikTest_C15025(ContractBikLettersAndNumbersInTextFieldTest.java:10)
</failure>
  </testcase>
  <testcase time="12.031" classname="com.YouMagicPro.LKA_tests.ContractBikLettersInTextFieldTest" name="contractBikTestLettersInTextField_C15023">
    <failure message="Element must be displayed to click (WARNING: The server did not provide any stacktrace information)
Command duration or timeout: 16 milliseconds
Build info: version: &apos;2.26.0&apos;, revision: &apos;18040&apos;, time: &apos;2012-11-02 09:44:45&apos;
System info: os.name: &apos;Windows 7&apos;, os.arch: &apos;amd64&apos;, os.version: &apos;6.1&apos;, java.version: &apos;1.7.0_09&apos;
Driver info: driver.version: RemoteWebDriver
Session ID: a94427ae00051ede3bd00dab5a71150e" type="org.openqa.selenium.ElementNotVisibleException">org.openqa.selenium.ElementNotVisibleException: Element must be displayed to click (WARNING: The server did not provide any stacktrace information)
Command duration or timeout: 16 milliseconds
Build info: version: &apos;2.26.0&apos;, revision: &apos;18040&apos;, time: &apos;2012-11-02 09:44:45&apos;
System info: os.name: &apos;Windows 7&apos;, os.arch: &apos;amd64&apos;, os.version: &apos;6.1&apos;, java.version: &apos;1.7.0_09&apos;
Driver info: driver.version: RemoteWebDriver
Session ID: a94427ae00051ede3bd00dab5a71150e
	at sun.reflect.NativeConstructorAccessorImpl.newInstance0(Native Method)
	at sun.reflect.NativeConstructorAccessorImpl.newInstance(NativeConstructorAccessorImpl.java:57)
	at sun.reflect.DelegatingConstructorAccessorImpl.newInstance(DelegatingConstructorAccessorImpl.java:45)
	at java.lang.reflect.Constructor.newInstance(Constructor.java:525)
	at org.openqa.selenium.remote.ErrorHandler.createThrowable(ErrorHandler.java:188)
	at org.openqa.selenium.remote.ErrorHandler.throwIfResponseFailed(ErrorHandler.java:145)
	at org.openqa.selenium.remote.RemoteWebDriver.execute(RemoteWebDriver.java:531)
	at org.openqa.selenium.remote.RemoteWebElement.execute(RemoteWebElement.java:246)
	at org.openqa.selenium.remote.RemoteWebElement.click(RemoteWebElement.java:79)
	at com.YouMagicPro.LKA_tests.TestBase.sendKeysAndAssert_bik(TestBase.java:55)
	at com.YouMagicPro.LKA_tests.ContractBikLettersInTextFieldTest.contractBikTestLettersInTextField_C15023(ContractBikLettersInTextFieldTest.java:13)
</failure>
  </testcase>
  <testcase time="13.937" classname="com.YouMagicPro.LKA_tests.ContractBikSymbolsInTextFieldTest" name="contractBikSymbolsInTextFieldTest_C15026">
    <failure message="Element must be displayed to click (WARNING: The server did not provide any stacktrace information)
Command duration or timeout: 19 milliseconds
Build info: version: &apos;2.26.0&apos;, revision: &apos;18040&apos;, time: &apos;2012-11-02 09:44:45&apos;
System info: os.name: &apos;Windows 7&apos;, os.arch: &apos;amd64&apos;, os.version: &apos;6.1&apos;, java.version: &apos;1.7.0_09&apos;
Driver info: driver.version: RemoteWebDriver
Session ID: f352d531b513efe34608fa8c8d856231" type="org.openqa.selenium.ElementNotVisibleException">org.openqa.selenium.ElementNotVisibleException: Element must be displayed to click (WARNING: The server did not provide any stacktrace information)
Command duration or timeout: 19 milliseconds
Build info: version: &apos;2.26.0&apos;, revision: &apos;18040&apos;, time: &apos;2012-11-02 09:44:45&apos;
System info: os.name: &apos;Windows 7&apos;, os.arch: &apos;amd64&apos;, os.version: &apos;6.1&apos;, java.version: &apos;1.7.0_09&apos;
Driver info: driver.version: RemoteWebDriver
Session ID: f352d531b513efe34608fa8c8d856231
	at sun.reflect.NativeConstructorAccessorImpl.newInstance0(Native Method)
	at sun.reflect.NativeConstructorAccessorImpl.newInstance(NativeConstructorAccessorImpl.java:57)
	at sun.reflect.DelegatingConstructorAccessorImpl.newInstance(DelegatingConstructorAccessorImpl.java:45)
	at java.lang.reflect.Constructor.newInstance(Constructor.java:525)
	at org.openqa.selenium.remote.ErrorHandler.createThrowable(ErrorHandler.java:188)
	at org.openqa.selenium.remote.ErrorHandler.throwIfResponseFailed(ErrorHandler.java:145)
	at org.openqa.selenium.remote.RemoteWebDriver.execute(RemoteWebDriver.java:531)
	at org.openqa.selenium.remote.RemoteWebElement.execute(RemoteWebElement.java:246)
	at org.openqa.selenium.remote.RemoteWebElement.click(RemoteWebElement.java:79)
	at com.YouMagicPro.LKA_tests.TestBase.sendKeysAndAssert_bik(TestBase.java:55)
	at com.YouMagicPro.LKA_tests.ContractBikSymbolsInTextFieldTest.contractBikSymbolsInTextFieldTest_C15026(ContractBikSymbolsInTextFieldTest.java:13)
</failure>
  </testcase>
  <testcase time="12.268" classname="com.YouMagicPro.LKA_tests.ContractCheckDocumentTest" name="contractCheckDocumentTest_C14986">
    <failure message="Element must be displayed to click (WARNING: The server did not provide any stacktrace information)
Command duration or timeout: 17 milliseconds
Build info: version: &apos;2.26.0&apos;, revision: &apos;18040&apos;, time: &apos;2012-11-02 09:44:45&apos;
System info: os.name: &apos;Windows 7&apos;, os.arch: &apos;amd64&apos;, os.version: &apos;6.1&apos;, java.version: &apos;1.7.0_09&apos;
Driver info: driver.version: RemoteWebDriver
Session ID: d7aed24aca2f144172e8f1542094397c" type="org.openqa.selenium.ElementNotVisibleException">org.openqa.selenium.ElementNotVisibleException: Element must be displayed to click (WARNING: The server did not provide any stacktrace information)
Command duration or timeout: 17 milliseconds
Build info: version: &apos;2.26.0&apos;, revision: &apos;18040&apos;, time: &apos;2012-11-02 09:44:45&apos;
System info: os.name: &apos;Windows 7&apos;, os.arch: &apos;amd64&apos;, os.version: &apos;6.1&apos;, java.version: &apos;1.7.0_09&apos;
Driver info: driver.version: RemoteWebDriver
Session ID: d7aed24aca2f144172e8f1542094397c
	at sun.reflect.NativeConstructorAccessorImpl.newInstance0(Native Method)
	at sun.reflect.NativeConstructorAccessorImpl.newInstance(NativeConstructorAccessorImpl.java:57)
	at sun.reflect.DelegatingConstructorAccessorImpl.newInstance(DelegatingConstructorAccessorImpl.java:45)
	at java.lang.reflect.Constructor.newInstance(Constructor.java:525)
	at org.openqa.selenium.remote.ErrorHandler.createThrowable(ErrorHandler.java:188)
	at org.openqa.selenium.remote.ErrorHandler.throwIfResponseFailed(ErrorHandler.java:145)
	at org.openqa.selenium.remote.RemoteWebDriver.execute(RemoteWebDriver.java:531)
	at org.openqa.selenium.remote.RemoteWebElement.execute(RemoteWebElement.java:246)
	at org.openqa.selenium.remote.RemoteWebElement.click(RemoteWebElement.java:79)
	at com.YouMagicPro.LKA_tests.ContractCheckDocumentTest.contractCheckDocumentTest_C14986(ContractCheckDocumentTest.java:12)
</failure>
  </testcase>
  <testcase time="11.803" classname="com.YouMagicPro.LKA_tests.ContractCorAccount19NumbersTest" name="contractCorAccount19NumbersTest_C15005">
    <failure message="Element must be displayed to click (WARNING: The server did not provide any stacktrace information)
Command duration or timeout: 14 milliseconds
Build info: version: &apos;2.26.0&apos;, revision: &apos;18040&apos;, time: &apos;2012-11-02 09:44:45&apos;
System info: os.name: &apos;Windows 7&apos;, os.arch: &apos;amd64&apos;, os.version: &apos;6.1&apos;, java.version: &apos;1.7.0_09&apos;
Driver info: driver.version: RemoteWebDriver
Session ID: 9f5ba31c34a8f48e56a21aa38adcea45" type="org.openqa.selenium.ElementNotVisibleException">org.openqa.selenium.ElementNotVisibleException: Element must be displayed to click (WARNING: The server did not provide any stacktrace information)
Command duration or timeout: 14 milliseconds
Build info: version: &apos;2.26.0&apos;, revision: &apos;18040&apos;, time: &apos;2012-11-02 09:44:45&apos;
System info: os.name: &apos;Windows 7&apos;, os.arch: &apos;amd64&apos;, os.version: &apos;6.1&apos;, java.version: &apos;1.7.0_09&apos;
Driver info: driver.version: RemoteWebDriver
Session ID: 9f5ba31c34a8f48e56a21aa38adcea45
	at sun.reflect.NativeConstructorAccessorImpl.newInstance0(Native Method)
	at sun.reflect.NativeConstructorAccessorImpl.newInstance(NativeConstructorAccessorImpl.java:57)
	at sun.reflect.DelegatingConstructorAccessorImpl.newInstance(DelegatingConstructorAccessorImpl.java:45)
	at java.lang.reflect.Constructor.newInstance(Constructor.java:525)
	at org.openqa.selenium.remote.ErrorHandler.createThrowable(ErrorHandler.java:188)
	at org.openqa.selenium.remote.ErrorHandler.throwIfResponseFailed(ErrorHandler.java:145)
	at org.openqa.selenium.remote.RemoteWebDriver.execute(RemoteWebDriver.java:531)
	at org.openqa.selenium.remote.RemoteWebElement.execute(RemoteWebElement.java:246)
	at org.openqa.selenium.remote.RemoteWebElement.click(RemoteWebElement.java:79)
	at com.YouMagicPro.LKA_tests.ContractCorAccount19NumbersTest.contractCorAccount19NumbersTest_C15005(ContractCorAccount19NumbersTest.java:13)
</failure>
  </testcase>
  <testcase time="11.883" classname="com.YouMagicPro.LKA_tests.ContractCorAccountLettersAndNumbersTextFieldTest" name="contractCorAccountTenInTextFieldTest_C15000">
    <failure message="Element must be displayed to click (WARNING: The server did not provide any stacktrace information)
Command duration or timeout: 16 milliseconds
Build info: version: &apos;2.26.0&apos;, revision: &apos;18040&apos;, time: &apos;2012-11-02 09:44:45&apos;
System info: os.name: &apos;Windows 7&apos;, os.arch: &apos;amd64&apos;, os.version: &apos;6.1&apos;, java.version: &apos;1.7.0_09&apos;
Driver info: driver.version: RemoteWebDriver
Session ID: 49b34137d836f0f3eb5ee3ee1b48bbb3" type="org.openqa.selenium.ElementNotVisibleException">org.openqa.selenium.ElementNotVisibleException: Element must be displayed to click (WARNING: The server did not provide any stacktrace information)
Command duration or timeout: 16 milliseconds
Build info: version: &apos;2.26.0&apos;, revision: &apos;18040&apos;, time: &apos;2012-11-02 09:44:45&apos;
System info: os.name: &apos;Windows 7&apos;, os.arch: &apos;amd64&apos;, os.version: &apos;6.1&apos;, java.version: &apos;1.7.0_09&apos;
Driver info: driver.version: RemoteWebDriver
Session ID: 49b34137d836f0f3eb5ee3ee1b48bbb3
	at sun.reflect.NativeConstructorAccessorImpl.newInstance0(Native Method)
	at sun.reflect.NativeConstructorAccessorImpl.newInstance(NativeConstructorAccessorImpl.java:57)
	at sun.reflect.DelegatingConstructorAccessorImpl.newInstance(DelegatingConstructorAccessorImpl.java:45)
	at java.lang.reflect.Constructor.newInstance(Constructor.java:525)
	at org.openqa.selenium.remote.ErrorHandler.createThrowable(ErrorHandler.java:188)
	at org.openqa.selenium.remote.ErrorHandler.throwIfResponseFailed(ErrorHandler.java:145)
	at org.openqa.selenium.remote.RemoteWebDriver.execute(RemoteWebDriver.java:531)
	at org.openqa.selenium.remote.RemoteWebElement.execute(RemoteWebElement.java:246)
	at org.openqa.selenium.remote.RemoteWebElement.click(RemoteWebElement.java:79)
	at com.YouMagicPro.LKA_tests.TestBase.sendKeysAndAssert_cor(TestBase.java:81)
	at com.YouMagicPro.LKA_tests.ContractCorAccountLettersAndNumbersTextFieldTest.contractCorAccountTenInTextFieldTest_C15000(ContractCorAccountLettersAndNumbersTextFieldTest.java:10)
</failure>
  </testcase>
  <testcase time="12.693" classname="com.YouMagicPro.LKA_tests.ContractCorAccountLettersInTextFieldTest" name="contractCorAccountLettersInTextFieldTest_C15001">
    <failure message="Element must be displayed to click (WARNING: The server did not provide any stacktrace information)
Command duration or timeout: 15 milliseconds
Build info: version: &apos;2.26.0&apos;, revision: &apos;18040&apos;, time: &apos;2012-11-02 09:44:45&apos;
System info: os.name: &apos;Windows 7&apos;, os.arch: &apos;amd64&apos;, os.version: &apos;6.1&apos;, java.version: &apos;1.7.0_09&apos;
Driver info: driver.version: RemoteWebDriver
Session ID: 8b5b32ca40559ca89c34c404f4eaf603" type="org.openqa.selenium.ElementNotVisibleException">org.openqa.selenium.ElementNotVisibleException: Element must be displayed to click (WARNING: The server did not provide any stacktrace information)
Command duration or timeout: 15 milliseconds
Build info: version: &apos;2.26.0&apos;, revision: &apos;18040&apos;, time: &apos;2012-11-02 09:44:45&apos;
System info: os.name: &apos;Windows 7&apos;, os.arch: &apos;amd64&apos;, os.version: &apos;6.1&apos;, java.version: &apos;1.7.0_09&apos;
Driver info: driver.version: RemoteWebDriver
Session ID: 8b5b32ca40559ca89c34c404f4eaf603
	at sun.reflect.NativeConstructorAccessorImpl.newInstance0(Native Method)
	at sun.reflect.NativeConstructorAccessorImpl.newInstance(NativeConstructorAccessorImpl.java:57)
	at sun.reflect.DelegatingConstructorAccessorImpl.newInstance(DelegatingConstructorAccessorImpl.java:45)
	at java.lang.reflect.Constructor.newInstance(Constructor.java:525)
	at org.openqa.selenium.remote.ErrorHandler.createThrowable(ErrorHandler.java:188)
	at org.openqa.selenium.remote.ErrorHandler.throwIfResponseFailed(ErrorHandler.java:145)
	at org.openqa.selenium.remote.RemoteWebDriver.execute(RemoteWebDriver.java:531)
	at org.openqa.selenium.remote.RemoteWebElement.execute(RemoteWebElement.java:246)
	at org.openqa.selenium.remote.RemoteWebElement.click(RemoteWebElement.java:79)
	at com.YouMagicPro.LKA_tests.TestBase.sendKeysAndAssert_cor(TestBase.java:81)
	at com.YouMagicPro.LKA_tests.ContractCorAccountLettersInTextFieldTest.contractCorAccountLettersInTextFieldTest_C15001(ContractCorAccountLettersInTextFieldTest.java:10)
</failure>
  </testcase>
  <testcase time="11.937" classname="com.YouMagicPro.LKA_tests.ContractCorAccountOneInTextFieldTest" name="contractCorAccountOneInTextFieldTest_C14499">
    <failure message="Element must be displayed to click (WARNING: The server did not provide any stacktrace information)
Command duration or timeout: 17 milliseconds
Build info: version: &apos;2.26.0&apos;, revision: &apos;18040&apos;, time: &apos;2012-11-02 09:44:45&apos;
System info: os.name: &apos;Windows 7&apos;, os.arch: &apos;amd64&apos;, os.version: &apos;6.1&apos;, java.version: &apos;1.7.0_09&apos;
Driver info: driver.version: RemoteWebDriver
Session ID: a18dec396081f7307d9aa9ec8c1d75eb" type="org.openqa.selenium.ElementNotVisibleException">org.openqa.selenium.ElementNotVisibleException: Element must be displayed to click (WARNING: The server did not provide any stacktrace information)
Command duration or timeout: 17 milliseconds
Build info: version: &apos;2.26.0&apos;, revision: &apos;18040&apos;, time: &apos;2012-11-02 09:44:45&apos;
System info: os.name: &apos;Windows 7&apos;, os.arch: &apos;amd64&apos;, os.version: &apos;6.1&apos;, java.version: &apos;1.7.0_09&apos;
Driver info: driver.version: RemoteWebDriver
Session ID: a18dec396081f7307d9aa9ec8c1d75eb
	at sun.reflect.NativeConstructorAccessorImpl.newInstance0(Native Method)
	at sun.reflect.NativeConstructorAccessorImpl.newInstance(NativeConstructorAccessorImpl.java:57)
	at sun.reflect.DelegatingConstructorAccessorImpl.newInstance(DelegatingConstructorAccessorImpl.java:45)
	at java.lang.reflect.Constructor.newInstance(Constructor.java:525)
	at org.openqa.selenium.remote.ErrorHandler.createThrowable(ErrorHandler.java:188)
	at org.openqa.selenium.remote.ErrorHandler.throwIfResponseFailed(ErrorHandler.java:145)
	at org.openqa.selenium.remote.RemoteWebDriver.execute(RemoteWebDriver.java:531)
	at org.openqa.selenium.remote.RemoteWebElement.execute(RemoteWebElement.java:246)
	at org.openqa.selenium.remote.RemoteWebElement.click(RemoteWebElement.java:79)
	at com.YouMagicPro.LKA_tests.TestBase.sendKeysAndAssert_cor(TestBase.java:81)
	at com.YouMagicPro.LKA_tests.ContractCorAccountOneInTextFieldTest.contractCorAccountOneInTextFieldTest_C14499(ContractCorAccountOneInTextFieldTest.java:10)
</failure>
  </testcase>
  <testcase time="11.98" classname="com.YouMagicPro.LKA_tests.ContractCorAccountSymbolsInTextFieldTest" name="contractCorAccountSymbolsInTextFieldTest_C15003">
    <failure message="Element must be displayed to click (WARNING: The server did not provide any stacktrace information)
Command duration or timeout: 17 milliseconds
Build info: version: &apos;2.26.0&apos;, revision: &apos;18040&apos;, time: &apos;2012-11-02 09:44:45&apos;
System info: os.name: &apos;Windows 7&apos;, os.arch: &apos;amd64&apos;, os.version: &apos;6.1&apos;, java.version: &apos;1.7.0_09&apos;
Driver info: driver.version: RemoteWebDriver
Session ID: ed60be41d210e3625242e8b2d7b25a24" type="org.openqa.selenium.ElementNotVisibleException">org.openqa.selenium.ElementNotVisibleException: Element must be displayed to click (WARNING: The server did not provide any stacktrace information)
Command duration or timeout: 17 milliseconds
Build info: version: &apos;2.26.0&apos;, revision: &apos;18040&apos;, time: &apos;2012-11-02 09:44:45&apos;
System info: os.name: &apos;Windows 7&apos;, os.arch: &apos;amd64&apos;, os.version: &apos;6.1&apos;, java.version: &apos;1.7.0_09&apos;
Driver info: driver.version: RemoteWebDriver
Session ID: ed60be41d210e3625242e8b2d7b25a24
	at sun.reflect.NativeConstructorAccessorImpl.newInstance0(Native Method)
	at sun.reflect.NativeConstructorAccessorImpl.newInstance(NativeConstructorAccessorImpl.java:57)
	at sun.reflect.DelegatingConstructorAccessorImpl.newInstance(DelegatingConstructorAccessorImpl.java:45)
	at java.lang.reflect.Constructor.newInstance(Constructor.java:525)
	at org.openqa.selenium.remote.ErrorHandler.createThrowable(ErrorHandler.java:188)
	at org.openqa.selenium.remote.ErrorHandler.throwIfResponseFailed(ErrorHandler.java:145)
	at org.openqa.selenium.remote.RemoteWebDriver.execute(RemoteWebDriver.java:531)
	at org.openqa.selenium.remote.RemoteWebElement.execute(RemoteWebElement.java:246)
	at org.openqa.selenium.remote.RemoteWebElement.click(RemoteWebElement.java:79)
	at com.YouMagicPro.LKA_tests.TestBase.sendKeysAndAssert_cor(TestBase.java:81)
	at com.YouMagicPro.LKA_tests.ContractCorAccountSymbolsInTextFieldTest.contractCorAccountSymbolsInTextFieldTest_C15003(ContractCorAccountSymbolsInTextFieldTest.java:10)
</failure>
  </testcase>
  <testcase time="12.642" classname="com.YouMagicPro.LKA_tests.ContractCorAccountTenInTextFieldTest" name="contractCorAccountTenInTextFieldTest_C15000">
    <failure message="Element must be displayed to click (WARNING: The server did not provide any stacktrace information)
Command duration or timeout: 16 milliseconds
Build info: version: &apos;2.26.0&apos;, revision: &apos;18040&apos;, time: &apos;2012-11-02 09:44:45&apos;
System info: os.name: &apos;Windows 7&apos;, os.arch: &apos;amd64&apos;, os.version: &apos;6.1&apos;, java.version: &apos;1.7.0_09&apos;
Driver info: driver.version: RemoteWebDriver
Session ID: 297a4422aeecef3c53f941f375949c8a" type="org.openqa.selenium.ElementNotVisibleException">org.openqa.selenium.ElementNotVisibleException: Element must be displayed to click (WARNING: The server did not provide any stacktrace information)
Command duration or timeout: 16 milliseconds
Build info: version: &apos;2.26.0&apos;, revision: &apos;18040&apos;, time: &apos;2012-11-02 09:44:45&apos;
System info: os.name: &apos;Windows 7&apos;, os.arch: &apos;amd64&apos;, os.version: &apos;6.1&apos;, java.version: &apos;1.7.0_09&apos;
Driver info: driver.version: RemoteWebDriver
Session ID: 297a4422aeecef3c53f941f375949c8a
	at sun.reflect.NativeConstructorAccessorImpl.newInstance0(Native Method)
	at sun.reflect.NativeConstructorAccessorImpl.newInstance(NativeConstructorAccessorImpl.java:57)
	at sun.reflect.DelegatingConstructorAccessorImpl.newInstance(DelegatingConstructorAccessorImpl.java:45)
	at java.lang.reflect.Constructor.newInstance(Constructor.java:525)
	at org.openqa.selenium.remote.ErrorHandler.createThrowable(ErrorHandler.java:188)
	at org.openqa.selenium.remote.ErrorHandler.throwIfResponseFailed(ErrorHandler.java:145)
	at org.openqa.selenium.remote.RemoteWebDriver.execute(RemoteWebDriver.java:531)
	at org.openqa.selenium.remote.RemoteWebElement.execute(RemoteWebElement.java:246)
	at org.openqa.selenium.remote.RemoteWebElement.click(RemoteWebElement.java:79)
	at com.YouMagicPro.LKA_tests.TestBase.sendKeysAndAssert_cor(TestBase.java:81)
	at com.YouMagicPro.LKA_tests.ContractCorAccountTenInTextFieldTest.contractCorAccountTenInTextFieldTest_C15000(ContractCorAccountTenInTextFieldTest.java:10)
</failure>
  </testcase>
  <testcase time="12.25" classname="com.YouMagicPro.LKA_tests.ContractEndOfPageDataTest" name="contractEndOfPageDataTest_C15062">
    <failure message="expected [79857297409] but found [74997044972]" type="java.lang.AssertionError">java.lang.AssertionError: expected [79857297409] but found [74997044972]
	at org.testng.Assert.fail(Assert.java:94)
	at org.testng.Assert.failNotEquals(Assert.java:494)
	at org.testng.Assert.assertEquals(Assert.java:123)
	at org.testng.Assert.assertEquals(Assert.java:165)
	at com.YouMagicPro.LKA_tests.TestBase.assertEquals(TestBase.java:51)
	at com.YouMagicPro.LKA_tests.ContractEndOfPageDataTest.contractEndOfPageDataTest_C15062(ContractEndOfPageDataTest.java:17)
</failure>
  </testcase>
  <testcase time="8.875" classname="com.YouMagicPro.LKA_tests.ContractFillInDataTest" name="fillInContractDataTest_C14998">
    <failure message="Element is not clickable at point (868.5, 44). Other element would receive the click: &lt;div class=&quot;sl_head&quot;&gt;...&lt;/div&gt; (WARNING: The server did not provide any stacktrace information)
Command duration or timeout: 177 milliseconds
Build info: version: &apos;2.26.0&apos;, revision: &apos;18040&apos;, time: &apos;2012-11-02 09:44:45&apos;
System info: os.name: &apos;Windows 7&apos;, os.arch: &apos;amd64&apos;, os.version: &apos;6.1&apos;, java.version: &apos;1.7.0_09&apos;
Driver info: driver.version: RemoteWebDriver
Session ID: 486d60ca68345f5339d37bf450c1d71b" type="org.openqa.selenium.WebDriverException">org.openqa.selenium.WebDriverException: Element is not clickable at point (868.5, 44). Other element would receive the click: &lt;div class=&quot;sl_head&quot;&gt;...&lt;/div&gt; (WARNING: The server did not provide any stacktrace information)
Command duration or timeout: 177 milliseconds
Build info: version: &apos;2.26.0&apos;, revision: &apos;18040&apos;, time: &apos;2012-11-02 09:44:45&apos;
System info: os.name: &apos;Windows 7&apos;, os.arch: &apos;amd64&apos;, os.version: &apos;6.1&apos;, java.version: &apos;1.7.0_09&apos;
Driver info: driver.version: RemoteWebDriver
Session ID: 486d60ca68345f5339d37bf450c1d71b
	at sun.reflect.NativeConstructorAccessorImpl.newInstance0(Native Method)
	at sun.reflect.NativeConstructorAccessorImpl.newInstance(NativeConstructorAccessorImpl.java:57)
	at sun.reflect.DelegatingConstructorAccessorImpl.newInstance(DelegatingConstructorAccessorImpl.java:45)
	at java.lang.reflect.Constructor.newInstance(Constructor.java:525)
	at org.openqa.selenium.remote.ErrorHandler.createThrowable(ErrorHandler.java:188)
	at org.openqa.selenium.remote.ErrorHandler.throwIfResponseFailed(ErrorHandler.java:145)
	at org.openqa.selenium.remote.RemoteWebDriver.execute(RemoteWebDriver.java:531)
	at org.openqa.selenium.remote.RemoteWebElement.execute(RemoteWebElement.java:246)
	at org.openqa.selenium.remote.RemoteWebElement.click(RemoteWebElement.java:79)
	at com.YouMagicPro.LKA_tests.TestBase.waitContractPageToLoad(TestBase.java:172)
	at com.YouMagicPro.LKA_tests.ContractFillInDataTest.fillInContractDataTest_C14998(ContractFillInDataTest.java:13)
</failure>
  </testcase>
  <testcase time="11.775" classname="com.YouMagicPro.LKA_tests.ContractInn6NumbersInTextFieldTest" name="contractInn6NumbersInTextFieldTest_C15029">
    <failure message="Element must be displayed to click (WARNING: The server did not provide any stacktrace information)
Command duration or timeout: 16 milliseconds
Build info: version: &apos;2.26.0&apos;, revision: &apos;18040&apos;, time: &apos;2012-11-02 09:44:45&apos;
System info: os.name: &apos;Windows 7&apos;, os.arch: &apos;amd64&apos;, os.version: &apos;6.1&apos;, java.version: &apos;1.7.0_09&apos;
Driver info: driver.version: RemoteWebDriver
Session ID: 9837e0d502fd7d2db6ff9a271fe52091" type="org.openqa.selenium.ElementNotVisibleException">org.openqa.selenium.ElementNotVisibleException: Element must be displayed to click (WARNING: The server did not provide any stacktrace information)
Command duration or timeout: 16 milliseconds
Build info: version: &apos;2.26.0&apos;, revision: &apos;18040&apos;, time: &apos;2012-11-02 09:44:45&apos;
System info: os.name: &apos;Windows 7&apos;, os.arch: &apos;amd64&apos;, os.version: &apos;6.1&apos;, java.version: &apos;1.7.0_09&apos;
Driver info: driver.version: RemoteWebDriver
Session ID: 9837e0d502fd7d2db6ff9a271fe52091
	at sun.reflect.NativeConstructorAccessorImpl.newInstance0(Native Method)
	at sun.reflect.NativeConstructorAccessorImpl.newInstance(NativeConstructorAccessorImpl.java:57)
	at sun.reflect.DelegatingConstructorAccessorImpl.newInstance(DelegatingConstructorAccessorImpl.java:45)
	at java.lang.reflect.Constructor.newInstance(Constructor.java:525)
	at org.openqa.selenium.remote.ErrorHandler.createThrowable(ErrorHandler.java:188)
	at org.openqa.selenium.remote.ErrorHandler.throwIfResponseFailed(ErrorHandler.java:145)
	at org.openqa.selenium.remote.RemoteWebDriver.execute(RemoteWebDriver.java:531)
	at org.openqa.selenium.remote.RemoteWebElement.execute(RemoteWebElement.java:246)
	at org.openqa.selenium.remote.RemoteWebElement.click(RemoteWebElement.java:79)
	at com.YouMagicPro.LKA_tests.ContractInn6NumbersInTextFieldTest.contractInn6NumbersInTextFieldTest_C15029(ContractInn6NumbersInTextFieldTest.java:10)
</failure>
  </testcase>
  <testcase time="11.695" classname="com.YouMagicPro.LKA_tests.ContractInnChooseFormTest" name="contractInnChooseForm_C15047">
    <failure message="Element must be displayed to click (WARNING: The server did not provide any stacktrace information)
Command duration or timeout: 14 milliseconds
Build info: version: &apos;2.26.0&apos;, revision: &apos;18040&apos;, time: &apos;2012-11-02 09:44:45&apos;
System info: os.name: &apos;Windows 7&apos;, os.arch: &apos;amd64&apos;, os.version: &apos;6.1&apos;, java.version: &apos;1.7.0_09&apos;
Driver info: driver.version: RemoteWebDriver
Session ID: 6451e4efa1b09c69ca5c02f1da474bd5" type="org.openqa.selenium.ElementNotVisibleException">org.openqa.selenium.ElementNotVisibleException: Element must be displayed to click (WARNING: The server did not provide any stacktrace information)
Command duration or timeout: 14 milliseconds
Build info: version: &apos;2.26.0&apos;, revision: &apos;18040&apos;, time: &apos;2012-11-02 09:44:45&apos;
System info: os.name: &apos;Windows 7&apos;, os.arch: &apos;amd64&apos;, os.version: &apos;6.1&apos;, java.version: &apos;1.7.0_09&apos;
Driver info: driver.version: RemoteWebDriver
Session ID: 6451e4efa1b09c69ca5c02f1da474bd5
	at sun.reflect.NativeConstructorAccessorImpl.newInstance0(Native Method)
	at sun.reflect.NativeConstructorAccessorImpl.newInstance(NativeConstructorAccessorImpl.java:57)
	at sun.reflect.DelegatingConstructorAccessorImpl.newInstance(DelegatingConstructorAccessorImpl.java:45)
	at java.lang.reflect.Constructor.newInstance(Constructor.java:525)
	at org.openqa.selenium.remote.ErrorHandler.createThrowable(ErrorHandler.java:188)
	at org.openqa.selenium.remote.ErrorHandler.throwIfResponseFailed(ErrorHandler.java:145)
	at org.openqa.selenium.remote.RemoteWebDriver.execute(RemoteWebDriver.java:531)
	at org.openqa.selenium.remote.RemoteWebElement.execute(RemoteWebElement.java:246)
	at org.openqa.selenium.remote.RemoteWebElement.click(RemoteWebElement.java:79)
	at com.YouMagicPro.LKA_tests.ContractInnChooseFormTest.contractInnChooseForm_C15047(ContractInnChooseFormTest.java:12)
</failure>
  </testcase>
  <testcase time="14.537" classname="com.YouMagicPro.LKA_tests.ContractInnLettersInTextFieldTest" name="contractInnLettersInTextFieldTest_C15030"/>
  <testcase time="15.456" classname="com.YouMagicPro.LKA_tests.ContractInnOneInTextFieldTest" name="contractInnOneInTextFieldTest_C15028"/>
  <testcase time="15.969" classname="com.YouMagicPro.LKA_tests.ContractInnSymbolsInTextFieldTest" name="contractInnLettersInTextFieldTest_C15030"/>
  <testcase time="11.93" classname="com.YouMagicPro.LKA_tests.ContractKpp6NumbersInTextFieldTest" name="contractKppTest_C15049">
    <failure message="Element must be displayed to click (WARNING: The server did not provide any stacktrace information)
Command duration or timeout: 15 milliseconds
Build info: version: &apos;2.26.0&apos;, revision: &apos;18040&apos;, time: &apos;2012-11-02 09:44:45&apos;
System info: os.name: &apos;Windows 7&apos;, os.arch: &apos;amd64&apos;, os.version: &apos;6.1&apos;, java.version: &apos;1.7.0_09&apos;
Driver info: driver.version: RemoteWebDriver
Session ID: 818009b096ed4d3bd1dd14b0876541c3" type="org.openqa.selenium.ElementNotVisibleException">org.openqa.selenium.ElementNotVisibleException: Element must be displayed to click (WARNING: The server did not provide any stacktrace information)
Command duration or timeout: 15 milliseconds
Build info: version: &apos;2.26.0&apos;, revision: &apos;18040&apos;, time: &apos;2012-11-02 09:44:45&apos;
System info: os.name: &apos;Windows 7&apos;, os.arch: &apos;amd64&apos;, os.version: &apos;6.1&apos;, java.version: &apos;1.7.0_09&apos;
Driver info: driver.version: RemoteWebDriver
Session ID: 818009b096ed4d3bd1dd14b0876541c3
	at sun.reflect.NativeConstructorAccessorImpl.newInstance0(Native Method)
	at sun.reflect.NativeConstructorAccessorImpl.newInstance(NativeConstructorAccessorImpl.java:57)
	at sun.reflect.DelegatingConstructorAccessorImpl.newInstance(DelegatingConstructorAccessorImpl.java:45)
	at java.lang.reflect.Constructor.newInstance(Constructor.java:525)
	at org.openqa.selenium.remote.ErrorHandler.createThrowable(ErrorHandler.java:188)
	at org.openqa.selenium.remote.ErrorHandler.throwIfResponseFailed(ErrorHandler.java:145)
	at org.openqa.selenium.remote.RemoteWebDriver.execute(RemoteWebDriver.java:531)
	at org.openqa.selenium.remote.RemoteWebElement.execute(RemoteWebElement.java:246)
	at org.openqa.selenium.remote.RemoteWebElement.click(RemoteWebElement.java:79)
	at com.YouMagicPro.LKA_tests.TestBase.sendKeysAndAssert_kpp(TestBase.java:95)
	at com.YouMagicPro.LKA_tests.ContractKpp6NumbersInTextFieldTest.contractKppTest_C15049(ContractKpp6NumbersInTextFieldTest.java:13)
</failure>
  </testcase>
  <testcase time="12.129" classname="com.YouMagicPro.LKA_tests.ContractKppLettersAndNumbersTest" name="contractKppTest_C15054">
    <failure message="Element must be displayed to click (WARNING: The server did not provide any stacktrace information)
Command duration or timeout: 12 milliseconds
Build info: version: &apos;2.26.0&apos;, revision: &apos;18040&apos;, time: &apos;2012-11-02 09:44:45&apos;
System info: os.name: &apos;Windows 7&apos;, os.arch: &apos;amd64&apos;, os.version: &apos;6.1&apos;, java.version: &apos;1.7.0_09&apos;
Driver info: driver.version: RemoteWebDriver
Session ID: 1278d7dc23bdf91469161921238d5ae3" type="org.openqa.selenium.ElementNotVisibleException">org.openqa.selenium.ElementNotVisibleException: Element must be displayed to click (WARNING: The server did not provide any stacktrace information)
Command duration or timeout: 12 milliseconds
Build info: version: &apos;2.26.0&apos;, revision: &apos;18040&apos;, time: &apos;2012-11-02 09:44:45&apos;
System info: os.name: &apos;Windows 7&apos;, os.arch: &apos;amd64&apos;, os.version: &apos;6.1&apos;, java.version: &apos;1.7.0_09&apos;
Driver info: driver.version: RemoteWebDriver
Session ID: 1278d7dc23bdf91469161921238d5ae3
	at sun.reflect.NativeConstructorAccessorImpl.newInstance0(Native Method)
	at sun.reflect.NativeConstructorAccessorImpl.newInstance(NativeConstructorAccessorImpl.java:57)
	at sun.reflect.DelegatingConstructorAccessorImpl.newInstance(DelegatingConstructorAccessorImpl.java:45)
	at java.lang.reflect.Constructor.newInstance(Constructor.java:525)
	at org.openqa.selenium.remote.ErrorHandler.createThrowable(ErrorHandler.java:188)
	at org.openqa.selenium.remote.ErrorHandler.throwIfResponseFailed(ErrorHandler.java:145)
	at org.openqa.selenium.remote.RemoteWebDriver.execute(RemoteWebDriver.java:531)
	at org.openqa.selenium.remote.RemoteWebElement.execute(RemoteWebElement.java:246)
	at org.openqa.selenium.remote.RemoteWebElement.click(RemoteWebElement.java:79)
	at com.YouMagicPro.LKA_tests.TestBase.sendKeysAndAssert_kpp(TestBase.java:95)
	at com.YouMagicPro.LKA_tests.ContractKppLettersAndNumbersTest.contractKppTest_C15054(ContractKppLettersAndNumbersTest.java:13)
</failure>
  </testcase>
  <testcase time="12.121" classname="com.YouMagicPro.LKA_tests.ContractKppLettersTest" name="contractKppTest_C15050">
    <failure message="Element must be displayed to click (WARNING: The server did not provide any stacktrace information)
Command duration or timeout: 16 milliseconds
Build info: version: &apos;2.26.0&apos;, revision: &apos;18040&apos;, time: &apos;2012-11-02 09:44:45&apos;
System info: os.name: &apos;Windows 7&apos;, os.arch: &apos;amd64&apos;, os.version: &apos;6.1&apos;, java.version: &apos;1.7.0_09&apos;
Driver info: driver.version: RemoteWebDriver
Session ID: b94e0f5f994182f18f34598a332c61df" type="org.openqa.selenium.ElementNotVisibleException">org.openqa.selenium.ElementNotVisibleException: Element must be displayed to click (WARNING: The server did not provide any stacktrace information)
Command duration or timeout: 16 milliseconds
Build info: version: &apos;2.26.0&apos;, revision: &apos;18040&apos;, time: &apos;2012-11-02 09:44:45&apos;
System info: os.name: &apos;Windows 7&apos;, os.arch: &apos;amd64&apos;, os.version: &apos;6.1&apos;, java.version: &apos;1.7.0_09&apos;
Driver info: driver.version: RemoteWebDriver
Session ID: b94e0f5f994182f18f34598a332c61df
	at sun.reflect.NativeConstructorAccessorImpl.newInstance0(Native Method)
	at sun.reflect.NativeConstructorAccessorImpl.newInstance(NativeConstructorAccessorImpl.java:57)
	at sun.reflect.DelegatingConstructorAccessorImpl.newInstance(DelegatingConstructorAccessorImpl.java:45)
	at java.lang.reflect.Constructor.newInstance(Constructor.java:525)
	at org.openqa.selenium.remote.ErrorHandler.createThrowable(ErrorHandler.java:188)
	at org.openqa.selenium.remote.ErrorHandler.throwIfResponseFailed(ErrorHandler.java:145)
	at org.openqa.selenium.remote.RemoteWebDriver.execute(RemoteWebDriver.java:531)
	at org.openqa.selenium.remote.RemoteWebElement.execute(RemoteWebElement.java:246)
	at org.openqa.selenium.remote.RemoteWebElement.click(RemoteWebElement.java:79)
	at com.YouMagicPro.LKA_tests.TestBase.sendKeysAndAssert_kpp(TestBase.java:95)
	at com.YouMagicPro.LKA_tests.ContractKppLettersTest.contractKppTest_C15050(ContractKppLettersTest.java:13)
</failure>
  </testcase>
  <testcase time="12.013" classname="com.YouMagicPro.LKA_tests.ContractKppOneNumberInTextFieldTest" name="contractKppTest_C15048">
    <failure message="Element must be displayed to click (WARNING: The server did not provide any stacktrace information)
Command duration or timeout: 15 milliseconds
Build info: version: &apos;2.26.0&apos;, revision: &apos;18040&apos;, time: &apos;2012-11-02 09:44:45&apos;
System info: os.name: &apos;Windows 7&apos;, os.arch: &apos;amd64&apos;, os.version: &apos;6.1&apos;, java.version: &apos;1.7.0_09&apos;
Driver info: driver.version: RemoteWebDriver
Session ID: edd239574c363db384fa05c73eefcff7" type="org.openqa.selenium.ElementNotVisibleException">org.openqa.selenium.ElementNotVisibleException: Element must be displayed to click (WARNING: The server did not provide any stacktrace information)
Command duration or timeout: 15 milliseconds
Build info: version: &apos;2.26.0&apos;, revision: &apos;18040&apos;, time: &apos;2012-11-02 09:44:45&apos;
System info: os.name: &apos;Windows 7&apos;, os.arch: &apos;amd64&apos;, os.version: &apos;6.1&apos;, java.version: &apos;1.7.0_09&apos;
Driver info: driver.version: RemoteWebDriver
Session ID: edd239574c363db384fa05c73eefcff7
	at sun.reflect.GeneratedConstructorAccessor15.newInstance(Unknown Source)
	at sun.reflect.DelegatingConstructorAccessorImpl.newInstance(DelegatingConstructorAccessorImpl.java:45)
	at java.lang.reflect.Constructor.newInstance(Constructor.java:525)
	at org.openqa.selenium.remote.ErrorHandler.createThrowable(ErrorHandler.java:188)
	at org.openqa.selenium.remote.ErrorHandler.throwIfResponseFailed(ErrorHandler.java:145)
	at org.openqa.selenium.remote.RemoteWebDriver.execute(RemoteWebDriver.java:531)
	at org.openqa.selenium.remote.RemoteWebElement.execute(RemoteWebElement.java:246)
	at org.openqa.selenium.remote.RemoteWebElement.click(RemoteWebElement.java:79)
	at com.YouMagicPro.LKA_tests.TestBase.sendKeysAndAssert_kpp(TestBase.java:95)
	at com.YouMagicPro.LKA_tests.ContractKppOneNumberInTextFieldTest.contractKppTest_C15048(ContractKppOneNumberInTextFieldTest.java:13)
</failure>
  </testcase>
  <testcase time="12.117" classname="com.YouMagicPro.LKA_tests.ContractKppSymbolsTest" name="contractKppTest_C15051">
    <failure message="Element must be displayed to click (WARNING: The server did not provide any stacktrace information)
Command duration or timeout: 16 milliseconds
Build info: version: &apos;2.26.0&apos;, revision: &apos;18040&apos;, time: &apos;2012-11-02 09:44:45&apos;
System info: os.name: &apos;Windows 7&apos;, os.arch: &apos;amd64&apos;, os.version: &apos;6.1&apos;, java.version: &apos;1.7.0_09&apos;
Driver info: driver.version: RemoteWebDriver
Session ID: aea32360088ec9b1fd2b46730252e846" type="org.openqa.selenium.ElementNotVisibleException">org.openqa.selenium.ElementNotVisibleException: Element must be displayed to click (WARNING: The server did not provide any stacktrace information)
Command duration or timeout: 16 milliseconds
Build info: version: &apos;2.26.0&apos;, revision: &apos;18040&apos;, time: &apos;2012-11-02 09:44:45&apos;
System info: os.name: &apos;Windows 7&apos;, os.arch: &apos;amd64&apos;, os.version: &apos;6.1&apos;, java.version: &apos;1.7.0_09&apos;
Driver info: driver.version: RemoteWebDriver
Session ID: aea32360088ec9b1fd2b46730252e846
	at sun.reflect.GeneratedConstructorAccessor15.newInstance(Unknown Source)
	at sun.reflect.DelegatingConstructorAccessorImpl.newInstance(DelegatingConstructorAccessorImpl.java:45)
	at java.lang.reflect.Constructor.newInstance(Constructor.java:525)
	at org.openqa.selenium.remote.ErrorHandler.createThrowable(ErrorHandler.java:188)
	at org.openqa.selenium.remote.ErrorHandler.throwIfResponseFailed(ErrorHandler.java:145)
	at org.openqa.selenium.remote.RemoteWebDriver.execute(RemoteWebDriver.java:531)
	at org.openqa.selenium.remote.RemoteWebElement.execute(RemoteWebElement.java:246)
	at org.openqa.selenium.remote.RemoteWebElement.click(RemoteWebElement.java:79)
	at com.YouMagicPro.LKA_tests.TestBase.sendKeysAndAssert_kpp(TestBase.java:95)
	at com.YouMagicPro.LKA_tests.ContractKppSymbolsTest.contractKppTest_C15051(ContractKppSymbolsTest.java:13)
</failure>
  </testcase>
  <testcase time="11.817" classname="com.YouMagicPro.LKA_tests.ContractOgrn6NumbersInTextFieldTest" name="contractOgrn6NumbersInTextFieldTest_C15055">
    <failure message="Element must be displayed to click (WARNING: The server did not provide any stacktrace information)
Command duration or timeout: 15 milliseconds
Build info: version: &apos;2.26.0&apos;, revision: &apos;18040&apos;, time: &apos;2012-11-02 09:44:45&apos;
System info: os.name: &apos;Windows 7&apos;, os.arch: &apos;amd64&apos;, os.version: &apos;6.1&apos;, java.version: &apos;1.7.0_09&apos;
Driver info: driver.version: RemoteWebDriver
Session ID: b626483441f116bd87c01ff307d1fed5" type="org.openqa.selenium.ElementNotVisibleException">org.openqa.selenium.ElementNotVisibleException: Element must be displayed to click (WARNING: The server did not provide any stacktrace information)
Command duration or timeout: 15 milliseconds
Build info: version: &apos;2.26.0&apos;, revision: &apos;18040&apos;, time: &apos;2012-11-02 09:44:45&apos;
System info: os.name: &apos;Windows 7&apos;, os.arch: &apos;amd64&apos;, os.version: &apos;6.1&apos;, java.version: &apos;1.7.0_09&apos;
Driver info: driver.version: RemoteWebDriver
Session ID: b626483441f116bd87c01ff307d1fed5
	at sun.reflect.GeneratedConstructorAccessor15.newInstance(Unknown Source)
	at sun.reflect.DelegatingConstructorAccessorImpl.newInstance(DelegatingConstructorAccessorImpl.java:45)
	at java.lang.reflect.Constructor.newInstance(Constructor.java:525)
	at org.openqa.selenium.remote.ErrorHandler.createThrowable(ErrorHandler.java:188)
	at org.openqa.selenium.remote.ErrorHandler.throwIfResponseFailed(ErrorHandler.java:145)
	at org.openqa.selenium.remote.RemoteWebDriver.execute(RemoteWebDriver.java:531)
	at org.openqa.selenium.remote.RemoteWebElement.execute(RemoteWebElement.java:246)
	at org.openqa.selenium.remote.RemoteWebElement.click(RemoteWebElement.java:79)
	at com.YouMagicPro.LKA_tests.TestBase.sendKeysAndAssert_ogrn(TestBase.java:109)
	at com.YouMagicPro.LKA_tests.ContractOgrn6NumbersInTextFieldTest.contractOgrn6NumbersInTextFieldTest_C15055(ContractOgrn6NumbersInTextFieldTest.java:11)
</failure>
  </testcase>
  <testcase time="12.29" classname="com.YouMagicPro.LKA_tests.ContractOgrnLettersAndNumbersInTextFieldTest" name="contractOgrnLettersAndNumbersInTextFieldTest_C15057">
    <failure message="Element must be displayed to click (WARNING: The server did not provide any stacktrace information)
Command duration or timeout: 17 milliseconds
Build info: version: &apos;2.26.0&apos;, revision: &apos;18040&apos;, time: &apos;2012-11-02 09:44:45&apos;
System info: os.name: &apos;Windows 7&apos;, os.arch: &apos;amd64&apos;, os.version: &apos;6.1&apos;, java.version: &apos;1.7.0_09&apos;
Driver info: driver.version: RemoteWebDriver
Session ID: dfefcd35db452690f6dbab9cd81365f0" type="org.openqa.selenium.ElementNotVisibleException">org.openqa.selenium.ElementNotVisibleException: Element must be displayed to click (WARNING: The server did not provide any stacktrace information)
Command duration or timeout: 17 milliseconds
Build info: version: &apos;2.26.0&apos;, revision: &apos;18040&apos;, time: &apos;2012-11-02 09:44:45&apos;
System info: os.name: &apos;Windows 7&apos;, os.arch: &apos;amd64&apos;, os.version: &apos;6.1&apos;, java.version: &apos;1.7.0_09&apos;
Driver info: driver.version: RemoteWebDriver
Session ID: dfefcd35db452690f6dbab9cd81365f0
	at sun.reflect.GeneratedConstructorAccessor15.newInstance(Unknown Source)
	at sun.reflect.DelegatingConstructorAccessorImpl.newInstance(DelegatingConstructorAccessorImpl.java:45)
	at java.lang.reflect.Constructor.newInstance(Constructor.java:525)
	at org.openqa.selenium.remote.ErrorHandler.createThrowable(ErrorHandler.java:188)
	at org.openqa.selenium.remote.ErrorHandler.throwIfResponseFailed(ErrorHandler.java:145)
	at org.openqa.selenium.remote.RemoteWebDriver.execute(RemoteWebDriver.java:531)
	at org.openqa.selenium.remote.RemoteWebElement.execute(RemoteWebElement.java:246)
	at org.openqa.selenium.remote.RemoteWebElement.click(RemoteWebElement.java:79)
	at com.YouMagicPro.LKA_tests.TestBase.sendKeysAndAssert_ogrn(TestBase.java:109)
	at com.YouMagicPro.LKA_tests.ContractOgrnLettersAndNumbersInTextFieldTest.contractOgrnLettersAndNumbersInTextFieldTest_C15057(ContractOgrnLettersAndNumbersInTextFieldTest.java:11)
</failure>
  </testcase>
  <testcase time="11.926" classname="com.YouMagicPro.LKA_tests.ContractOgrnLettersInTextFieldTest" name="contractOgrnLettersInTextFieldTest_C15056">
    <failure message="Element must be displayed to click (WARNING: The server did not provide any stacktrace information)
Command duration or timeout: 14 milliseconds
Build info: version: &apos;2.26.0&apos;, revision: &apos;18040&apos;, time: &apos;2012-11-02 09:44:45&apos;
System info: os.name: &apos;Windows 7&apos;, os.arch: &apos;amd64&apos;, os.version: &apos;6.1&apos;, java.version: &apos;1.7.0_09&apos;
Driver info: driver.version: RemoteWebDriver
Session ID: 0ba95bc0282e07c035dc85a3239e3748" type="org.openqa.selenium.ElementNotVisibleException">org.openqa.selenium.ElementNotVisibleException: Element must be displayed to click (WARNING: The server did not provide any stacktrace information)
Command duration or timeout: 14 milliseconds
Build info: version: &apos;2.26.0&apos;, revision: &apos;18040&apos;, time: &apos;2012-11-02 09:44:45&apos;
System info: os.name: &apos;Windows 7&apos;, os.arch: &apos;amd64&apos;, os.version: &apos;6.1&apos;, java.version: &apos;1.7.0_09&apos;
Driver info: driver.version: RemoteWebDriver
Session ID: 0ba95bc0282e07c035dc85a3239e3748
	at sun.reflect.GeneratedConstructorAccessor15.newInstance(Unknown Source)
	at sun.reflect.DelegatingConstructorAccessorImpl.newInstance(DelegatingConstructorAccessorImpl.java:45)
	at java.lang.reflect.Constructor.newInstance(Constructor.java:525)
	at org.openqa.selenium.remote.ErrorHandler.createThrowable(ErrorHandler.java:188)
	at org.openqa.selenium.remote.ErrorHandler.throwIfResponseFailed(ErrorHandler.java:145)
	at org.openqa.selenium.remote.RemoteWebDriver.execute(RemoteWebDriver.java:531)
	at org.openqa.selenium.remote.RemoteWebElement.execute(RemoteWebElement.java:246)
	at org.openqa.selenium.remote.RemoteWebElement.click(RemoteWebElement.java:79)
	at com.YouMagicPro.LKA_tests.TestBase.sendKeysAndAssert_ogrn(TestBase.java:109)
	at com.YouMagicPro.LKA_tests.ContractOgrnLettersInTextFieldTest.contractOgrnLettersInTextFieldTest_C15056(ContractOgrnLettersInTextFieldTest.java:11)
</failure>
  </testcase>
  <testcase time="12.239" classname="com.YouMagicPro.LKA_tests.ContractOgrnOneNumberInTextFieldTest" name="contractOgrnOneNumberInTextFieldTest_C15053">
    <failure message="Element must be displayed to click (WARNING: The server did not provide any stacktrace information)
Command duration or timeout: 17 milliseconds
Build info: version: &apos;2.26.0&apos;, revision: &apos;18040&apos;, time: &apos;2012-11-02 09:44:45&apos;
System info: os.name: &apos;Windows 7&apos;, os.arch: &apos;amd64&apos;, os.version: &apos;6.1&apos;, java.version: &apos;1.7.0_09&apos;
Driver info: driver.version: RemoteWebDriver
Session ID: 8cb2fcd83861cbf688ce36780f482fbf" type="org.openqa.selenium.ElementNotVisibleException">org.openqa.selenium.ElementNotVisibleException: Element must be displayed to click (WARNING: The server did not provide any stacktrace information)
Command duration or timeout: 17 milliseconds
Build info: version: &apos;2.26.0&apos;, revision: &apos;18040&apos;, time: &apos;2012-11-02 09:44:45&apos;
System info: os.name: &apos;Windows 7&apos;, os.arch: &apos;amd64&apos;, os.version: &apos;6.1&apos;, java.version: &apos;1.7.0_09&apos;
Driver info: driver.version: RemoteWebDriver
Session ID: 8cb2fcd83861cbf688ce36780f482fbf
	at sun.reflect.GeneratedConstructorAccessor15.newInstance(Unknown Source)
	at sun.reflect.DelegatingConstructorAccessorImpl.newInstance(DelegatingConstructorAccessorImpl.java:45)
	at java.lang.reflect.Constructor.newInstance(Constructor.java:525)
	at org.openqa.selenium.remote.ErrorHandler.createThrowable(ErrorHandler.java:188)
	at org.openqa.selenium.remote.ErrorHandler.throwIfResponseFailed(ErrorHandler.java:145)
	at org.openqa.selenium.remote.RemoteWebDriver.execute(RemoteWebDriver.java:531)
	at org.openqa.selenium.remote.RemoteWebElement.execute(RemoteWebElement.java:246)
	at org.openqa.selenium.remote.RemoteWebElement.click(RemoteWebElement.java:79)
	at com.YouMagicPro.LKA_tests.TestBase.sendKeysAndAssert_ogrn(TestBase.java:109)
	at com.YouMagicPro.LKA_tests.ContractOgrnOneNumberInTextFieldTest.contractOgrnOneNumberInTextFieldTest_C15053(ContractOgrnOneNumberInTextFieldTest.java:10)
</failure>
  </testcase>
  <testcase time="13.572" classname="com.YouMagicPro.LKA_tests.ContractOgrnSymbolsTest" name="contractFillBankAccountTest">
    <failure message="Element must be displayed to click (WARNING: The server did not provide any stacktrace information)
Command duration or timeout: 18 milliseconds
Build info: version: &apos;2.26.0&apos;, revision: &apos;18040&apos;, time: &apos;2012-11-02 09:44:45&apos;
System info: os.name: &apos;Windows 7&apos;, os.arch: &apos;amd64&apos;, os.version: &apos;6.1&apos;, java.version: &apos;1.7.0_09&apos;
Driver info: driver.version: RemoteWebDriver
Session ID: ea14e5d5511e975f3b0e4edb1a8b0c77" type="org.openqa.selenium.ElementNotVisibleException">org.openqa.selenium.ElementNotVisibleException: Element must be displayed to click (WARNING: The server did not provide any stacktrace information)
Command duration or timeout: 18 milliseconds
Build info: version: &apos;2.26.0&apos;, revision: &apos;18040&apos;, time: &apos;2012-11-02 09:44:45&apos;
System info: os.name: &apos;Windows 7&apos;, os.arch: &apos;amd64&apos;, os.version: &apos;6.1&apos;, java.version: &apos;1.7.0_09&apos;
Driver info: driver.version: RemoteWebDriver
Session ID: ea14e5d5511e975f3b0e4edb1a8b0c77
	at sun.reflect.GeneratedConstructorAccessor15.newInstance(Unknown Source)
	at sun.reflect.DelegatingConstructorAccessorImpl.newInstance(DelegatingConstructorAccessorImpl.java:45)
	at java.lang.reflect.Constructor.newInstance(Constructor.java:525)
	at org.openqa.selenium.remote.ErrorHandler.createThrowable(ErrorHandler.java:188)
	at org.openqa.selenium.remote.ErrorHandler.throwIfResponseFailed(ErrorHandler.java:145)
	at org.openqa.selenium.remote.RemoteWebDriver.execute(RemoteWebDriver.java:531)
	at org.openqa.selenium.remote.RemoteWebElement.execute(RemoteWebElement.java:246)
	at org.openqa.selenium.remote.RemoteWebElement.click(RemoteWebElement.java:79)
	at com.YouMagicPro.LKA_tests.TestBase.sendKeysAndAssert_ogrn(TestBase.java:109)
	at com.YouMagicPro.LKA_tests.ContractOgrnSymbolsTest.contractFillBankAccountTest(ContractOgrnSymbolsTest.java:13)
</failure>
  </testcase>
  <testcase time="14.812" classname="com.YouMagicPro.LKA_tests.DetalizationPageTest" name="detalizationPageTest"/>
  <testcase time="9.622" classname="com.YouMagicPro.LKA_tests.DiscSpaceTest" name="discSpaceTest"/>
  <testcase time="9.045" classname="com.YouMagicPro.LKA_tests.EmployeesAddEmployeeTest" name="employeesEditProfileTest_C15253">
    <failure message="Element is not clickable at point (868.5, 44). Other element would receive the click: &lt;div class=&quot;sl_head&quot;&gt;...&lt;/div&gt; (WARNING: The server did not provide any stacktrace information)
Command duration or timeout: 131 milliseconds
Build info: version: &apos;2.26.0&apos;, revision: &apos;18040&apos;, time: &apos;2012-11-02 09:44:45&apos;
System info: os.name: &apos;Windows 7&apos;, os.arch: &apos;amd64&apos;, os.version: &apos;6.1&apos;, java.version: &apos;1.7.0_09&apos;
Driver info: driver.version: RemoteWebDriver
Session ID: cc8f31e2421ddd26c70d4c1c4cb326b4" type="org.openqa.selenium.WebDriverException">org.openqa.selenium.WebDriverException: Element is not clickable at point (868.5, 44). Other element would receive the click: &lt;div class=&quot;sl_head&quot;&gt;...&lt;/div&gt; (WARNING: The server did not provide any stacktrace information)
Command duration or timeout: 131 milliseconds
Build info: version: &apos;2.26.0&apos;, revision: &apos;18040&apos;, time: &apos;2012-11-02 09:44:45&apos;
System info: os.name: &apos;Windows 7&apos;, os.arch: &apos;amd64&apos;, os.version: &apos;6.1&apos;, java.version: &apos;1.7.0_09&apos;
Driver info: driver.version: RemoteWebDriver
Session ID: cc8f31e2421ddd26c70d4c1c4cb326b4
	at sun.reflect.NativeConstructorAccessorImpl.newInstance0(Native Method)
	at sun.reflect.NativeConstructorAccessorImpl.newInstance(NativeConstructorAccessorImpl.java:57)
	at sun.reflect.DelegatingConstructorAccessorImpl.newInstance(DelegatingConstructorAccessorImpl.java:45)
	at java.lang.reflect.Constructor.newInstance(Constructor.java:525)
	at org.openqa.selenium.remote.ErrorHandler.createThrowable(ErrorHandler.java:188)
	at org.openqa.selenium.remote.ErrorHandler.throwIfResponseFailed(ErrorHandler.java:145)
	at org.openqa.selenium.remote.RemoteWebDriver.execute(RemoteWebDriver.java:531)
	at org.openqa.selenium.remote.RemoteWebElement.execute(RemoteWebElement.java:246)
	at org.openqa.selenium.remote.RemoteWebElement.click(RemoteWebElement.java:79)
	at com.YouMagicPro.LKA_tests.TestBase.waitAdminPageToLoad(TestBase.java:145)
	at com.YouMagicPro.LKA_tests.EmployeesAddEmployeeTest.employeesEditProfileTest_C15253(EmployeesAddEmployeeTest.java:11)
</failure>
  </testcase>
  <testcase time="17.926" classname="com.YouMagicPro.LKA_tests.EmployeesCheckInfoTest" name="employeesCheckInfoTest_C15252"/>
  <testcase time="18.807" classname="com.YouMagicPro.LKA_tests.EmployeesEditProfile2SymbolsInTextFieldTest" name="employeesEditProfile2SymbolsInTextFieldTest_C15253"/>
  <testcase time="17.048" classname="com.YouMagicPro.LKA_tests.EmployeesEditProfile3SymbolsInTextFieldTest" name="employeesEditProfile3SymbolsInTextFieldTest_C15256"/>
  <testcase time="23.211" classname="com.YouMagicPro.LKA_tests.EmployeesEditProfileFillInDataTest" name="employeesEditProfileFillInDataTest_C15253"/>
  <testcase time="17.435" classname="com.YouMagicPro.LKA_tests.EmployeesEditProfileTest" name="employeesEditProfileTest_C15253">
    <failure message="expected [Внутренний номер *] but found [Фамилия *]" type="java.lang.AssertionError">java.lang.AssertionError: expected [Внутренний номер *] but found [Фамилия *]
	at org.testng.Assert.fail(Assert.java:94)
	at org.testng.Assert.failNotEquals(Assert.java:494)
	at org.testng.Assert.assertEquals(Assert.java:123)
	at org.testng.Assert.assertEquals(Assert.java:165)
	at com.YouMagicPro.LKA_tests.TestBase.assertEquals(TestBase.java:51)
	at com.YouMagicPro.LKA_tests.EmployeesEditProfileTest.employeesEditProfileTest_C15253(EmployeesEditProfileTest.java:26)
</failure>
  </testcase>
  <testcase time="9.371" classname="com.YouMagicPro.LKA_tests.ExpenseStructureAdditionalNumbersFeeTest" name="expenseStructureAdditionalNumbersFeeTest_C15096"/>
  <testcase time="11.749" classname="com.YouMagicPro.LKA_tests.ExpenseStructureChooseAdditionalNumbersTest" name="expenseStructureChooseAdditionalNumbersTest_C15100"/>
  <testcase time="15.608" classname="com.YouMagicPro.LKA_tests.ExpenseStructureChooseIntNumbersPageTest" name="expenseStructureChooseIntNumbersPageTest_C15102"/>
  <testcase time="9.108" classname="com.YouMagicPro.LKA_tests.ExpenseStructureInternalNumbersFeeTest" name="expenseStructureInternalNumbersFeeTest_C15101"/>
  <testcase time="9.416" classname="com.YouMagicPro.LKA_tests.ExpenseStructureRentalFeeTest" name="expenseStructureRentalFeeTest_C15096"/>
  <testcase time="17.313" classname="com.YouMagicPro.LKA_tests.FaxPageTest" name="faxPageTest"/>
  <testcase time="17.078" classname="com.YouMagicPro.LKA_tests.FeedbackPageTest" name="feedbackPageTest"/>
  <testcase time="16.39" classname="com.YouMagicPro.LKA_tests.FilesFreeSpacePageTest" name="filesFreeSpaceTest"/>
  <testcase time="21.794" classname="com.YouMagicPro.LKA_tests.NotificationsCheckFieldsTest" name="notificationsCheckFieldsTest_C15141"/>
  <testcase time="10.564" classname="com.YouMagicPro.LKA_tests.OrderByEmailCancelButtonTest" name="orderByEmailCancelButtonTest_C15141"/>
  <testcase time="10.849" classname="com.YouMagicPro.LKA_tests.OrderByEmailChangeEmailTest" name="orderByEmailChangeEmailTest_C25653"/>
  <testcase time="10.875" classname="com.YouMagicPro.LKA_tests.OrderByEmailChangeNameTest" name="orderByEmailChangeNameTest_C25671"/>
  <testcase time="12.681" classname="com.YouMagicPro.LKA_tests.OrderByEmailOrderWithoutDocTypeCheckedTest" name="orderByEmailOrderWithoutDocTypeCheckedTest_C25656">
    <failure message="expected [Необходимо выбрать тип документа.] but found [За указанный период не найдено ни одного документа указанного типа!]" type="java.lang.AssertionError">java.lang.AssertionError: expected [Необходимо выбрать тип документа.] but found [За указанный период не найдено ни одного документа указанного типа!]
	at org.testng.Assert.fail(Assert.java:94)
	at org.testng.Assert.failNotEquals(Assert.java:494)
	at org.testng.Assert.assertEquals(Assert.java:123)
	at org.testng.Assert.assertEquals(Assert.java:165)
	at com.YouMagicPro.LKA_tests.TestBase.assertEquals(TestBase.java:51)
	at com.YouMagicPro.LKA_tests.OrderByEmailOrderWithoutDocTypeCheckedTest.orderByEmailOrderWithoutDocTypeCheckedTest_C25656(OrderByEmailOrderWithoutDocTypeCheckedTest.java:26)
</failure>
  </testcase>
  <testcase time="11.841" classname="com.YouMagicPro.LKA_tests.OrderByPickUpCancelButtonTest" name="orderByPickUpCancelButtonTest_C25664"/>
  <testcase time="11.112" classname="com.YouMagicPro.LKA_tests.OrderByPickUpChangeNameTest" name="orderByPickUpChangeNameTest_C25668"/>
  <testcase time="11.405" classname="com.YouMagicPro.LKA_tests.OrderByPickUpChangePhoneTest" name="OrderByPickUpChangePhoneTest_C25666"/>
  <testcase time="12.744" classname="com.YouMagicPro.LKA_tests.OrderByPickUpOrderWithoutDocTypeCheckedTest" name="orderByPickUpOrderWithoutDocTypeCheckedTest_C25663">
    <failure message="expected [Необходимо выбрать тип документа.] but found [За указанный период не найдено ни одного документа указанного типа!]" type="java.lang.AssertionError">java.lang.AssertionError: expected [Необходимо выбрать тип документа.] but found [За указанный период не найдено ни одного документа указанного типа!]
	at org.testng.Assert.fail(Assert.java:94)
	at org.testng.Assert.failNotEquals(Assert.java:494)
	at org.testng.Assert.assertEquals(Assert.java:123)
	at org.testng.Assert.assertEquals(Assert.java:165)
	at com.YouMagicPro.LKA_tests.TestBase.assertEquals(TestBase.java:51)
	at com.YouMagicPro.LKA_tests.OrderByPickUpOrderWithoutDocTypeCheckedTest.orderByPickUpOrderWithoutDocTypeCheckedTest_C25663(OrderByPickUpOrderWithoutDocTypeCheckedTest.java:26)
</failure>
  </testcase>
  <testcase time="10.616" classname="com.YouMagicPro.LKA_tests.OrderDeliveryOfContractCancelButtonTest" name="orderDeliveryOfContractCancelButtonTest"/>
  <testcase time="10.734" classname="com.YouMagicPro.LKA_tests.OrderDeliveryOfContractDropdownListTest" name="expenseStructureTest"/>
  <testcase time="11.432" classname="com.YouMagicPro.LKA_tests.OrderToAdressCancelButtonClickTest" name="orderToAdressCancelButtonClickTest_C25675"/>
  <testcase time="10.521" classname="com.YouMagicPro.LKA_tests.OrderToAdressChangeNameTest" name="orderToAdressChangeNameTest_C25672"/>
  <testcase time="10.421" classname="com.YouMagicPro.LKA_tests.OrderToAdressChangePhoneTest" name="orderToAdressChangePhoneTest_C25677"/>
  <testcase time="12.733" classname="com.YouMagicPro.LKA_tests.OrderToAdressNoTextFieldFilledTest" name="OrderToAdressNoTextFieldFilledTest_C25679"/>
  <testcase time="15.062" classname="com.YouMagicPro.LKA_tests.PaymentsPageTest" name="soundFilesTest"/>
  <testcase time="17.078" classname="com.YouMagicPro.LKA_tests.SoundFilesPageTest" name="soundFilesTest"/>
  <testcase time="14.633" classname="com.YouMagicPro.LKA_tests.SupportPhoneTest" name="SupportPhoneTest_C25679"/>
</testsuite>