<?xml version="1.0" encoding="UTF-8"?>
<testng-results skipped="0" failed="33" total="97" passed="64">
  <reporter-output>
  </reporter-output>
  <suite name="com.LKA_tests" duration-ms="1783275" started-at="2012-12-26T05:40:17Z" finished-at="2012-12-26T06:10:01Z">
    <groups>
    </groups>
    <test name="com.LKA_tests" duration-ms="1783275" started-at="2012-12-26T05:40:17Z" finished-at="2012-12-26T06:10:01Z">
      <class name="com.YouMagicPro.LKA_tests.EmployeesCheckInfoTest">
        <test-method status="PASS" signature="startWebDriver()[pri:0, instance:com.YouMagicPro.LKA_tests.EmployeesCheckInfoTest@493b1f1b]" name="startWebDriver" is-config="true" duration-ms="1815" started-at="2012-12-26T10:01:01Z" finished-at="2012-12-26T10:01:03Z">
          <reporter-output>
          </reporter-output>
        </test-method> <!-- startWebDriver -->
        <test-method status="PASS" signature="employeesCheckInfoTest_C15252()[pri:0, instance:com.YouMagicPro.LKA_tests.EmployeesCheckInfoTest@493b1f1b]" name="employeesCheckInfoTest_C15252" duration-ms="17926" started-at="2012-12-26T10:01:03Z" finished-at="2012-12-26T10:01:20Z">
          <reporter-output>
          </reporter-output>
        </test-method> <!-- employeesCheckInfoTest_C15252 -->
        <test-method status="PASS" signature="closeSession()[pri:0, instance:com.YouMagicPro.LKA_tests.EmployeesCheckInfoTest@493b1f1b]" name="closeSession" is-config="true" duration-ms="1413" started-at="2012-12-26T10:01:20Z" finished-at="2012-12-26T10:01:22Z">
          <reporter-output>
          </reporter-output>
        </test-method> <!-- closeSession -->
      </class> <!-- com.YouMagicPro.LKA_tests.EmployeesCheckInfoTest -->
      <class name="com.YouMagicPro.LKA_tests.DetalizationPageTest">
        <test-method status="PASS" signature="setUp(java.lang.String)[pri:0, instance:com.YouMagicPro.LKA_tests.DetalizationPageTest@379bc1bf]" name="setUp" is-config="true" duration-ms="5362" started-at="2012-12-26T10:00:15Z" finished-at="2012-12-26T10:00:20Z">
          <params>
            <param index="0">
              <value is-null="true"/>
            </param>
          </params>
          <reporter-output>
          </reporter-output>
        </test-method> <!-- setUp -->
        <test-method status="PASS" signature="detalizationPageTest()[pri:0, instance:com.YouMagicPro.LKA_tests.DetalizationPageTest@379bc1bf]" name="detalizationPageTest" duration-ms="14812" started-at="2012-12-26T10:00:20Z" finished-at="2012-12-26T10:00:35Z">
          <reporter-output>
          </reporter-output>
        </test-method> <!-- detalizationPageTest -->
        <test-method status="PASS" signature="tearDown()[pri:0, instance:com.YouMagicPro.LKA_tests.DetalizationPageTest@379bc1bf]" name="tearDown" is-config="true" duration-ms="344" started-at="2012-12-26T10:00:35Z" finished-at="2012-12-26T10:00:35Z">
          <reporter-output>
          </reporter-output>
        </test-method> <!-- tearDown -->
      </class> <!-- com.YouMagicPro.LKA_tests.DetalizationPageTest -->
      <class name="com.YouMagicPro.LKA_tests.ClickOnPersonalAccountTest">
        <test-method status="PASS" signature="setUp(java.lang.String)[pri:0, instance:com.YouMagicPro.LKA_tests.ClickOnPersonalAccountTest@12c12bfd]" name="setUp" is-config="true" duration-ms="6173" started-at="2012-12-26T09:50:47Z" finished-at="2012-12-26T09:50:53Z">
          <params>
            <param index="0">
              <value is-null="true"/>
            </param>
          </params>
          <reporter-output>
          </reporter-output>
        </test-method> <!-- setUp -->
        <test-method status="PASS" signature="clickOnPersonalAccountTest()[pri:0, instance:com.YouMagicPro.LKA_tests.ClickOnPersonalAccountTest@12c12bfd]" name="clickOnPersonalAccountTest" duration-ms="15766" started-at="2012-12-26T09:50:53Z" finished-at="2012-12-26T09:51:09Z">
          <reporter-output>
          </reporter-output>
        </test-method> <!-- clickOnPersonalAccountTest -->
        <test-method status="PASS" signature="tearDown()[pri:0, instance:com.YouMagicPro.LKA_tests.ClickOnPersonalAccountTest@12c12bfd]" name="tearDown" is-config="true" duration-ms="453" started-at="2012-12-26T09:51:09Z" finished-at="2012-12-26T09:51:09Z">
          <reporter-output>
          </reporter-output>
        </test-method> <!-- tearDown -->
      </class> <!-- com.YouMagicPro.LKA_tests.ClickOnPersonalAccountTest -->
      <class name="com.YouMagicPro.LKA_tests.ContractCorAccountLettersAndNumbersTextFieldTest">
        <test-method status="PASS" signature="startWebDriver()[pri:0, instance:com.YouMagicPro.LKA_tests.ContractCorAccountLettersAndNumbersTextFieldTest@1081350a]" name="startWebDriver" is-config="true" duration-ms="1801" started-at="2012-12-26T09:54:30Z" finished-at="2012-12-26T09:54:31Z">
          <reporter-output>
          </reporter-output>
        </test-method> <!-- startWebDriver -->
        <test-method status="FAIL" signature="contractCorAccountTenInTextFieldTest_C15000()[pri:0, instance:com.YouMagicPro.LKA_tests.ContractCorAccountLettersAndNumbersTextFieldTest@1081350a]" name="contractCorAccountTenInTextFieldTest_C15000" duration-ms="11881" started-at="2012-12-26T09:54:31Z" finished-at="2012-12-26T09:54:43Z">
          <exception class="org.openqa.selenium.ElementNotVisibleException">
            <message>
              <![CDATA[Element must be displayed to click (WARNING: The server did not provide any stacktrace information)
Command duration or timeout: 16 milliseconds
Build info: version: '2.26.0', revision: '18040', time: '2012-11-02 09:44:45'
System info: os.name: 'Windows 7', os.arch: 'amd64', os.version: '6.1', java.version: '1.7.0_09'
Driver info: driver.version: RemoteWebDriver
Session ID: 49b34137d836f0f3eb5ee3ee1b48bbb3]]>
            </message>
            <full-stacktrace>
              <![CDATA[org.openqa.selenium.ElementNotVisibleException: Element must be displayed to click (WARNING: The server did not provide any stacktrace information)
Command duration or timeout: 16 milliseconds
Build info: version: '2.26.0', revision: '18040', time: '2012-11-02 09:44:45'
System info: os.name: 'Windows 7', os.arch: 'amd64', os.version: '6.1', java.version: '1.7.0_09'
Driver info: driver.version: RemoteWebDriver
Session ID: 49b34137d836f0f3eb5ee3ee1b48bbb3
	at sun.reflect.NativeConstructorAccessorImpl.newInstance0(Native Method)
	at sun.reflect.NativeConstructorAccessorImpl.newInstance(NativeConstructorAccessorImpl.java:57)
	at sun.reflect.DelegatingConstructorAccessorImpl.newInstance(DelegatingConstructorAccessorImpl.java:45)
	at java.lang.reflect.Constructor.newInstance(Constructor.java:525)
	at org.openqa.selenium.remote.ErrorHandler.createThrowable(ErrorHandler.java:188)
	at org.openqa.selenium.remote.ErrorHandler.throwIfResponseFailed(ErrorHandler.java:145)
	at org.openqa.selenium.remote.RemoteWebDriver.execute(RemoteWebDriver.java:531)
	at org.openqa.selenium.remote.RemoteWebElement.execute(RemoteWebElement.java:246)
	at org.openqa.selenium.remote.RemoteWebElement.click(RemoteWebElement.java:79)
	at com.YouMagicPro.LKA_tests.TestBase.sendKeysAndAssert_cor(TestBase.java:81)
	at com.YouMagicPro.LKA_tests.ContractCorAccountLettersAndNumbersTextFieldTest.contractCorAccountTenInTextFieldTest_C15000(ContractCorAccountLettersAndNumbersTextFieldTest.java:10)
	at sun.reflect.NativeMethodAccessorImpl.invoke0(Native Method)
	at sun.reflect.NativeMethodAccessorImpl.invoke(NativeMethodAccessorImpl.java:57)
	at sun.reflect.DelegatingMethodAccessorImpl.invoke(DelegatingMethodAccessorImpl.java:43)
	at java.lang.reflect.Method.invoke(Method.java:601)
	at org.testng.internal.MethodInvocationHelper.invokeMethod(MethodInvocationHelper.java:80)
	at org.testng.internal.Invoker.invokeMethod(Invoker.java:714)
	at org.testng.internal.Invoker.invokeTestMethod(Invoker.java:901)
	at org.testng.internal.Invoker.invokeTestMethods(Invoker.java:1231)
	at org.testng.internal.TestMethodWorker.invokeTestMethods(TestMethodWorker.java:127)
	at org.testng.internal.TestMethodWorker.run(TestMethodWorker.java:111)
	at org.testng.TestRunner.privateRun(TestRunner.java:767)
	at org.testng.TestRunner.run(TestRunner.java:617)
	at org.testng.SuiteRunner.runTest(SuiteRunner.java:334)
	at org.testng.SuiteRunner.runSequentially(SuiteRunner.java:329)
	at org.testng.SuiteRunner.privateRun(SuiteRunner.java:291)
	at org.testng.SuiteRunner.run(SuiteRunner.java:240)
	at org.testng.SuiteRunnerWorker.runSuite(SuiteRunnerWorker.java:52)
	at org.testng.SuiteRunnerWorker.run(SuiteRunnerWorker.java:86)
	at org.testng.TestNG.runSuitesSequentially(TestNG.java:1198)
	at org.testng.TestNG.runSuitesLocally(TestNG.java:1123)
	at org.testng.TestNG.run(TestNG.java:1031)
	at org.apache.maven.surefire.testng.TestNGExecutor.run(TestNGExecutor.java:122)
	at org.apache.maven.surefire.testng.TestNGXmlTestSuite.execute(TestNGXmlTestSuite.java:88)
	at org.apache.maven.surefire.testng.TestNGProvider.invoke(TestNGProvider.java:104)
	at sun.reflect.NativeMethodAccessorImpl.invoke0(Native Method)
	at sun.reflect.NativeMethodAccessorImpl.invoke(NativeMethodAccessorImpl.java:57)
	at sun.reflect.DelegatingMethodAccessorImpl.invoke(DelegatingMethodAccessorImpl.java:43)
	at java.lang.reflect.Method.invoke(Method.java:601)
	at org.apache.maven.surefire.booter.ProviderFactory$ClassLoaderProxy.invoke(ProviderFactory.java:103)
	at $Proxy0.invoke(Unknown Source)
	at org.apache.maven.surefire.booter.SurefireStarter.invokeProvider(SurefireStarter.java:150)
	at org.apache.maven.surefire.booter.SurefireStarter.runSuitesInProcess(SurefireStarter.java:91)
	at org.apache.maven.surefire.booter.ForkedBooter.main(ForkedBooter.java:69)
]]>
            </full-stacktrace>
          </exception> <!-- org.openqa.selenium.ElementNotVisibleException -->
          <reporter-output>
          </reporter-output>
        </test-method> <!-- contractCorAccountTenInTextFieldTest_C15000 -->
        <test-method status="PASS" signature="closeSession()[pri:0, instance:com.YouMagicPro.LKA_tests.ContractCorAccountLettersAndNumbersTextFieldTest@1081350a]" name="closeSession" is-config="true" duration-ms="1452" started-at="2012-12-26T09:54:43Z" finished-at="2012-12-26T09:54:45Z">
          <reporter-output>
          </reporter-output>
        </test-method> <!-- closeSession -->
      </class> <!-- com.YouMagicPro.LKA_tests.ContractCorAccountLettersAndNumbersTextFieldTest -->
      <class name="com.YouMagicPro.LKA_tests.ContractInnChooseFormTest">
        <test-method status="PASS" signature="startWebDriver()[pri:0, instance:com.YouMagicPro.LKA_tests.ContractInnChooseFormTest@233a73db]" name="startWebDriver" is-config="true" duration-ms="1844" started-at="2012-12-26T09:56:30Z" finished-at="2012-12-26T09:56:31Z">
          <reporter-output>
          </reporter-output>
        </test-method> <!-- startWebDriver -->
        <test-method status="FAIL" signature="contractInnChooseForm_C15047()[pri:0, instance:com.YouMagicPro.LKA_tests.ContractInnChooseFormTest@233a73db]" name="contractInnChooseForm_C15047" duration-ms="11693" started-at="2012-12-26T09:56:31Z" finished-at="2012-12-26T09:56:43Z">
          <exception class="org.openqa.selenium.ElementNotVisibleException">
            <message>
              <![CDATA[Element must be displayed to click (WARNING: The server did not provide any stacktrace information)
Command duration or timeout: 14 milliseconds
Build info: version: '2.26.0', revision: '18040', time: '2012-11-02 09:44:45'
System info: os.name: 'Windows 7', os.arch: 'amd64', os.version: '6.1', java.version: '1.7.0_09'
Driver info: driver.version: RemoteWebDriver
Session ID: 6451e4efa1b09c69ca5c02f1da474bd5]]>
            </message>
            <full-stacktrace>
              <![CDATA[org.openqa.selenium.ElementNotVisibleException: Element must be displayed to click (WARNING: The server did not provide any stacktrace information)
Command duration or timeout: 14 milliseconds
Build info: version: '2.26.0', revision: '18040', time: '2012-11-02 09:44:45'
System info: os.name: 'Windows 7', os.arch: 'amd64', os.version: '6.1', java.version: '1.7.0_09'
Driver info: driver.version: RemoteWebDriver
Session ID: 6451e4efa1b09c69ca5c02f1da474bd5
	at sun.reflect.NativeConstructorAccessorImpl.newInstance0(Native Method)
	at sun.reflect.NativeConstructorAccessorImpl.newInstance(NativeConstructorAccessorImpl.java:57)
	at sun.reflect.DelegatingConstructorAccessorImpl.newInstance(DelegatingConstructorAccessorImpl.java:45)
	at java.lang.reflect.Constructor.newInstance(Constructor.java:525)
	at org.openqa.selenium.remote.ErrorHandler.createThrowable(ErrorHandler.java:188)
	at org.openqa.selenium.remote.ErrorHandler.throwIfResponseFailed(ErrorHandler.java:145)
	at org.openqa.selenium.remote.RemoteWebDriver.execute(RemoteWebDriver.java:531)
	at org.openqa.selenium.remote.RemoteWebElement.execute(RemoteWebElement.java:246)
	at org.openqa.selenium.remote.RemoteWebElement.click(RemoteWebElement.java:79)
	at com.YouMagicPro.LKA_tests.ContractInnChooseFormTest.contractInnChooseForm_C15047(ContractInnChooseFormTest.java:12)
	at sun.reflect.NativeMethodAccessorImpl.invoke0(Native Method)
	at sun.reflect.NativeMethodAccessorImpl.invoke(NativeMethodAccessorImpl.java:57)
	at sun.reflect.DelegatingMethodAccessorImpl.invoke(DelegatingMethodAccessorImpl.java:43)
	at java.lang.reflect.Method.invoke(Method.java:601)
	at org.testng.internal.MethodInvocationHelper.invokeMethod(MethodInvocationHelper.java:80)
	at org.testng.internal.Invoker.invokeMethod(Invoker.java:714)
	at org.testng.internal.Invoker.invokeTestMethod(Invoker.java:901)
	at org.testng.internal.Invoker.invokeTestMethods(Invoker.java:1231)
	at org.testng.internal.TestMethodWorker.invokeTestMethods(TestMethodWorker.java:127)
	at org.testng.internal.TestMethodWorker.run(TestMethodWorker.java:111)
	at org.testng.TestRunner.privateRun(TestRunner.java:767)
	at org.testng.TestRunner.run(TestRunner.java:617)
	at org.testng.SuiteRunner.runTest(SuiteRunner.java:334)
	at org.testng.SuiteRunner.runSequentially(SuiteRunner.java:329)
	at org.testng.SuiteRunner.privateRun(SuiteRunner.java:291)
	at org.testng.SuiteRunner.run(SuiteRunner.java:240)
	at org.testng.SuiteRunnerWorker.runSuite(SuiteRunnerWorker.java:52)
	at org.testng.SuiteRunnerWorker.run(SuiteRunnerWorker.java:86)
	at org.testng.TestNG.runSuitesSequentially(TestNG.java:1198)
	at org.testng.TestNG.runSuitesLocally(TestNG.java:1123)
	at org.testng.TestNG.run(TestNG.java:1031)
	at org.apache.maven.surefire.testng.TestNGExecutor.run(TestNGExecutor.java:122)
	at org.apache.maven.surefire.testng.TestNGXmlTestSuite.execute(TestNGXmlTestSuite.java:88)
	at org.apache.maven.surefire.testng.TestNGProvider.invoke(TestNGProvider.java:104)
	at sun.reflect.NativeMethodAccessorImpl.invoke0(Native Method)
	at sun.reflect.NativeMethodAccessorImpl.invoke(NativeMethodAccessorImpl.java:57)
	at sun.reflect.DelegatingMethodAccessorImpl.invoke(DelegatingMethodAccessorImpl.java:43)
	at java.lang.reflect.Method.invoke(Method.java:601)
	at org.apache.maven.surefire.booter.ProviderFactory$ClassLoaderProxy.invoke(ProviderFactory.java:103)
	at $Proxy0.invoke(Unknown Source)
	at org.apache.maven.surefire.booter.SurefireStarter.invokeProvider(SurefireStarter.java:150)
	at org.apache.maven.surefire.booter.SurefireStarter.runSuitesInProcess(SurefireStarter.java:91)
	at org.apache.maven.surefire.booter.ForkedBooter.main(ForkedBooter.java:69)
]]>
            </full-stacktrace>
          </exception> <!-- org.openqa.selenium.ElementNotVisibleException -->
          <reporter-output>
          </reporter-output>
        </test-method> <!-- contractInnChooseForm_C15047 -->
        <test-method status="PASS" signature="closeSession()[pri:0, instance:com.YouMagicPro.LKA_tests.ContractInnChooseFormTest@233a73db]" name="closeSession" is-config="true" duration-ms="1465" started-at="2012-12-26T09:56:43Z" finished-at="2012-12-26T09:56:45Z">
          <reporter-output>
          </reporter-output>
        </test-method> <!-- closeSession -->
      </class> <!-- com.YouMagicPro.LKA_tests.ContractInnChooseFormTest -->
      <class name="com.YouMagicPro.LKA_tests.FeedbackPageTest">
        <test-method status="PASS" signature="setUp(java.lang.String)[pri:0, instance:com.YouMagicPro.LKA_tests.FeedbackPageTest@18b1abcd]" name="setUp" is-config="true" duration-ms="5112" started-at="2012-12-26T10:04:26Z" finished-at="2012-12-26T10:04:31Z">
          <params>
            <param index="0">
              <value is-null="true"/>
            </param>
          </params>
          <reporter-output>
          </reporter-output>
        </test-method> <!-- setUp -->
        <test-method status="PASS" signature="feedbackPageTest()[pri:0, instance:com.YouMagicPro.LKA_tests.FeedbackPageTest@18b1abcd]" name="feedbackPageTest" duration-ms="17078" started-at="2012-12-26T10:04:31Z" finished-at="2012-12-26T10:04:48Z">
          <reporter-output>
          </reporter-output>
        </test-method> <!-- feedbackPageTest -->
        <test-method status="PASS" signature="tearDown()[pri:0, instance:com.YouMagicPro.LKA_tests.FeedbackPageTest@18b1abcd]" name="tearDown" is-config="true" duration-ms="234" started-at="2012-12-26T10:04:48Z" finished-at="2012-12-26T10:04:48Z">
          <reporter-output>
          </reporter-output>
        </test-method> <!-- tearDown -->
      </class> <!-- com.YouMagicPro.LKA_tests.FeedbackPageTest -->
      <class name="com.YouMagicPro.LKA_tests.ContractCheckDocumentTest">
        <test-method status="PASS" signature="startWebDriver()[pri:0, instance:com.YouMagicPro.LKA_tests.ContractCheckDocumentTest@5e691263]" name="startWebDriver" is-config="true" duration-ms="1793" started-at="2012-12-26T09:53:59Z" finished-at="2012-12-26T09:54:01Z">
          <reporter-output>
          </reporter-output>
        </test-method> <!-- startWebDriver -->
        <test-method status="FAIL" signature="contractCheckDocumentTest_C14986()[pri:0, instance:com.YouMagicPro.LKA_tests.ContractCheckDocumentTest@5e691263]" name="contractCheckDocumentTest_C14986" duration-ms="12266" started-at="2012-12-26T09:54:01Z" finished-at="2012-12-26T09:54:13Z">
          <exception class="org.openqa.selenium.ElementNotVisibleException">
            <message>
              <![CDATA[Element must be displayed to click (WARNING: The server did not provide any stacktrace information)
Command duration or timeout: 17 milliseconds
Build info: version: '2.26.0', revision: '18040', time: '2012-11-02 09:44:45'
System info: os.name: 'Windows 7', os.arch: 'amd64', os.version: '6.1', java.version: '1.7.0_09'
Driver info: driver.version: RemoteWebDriver
Session ID: d7aed24aca2f144172e8f1542094397c]]>
            </message>
            <full-stacktrace>
              <![CDATA[org.openqa.selenium.ElementNotVisibleException: Element must be displayed to click (WARNING: The server did not provide any stacktrace information)
Command duration or timeout: 17 milliseconds
Build info: version: '2.26.0', revision: '18040', time: '2012-11-02 09:44:45'
System info: os.name: 'Windows 7', os.arch: 'amd64', os.version: '6.1', java.version: '1.7.0_09'
Driver info: driver.version: RemoteWebDriver
Session ID: d7aed24aca2f144172e8f1542094397c
	at sun.reflect.NativeConstructorAccessorImpl.newInstance0(Native Method)
	at sun.reflect.NativeConstructorAccessorImpl.newInstance(NativeConstructorAccessorImpl.java:57)
	at sun.reflect.DelegatingConstructorAccessorImpl.newInstance(DelegatingConstructorAccessorImpl.java:45)
	at java.lang.reflect.Constructor.newInstance(Constructor.java:525)
	at org.openqa.selenium.remote.ErrorHandler.createThrowable(ErrorHandler.java:188)
	at org.openqa.selenium.remote.ErrorHandler.throwIfResponseFailed(ErrorHandler.java:145)
	at org.openqa.selenium.remote.RemoteWebDriver.execute(RemoteWebDriver.java:531)
	at org.openqa.selenium.remote.RemoteWebElement.execute(RemoteWebElement.java:246)
	at org.openqa.selenium.remote.RemoteWebElement.click(RemoteWebElement.java:79)
	at com.YouMagicPro.LKA_tests.ContractCheckDocumentTest.contractCheckDocumentTest_C14986(ContractCheckDocumentTest.java:12)
	at sun.reflect.NativeMethodAccessorImpl.invoke0(Native Method)
	at sun.reflect.NativeMethodAccessorImpl.invoke(NativeMethodAccessorImpl.java:57)
	at sun.reflect.DelegatingMethodAccessorImpl.invoke(DelegatingMethodAccessorImpl.java:43)
	at java.lang.reflect.Method.invoke(Method.java:601)
	at org.testng.internal.MethodInvocationHelper.invokeMethod(MethodInvocationHelper.java:80)
	at org.testng.internal.Invoker.invokeMethod(Invoker.java:714)
	at org.testng.internal.Invoker.invokeTestMethod(Invoker.java:901)
	at org.testng.internal.Invoker.invokeTestMethods(Invoker.java:1231)
	at org.testng.internal.TestMethodWorker.invokeTestMethods(TestMethodWorker.java:127)
	at org.testng.internal.TestMethodWorker.run(TestMethodWorker.java:111)
	at org.testng.TestRunner.privateRun(TestRunner.java:767)
	at org.testng.TestRunner.run(TestRunner.java:617)
	at org.testng.SuiteRunner.runTest(SuiteRunner.java:334)
	at org.testng.SuiteRunner.runSequentially(SuiteRunner.java:329)
	at org.testng.SuiteRunner.privateRun(SuiteRunner.java:291)
	at org.testng.SuiteRunner.run(SuiteRunner.java:240)
	at org.testng.SuiteRunnerWorker.runSuite(SuiteRunnerWorker.java:52)
	at org.testng.SuiteRunnerWorker.run(SuiteRunnerWorker.java:86)
	at org.testng.TestNG.runSuitesSequentially(TestNG.java:1198)
	at org.testng.TestNG.runSuitesLocally(TestNG.java:1123)
	at org.testng.TestNG.run(TestNG.java:1031)
	at org.apache.maven.surefire.testng.TestNGExecutor.run(TestNGExecutor.java:122)
	at org.apache.maven.surefire.testng.TestNGXmlTestSuite.execute(TestNGXmlTestSuite.java:88)
	at org.apache.maven.surefire.testng.TestNGProvider.invoke(TestNGProvider.java:104)
	at sun.reflect.NativeMethodAccessorImpl.invoke0(Native Method)
	at sun.reflect.NativeMethodAccessorImpl.invoke(NativeMethodAccessorImpl.java:57)
	at sun.reflect.DelegatingMethodAccessorImpl.invoke(DelegatingMethodAccessorImpl.java:43)
	at java.lang.reflect.Method.invoke(Method.java:601)
	at org.apache.maven.surefire.booter.ProviderFactory$ClassLoaderProxy.invoke(ProviderFactory.java:103)
	at $Proxy0.invoke(Unknown Source)
	at org.apache.maven.surefire.booter.SurefireStarter.invokeProvider(SurefireStarter.java:150)
	at org.apache.maven.surefire.booter.SurefireStarter.runSuitesInProcess(SurefireStarter.java:91)
	at org.apache.maven.surefire.booter.ForkedBooter.main(ForkedBooter.java:69)
]]>
            </full-stacktrace>
          </exception> <!-- org.openqa.selenium.ElementNotVisibleException -->
          <reporter-output>
          </reporter-output>
        </test-method> <!-- contractCheckDocumentTest_C14986 -->
        <test-method status="PASS" signature="closeSession()[pri:0, instance:com.YouMagicPro.LKA_tests.ContractCheckDocumentTest@5e691263]" name="closeSession" is-config="true" duration-ms="1430" started-at="2012-12-26T09:54:13Z" finished-at="2012-12-26T09:54:14Z">
          <reporter-output>
          </reporter-output>
        </test-method> <!-- closeSession -->
      </class> <!-- com.YouMagicPro.LKA_tests.ContractCheckDocumentTest -->
      <class name="com.YouMagicPro.LKA_tests.ContractKpp6NumbersInTextFieldTest">
        <test-method status="PASS" signature="startWebDriver()[pri:0, instance:com.YouMagicPro.LKA_tests.ContractKpp6NumbersInTextFieldTest@22e5b6b0]" name="startWebDriver" is-config="true" duration-ms="1768" started-at="2012-12-26T09:57:40Z" finished-at="2012-12-26T09:57:42Z">
          <reporter-output>
          </reporter-output>
        </test-method> <!-- startWebDriver -->
        <test-method status="FAIL" signature="contractKppTest_C15049()[pri:0, instance:com.YouMagicPro.LKA_tests.ContractKpp6NumbersInTextFieldTest@22e5b6b0]" name="contractKppTest_C15049" duration-ms="11928" started-at="2012-12-26T09:57:42Z" finished-at="2012-12-26T09:57:54Z">
          <exception class="org.openqa.selenium.ElementNotVisibleException">
            <message>
              <![CDATA[Element must be displayed to click (WARNING: The server did not provide any stacktrace information)
Command duration or timeout: 15 milliseconds
Build info: version: '2.26.0', revision: '18040', time: '2012-11-02 09:44:45'
System info: os.name: 'Windows 7', os.arch: 'amd64', os.version: '6.1', java.version: '1.7.0_09'
Driver info: driver.version: RemoteWebDriver
Session ID: 818009b096ed4d3bd1dd14b0876541c3]]>
            </message>
            <full-stacktrace>
              <![CDATA[org.openqa.selenium.ElementNotVisibleException: Element must be displayed to click (WARNING: The server did not provide any stacktrace information)
Command duration or timeout: 15 milliseconds
Build info: version: '2.26.0', revision: '18040', time: '2012-11-02 09:44:45'
System info: os.name: 'Windows 7', os.arch: 'amd64', os.version: '6.1', java.version: '1.7.0_09'
Driver info: driver.version: RemoteWebDriver
Session ID: 818009b096ed4d3bd1dd14b0876541c3
	at sun.reflect.NativeConstructorAccessorImpl.newInstance0(Native Method)
	at sun.reflect.NativeConstructorAccessorImpl.newInstance(NativeConstructorAccessorImpl.java:57)
	at sun.reflect.DelegatingConstructorAccessorImpl.newInstance(DelegatingConstructorAccessorImpl.java:45)
	at java.lang.reflect.Constructor.newInstance(Constructor.java:525)
	at org.openqa.selenium.remote.ErrorHandler.createThrowable(ErrorHandler.java:188)
	at org.openqa.selenium.remote.ErrorHandler.throwIfResponseFailed(ErrorHandler.java:145)
	at org.openqa.selenium.remote.RemoteWebDriver.execute(RemoteWebDriver.java:531)
	at org.openqa.selenium.remote.RemoteWebElement.execute(RemoteWebElement.java:246)
	at org.openqa.selenium.remote.RemoteWebElement.click(RemoteWebElement.java:79)
	at com.YouMagicPro.LKA_tests.TestBase.sendKeysAndAssert_kpp(TestBase.java:95)
	at com.YouMagicPro.LKA_tests.ContractKpp6NumbersInTextFieldTest.contractKppTest_C15049(ContractKpp6NumbersInTextFieldTest.java:13)
	at sun.reflect.NativeMethodAccessorImpl.invoke0(Native Method)
	at sun.reflect.NativeMethodAccessorImpl.invoke(NativeMethodAccessorImpl.java:57)
	at sun.reflect.DelegatingMethodAccessorImpl.invoke(DelegatingMethodAccessorImpl.java:43)
	at java.lang.reflect.Method.invoke(Method.java:601)
	at org.testng.internal.MethodInvocationHelper.invokeMethod(MethodInvocationHelper.java:80)
	at org.testng.internal.Invoker.invokeMethod(Invoker.java:714)
	at org.testng.internal.Invoker.invokeTestMethod(Invoker.java:901)
	at org.testng.internal.Invoker.invokeTestMethods(Invoker.java:1231)
	at org.testng.internal.TestMethodWorker.invokeTestMethods(TestMethodWorker.java:127)
	at org.testng.internal.TestMethodWorker.run(TestMethodWorker.java:111)
	at org.testng.TestRunner.privateRun(TestRunner.java:767)
	at org.testng.TestRunner.run(TestRunner.java:617)
	at org.testng.SuiteRunner.runTest(SuiteRunner.java:334)
	at org.testng.SuiteRunner.runSequentially(SuiteRunner.java:329)
	at org.testng.SuiteRunner.privateRun(SuiteRunner.java:291)
	at org.testng.SuiteRunner.run(SuiteRunner.java:240)
	at org.testng.SuiteRunnerWorker.runSuite(SuiteRunnerWorker.java:52)
	at org.testng.SuiteRunnerWorker.run(SuiteRunnerWorker.java:86)
	at org.testng.TestNG.runSuitesSequentially(TestNG.java:1198)
	at org.testng.TestNG.runSuitesLocally(TestNG.java:1123)
	at org.testng.TestNG.run(TestNG.java:1031)
	at org.apache.maven.surefire.testng.TestNGExecutor.run(TestNGExecutor.java:122)
	at org.apache.maven.surefire.testng.TestNGXmlTestSuite.execute(TestNGXmlTestSuite.java:88)
	at org.apache.maven.surefire.testng.TestNGProvider.invoke(TestNGProvider.java:104)
	at sun.reflect.NativeMethodAccessorImpl.invoke0(Native Method)
	at sun.reflect.NativeMethodAccessorImpl.invoke(NativeMethodAccessorImpl.java:57)
	at sun.reflect.DelegatingMethodAccessorImpl.invoke(DelegatingMethodAccessorImpl.java:43)
	at java.lang.reflect.Method.invoke(Method.java:601)
	at org.apache.maven.surefire.booter.ProviderFactory$ClassLoaderProxy.invoke(ProviderFactory.java:103)
	at $Proxy0.invoke(Unknown Source)
	at org.apache.maven.surefire.booter.SurefireStarter.invokeProvider(SurefireStarter.java:150)
	at org.apache.maven.surefire.booter.SurefireStarter.runSuitesInProcess(SurefireStarter.java:91)
	at org.apache.maven.surefire.booter.ForkedBooter.main(ForkedBooter.java:69)
]]>
            </full-stacktrace>
          </exception> <!-- org.openqa.selenium.ElementNotVisibleException -->
          <reporter-output>
          </reporter-output>
        </test-method> <!-- contractKppTest_C15049 -->
        <test-method status="PASS" signature="closeSession()[pri:0, instance:com.YouMagicPro.LKA_tests.ContractKpp6NumbersInTextFieldTest@22e5b6b0]" name="closeSession" is-config="true" duration-ms="1450" started-at="2012-12-26T09:57:54Z" finished-at="2012-12-26T09:57:55Z">
          <reporter-output>
          </reporter-output>
        </test-method> <!-- closeSession -->
      </class> <!-- com.YouMagicPro.LKA_tests.ContractKpp6NumbersInTextFieldTest -->
      <class name="com.YouMagicPro.LKA_tests.NotificationsCheckFieldsTest">
        <test-method status="PASS" signature="startWebDriver()[pri:0, instance:com.YouMagicPro.LKA_tests.NotificationsCheckFieldsTest@5c77399e]" name="startWebDriver" is-config="true" duration-ms="1914" started-at="2012-12-26T10:05:10Z" finished-at="2012-12-26T10:05:12Z">
          <reporter-output>
          </reporter-output>
        </test-method> <!-- startWebDriver -->
        <test-method status="PASS" signature="notificationsCheckFieldsTest_C15141()[pri:0, instance:com.YouMagicPro.LKA_tests.NotificationsCheckFieldsTest@5c77399e]" name="notificationsCheckFieldsTest_C15141" duration-ms="21794" started-at="2012-12-26T10:05:12Z" finished-at="2012-12-26T10:05:34Z">
          <reporter-output>
          </reporter-output>
        </test-method> <!-- notificationsCheckFieldsTest_C15141 -->
        <test-method status="PASS" signature="closeSession()[pri:0, instance:com.YouMagicPro.LKA_tests.NotificationsCheckFieldsTest@5c77399e]" name="closeSession" is-config="true" duration-ms="1428" started-at="2012-12-26T10:05:34Z" finished-at="2012-12-26T10:05:35Z">
          <reporter-output>
          </reporter-output>
        </test-method> <!-- closeSession -->
      </class> <!-- com.YouMagicPro.LKA_tests.NotificationsCheckFieldsTest -->
      <class name="com.YouMagicPro.LKA_tests.ExpenseStructureInternalNumbersFeeTest">
        <test-method status="PASS" signature="startWebDriver()[pri:0, instance:com.YouMagicPro.LKA_tests.ExpenseStructureInternalNumbersFeeTest@539e922d]" name="startWebDriver" is-config="true" duration-ms="1816" started-at="2012-12-26T10:03:38Z" finished-at="2012-12-26T10:03:40Z">
          <reporter-output>
          </reporter-output>
        </test-method> <!-- startWebDriver -->
        <test-method status="PASS" signature="expenseStructureInternalNumbersFeeTest_C15101()[pri:0, instance:com.YouMagicPro.LKA_tests.ExpenseStructureInternalNumbersFeeTest@539e922d]" name="expenseStructureInternalNumbersFeeTest_C15101" duration-ms="9108" started-at="2012-12-26T10:03:40Z" finished-at="2012-12-26T10:03:49Z">
          <reporter-output>
          </reporter-output>
        </test-method> <!-- expenseStructureInternalNumbersFeeTest_C15101 -->
        <test-method status="PASS" signature="closeSession()[pri:0, instance:com.YouMagicPro.LKA_tests.ExpenseStructureInternalNumbersFeeTest@539e922d]" name="closeSession" is-config="true" duration-ms="1475" started-at="2012-12-26T10:03:49Z" finished-at="2012-12-26T10:03:50Z">
          <reporter-output>
          </reporter-output>
        </test-method> <!-- closeSession -->
      </class> <!-- com.YouMagicPro.LKA_tests.ExpenseStructureInternalNumbersFeeTest -->
      <class name="com.YouMagicPro.LKA_tests.EmployeesEditProfileFillInDataTest">
        <test-method status="PASS" signature="startWebDriver()[pri:0, instance:com.YouMagicPro.LKA_tests.EmployeesEditProfileFillInDataTest@621c6849]" name="startWebDriver" is-config="true" duration-ms="1815" started-at="2012-12-26T10:02:04Z" finished-at="2012-12-26T10:02:06Z">
          <reporter-output>
          </reporter-output>
        </test-method> <!-- startWebDriver -->
        <test-method status="PASS" signature="employeesEditProfileFillInDataTest_C15253()[pri:0, instance:com.YouMagicPro.LKA_tests.EmployeesEditProfileFillInDataTest@621c6849]" name="employeesEditProfileFillInDataTest_C15253" duration-ms="23211" started-at="2012-12-26T10:02:06Z" finished-at="2012-12-26T10:02:29Z">
          <reporter-output>
          </reporter-output>
        </test-method> <!-- employeesEditProfileFillInDataTest_C15253 -->
        <test-method status="PASS" signature="closeSession()[pri:0, instance:com.YouMagicPro.LKA_tests.EmployeesEditProfileFillInDataTest@621c6849]" name="closeSession" is-config="true" duration-ms="1423" started-at="2012-12-26T10:02:29Z" finished-at="2012-12-26T10:02:31Z">
          <reporter-output>
          </reporter-output>
        </test-method> <!-- closeSession -->
      </class> <!-- com.YouMagicPro.LKA_tests.EmployeesEditProfileFillInDataTest -->
      <class name="com.YouMagicPro.LKA_tests.ContractFillInDataTest">
        <test-method status="PASS" signature="startWebDriver()[pri:0, instance:com.YouMagicPro.LKA_tests.ContractFillInDataTest@19d1c871]" name="startWebDriver" is-config="true" duration-ms="1829" started-at="2012-12-26T09:56:02Z" finished-at="2012-12-26T09:56:04Z">
          <reporter-output>
          </reporter-output>
        </test-method> <!-- startWebDriver -->
        <test-method status="FAIL" signature="fillInContractDataTest_C14998()[pri:0, instance:com.YouMagicPro.LKA_tests.ContractFillInDataTest@19d1c871]" name="fillInContractDataTest_C14998" duration-ms="8872" started-at="2012-12-26T09:56:04Z" finished-at="2012-12-26T09:56:13Z">
          <exception class="org.openqa.selenium.WebDriverException">
            <message>
              <![CDATA[Element is not clickable at point (868.5, 44). Other element would receive the click: <div class="sl_head">...</div> (WARNING: The server did not provide any stacktrace information)
Command duration or timeout: 177 milliseconds
Build info: version: '2.26.0', revision: '18040', time: '2012-11-02 09:44:45'
System info: os.name: 'Windows 7', os.arch: 'amd64', os.version: '6.1', java.version: '1.7.0_09'
Driver info: driver.version: RemoteWebDriver
Session ID: 486d60ca68345f5339d37bf450c1d71b]]>
            </message>
            <full-stacktrace>
              <![CDATA[org.openqa.selenium.WebDriverException: Element is not clickable at point (868.5, 44). Other element would receive the click: <div class="sl_head">...</div> (WARNING: The server did not provide any stacktrace information)
Command duration or timeout: 177 milliseconds
Build info: version: '2.26.0', revision: '18040', time: '2012-11-02 09:44:45'
System info: os.name: 'Windows 7', os.arch: 'amd64', os.version: '6.1', java.version: '1.7.0_09'
Driver info: driver.version: RemoteWebDriver
Session ID: 486d60ca68345f5339d37bf450c1d71b
	at sun.reflect.NativeConstructorAccessorImpl.newInstance0(Native Method)
	at sun.reflect.NativeConstructorAccessorImpl.newInstance(NativeConstructorAccessorImpl.java:57)
	at sun.reflect.DelegatingConstructorAccessorImpl.newInstance(DelegatingConstructorAccessorImpl.java:45)
	at java.lang.reflect.Constructor.newInstance(Constructor.java:525)
	at org.openqa.selenium.remote.ErrorHandler.createThrowable(ErrorHandler.java:188)
	at org.openqa.selenium.remote.ErrorHandler.throwIfResponseFailed(ErrorHandler.java:145)
	at org.openqa.selenium.remote.RemoteWebDriver.execute(RemoteWebDriver.java:531)
	at org.openqa.selenium.remote.RemoteWebElement.execute(RemoteWebElement.java:246)
	at org.openqa.selenium.remote.RemoteWebElement.click(RemoteWebElement.java:79)
	at com.YouMagicPro.LKA_tests.TestBase.waitContractPageToLoad(TestBase.java:172)
	at com.YouMagicPro.LKA_tests.ContractFillInDataTest.fillInContractDataTest_C14998(ContractFillInDataTest.java:13)
	at sun.reflect.NativeMethodAccessorImpl.invoke0(Native Method)
	at sun.reflect.NativeMethodAccessorImpl.invoke(NativeMethodAccessorImpl.java:57)
	at sun.reflect.DelegatingMethodAccessorImpl.invoke(DelegatingMethodAccessorImpl.java:43)
	at java.lang.reflect.Method.invoke(Method.java:601)
	at org.testng.internal.MethodInvocationHelper.invokeMethod(MethodInvocationHelper.java:80)
	at org.testng.internal.Invoker.invokeMethod(Invoker.java:714)
	at org.testng.internal.Invoker.invokeTestMethod(Invoker.java:901)
	at org.testng.internal.Invoker.invokeTestMethods(Invoker.java:1231)
	at org.testng.internal.TestMethodWorker.invokeTestMethods(TestMethodWorker.java:127)
	at org.testng.internal.TestMethodWorker.run(TestMethodWorker.java:111)
	at org.testng.TestRunner.privateRun(TestRunner.java:767)
	at org.testng.TestRunner.run(TestRunner.java:617)
	at org.testng.SuiteRunner.runTest(SuiteRunner.java:334)
	at org.testng.SuiteRunner.runSequentially(SuiteRunner.java:329)
	at org.testng.SuiteRunner.privateRun(SuiteRunner.java:291)
	at org.testng.SuiteRunner.run(SuiteRunner.java:240)
	at org.testng.SuiteRunnerWorker.runSuite(SuiteRunnerWorker.java:52)
	at org.testng.SuiteRunnerWorker.run(SuiteRunnerWorker.java:86)
	at org.testng.TestNG.runSuitesSequentially(TestNG.java:1198)
	at org.testng.TestNG.runSuitesLocally(TestNG.java:1123)
	at org.testng.TestNG.run(TestNG.java:1031)
	at org.apache.maven.surefire.testng.TestNGExecutor.run(TestNGExecutor.java:122)
	at org.apache.maven.surefire.testng.TestNGXmlTestSuite.execute(TestNGXmlTestSuite.java:88)
	at org.apache.maven.surefire.testng.TestNGProvider.invoke(TestNGProvider.java:104)
	at sun.reflect.NativeMethodAccessorImpl.invoke0(Native Method)
	at sun.reflect.NativeMethodAccessorImpl.invoke(NativeMethodAccessorImpl.java:57)
	at sun.reflect.DelegatingMethodAccessorImpl.invoke(DelegatingMethodAccessorImpl.java:43)
	at java.lang.reflect.Method.invoke(Method.java:601)
	at org.apache.maven.surefire.booter.ProviderFactory$ClassLoaderProxy.invoke(ProviderFactory.java:103)
	at $Proxy0.invoke(Unknown Source)
	at org.apache.maven.surefire.booter.SurefireStarter.invokeProvider(SurefireStarter.java:150)
	at org.apache.maven.surefire.booter.SurefireStarter.runSuitesInProcess(SurefireStarter.java:91)
	at org.apache.maven.surefire.booter.ForkedBooter.main(ForkedBooter.java:69)
]]>
            </full-stacktrace>
          </exception> <!-- org.openqa.selenium.WebDriverException -->
          <reporter-output>
          </reporter-output>
        </test-method> <!-- fillInContractDataTest_C14998 -->
        <test-method status="PASS" signature="closeSession()[pri:0, instance:com.YouMagicPro.LKA_tests.ContractFillInDataTest@19d1c871]" name="closeSession" is-config="true" duration-ms="1559" started-at="2012-12-26T09:56:13Z" finished-at="2012-12-26T09:56:15Z">
          <reporter-output>
          </reporter-output>
        </test-method> <!-- closeSession -->
      </class> <!-- com.YouMagicPro.LKA_tests.ContractFillInDataTest -->
      <class name="com.YouMagicPro.LKA_tests.ContractOgrnLettersAndNumbersInTextFieldTest">
        <test-method status="PASS" signature="startWebDriver()[pri:0, instance:com.YouMagicPro.LKA_tests.ContractOgrnLettersAndNumbersInTextFieldTest@48774b2c]" name="startWebDriver" is-config="true" duration-ms="1877" started-at="2012-12-26T09:59:12Z" finished-at="2012-12-26T09:59:14Z">
          <reporter-output>
          </reporter-output>
        </test-method> <!-- startWebDriver -->
        <test-method status="FAIL" signature="contractOgrnLettersAndNumbersInTextFieldTest_C15057()[pri:0, instance:com.YouMagicPro.LKA_tests.ContractOgrnLettersAndNumbersInTextFieldTest@48774b2c]" name="contractOgrnLettersAndNumbersInTextFieldTest_C15057" duration-ms="12288" started-at="2012-12-26T09:59:14Z" finished-at="2012-12-26T09:59:26Z">
          <exception class="org.openqa.selenium.ElementNotVisibleException">
            <message>
              <![CDATA[Element must be displayed to click (WARNING: The server did not provide any stacktrace information)
Command duration or timeout: 17 milliseconds
Build info: version: '2.26.0', revision: '18040', time: '2012-11-02 09:44:45'
System info: os.name: 'Windows 7', os.arch: 'amd64', os.version: '6.1', java.version: '1.7.0_09'
Driver info: driver.version: RemoteWebDriver
Session ID: dfefcd35db452690f6dbab9cd81365f0]]>
            </message>
            <full-stacktrace>
              <![CDATA[org.openqa.selenium.ElementNotVisibleException: Element must be displayed to click (WARNING: The server did not provide any stacktrace information)
Command duration or timeout: 17 milliseconds
Build info: version: '2.26.0', revision: '18040', time: '2012-11-02 09:44:45'
System info: os.name: 'Windows 7', os.arch: 'amd64', os.version: '6.1', java.version: '1.7.0_09'
Driver info: driver.version: RemoteWebDriver
Session ID: dfefcd35db452690f6dbab9cd81365f0
	at sun.reflect.GeneratedConstructorAccessor15.newInstance(Unknown Source)
	at sun.reflect.DelegatingConstructorAccessorImpl.newInstance(DelegatingConstructorAccessorImpl.java:45)
	at java.lang.reflect.Constructor.newInstance(Constructor.java:525)
	at org.openqa.selenium.remote.ErrorHandler.createThrowable(ErrorHandler.java:188)
	at org.openqa.selenium.remote.ErrorHandler.throwIfResponseFailed(ErrorHandler.java:145)
	at org.openqa.selenium.remote.RemoteWebDriver.execute(RemoteWebDriver.java:531)
	at org.openqa.selenium.remote.RemoteWebElement.execute(RemoteWebElement.java:246)
	at org.openqa.selenium.remote.RemoteWebElement.click(RemoteWebElement.java:79)
	at com.YouMagicPro.LKA_tests.TestBase.sendKeysAndAssert_ogrn(TestBase.java:109)
	at com.YouMagicPro.LKA_tests.ContractOgrnLettersAndNumbersInTextFieldTest.contractOgrnLettersAndNumbersInTextFieldTest_C15057(ContractOgrnLettersAndNumbersInTextFieldTest.java:11)
	at sun.reflect.NativeMethodAccessorImpl.invoke0(Native Method)
	at sun.reflect.NativeMethodAccessorImpl.invoke(NativeMethodAccessorImpl.java:57)
	at sun.reflect.DelegatingMethodAccessorImpl.invoke(DelegatingMethodAccessorImpl.java:43)
	at java.lang.reflect.Method.invoke(Method.java:601)
	at org.testng.internal.MethodInvocationHelper.invokeMethod(MethodInvocationHelper.java:80)
	at org.testng.internal.Invoker.invokeMethod(Invoker.java:714)
	at org.testng.internal.Invoker.invokeTestMethod(Invoker.java:901)
	at org.testng.internal.Invoker.invokeTestMethods(Invoker.java:1231)
	at org.testng.internal.TestMethodWorker.invokeTestMethods(TestMethodWorker.java:127)
	at org.testng.internal.TestMethodWorker.run(TestMethodWorker.java:111)
	at org.testng.TestRunner.privateRun(TestRunner.java:767)
	at org.testng.TestRunner.run(TestRunner.java:617)
	at org.testng.SuiteRunner.runTest(SuiteRunner.java:334)
	at org.testng.SuiteRunner.runSequentially(SuiteRunner.java:329)
	at org.testng.SuiteRunner.privateRun(SuiteRunner.java:291)
	at org.testng.SuiteRunner.run(SuiteRunner.java:240)
	at org.testng.SuiteRunnerWorker.runSuite(SuiteRunnerWorker.java:52)
	at org.testng.SuiteRunnerWorker.run(SuiteRunnerWorker.java:86)
	at org.testng.TestNG.runSuitesSequentially(TestNG.java:1198)
	at org.testng.TestNG.runSuitesLocally(TestNG.java:1123)
	at org.testng.TestNG.run(TestNG.java:1031)
	at org.apache.maven.surefire.testng.TestNGExecutor.run(TestNGExecutor.java:122)
	at org.apache.maven.surefire.testng.TestNGXmlTestSuite.execute(TestNGXmlTestSuite.java:88)
	at org.apache.maven.surefire.testng.TestNGProvider.invoke(TestNGProvider.java:104)
	at sun.reflect.NativeMethodAccessorImpl.invoke0(Native Method)
	at sun.reflect.NativeMethodAccessorImpl.invoke(NativeMethodAccessorImpl.java:57)
	at sun.reflect.DelegatingMethodAccessorImpl.invoke(DelegatingMethodAccessorImpl.java:43)
	at java.lang.reflect.Method.invoke(Method.java:601)
	at org.apache.maven.surefire.booter.ProviderFactory$ClassLoaderProxy.invoke(ProviderFactory.java:103)
	at $Proxy0.invoke(Unknown Source)
	at org.apache.maven.surefire.booter.SurefireStarter.invokeProvider(SurefireStarter.java:150)
	at org.apache.maven.surefire.booter.SurefireStarter.runSuitesInProcess(SurefireStarter.java:91)
	at org.apache.maven.surefire.booter.ForkedBooter.main(ForkedBooter.java:69)
]]>
            </full-stacktrace>
          </exception> <!-- org.openqa.selenium.ElementNotVisibleException -->
          <reporter-output>
          </reporter-output>
        </test-method> <!-- contractOgrnLettersAndNumbersInTextFieldTest_C15057 -->
        <test-method status="PASS" signature="closeSession()[pri:0, instance:com.YouMagicPro.LKA_tests.ContractOgrnLettersAndNumbersInTextFieldTest@48774b2c]" name="closeSession" is-config="true" duration-ms="1460" started-at="2012-12-26T09:59:26Z" finished-at="2012-12-26T09:59:27Z">
          <reporter-output>
          </reporter-output>
        </test-method> <!-- closeSession -->
      </class> <!-- com.YouMagicPro.LKA_tests.ContractOgrnLettersAndNumbersInTextFieldTest -->
      <class name="com.YouMagicPro.LKA_tests.ContractBik1inTextFieldTest">
        <test-method status="PASS" signature="startWebDriver()[pri:0, instance:com.YouMagicPro.LKA_tests.ContractBik1inTextFieldTest@3c74445]" name="startWebDriver" is-config="true" duration-ms="1756" started-at="2012-12-26T09:52:56Z" finished-at="2012-12-26T09:52:58Z">
          <reporter-output>
          </reporter-output>
        </test-method> <!-- startWebDriver -->
        <test-method status="FAIL" signature="contractBikTest1inTextField_C15022()[pri:0, instance:com.YouMagicPro.LKA_tests.ContractBik1inTextFieldTest@3c74445]" name="contractBikTest1inTextField_C15022" duration-ms="12223" started-at="2012-12-26T09:52:58Z" finished-at="2012-12-26T09:53:10Z">
          <exception class="org.openqa.selenium.ElementNotVisibleException">
            <message>
              <![CDATA[Element must be displayed to click (WARNING: The server did not provide any stacktrace information)
Command duration or timeout: 15 milliseconds
Build info: version: '2.26.0', revision: '18040', time: '2012-11-02 09:44:45'
System info: os.name: 'Windows 7', os.arch: 'amd64', os.version: '6.1', java.version: '1.7.0_09'
Driver info: driver.version: RemoteWebDriver
Session ID: 48db19375fb47e24469d1aebaf1e8ef8]]>
            </message>
            <full-stacktrace>
              <![CDATA[org.openqa.selenium.ElementNotVisibleException: Element must be displayed to click (WARNING: The server did not provide any stacktrace information)
Command duration or timeout: 15 milliseconds
Build info: version: '2.26.0', revision: '18040', time: '2012-11-02 09:44:45'
System info: os.name: 'Windows 7', os.arch: 'amd64', os.version: '6.1', java.version: '1.7.0_09'
Driver info: driver.version: RemoteWebDriver
Session ID: 48db19375fb47e24469d1aebaf1e8ef8
	at sun.reflect.NativeConstructorAccessorImpl.newInstance0(Native Method)
	at sun.reflect.NativeConstructorAccessorImpl.newInstance(NativeConstructorAccessorImpl.java:57)
	at sun.reflect.DelegatingConstructorAccessorImpl.newInstance(DelegatingConstructorAccessorImpl.java:45)
	at java.lang.reflect.Constructor.newInstance(Constructor.java:525)
	at org.openqa.selenium.remote.ErrorHandler.createThrowable(ErrorHandler.java:188)
	at org.openqa.selenium.remote.ErrorHandler.throwIfResponseFailed(ErrorHandler.java:145)
	at org.openqa.selenium.remote.RemoteWebDriver.execute(RemoteWebDriver.java:531)
	at org.openqa.selenium.remote.RemoteWebElement.execute(RemoteWebElement.java:246)
	at org.openqa.selenium.remote.RemoteWebElement.click(RemoteWebElement.java:79)
	at com.YouMagicPro.LKA_tests.TestBase.sendKeysAndAssert_bik(TestBase.java:55)
	at com.YouMagicPro.LKA_tests.ContractBik1inTextFieldTest.contractBikTest1inTextField_C15022(ContractBik1inTextFieldTest.java:10)
	at sun.reflect.NativeMethodAccessorImpl.invoke0(Native Method)
	at sun.reflect.NativeMethodAccessorImpl.invoke(NativeMethodAccessorImpl.java:57)
	at sun.reflect.DelegatingMethodAccessorImpl.invoke(DelegatingMethodAccessorImpl.java:43)
	at java.lang.reflect.Method.invoke(Method.java:601)
	at org.testng.internal.MethodInvocationHelper.invokeMethod(MethodInvocationHelper.java:80)
	at org.testng.internal.Invoker.invokeMethod(Invoker.java:714)
	at org.testng.internal.Invoker.invokeTestMethod(Invoker.java:901)
	at org.testng.internal.Invoker.invokeTestMethods(Invoker.java:1231)
	at org.testng.internal.TestMethodWorker.invokeTestMethods(TestMethodWorker.java:127)
	at org.testng.internal.TestMethodWorker.run(TestMethodWorker.java:111)
	at org.testng.TestRunner.privateRun(TestRunner.java:767)
	at org.testng.TestRunner.run(TestRunner.java:617)
	at org.testng.SuiteRunner.runTest(SuiteRunner.java:334)
	at org.testng.SuiteRunner.runSequentially(SuiteRunner.java:329)
	at org.testng.SuiteRunner.privateRun(SuiteRunner.java:291)
	at org.testng.SuiteRunner.run(SuiteRunner.java:240)
	at org.testng.SuiteRunnerWorker.runSuite(SuiteRunnerWorker.java:52)
	at org.testng.SuiteRunnerWorker.run(SuiteRunnerWorker.java:86)
	at org.testng.TestNG.runSuitesSequentially(TestNG.java:1198)
	at org.testng.TestNG.runSuitesLocally(TestNG.java:1123)
	at org.testng.TestNG.run(TestNG.java:1031)
	at org.apache.maven.surefire.testng.TestNGExecutor.run(TestNGExecutor.java:122)
	at org.apache.maven.surefire.testng.TestNGXmlTestSuite.execute(TestNGXmlTestSuite.java:88)
	at org.apache.maven.surefire.testng.TestNGProvider.invoke(TestNGProvider.java:104)
	at sun.reflect.NativeMethodAccessorImpl.invoke0(Native Method)
	at sun.reflect.NativeMethodAccessorImpl.invoke(NativeMethodAccessorImpl.java:57)
	at sun.reflect.DelegatingMethodAccessorImpl.invoke(DelegatingMethodAccessorImpl.java:43)
	at java.lang.reflect.Method.invoke(Method.java:601)
	at org.apache.maven.surefire.booter.ProviderFactory$ClassLoaderProxy.invoke(ProviderFactory.java:103)
	at $Proxy0.invoke(Unknown Source)
	at org.apache.maven.surefire.booter.SurefireStarter.invokeProvider(SurefireStarter.java:150)
	at org.apache.maven.surefire.booter.SurefireStarter.runSuitesInProcess(SurefireStarter.java:91)
	at org.apache.maven.surefire.booter.ForkedBooter.main(ForkedBooter.java:69)
]]>
            </full-stacktrace>
          </exception> <!-- org.openqa.selenium.ElementNotVisibleException -->
          <reporter-output>
          </reporter-output>
        </test-method> <!-- contractBikTest1inTextField_C15022 -->
        <test-method status="PASS" signature="closeSession()[pri:0, instance:com.YouMagicPro.LKA_tests.ContractBik1inTextFieldTest@3c74445]" name="closeSession" is-config="true" duration-ms="1421" started-at="2012-12-26T09:53:10Z" finished-at="2012-12-26T09:53:11Z">
          <reporter-output>
          </reporter-output>
        </test-method> <!-- closeSession -->
      </class> <!-- com.YouMagicPro.LKA_tests.ContractBik1inTextFieldTest -->
      <class name="com.YouMagicPro.LKA_tests.OrderToAdressChangePhoneTest">
        <test-method status="PASS" signature="startWebDriver()[pri:0, instance:com.YouMagicPro.LKA_tests.OrderToAdressChangePhoneTest@528c40ee]" name="startWebDriver" is-config="true" duration-ms="1805" started-at="2012-12-26T10:08:30Z" finished-at="2012-12-26T10:08:32Z">
          <reporter-output>
          </reporter-output>
        </test-method> <!-- startWebDriver -->
        <test-method status="PASS" signature="orderToAdressChangePhoneTest_C25677()[pri:0, instance:com.YouMagicPro.LKA_tests.OrderToAdressChangePhoneTest@528c40ee]" name="orderToAdressChangePhoneTest_C25677" duration-ms="10421" started-at="2012-12-26T10:08:32Z" finished-at="2012-12-26T10:08:42Z">
          <reporter-output>
          </reporter-output>
        </test-method> <!-- orderToAdressChangePhoneTest_C25677 -->
        <test-method status="PASS" signature="closeSession()[pri:0, instance:com.YouMagicPro.LKA_tests.OrderToAdressChangePhoneTest@528c40ee]" name="closeSession" is-config="true" duration-ms="1433" started-at="2012-12-26T10:08:42Z" finished-at="2012-12-26T10:08:44Z">
          <reporter-output>
          </reporter-output>
        </test-method> <!-- closeSession -->
      </class> <!-- com.YouMagicPro.LKA_tests.OrderToAdressChangePhoneTest -->
      <class name="com.YouMagicPro.LKA_tests.OrderDeliveryOfContractDropdownListTest">
        <test-method status="PASS" signature="startWebDriver()[pri:0, instance:com.YouMagicPro.LKA_tests.OrderDeliveryOfContractDropdownListTest@47b9af7d]" name="startWebDriver" is-config="true" duration-ms="1832" started-at="2012-12-26T10:07:47Z" finished-at="2012-12-26T10:07:49Z">
          <reporter-output>
          </reporter-output>
        </test-method> <!-- startWebDriver -->
        <test-method status="PASS" signature="expenseStructureTest()[pri:0, instance:com.YouMagicPro.LKA_tests.OrderDeliveryOfContractDropdownListTest@47b9af7d]" name="expenseStructureTest" duration-ms="10734" started-at="2012-12-26T10:07:49Z" finished-at="2012-12-26T10:08:00Z">
          <reporter-output>
          </reporter-output>
        </test-method> <!-- expenseStructureTest -->
        <test-method status="PASS" signature="closeSession()[pri:0, instance:com.YouMagicPro.LKA_tests.OrderDeliveryOfContractDropdownListTest@47b9af7d]" name="closeSession" is-config="true" duration-ms="1550" started-at="2012-12-26T10:08:00Z" finished-at="2012-12-26T10:08:02Z">
          <reporter-output>
          </reporter-output>
        </test-method> <!-- closeSession -->
      </class> <!-- com.YouMagicPro.LKA_tests.OrderDeliveryOfContractDropdownListTest -->
      <class name="com.YouMagicPro.LKA_tests.ContractBikSymbolsInTextFieldTest">
        <test-method status="PASS" signature="startWebDriver()[pri:0, instance:com.YouMagicPro.LKA_tests.ContractBikSymbolsInTextFieldTest@1ba5cfae]" name="startWebDriver" is-config="true" duration-ms="1752" started-at="2012-12-26T09:53:42Z" finished-at="2012-12-26T09:53:44Z">
          <reporter-output>
          </reporter-output>
        </test-method> <!-- startWebDriver -->
        <test-method status="FAIL" signature="contractBikSymbolsInTextFieldTest_C15026()[pri:0, instance:com.YouMagicPro.LKA_tests.ContractBikSymbolsInTextFieldTest@1ba5cfae]" name="contractBikSymbolsInTextFieldTest_C15026" duration-ms="13934" started-at="2012-12-26T09:53:44Z" finished-at="2012-12-26T09:53:57Z">
          <exception class="org.openqa.selenium.ElementNotVisibleException">
            <message>
              <![CDATA[Element must be displayed to click (WARNING: The server did not provide any stacktrace information)
Command duration or timeout: 19 milliseconds
Build info: version: '2.26.0', revision: '18040', time: '2012-11-02 09:44:45'
System info: os.name: 'Windows 7', os.arch: 'amd64', os.version: '6.1', java.version: '1.7.0_09'
Driver info: driver.version: RemoteWebDriver
Session ID: f352d531b513efe34608fa8c8d856231]]>
            </message>
            <full-stacktrace>
              <![CDATA[org.openqa.selenium.ElementNotVisibleException: Element must be displayed to click (WARNING: The server did not provide any stacktrace information)
Command duration or timeout: 19 milliseconds
Build info: version: '2.26.0', revision: '18040', time: '2012-11-02 09:44:45'
System info: os.name: 'Windows 7', os.arch: 'amd64', os.version: '6.1', java.version: '1.7.0_09'
Driver info: driver.version: RemoteWebDriver
Session ID: f352d531b513efe34608fa8c8d856231
	at sun.reflect.NativeConstructorAccessorImpl.newInstance0(Native Method)
	at sun.reflect.NativeConstructorAccessorImpl.newInstance(NativeConstructorAccessorImpl.java:57)
	at sun.reflect.DelegatingConstructorAccessorImpl.newInstance(DelegatingConstructorAccessorImpl.java:45)
	at java.lang.reflect.Constructor.newInstance(Constructor.java:525)
	at org.openqa.selenium.remote.ErrorHandler.createThrowable(ErrorHandler.java:188)
	at org.openqa.selenium.remote.ErrorHandler.throwIfResponseFailed(ErrorHandler.java:145)
	at org.openqa.selenium.remote.RemoteWebDriver.execute(RemoteWebDriver.java:531)
	at org.openqa.selenium.remote.RemoteWebElement.execute(RemoteWebElement.java:246)
	at org.openqa.selenium.remote.RemoteWebElement.click(RemoteWebElement.java:79)
	at com.YouMagicPro.LKA_tests.TestBase.sendKeysAndAssert_bik(TestBase.java:55)
	at com.YouMagicPro.LKA_tests.ContractBikSymbolsInTextFieldTest.contractBikSymbolsInTextFieldTest_C15026(ContractBikSymbolsInTextFieldTest.java:13)
	at sun.reflect.NativeMethodAccessorImpl.invoke0(Native Method)
	at sun.reflect.NativeMethodAccessorImpl.invoke(NativeMethodAccessorImpl.java:57)
	at sun.reflect.DelegatingMethodAccessorImpl.invoke(DelegatingMethodAccessorImpl.java:43)
	at java.lang.reflect.Method.invoke(Method.java:601)
	at org.testng.internal.MethodInvocationHelper.invokeMethod(MethodInvocationHelper.java:80)
	at org.testng.internal.Invoker.invokeMethod(Invoker.java:714)
	at org.testng.internal.Invoker.invokeTestMethod(Invoker.java:901)
	at org.testng.internal.Invoker.invokeTestMethods(Invoker.java:1231)
	at org.testng.internal.TestMethodWorker.invokeTestMethods(TestMethodWorker.java:127)
	at org.testng.internal.TestMethodWorker.run(TestMethodWorker.java:111)
	at org.testng.TestRunner.privateRun(TestRunner.java:767)
	at org.testng.TestRunner.run(TestRunner.java:617)
	at org.testng.SuiteRunner.runTest(SuiteRunner.java:334)
	at org.testng.SuiteRunner.runSequentially(SuiteRunner.java:329)
	at org.testng.SuiteRunner.privateRun(SuiteRunner.java:291)
	at org.testng.SuiteRunner.run(SuiteRunner.java:240)
	at org.testng.SuiteRunnerWorker.runSuite(SuiteRunnerWorker.java:52)
	at org.testng.SuiteRunnerWorker.run(SuiteRunnerWorker.java:86)
	at org.testng.TestNG.runSuitesSequentially(TestNG.java:1198)
	at org.testng.TestNG.runSuitesLocally(TestNG.java:1123)
	at org.testng.TestNG.run(TestNG.java:1031)
	at org.apache.maven.surefire.testng.TestNGExecutor.run(TestNGExecutor.java:122)
	at org.apache.maven.surefire.testng.TestNGXmlTestSuite.execute(TestNGXmlTestSuite.java:88)
	at org.apache.maven.surefire.testng.TestNGProvider.invoke(TestNGProvider.java:104)
	at sun.reflect.NativeMethodAccessorImpl.invoke0(Native Method)
	at sun.reflect.NativeMethodAccessorImpl.invoke(NativeMethodAccessorImpl.java:57)
	at sun.reflect.DelegatingMethodAccessorImpl.invoke(DelegatingMethodAccessorImpl.java:43)
	at java.lang.reflect.Method.invoke(Method.java:601)
	at org.apache.maven.surefire.booter.ProviderFactory$ClassLoaderProxy.invoke(ProviderFactory.java:103)
	at $Proxy0.invoke(Unknown Source)
	at org.apache.maven.surefire.booter.SurefireStarter.invokeProvider(SurefireStarter.java:150)
	at org.apache.maven.surefire.booter.SurefireStarter.runSuitesInProcess(SurefireStarter.java:91)
	at org.apache.maven.surefire.booter.ForkedBooter.main(ForkedBooter.java:69)
]]>
            </full-stacktrace>
          </exception> <!-- org.openqa.selenium.ElementNotVisibleException -->
          <reporter-output>
          </reporter-output>
        </test-method> <!-- contractBikSymbolsInTextFieldTest_C15026 -->
        <test-method status="PASS" signature="closeSession()[pri:0, instance:com.YouMagicPro.LKA_tests.ContractBikSymbolsInTextFieldTest@1ba5cfae]" name="closeSession" is-config="true" duration-ms="1519" started-at="2012-12-26T09:53:57Z" finished-at="2012-12-26T09:53:59Z">
          <reporter-output>
          </reporter-output>
        </test-method> <!-- closeSession -->
      </class> <!-- com.YouMagicPro.LKA_tests.ContractBikSymbolsInTextFieldTest -->
      <class name="com.YouMagicPro.LKA_tests.ContractBankAccountTenInTextFieldTest">
        <test-method status="PASS" signature="startWebDriver()[pri:0, instance:com.YouMagicPro.LKA_tests.ContractBankAccountTenInTextFieldTest@44365201]" name="startWebDriver" is-config="true" duration-ms="1803" started-at="2012-12-26T09:52:37Z" finished-at="2012-12-26T09:52:39Z">
          <reporter-output>
          </reporter-output>
        </test-method> <!-- startWebDriver -->
        <test-method status="PASS" signature="contractBankAccountTenInTextFieldTest_C14994()[pri:0, instance:com.YouMagicPro.LKA_tests.ContractBankAccountTenInTextFieldTest@44365201]" name="contractBankAccountTenInTextFieldTest_C14994" duration-ms="15265" started-at="2012-12-26T09:52:39Z" finished-at="2012-12-26T09:52:55Z">
          <reporter-output>
          </reporter-output>
        </test-method> <!-- contractBankAccountTenInTextFieldTest_C14994 -->
        <test-method status="PASS" signature="closeSession()[pri:0, instance:com.YouMagicPro.LKA_tests.ContractBankAccountTenInTextFieldTest@44365201]" name="closeSession" is-config="true" duration-ms="1451" started-at="2012-12-26T09:52:55Z" finished-at="2012-12-26T09:52:56Z">
          <reporter-output>
          </reporter-output>
        </test-method> <!-- closeSession -->
      </class> <!-- com.YouMagicPro.LKA_tests.ContractBankAccountTenInTextFieldTest -->
      <class name="com.YouMagicPro.LKA_tests.ContractOgrnOneNumberInTextFieldTest">
        <test-method status="PASS" signature="startWebDriver()[pri:0, instance:com.YouMagicPro.LKA_tests.ContractOgrnOneNumberInTextFieldTest@62d438fd]" name="startWebDriver" is-config="true" duration-ms="1746" started-at="2012-12-26T09:59:43Z" finished-at="2012-12-26T09:59:44Z">
          <reporter-output>
          </reporter-output>
        </test-method> <!-- startWebDriver -->
        <test-method status="FAIL" signature="contractOgrnOneNumberInTextFieldTest_C15053()[pri:0, instance:com.YouMagicPro.LKA_tests.ContractOgrnOneNumberInTextFieldTest@62d438fd]" name="contractOgrnOneNumberInTextFieldTest_C15053" duration-ms="12237" started-at="2012-12-26T09:59:44Z" finished-at="2012-12-26T09:59:57Z">
          <exception class="org.openqa.selenium.ElementNotVisibleException">
            <message>
              <![CDATA[Element must be displayed to click (WARNING: The server did not provide any stacktrace information)
Command duration or timeout: 17 milliseconds
Build info: version: '2.26.0', revision: '18040', time: '2012-11-02 09:44:45'
System info: os.name: 'Windows 7', os.arch: 'amd64', os.version: '6.1', java.version: '1.7.0_09'
Driver info: driver.version: RemoteWebDriver
Session ID: 8cb2fcd83861cbf688ce36780f482fbf]]>
            </message>
            <full-stacktrace>
              <![CDATA[org.openqa.selenium.ElementNotVisibleException: Element must be displayed to click (WARNING: The server did not provide any stacktrace information)
Command duration or timeout: 17 milliseconds
Build info: version: '2.26.0', revision: '18040', time: '2012-11-02 09:44:45'
System info: os.name: 'Windows 7', os.arch: 'amd64', os.version: '6.1', java.version: '1.7.0_09'
Driver info: driver.version: RemoteWebDriver
Session ID: 8cb2fcd83861cbf688ce36780f482fbf
	at sun.reflect.GeneratedConstructorAccessor15.newInstance(Unknown Source)
	at sun.reflect.DelegatingConstructorAccessorImpl.newInstance(DelegatingConstructorAccessorImpl.java:45)
	at java.lang.reflect.Constructor.newInstance(Constructor.java:525)
	at org.openqa.selenium.remote.ErrorHandler.createThrowable(ErrorHandler.java:188)
	at org.openqa.selenium.remote.ErrorHandler.throwIfResponseFailed(ErrorHandler.java:145)
	at org.openqa.selenium.remote.RemoteWebDriver.execute(RemoteWebDriver.java:531)
	at org.openqa.selenium.remote.RemoteWebElement.execute(RemoteWebElement.java:246)
	at org.openqa.selenium.remote.RemoteWebElement.click(RemoteWebElement.java:79)
	at com.YouMagicPro.LKA_tests.TestBase.sendKeysAndAssert_ogrn(TestBase.java:109)
	at com.YouMagicPro.LKA_tests.ContractOgrnOneNumberInTextFieldTest.contractOgrnOneNumberInTextFieldTest_C15053(ContractOgrnOneNumberInTextFieldTest.java:10)
	at sun.reflect.NativeMethodAccessorImpl.invoke0(Native Method)
	at sun.reflect.NativeMethodAccessorImpl.invoke(NativeMethodAccessorImpl.java:57)
	at sun.reflect.DelegatingMethodAccessorImpl.invoke(DelegatingMethodAccessorImpl.java:43)
	at java.lang.reflect.Method.invoke(Method.java:601)
	at org.testng.internal.MethodInvocationHelper.invokeMethod(MethodInvocationHelper.java:80)
	at org.testng.internal.Invoker.invokeMethod(Invoker.java:714)
	at org.testng.internal.Invoker.invokeTestMethod(Invoker.java:901)
	at org.testng.internal.Invoker.invokeTestMethods(Invoker.java:1231)
	at org.testng.internal.TestMethodWorker.invokeTestMethods(TestMethodWorker.java:127)
	at org.testng.internal.TestMethodWorker.run(TestMethodWorker.java:111)
	at org.testng.TestRunner.privateRun(TestRunner.java:767)
	at org.testng.TestRunner.run(TestRunner.java:617)
	at org.testng.SuiteRunner.runTest(SuiteRunner.java:334)
	at org.testng.SuiteRunner.runSequentially(SuiteRunner.java:329)
	at org.testng.SuiteRunner.privateRun(SuiteRunner.java:291)
	at org.testng.SuiteRunner.run(SuiteRunner.java:240)
	at org.testng.SuiteRunnerWorker.runSuite(SuiteRunnerWorker.java:52)
	at org.testng.SuiteRunnerWorker.run(SuiteRunnerWorker.java:86)
	at org.testng.TestNG.runSuitesSequentially(TestNG.java:1198)
	at org.testng.TestNG.runSuitesLocally(TestNG.java:1123)
	at org.testng.TestNG.run(TestNG.java:1031)
	at org.apache.maven.surefire.testng.TestNGExecutor.run(TestNGExecutor.java:122)
	at org.apache.maven.surefire.testng.TestNGXmlTestSuite.execute(TestNGXmlTestSuite.java:88)
	at org.apache.maven.surefire.testng.TestNGProvider.invoke(TestNGProvider.java:104)
	at sun.reflect.NativeMethodAccessorImpl.invoke0(Native Method)
	at sun.reflect.NativeMethodAccessorImpl.invoke(NativeMethodAccessorImpl.java:57)
	at sun.reflect.DelegatingMethodAccessorImpl.invoke(DelegatingMethodAccessorImpl.java:43)
	at java.lang.reflect.Method.invoke(Method.java:601)
	at org.apache.maven.surefire.booter.ProviderFactory$ClassLoaderProxy.invoke(ProviderFactory.java:103)
	at $Proxy0.invoke(Unknown Source)
	at org.apache.maven.surefire.booter.SurefireStarter.invokeProvider(SurefireStarter.java:150)
	at org.apache.maven.surefire.booter.SurefireStarter.runSuitesInProcess(SurefireStarter.java:91)
	at org.apache.maven.surefire.booter.ForkedBooter.main(ForkedBooter.java:69)
]]>
            </full-stacktrace>
          </exception> <!-- org.openqa.selenium.ElementNotVisibleException -->
          <reporter-output>
          </reporter-output>
        </test-method> <!-- contractOgrnOneNumberInTextFieldTest_C15053 -->
        <test-method status="PASS" signature="closeSession()[pri:0, instance:com.YouMagicPro.LKA_tests.ContractOgrnOneNumberInTextFieldTest@62d438fd]" name="closeSession" is-config="true" duration-ms="1441" started-at="2012-12-26T09:59:57Z" finished-at="2012-12-26T09:59:58Z">
          <reporter-output>
          </reporter-output>
        </test-method> <!-- closeSession -->
      </class> <!-- com.YouMagicPro.LKA_tests.ContractOgrnOneNumberInTextFieldTest -->
      <class name="com.YouMagicPro.LKA_tests.ContractBikLettersInTextFieldTest">
        <test-method status="PASS" signature="startWebDriver()[pri:0, instance:com.YouMagicPro.LKA_tests.ContractBikLettersInTextFieldTest@f0cb191]" name="startWebDriver" is-config="true" duration-ms="1805" started-at="2012-12-26T09:53:26Z" finished-at="2012-12-26T09:53:28Z">
          <reporter-output>
          </reporter-output>
        </test-method> <!-- startWebDriver -->
        <test-method status="FAIL" signature="contractBikTestLettersInTextField_C15023()[pri:0, instance:com.YouMagicPro.LKA_tests.ContractBikLettersInTextFieldTest@f0cb191]" name="contractBikTestLettersInTextField_C15023" duration-ms="12028" started-at="2012-12-26T09:53:28Z" finished-at="2012-12-26T09:53:40Z">
          <exception class="org.openqa.selenium.ElementNotVisibleException">
            <message>
              <![CDATA[Element must be displayed to click (WARNING: The server did not provide any stacktrace information)
Command duration or timeout: 16 milliseconds
Build info: version: '2.26.0', revision: '18040', time: '2012-11-02 09:44:45'
System info: os.name: 'Windows 7', os.arch: 'amd64', os.version: '6.1', java.version: '1.7.0_09'
Driver info: driver.version: RemoteWebDriver
Session ID: a94427ae00051ede3bd00dab5a71150e]]>
            </message>
            <full-stacktrace>
              <![CDATA[org.openqa.selenium.ElementNotVisibleException: Element must be displayed to click (WARNING: The server did not provide any stacktrace information)
Command duration or timeout: 16 milliseconds
Build info: version: '2.26.0', revision: '18040', time: '2012-11-02 09:44:45'
System info: os.name: 'Windows 7', os.arch: 'amd64', os.version: '6.1', java.version: '1.7.0_09'
Driver info: driver.version: RemoteWebDriver
Session ID: a94427ae00051ede3bd00dab5a71150e
	at sun.reflect.NativeConstructorAccessorImpl.newInstance0(Native Method)
	at sun.reflect.NativeConstructorAccessorImpl.newInstance(NativeConstructorAccessorImpl.java:57)
	at sun.reflect.DelegatingConstructorAccessorImpl.newInstance(DelegatingConstructorAccessorImpl.java:45)
	at java.lang.reflect.Constructor.newInstance(Constructor.java:525)
	at org.openqa.selenium.remote.ErrorHandler.createThrowable(ErrorHandler.java:188)
	at org.openqa.selenium.remote.ErrorHandler.throwIfResponseFailed(ErrorHandler.java:145)
	at org.openqa.selenium.remote.RemoteWebDriver.execute(RemoteWebDriver.java:531)
	at org.openqa.selenium.remote.RemoteWebElement.execute(RemoteWebElement.java:246)
	at org.openqa.selenium.remote.RemoteWebElement.click(RemoteWebElement.java:79)
	at com.YouMagicPro.LKA_tests.TestBase.sendKeysAndAssert_bik(TestBase.java:55)
	at com.YouMagicPro.LKA_tests.ContractBikLettersInTextFieldTest.contractBikTestLettersInTextField_C15023(ContractBikLettersInTextFieldTest.java:13)
	at sun.reflect.NativeMethodAccessorImpl.invoke0(Native Method)
	at sun.reflect.NativeMethodAccessorImpl.invoke(NativeMethodAccessorImpl.java:57)
	at sun.reflect.DelegatingMethodAccessorImpl.invoke(DelegatingMethodAccessorImpl.java:43)
	at java.lang.reflect.Method.invoke(Method.java:601)
	at org.testng.internal.MethodInvocationHelper.invokeMethod(MethodInvocationHelper.java:80)
	at org.testng.internal.Invoker.invokeMethod(Invoker.java:714)
	at org.testng.internal.Invoker.invokeTestMethod(Invoker.java:901)
	at org.testng.internal.Invoker.invokeTestMethods(Invoker.java:1231)
	at org.testng.internal.TestMethodWorker.invokeTestMethods(TestMethodWorker.java:127)
	at org.testng.internal.TestMethodWorker.run(TestMethodWorker.java:111)
	at org.testng.TestRunner.privateRun(TestRunner.java:767)
	at org.testng.TestRunner.run(TestRunner.java:617)
	at org.testng.SuiteRunner.runTest(SuiteRunner.java:334)
	at org.testng.SuiteRunner.runSequentially(SuiteRunner.java:329)
	at org.testng.SuiteRunner.privateRun(SuiteRunner.java:291)
	at org.testng.SuiteRunner.run(SuiteRunner.java:240)
	at org.testng.SuiteRunnerWorker.runSuite(SuiteRunnerWorker.java:52)
	at org.testng.SuiteRunnerWorker.run(SuiteRunnerWorker.java:86)
	at org.testng.TestNG.runSuitesSequentially(TestNG.java:1198)
	at org.testng.TestNG.runSuitesLocally(TestNG.java:1123)
	at org.testng.TestNG.run(TestNG.java:1031)
	at org.apache.maven.surefire.testng.TestNGExecutor.run(TestNGExecutor.java:122)
	at org.apache.maven.surefire.testng.TestNGXmlTestSuite.execute(TestNGXmlTestSuite.java:88)
	at org.apache.maven.surefire.testng.TestNGProvider.invoke(TestNGProvider.java:104)
	at sun.reflect.NativeMethodAccessorImpl.invoke0(Native Method)
	at sun.reflect.NativeMethodAccessorImpl.invoke(NativeMethodAccessorImpl.java:57)
	at sun.reflect.DelegatingMethodAccessorImpl.invoke(DelegatingMethodAccessorImpl.java:43)
	at java.lang.reflect.Method.invoke(Method.java:601)
	at org.apache.maven.surefire.booter.ProviderFactory$ClassLoaderProxy.invoke(ProviderFactory.java:103)
	at $Proxy0.invoke(Unknown Source)
	at org.apache.maven.surefire.booter.SurefireStarter.invokeProvider(SurefireStarter.java:150)
	at org.apache.maven.surefire.booter.SurefireStarter.runSuitesInProcess(SurefireStarter.java:91)
	at org.apache.maven.surefire.booter.ForkedBooter.main(ForkedBooter.java:69)
]]>
            </full-stacktrace>
          </exception> <!-- org.openqa.selenium.ElementNotVisibleException -->
          <reporter-output>
          </reporter-output>
        </test-method> <!-- contractBikTestLettersInTextField_C15023 -->
        <test-method status="PASS" signature="closeSession()[pri:0, instance:com.YouMagicPro.LKA_tests.ContractBikLettersInTextFieldTest@f0cb191]" name="closeSession" is-config="true" duration-ms="1451" started-at="2012-12-26T09:53:40Z" finished-at="2012-12-26T09:53:42Z">
          <reporter-output>
          </reporter-output>
        </test-method> <!-- closeSession -->
      </class> <!-- com.YouMagicPro.LKA_tests.ContractBikLettersInTextFieldTest -->
      <class name="com.YouMagicPro.LKA_tests.BuyingAdditionalInternalNumberTextFieldTest">
        <test-method status="PASS" signature="startWebDriver()[pri:0, instance:com.YouMagicPro.LKA_tests.BuyingAdditionalInternalNumberTextFieldTest@1d04966e]" name="startWebDriver" is-config="true" duration-ms="1765" started-at="2012-12-26T09:45:24Z" finished-at="2012-12-26T09:45:26Z">
          <reporter-output>
          </reporter-output>
        </test-method> <!-- startWebDriver -->
        <test-method status="PASS" signature="buyingAdditionalInternalNumberTextFieldTest_C15112()[pri:0, instance:com.YouMagicPro.LKA_tests.BuyingAdditionalInternalNumberTextFieldTest@1d04966e]" name="buyingAdditionalInternalNumberTextFieldTest_C15112" duration-ms="10575" started-at="2012-12-26T09:45:26Z" finished-at="2012-12-26T09:45:36Z">
          <reporter-output>
          </reporter-output>
        </test-method> <!-- buyingAdditionalInternalNumberTextFieldTest_C15112 -->
        <test-method status="PASS" signature="closeSession()[pri:0, instance:com.YouMagicPro.LKA_tests.BuyingAdditionalInternalNumberTextFieldTest@1d04966e]" name="closeSession" is-config="true" duration-ms="1410" started-at="2012-12-26T09:45:36Z" finished-at="2012-12-26T09:45:37Z">
          <reporter-output>
          </reporter-output>
        </test-method> <!-- closeSession -->
      </class> <!-- com.YouMagicPro.LKA_tests.BuyingAdditionalInternalNumberTextFieldTest -->
      <class name="com.YouMagicPro.LKA_tests.ContractBankAccountOneInTextFieldTest">
        <test-method status="PASS" signature="startWebDriver()[pri:0, instance:com.YouMagicPro.LKA_tests.ContractBankAccountOneInTextFieldTest@40266966]" name="startWebDriver" is-config="true" duration-ms="1768" started-at="2012-12-26T09:52:00Z" finished-at="2012-12-26T09:52:01Z">
          <reporter-output>
          </reporter-output>
        </test-method> <!-- startWebDriver -->
        <test-method status="PASS" signature="contractBankAccountOneInTextFieldTest_C14993()[pri:0, instance:com.YouMagicPro.LKA_tests.ContractBankAccountOneInTextFieldTest@40266966]" name="contractBankAccountOneInTextFieldTest_C14993" duration-ms="15827" started-at="2012-12-26T09:52:01Z" finished-at="2012-12-26T09:52:17Z">
          <reporter-output>
          </reporter-output>
        </test-method> <!-- contractBankAccountOneInTextFieldTest_C14993 -->
        <test-method status="PASS" signature="closeSession()[pri:0, instance:com.YouMagicPro.LKA_tests.ContractBankAccountOneInTextFieldTest@40266966]" name="closeSession" is-config="true" duration-ms="1425" started-at="2012-12-26T09:52:17Z" finished-at="2012-12-26T09:52:19Z">
          <reporter-output>
          </reporter-output>
        </test-method> <!-- closeSession -->
      </class> <!-- com.YouMagicPro.LKA_tests.ContractBankAccountOneInTextFieldTest -->
      <class name="com.YouMagicPro.LKA_tests.OrderByEmailOrderWithoutDocTypeCheckedTest">
        <test-method status="PASS" signature="startWebDriver()[pri:0, instance:com.YouMagicPro.LKA_tests.OrderByEmailOrderWithoutDocTypeCheckedTest@3595ecae]" name="startWebDriver" is-config="true" duration-ms="1782" started-at="2012-12-26T10:06:17Z" finished-at="2012-12-26T10:06:19Z">
          <reporter-output>
          </reporter-output>
        </test-method> <!-- startWebDriver -->
        <test-method status="FAIL" signature="orderByEmailOrderWithoutDocTypeCheckedTest_C25656()[pri:0, instance:com.YouMagicPro.LKA_tests.OrderByEmailOrderWithoutDocTypeCheckedTest@3595ecae]" name="orderByEmailOrderWithoutDocTypeCheckedTest_C25656" duration-ms="12680" started-at="2012-12-26T10:06:19Z" finished-at="2012-12-26T10:06:32Z">
          <exception class="java.lang.AssertionError">
            <message>
              <![CDATA[expected [Необходимо выбрать тип документа.] but found [За указанный период не найдено ни одного документа указанного типа!]]]>
            </message>
            <full-stacktrace>
              <![CDATA[java.lang.AssertionError: expected [Необходимо выбрать тип документа.] but found [За указанный период не найдено ни одного документа указанного типа!]
	at org.testng.Assert.fail(Assert.java:94)
	at org.testng.Assert.failNotEquals(Assert.java:494)
	at org.testng.Assert.assertEquals(Assert.java:123)
	at org.testng.Assert.assertEquals(Assert.java:165)
	at com.YouMagicPro.LKA_tests.TestBase.assertEquals(TestBase.java:51)
	at com.YouMagicPro.LKA_tests.OrderByEmailOrderWithoutDocTypeCheckedTest.orderByEmailOrderWithoutDocTypeCheckedTest_C25656(OrderByEmailOrderWithoutDocTypeCheckedTest.java:26)
	at sun.reflect.NativeMethodAccessorImpl.invoke0(Native Method)
	at sun.reflect.NativeMethodAccessorImpl.invoke(NativeMethodAccessorImpl.java:57)
	at sun.reflect.DelegatingMethodAccessorImpl.invoke(DelegatingMethodAccessorImpl.java:43)
	at java.lang.reflect.Method.invoke(Method.java:601)
	at org.testng.internal.MethodInvocationHelper.invokeMethod(MethodInvocationHelper.java:80)
	at org.testng.internal.Invoker.invokeMethod(Invoker.java:714)
	at org.testng.internal.Invoker.invokeTestMethod(Invoker.java:901)
	at org.testng.internal.Invoker.invokeTestMethods(Invoker.java:1231)
	at org.testng.internal.TestMethodWorker.invokeTestMethods(TestMethodWorker.java:127)
	at org.testng.internal.TestMethodWorker.run(TestMethodWorker.java:111)
	at org.testng.TestRunner.privateRun(TestRunner.java:767)
	at org.testng.TestRunner.run(TestRunner.java:617)
	at org.testng.SuiteRunner.runTest(SuiteRunner.java:334)
	at org.testng.SuiteRunner.runSequentially(SuiteRunner.java:329)
	at org.testng.SuiteRunner.privateRun(SuiteRunner.java:291)
	at org.testng.SuiteRunner.run(SuiteRunner.java:240)
	at org.testng.SuiteRunnerWorker.runSuite(SuiteRunnerWorker.java:52)
	at org.testng.SuiteRunnerWorker.run(SuiteRunnerWorker.java:86)
	at org.testng.TestNG.runSuitesSequentially(TestNG.java:1198)
	at org.testng.TestNG.runSuitesLocally(TestNG.java:1123)
	at org.testng.TestNG.run(TestNG.java:1031)
	at org.apache.maven.surefire.testng.TestNGExecutor.run(TestNGExecutor.java:122)
	at org.apache.maven.surefire.testng.TestNGXmlTestSuite.execute(TestNGXmlTestSuite.java:88)
	at org.apache.maven.surefire.testng.TestNGProvider.invoke(TestNGProvider.java:104)
	at sun.reflect.NativeMethodAccessorImpl.invoke0(Native Method)
	at sun.reflect.NativeMethodAccessorImpl.invoke(NativeMethodAccessorImpl.java:57)
	at sun.reflect.DelegatingMethodAccessorImpl.invoke(DelegatingMethodAccessorImpl.java:43)
	at java.lang.reflect.Method.invoke(Method.java:601)
	at org.apache.maven.surefire.booter.ProviderFactory$ClassLoaderProxy.invoke(ProviderFactory.java:103)
	at $Proxy0.invoke(Unknown Source)
	at org.apache.maven.surefire.booter.SurefireStarter.invokeProvider(SurefireStarter.java:150)
	at org.apache.maven.surefire.booter.SurefireStarter.runSuitesInProcess(SurefireStarter.java:91)
	at org.apache.maven.surefire.booter.ForkedBooter.main(ForkedBooter.java:69)
]]>
            </full-stacktrace>
          </exception> <!-- java.lang.AssertionError -->
          <reporter-output>
          </reporter-output>
        </test-method> <!-- orderByEmailOrderWithoutDocTypeCheckedTest_C25656 -->
        <test-method status="PASS" signature="closeSession()[pri:0, instance:com.YouMagicPro.LKA_tests.OrderByEmailOrderWithoutDocTypeCheckedTest@3595ecae]" name="closeSession" is-config="true" duration-ms="1436" started-at="2012-12-26T10:06:32Z" finished-at="2012-12-26T10:06:33Z">
          <reporter-output>
          </reporter-output>
        </test-method> <!-- closeSession -->
      </class> <!-- com.YouMagicPro.LKA_tests.OrderByEmailOrderWithoutDocTypeCheckedTest -->
      <class name="com.YouMagicPro.LKA_tests.AddAndDeleteMenusTest">
[...]
          <reporter-output>
          </reporter-output>
        </test-method> <!-- tearDown -->
      </class> <!-- com.YouMagicPro.LKA_tests.ClickOnPromoTest -->
      <class name="com.YouMagicPro.LKA_tests.ClickOnExitTest">
        <test-method status="PASS" signature="setUp(java.lang.String)[pri:0, instance:com.YouMagicPro.LKA_tests.ClickOnExitTest@f530ff3]" name="setUp" is-config="true" duration-ms="5142" started-at="2012-12-26T09:49:28Z" finished-at="2012-12-26T09:49:34Z">
          <params>
            <param index="0">
              <value is-null="true"/>
            </param>
          </params>
          <reporter-output>
          </reporter-output>
        </test-method> <!-- setUp -->
        <test-method status="PASS" signature="clickOnExitTest()[pri:0, instance:com.YouMagicPro.LKA_tests.ClickOnExitTest@f530ff3]" name="clickOnExitTest" duration-ms="13750" started-at="2012-12-26T09:49:34Z" finished-at="2012-12-26T09:49:47Z">
          <reporter-output>
          </reporter-output>
        </test-method> <!-- clickOnExitTest -->
        <test-method status="PASS" signature="tearDown()[pri:0, instance:com.YouMagicPro.LKA_tests.ClickOnExitTest@f530ff3]" name="tearDown" is-config="true" duration-ms="219" started-at="2012-12-26T09:49:47Z" finished-at="2012-12-26T09:49:48Z">
          <reporter-output>
          </reporter-output>
        </test-method> <!-- tearDown -->
      </class> <!-- com.YouMagicPro.LKA_tests.ClickOnExitTest -->
      <class name="com.YouMagicPro.LKA_tests.VoiceMailChooseSoundTest">
        <test-method status="PASS" signature="startWebDriver()[pri:0, instance:com.YouMagicPro.LKA_tests.VoiceMailChooseSoundTest@163c2261]" name="startWebDriver" is-config="true" duration-ms="1924" started-at="2012-12-26T09:42:27Z" finished-at="2012-12-26T09:42:29Z">
          <reporter-output>
          </reporter-output>
        </test-method> <!-- startWebDriver -->
        <test-method status="FAIL" signature="voiceMailChooseSoundTest_C15294()[pri:0, instance:com.YouMagicPro.LKA_tests.VoiceMailChooseSoundTest@163c2261]" name="voiceMailChooseSoundTest_C15294" duration-ms="8831" started-at="2012-12-26T09:42:29Z" finished-at="2012-12-26T09:42:38Z">
          <exception class="org.openqa.selenium.WebDriverException">
            <message>
              <![CDATA[Element is not clickable at point (868.5, 44). Other element would receive the click: <div class="sl_head">...</div> (WARNING: The server did not provide any stacktrace information)
Command duration or timeout: 130 milliseconds
Build info: version: '2.26.0', revision: '18040', time: '2012-11-02 09:44:45'
System info: os.name: 'Windows 7', os.arch: 'amd64', os.version: '6.1', java.version: '1.7.0_09'
Driver info: driver.version: RemoteWebDriver
Session ID: c4098896a7cd2e3d25331a56fb755bcc]]>
            </message>
            <full-stacktrace>
              <![CDATA[org.openqa.selenium.WebDriverException: Element is not clickable at point (868.5, 44). Other element would receive the click: <div class="sl_head">...</div> (WARNING: The server did not provide any stacktrace information)
Command duration or timeout: 130 milliseconds
Build info: version: '2.26.0', revision: '18040', time: '2012-11-02 09:44:45'
System info: os.name: 'Windows 7', os.arch: 'amd64', os.version: '6.1', java.version: '1.7.0_09'
Driver info: driver.version: RemoteWebDriver
Session ID: c4098896a7cd2e3d25331a56fb755bcc
	at sun.reflect.NativeConstructorAccessorImpl.newInstance0(Native Method)
	at sun.reflect.NativeConstructorAccessorImpl.newInstance(NativeConstructorAccessorImpl.java:57)
	at sun.reflect.DelegatingConstructorAccessorImpl.newInstance(DelegatingConstructorAccessorImpl.java:45)
	at java.lang.reflect.Constructor.newInstance(Constructor.java:525)
	at org.openqa.selenium.remote.ErrorHandler.createThrowable(ErrorHandler.java:188)
	at org.openqa.selenium.remote.ErrorHandler.throwIfResponseFailed(ErrorHandler.java:145)
	at org.openqa.selenium.remote.RemoteWebDriver.execute(RemoteWebDriver.java:531)
	at org.openqa.selenium.remote.RemoteWebElement.execute(RemoteWebElement.java:246)
	at org.openqa.selenium.remote.RemoteWebElement.click(RemoteWebElement.java:79)
	at com.YouMagicPro.LKA_tests.TestBase.waitAdminPageToLoad(TestBase.java:145)
	at com.YouMagicPro.LKA_tests.VoiceMailChooseSoundTest.voiceMailChooseSoundTest_C15294(VoiceMailChooseSoundTest.java:10)
	at sun.reflect.NativeMethodAccessorImpl.invoke0(Native Method)
	at sun.reflect.NativeMethodAccessorImpl.invoke(NativeMethodAccessorImpl.java:57)
	at sun.reflect.DelegatingMethodAccessorImpl.invoke(DelegatingMethodAccessorImpl.java:43)
	at java.lang.reflect.Method.invoke(Method.java:601)
	at org.testng.internal.MethodInvocationHelper.invokeMethod(MethodInvocationHelper.java:80)
	at org.testng.internal.Invoker.invokeMethod(Invoker.java:714)
	at org.testng.internal.Invoker.invokeTestMethod(Invoker.java:901)
	at org.testng.internal.Invoker.invokeTestMethods(Invoker.java:1231)
	at org.testng.internal.TestMethodWorker.invokeTestMethods(TestMethodWorker.java:127)
	at org.testng.internal.TestMethodWorker.run(TestMethodWorker.java:111)
	at org.testng.TestRunner.privateRun(TestRunner.java:767)
	at org.testng.TestRunner.run(TestRunner.java:617)
	at org.testng.SuiteRunner.runTest(SuiteRunner.java:334)
	at org.testng.SuiteRunner.runSequentially(SuiteRunner.java:329)
	at org.testng.SuiteRunner.privateRun(SuiteRunner.java:291)
	at org.testng.SuiteRunner.run(SuiteRunner.java:240)
	at org.testng.SuiteRunnerWorker.runSuite(SuiteRunnerWorker.java:52)
	at org.testng.SuiteRunnerWorker.run(SuiteRunnerWorker.java:86)
	at org.testng.TestNG.runSuitesSequentially(TestNG.java:1198)
	at org.testng.TestNG.runSuitesLocally(TestNG.java:1123)
	at org.testng.TestNG.run(TestNG.java:1031)
	at org.apache.maven.surefire.testng.TestNGExecutor.run(TestNGExecutor.java:122)
	at org.apache.maven.surefire.testng.TestNGXmlTestSuite.execute(TestNGXmlTestSuite.java:88)
	at org.apache.maven.surefire.testng.TestNGProvider.invoke(TestNGProvider.java:104)
	at sun.reflect.NativeMethodAccessorImpl.invoke0(Native Method)
	at sun.reflect.NativeMethodAccessorImpl.invoke(NativeMethodAccessorImpl.java:57)
	at sun.reflect.DelegatingMethodAccessorImpl.invoke(DelegatingMethodAccessorImpl.java:43)
	at java.lang.reflect.Method.invoke(Method.java:601)
	at org.apache.maven.surefire.booter.ProviderFactory$ClassLoaderProxy.invoke(ProviderFactory.java:103)
	at $Proxy0.invoke(Unknown Source)
	at org.apache.maven.surefire.booter.SurefireStarter.invokeProvider(SurefireStarter.java:150)
	at org.apache.maven.surefire.booter.SurefireStarter.runSuitesInProcess(SurefireStarter.java:91)
	at org.apache.maven.surefire.booter.ForkedBooter.main(ForkedBooter.java:69)
]]>
            </full-stacktrace>
          </exception> <!-- org.openqa.selenium.WebDriverException -->
          <reporter-output>
          </reporter-output>
        </test-method> <!-- voiceMailChooseSoundTest_C15294 -->
        <test-method status="PASS" signature="closeSession()[pri:0, instance:com.YouMagicPro.LKA_tests.VoiceMailChooseSoundTest@163c2261]" name="closeSession" is-config="true" duration-ms="1463" started-at="2012-12-26T09:42:38Z" finished-at="2012-12-26T09:42:39Z">
          <reporter-output>
          </reporter-output>
        </test-method> <!-- closeSession -->
      </class> <!-- com.YouMagicPro.LKA_tests.VoiceMailChooseSoundTest -->
      <class name="com.YouMagicPro.LKA_tests.ExpenseStructureRentalFeeTest">
        <test-method status="PASS" signature="startWebDriver()[pri:0, instance:com.YouMagicPro.LKA_tests.ExpenseStructureRentalFeeTest@2e8ebcab]" name="startWebDriver" is-config="true" duration-ms="1789" started-at="2012-12-26T10:03:50Z" finished-at="2012-12-26T10:03:52Z">
          <reporter-output>
          </reporter-output>
        </test-method> <!-- startWebDriver -->
        <test-method status="PASS" signature="expenseStructureRentalFeeTest_C15096()[pri:0, instance:com.YouMagicPro.LKA_tests.ExpenseStructureRentalFeeTest@2e8ebcab]" name="expenseStructureRentalFeeTest_C15096" duration-ms="9416" started-at="2012-12-26T10:03:52Z" finished-at="2012-12-26T10:04:02Z">
          <reporter-output>
          </reporter-output>
        </test-method> <!-- expenseStructureRentalFeeTest_C15096 -->
        <test-method status="PASS" signature="closeSession()[pri:0, instance:com.YouMagicPro.LKA_tests.ExpenseStructureRentalFeeTest@2e8ebcab]" name="closeSession" is-config="true" duration-ms="1462" started-at="2012-12-26T10:04:02Z" finished-at="2012-12-26T10:04:03Z">
          <reporter-output>
          </reporter-output>
        </test-method> <!-- closeSession -->
      </class> <!-- com.YouMagicPro.LKA_tests.ExpenseStructureRentalFeeTest -->
      <class name="com.YouMagicPro.LKA_tests.ContractInnLettersInTextFieldTest">
        <test-method status="PASS" signature="startWebDriver()[pri:0, instance:com.YouMagicPro.LKA_tests.ContractInnLettersInTextFieldTest@482ef8a9]" name="startWebDriver" is-config="true" duration-ms="1772" started-at="2012-12-26T09:56:45Z" finished-at="2012-12-26T09:56:46Z">
          <reporter-output>
          </reporter-output>
        </test-method> <!-- startWebDriver -->
        <test-method status="PASS" signature="contractInnLettersInTextFieldTest_C15030()[pri:0, instance:com.YouMagicPro.LKA_tests.ContractInnLettersInTextFieldTest@482ef8a9]" name="contractInnLettersInTextFieldTest_C15030" duration-ms="14537" started-at="2012-12-26T09:56:46Z" finished-at="2012-12-26T09:57:01Z">
          <reporter-output>
          </reporter-output>
        </test-method> <!-- contractInnLettersInTextFieldTest_C15030 -->
        <test-method status="PASS" signature="closeSession()[pri:0, instance:com.YouMagicPro.LKA_tests.ContractInnLettersInTextFieldTest@482ef8a9]" name="closeSession" is-config="true" duration-ms="1421" started-at="2012-12-26T09:57:01Z" finished-at="2012-12-26T09:57:02Z">
          <reporter-output>
          </reporter-output>
        </test-method> <!-- closeSession -->
      </class> <!-- com.YouMagicPro.LKA_tests.ContractInnLettersInTextFieldTest -->
      <class name="com.YouMagicPro.LKA_tests.ContractEndOfPageDataTest">
        <test-method status="PASS" signature="startWebDriver()[pri:0, instance:com.YouMagicPro.LKA_tests.ContractEndOfPageDataTest@1c78014a]" name="startWebDriver" is-config="true" duration-ms="1792" started-at="2012-12-26T09:55:47Z" finished-at="2012-12-26T09:55:49Z">
          <reporter-output>
          </reporter-output>
        </test-method> <!-- startWebDriver -->
        <test-method status="FAIL" signature="contractEndOfPageDataTest_C15062()[pri:0, instance:com.YouMagicPro.LKA_tests.ContractEndOfPageDataTest@1c78014a]" name="contractEndOfPageDataTest_C15062" duration-ms="12248" started-at="2012-12-26T09:55:49Z" finished-at="2012-12-26T09:56:01Z">
          <exception class="java.lang.AssertionError">
            <message>
              <![CDATA[expected [79857297409] but found [74997044972]]]>
            </message>
            <full-stacktrace>
              <![CDATA[java.lang.AssertionError: expected [79857297409] but found [74997044972]
	at org.testng.Assert.fail(Assert.java:94)
	at org.testng.Assert.failNotEquals(Assert.java:494)
	at org.testng.Assert.assertEquals(Assert.java:123)
	at org.testng.Assert.assertEquals(Assert.java:165)
	at com.YouMagicPro.LKA_tests.TestBase.assertEquals(TestBase.java:51)
	at com.YouMagicPro.LKA_tests.ContractEndOfPageDataTest.contractEndOfPageDataTest_C15062(ContractEndOfPageDataTest.java:17)
	at sun.reflect.NativeMethodAccessorImpl.invoke0(Native Method)
	at sun.reflect.NativeMethodAccessorImpl.invoke(NativeMethodAccessorImpl.java:57)
	at sun.reflect.DelegatingMethodAccessorImpl.invoke(DelegatingMethodAccessorImpl.java:43)
	at java.lang.reflect.Method.invoke(Method.java:601)
	at org.testng.internal.MethodInvocationHelper.invokeMethod(MethodInvocationHelper.java:80)
	at org.testng.internal.Invoker.invokeMethod(Invoker.java:714)
	at org.testng.internal.Invoker.invokeTestMethod(Invoker.java:901)
	at org.testng.internal.Invoker.invokeTestMethods(Invoker.java:1231)
	at org.testng.internal.TestMethodWorker.invokeTestMethods(TestMethodWorker.java:127)
	at org.testng.internal.TestMethodWorker.run(TestMethodWorker.java:111)
	at org.testng.TestRunner.privateRun(TestRunner.java:767)
	at org.testng.TestRunner.run(TestRunner.java:617)
	at org.testng.SuiteRunner.runTest(SuiteRunner.java:334)
	at org.testng.SuiteRunner.runSequentially(SuiteRunner.java:329)
	at org.testng.SuiteRunner.privateRun(SuiteRunner.java:291)
	at org.testng.SuiteRunner.run(SuiteRunner.java:240)
	at org.testng.SuiteRunnerWorker.runSuite(SuiteRunnerWorker.java:52)
	at org.testng.SuiteRunnerWorker.run(SuiteRunnerWorker.java:86)
	at org.testng.TestNG.runSuitesSequentially(TestNG.java:1198)
	at org.testng.TestNG.runSuitesLocally(TestNG.java:1123)
	at org.testng.TestNG.run(TestNG.java:1031)
	at org.apache.maven.surefire.testng.TestNGExecutor.run(TestNGExecutor.java:122)
	at org.apache.maven.surefire.testng.TestNGXmlTestSuite.execute(TestNGXmlTestSuite.java:88)
	at org.apache.maven.surefire.testng.TestNGProvider.invoke(TestNGProvider.java:104)
	at sun.reflect.NativeMethodAccessorImpl.invoke0(Native Method)
	at sun.reflect.NativeMethodAccessorImpl.invoke(NativeMethodAccessorImpl.java:57)
	at sun.reflect.DelegatingMethodAccessorImpl.invoke(DelegatingMethodAccessorImpl.java:43)
	at java.lang.reflect.Method.invoke(Method.java:601)
	at org.apache.maven.surefire.booter.ProviderFactory$ClassLoaderProxy.invoke(ProviderFactory.java:103)
	at $Proxy0.invoke(Unknown Source)
	at org.apache.maven.surefire.booter.SurefireStarter.invokeProvider(SurefireStarter.java:150)
	at org.apache.maven.surefire.booter.SurefireStarter.runSuitesInProcess(SurefireStarter.java:91)
	at org.apache.maven.surefire.booter.ForkedBooter.main(ForkedBooter.java:69)
]]>
            </full-stacktrace>
          </exception> <!-- java.lang.AssertionError -->
          <reporter-output>
          </reporter-output>
        </test-method> <!-- contractEndOfPageDataTest_C15062 -->
        <test-method status="PASS" signature="closeSession()[pri:0, instance:com.YouMagicPro.LKA_tests.ContractEndOfPageDataTest@1c78014a]" name="closeSession" is-config="true" duration-ms="1480" started-at="2012-12-26T09:56:01Z" finished-at="2012-12-26T09:56:02Z">
          <reporter-output>
          </reporter-output>
        </test-method> <!-- closeSession -->
      </class> <!-- com.YouMagicPro.LKA_tests.ContractEndOfPageDataTest -->
      <class name="com.YouMagicPro.LKA_tests.OrderByPickUpChangePhoneTest">
        <test-method status="PASS" signature="startWebDriver()[pri:0, instance:com.YouMagicPro.LKA_tests.OrderByPickUpChangePhoneTest@12bcb5a9]" name="startWebDriver" is-config="true" duration-ms="1814" started-at="2012-12-26T10:07:03Z" finished-at="2012-12-26T10:07:05Z">
          <reporter-output>
          </reporter-output>
        </test-method> <!-- startWebDriver -->
        <test-method status="PASS" signature="OrderByPickUpChangePhoneTest_C25666()[pri:0, instance:com.YouMagicPro.LKA_tests.OrderByPickUpChangePhoneTest@12bcb5a9]" name="OrderByPickUpChangePhoneTest_C25666" duration-ms="11404" started-at="2012-12-26T10:07:05Z" finished-at="2012-12-26T10:07:16Z">
          <reporter-output>
          </reporter-output>
        </test-method> <!-- OrderByPickUpChangePhoneTest_C25666 -->
        <test-method status="PASS" signature="closeSession()[pri:0, instance:com.YouMagicPro.LKA_tests.OrderByPickUpChangePhoneTest@12bcb5a9]" name="closeSession" is-config="true" duration-ms="1435" started-at="2012-12-26T10:07:16Z" finished-at="2012-12-26T10:07:18Z">
          <reporter-output>
          </reporter-output>
        </test-method> <!-- closeSession -->
      </class> <!-- com.YouMagicPro.LKA_tests.OrderByPickUpChangePhoneTest -->
      <class name="com.YouMagicPro.LKA_tests.ClickOnContractTest">
        <test-method status="PASS" signature="setUp(java.lang.String)[pri:0, instance:com.YouMagicPro.LKA_tests.ClickOnContractTest@7f3f6786]" name="setUp" is-config="true" duration-ms="5127" started-at="2012-12-26T09:48:48Z" finished-at="2012-12-26T09:48:53Z">
          <params>
            <param index="0">
              <value is-null="true"/>
            </param>
          </params>
          <reporter-output>
          </reporter-output>
        </test-method> <!-- setUp -->
        <test-method status="PASS" signature="clickOnContractTest()[pri:0, instance:com.YouMagicPro.LKA_tests.ClickOnContractTest@7f3f6786]" name="clickOnContractTest" duration-ms="14703" started-at="2012-12-26T09:48:53Z" finished-at="2012-12-26T09:49:07Z">
          <reporter-output>
          </reporter-output>
        </test-method> <!-- clickOnContractTest -->
        <test-method status="PASS" signature="tearDown()[pri:0, instance:com.YouMagicPro.LKA_tests.ClickOnContractTest@7f3f6786]" name="tearDown" is-config="true" duration-ms="187" started-at="2012-12-26T09:49:07Z" finished-at="2012-12-26T09:49:08Z">
          <reporter-output>
          </reporter-output>
        </test-method> <!-- tearDown -->
      </class> <!-- com.YouMagicPro.LKA_tests.ClickOnContractTest -->
      <class name="com.YouMagicPro.LKA_tests.OrderToAdressChangeNameTest">
        <test-method status="PASS" signature="startWebDriver()[pri:0, instance:com.YouMagicPro.LKA_tests.OrderToAdressChangeNameTest@103c0cfb]" name="startWebDriver" is-config="true" duration-ms="1736" started-at="2012-12-26T10:08:16Z" finished-at="2012-12-26T10:08:18Z">
          <reporter-output>
          </reporter-output>
        </test-method> <!-- startWebDriver -->
        <test-method status="PASS" signature="orderToAdressChangeNameTest_C25672()[pri:0, instance:com.YouMagicPro.LKA_tests.OrderToAdressChangeNameTest@103c0cfb]" name="orderToAdressChangeNameTest_C25672" duration-ms="10521" started-at="2012-12-26T10:08:18Z" finished-at="2012-12-26T10:08:28Z">
          <reporter-output>
          </reporter-output>
        </test-method> <!-- orderToAdressChangeNameTest_C25672 -->
        <test-method status="PASS" signature="closeSession()[pri:0, instance:com.YouMagicPro.LKA_tests.OrderToAdressChangeNameTest@103c0cfb]" name="closeSession" is-config="true" duration-ms="1485" started-at="2012-12-26T10:08:28Z" finished-at="2012-12-26T10:08:30Z">
          <reporter-output>
          </reporter-output>
        </test-method> <!-- closeSession -->
      </class> <!-- com.YouMagicPro.LKA_tests.OrderToAdressChangeNameTest -->
      <class name="com.YouMagicPro.LKA_tests.ContractBankAccountSymbolsInTextFieldTest">
        <test-method status="PASS" signature="startWebDriver()[pri:0, instance:com.YouMagicPro.LKA_tests.ContractBankAccountSymbolsInTextFieldTest@4ee2f574]" name="startWebDriver" is-config="true" duration-ms="1796" started-at="2012-12-26T09:52:19Z" finished-at="2012-12-26T09:52:20Z">
          <reporter-output>
          </reporter-output>
        </test-method> <!-- startWebDriver -->
        <test-method status="PASS" signature="contractBankAccountSymbolsInTextFieldTest_C14997()[pri:0, instance:com.YouMagicPro.LKA_tests.ContractBankAccountSymbolsInTextFieldTest@4ee2f574]" name="contractBankAccountSymbolsInTextFieldTest_C14997" duration-ms="15527" started-at="2012-12-26T09:52:20Z" finished-at="2012-12-26T09:52:36Z">
          <reporter-output>
          </reporter-output>
        </test-method> <!-- contractBankAccountSymbolsInTextFieldTest_C14997 -->
        <test-method status="PASS" signature="closeSession()[pri:0, instance:com.YouMagicPro.LKA_tests.ContractBankAccountSymbolsInTextFieldTest@4ee2f574]" name="closeSession" is-config="true" duration-ms="1477" started-at="2012-12-26T09:52:36Z" finished-at="2012-12-26T09:52:37Z">
          <reporter-output>
          </reporter-output>
        </test-method> <!-- closeSession -->
      </class> <!-- com.YouMagicPro.LKA_tests.ContractBankAccountSymbolsInTextFieldTest -->
    </test> <!-- com.LKA_tests -->
  </suite> <!-- com.LKA_tests -->
</testng-results>
