<?xml version="1.0" encoding="UTF-8"?>
<testng-results skipped="0" failed="0" total="1" passed="1">
  <reporter-output>
  </reporter-output>
  <suite name="Default suite" duration-ms="65829" started-at="2012-12-25T12:34:46Z" finished-at="2012-12-25T12:35:52Z">
    <groups>
    </groups>
    <test name="Default test" duration-ms="65829" started-at="2012-12-25T12:34:46Z" finished-at="2012-12-25T12:35:52Z">
      <class name="com.YouMagicPro.LKA_tests.PaymentsPageTest">
        <test-method status="PASS" signature="setUp(java.lang.String)[pri:0, instance:com.YouMagicPro.LKA_tests.PaymentsPageTest@1ff52524]" name="setUp" is-config="true" duration-ms="36370" started-at="2012-12-25T16:34:46Z" finished-at="2012-12-25T16:35:23Z">
          <params>
            <param index="0">
              <value is-null="true"/>
            </param>
          </params>
          <reporter-output>
          </reporter-output>
        </test-method> <!-- setUp -->
        <test-method status="PASS" signature="soundFilesTest()[pri:0, instance:com.YouMagicPro.LKA_tests.PaymentsPageTest@1ff52524]" name="soundFilesTest" duration-ms="29193" started-at="2012-12-25T16:35:23Z" finished-at="2012-12-25T16:35:52Z">
          <reporter-output>
          </reporter-output>
        </test-method> <!-- soundFilesTest -->
        <test-method status="PASS" signature="tearDown()[pri:0, instance:com.YouMagicPro.LKA_tests.PaymentsPageTest@1ff52524]" name="tearDown" is-config="true" duration-ms="265" started-at="2012-12-25T16:35:52Z" finished-at="2012-12-25T16:35:52Z">
          <reporter-output>
          </reporter-output>
        </test-method> <!-- tearDown -->
      </class> <!-- com.YouMagicPro.LKA_tests.PaymentsPageTest -->
    </test> <!-- Default test -->
  </suite> <!-- Default suite -->
</testng-results>
