<?xml version="1.0" encoding="UTF-8"?>
<!-- Generated by org.testng.reporters.JUnitXMLReporter -->
<testsuite hostname="RnD_CI_Windows" name="com.LKA_tests" tests="97" failures="5" timestamp="10 Jan 2013 06:37:59 GMT" time="1877.08" errors="0">
  <testcase name="addAndDeleteMenusTest" time="56.204" classname="com.YouMagicPro.LKA_tests.AddAndDeleteMenusTest"/>
  <testcase name="voiceFillNAmeTextFieldTest_C15293" time="22.87" classname="com.YouMagicPro.LKA_tests.VoiceFillNAmeTextFieldTest"/>
  <testcase name="addAndDeleteNoticesTest" time="25.125" classname="com.YouMagicPro.LKA_tests.AddAndDeleteNoticesTest"/>
  <testcase name="voiceMailChooseSoundTest_C15294" time="23.527" classname="com.YouMagicPro.LKA_tests.VoiceMailChooseSoundTest"/>
  <testcase name="addAndDeleteNoticesTest" time="13.593" classname="com.YouMagicPro.LKA_tests.AgreementOPFTest"/>
  <testcase name="voiceMailEmptyNameTextFieldTest_C19851" time="17.127" classname="com.YouMagicPro.LKA_tests.VoiceMailEmptyNameTextFieldTest"/>
  <testcase name="buying804NumberCategoriesOfNumbers_C25622" time="19.333" classname="com.YouMagicPro.LKA_tests.Buying804NumberCategoriesOfNumbers"/>
  <testcase name="voiceMailPageTest" time="16.407" classname="com.YouMagicPro.LKA_tests.VoiceMailPageTest"/>
  <testcase name="buying804NumberCostOfNumberTest_C25623" time="17.33" classname="com.YouMagicPro.LKA_tests.Buying804NumberCostOfNumberTest"/>
  <testcase name="voiceMenuAddTest_C15292" time="15.513" classname="com.YouMagicPro.LKA_tests.VoiceMenuAddTest"/>
  <testcase name="buyingAdditionalInternalNumberCheckCost_C15113" time="10.224" classname="com.YouMagicPro.LKA_tests.BuyingAdditionalInternalNumberCheckCost"/>
  <testcase name="voiceMailChooseSoundTest_C15294" time="23.894" classname="com.YouMagicPro.LKA_tests.VoiceMenuChooseSoundTest"/>
  <testcase name="buyingAdditionalInternalNumberTextFieldTest_C15112" time="9.18" classname="com.YouMagicPro.LKA_tests.BuyingAdditionalInternalNumberTextFieldTest">
    <failure type="org.openqa.selenium.WebDriverException" message="Element is not clickable at point (555, 380). Other element would receive the click: &amp;lt;img id=&amp;quot;1&amp;quot; class=&amp;quot;slideimage&amp;quot; src=&amp;quot;/sites/all/modules/contrib/umagicpro_instructions/images/home.png&amp;quot; data-title=&amp;quot;Благодарим вас за выбор YouMagic.Pro!&amp;quot;&amp;gt; (WARNING: The server did not provide any stacktrace information)
Command duration or timeout: 66 milliseconds
Build info: version: &amp;apos;2.26.0&amp;apos;, revision: &amp;apos;18040&amp;apos;, time: &amp;apos;2012-11-02 09:44:45&amp;apos;
System info: os.name: &amp;apos;Windows 7&amp;apos;, os.arch: &amp;apos;amd64&amp;apos;, os.version: &amp;apos;6.1&amp;apos;, java.version: &amp;apos;1.7.0_09&amp;apos;
Driver info: driver.version: RemoteWebDriver
Session ID: 8fbb70b42f6d5f2c4e69bccdedae2f68">
      <![CDATA[org.openqa.selenium.WebDriverException: Element is not clickable at point (555, 380). Other element would receive the click: <img id="1" class="slideimage" src="/sites/all/modules/contrib/umagicpro_instructions/images/home.png" data-title="Благодарим вас за выбор YouMagic.Pro!"> (WARNING: The server did not provide any stacktrace information)
Command duration or timeout: 66 milliseconds
Build info: version: '2.26.0', revision: '18040', time: '2012-11-02 09:44:45'
System info: os.name: 'Windows 7', os.arch: 'amd64', os.version: '6.1', java.version: '1.7.0_09'
Driver info: driver.version: RemoteWebDriver
Session ID: 8fbb70b42f6d5f2c4e69bccdedae2f68
	at sun.reflect.NativeConstructorAccessorImpl.newInstance0(Native Method)
	at sun.reflect.NativeConstructorAccessorImpl.newInstance(NativeConstructorAccessorImpl.java:57)
	at sun.reflect.DelegatingConstructorAccessorImpl.newInstance(DelegatingConstructorAccessorImpl.java:45)
	at java.lang.reflect.Constructor.newInstance(Constructor.java:525)
	at org.openqa.selenium.remote.ErrorHandler.createThrowable(ErrorHandler.java:188)
	at org.openqa.selenium.remote.ErrorHandler.throwIfResponseFailed(ErrorHandler.java:145)
	at org.openqa.selenium.remote.RemoteWebDriver.execute(RemoteWebDriver.java:531)
	at org.openqa.selenium.remote.RemoteWebElement.execute(RemoteWebElement.java:246)
	at org.openqa.selenium.remote.RemoteWebElement.click(RemoteWebElement.java:79)
	at com.YouMagicPro.LKA_tests.TestBase.waitAdminPageToLoad(TestBase.java:147)
	at com.YouMagicPro.LKA_tests.BuyingAdditionalInternalNumberTextFieldTest.buyingAdditionalInternalNumberTextFieldTest_C15112(BuyingAdditionalInternalNumberTextFieldTest.java:11)
	at sun.reflect.NativeMethodAccessorImpl.invoke0(Native Method)
	at sun.reflect.NativeMethodAccessorImpl.invoke(NativeMethodAccessorImpl.java:57)
	at sun.reflect.DelegatingMethodAccessorImpl.invoke(DelegatingMethodAccessorImpl.java:43)
	at java.lang.reflect.Method.invoke(Method.java:601)
	at org.testng.internal.MethodInvocationHelper.invokeMethod(MethodInvocationHelper.java:80)
	at org.testng.internal.Invoker.invokeMethod(Invoker.java:714)
	at org.testng.internal.Invoker.invokeTestMethod(Invoker.java:901)
	at org.testng.internal.Invoker.invokeTestMethods(Invoker.java:1231)
	at org.testng.internal.TestMethodWorker.invokeTestMethods(TestMethodWorker.java:127)
	at org.testng.internal.TestMethodWorker.run(TestMethodWorker.java:111)
	at org.testng.TestRunner.privateRun(TestRunner.java:767)
	at org.testng.TestRunner.run(TestRunner.java:617)
	at org.testng.SuiteRunner.runTest(SuiteRunner.java:334)
	at org.testng.SuiteRunner.runSequentially(SuiteRunner.java:329)
	at org.testng.SuiteRunner.privateRun(SuiteRunner.java:291)
	at org.testng.SuiteRunner.run(SuiteRunner.java:240)
	at org.testng.SuiteRunnerWorker.runSuite(SuiteRunnerWorker.java:52)
	at org.testng.SuiteRunnerWorker.run(SuiteRunnerWorker.java:86)
	at org.testng.TestNG.runSuitesSequentially(TestNG.java:1198)
	at org.testng.TestNG.runSuitesLocally(TestNG.java:1123)
	at org.testng.TestNG.run(TestNG.java:1031)
	at org.apache.maven.surefire.testng.TestNGExecutor.run(TestNGExecutor.java:122)
	at org.apache.maven.surefire.testng.TestNGXmlTestSuite.execute(TestNGXmlTestSuite.java:88)
	at org.apache.maven.surefire.testng.TestNGProvider.invoke(TestNGProvider.java:104)
	at sun.reflect.NativeMethodAccessorImpl.invoke0(Native Method)
	at sun.reflect.NativeMethodAccessorImpl.invoke(NativeMethodAccessorImpl.java:57)
	at sun.reflect.DelegatingMethodAccessorImpl.invoke(DelegatingMethodAccessorImpl.java:43)
	at java.lang.reflect.Method.invoke(Method.java:601)
	at org.apache.maven.surefire.booter.ProviderFactory$ClassLoaderProxy.invoke(ProviderFactory.java:103)
	at $Proxy0.invoke(Unknown Source)
	at org.apache.maven.surefire.booter.SurefireStarter.invokeProvider(SurefireStarter.java:150)
	at org.apache.maven.surefire.booter.SurefireStarter.runSuitesInProcess(SurefireStarter.java:91)
	at org.apache.maven.surefire.booter.ForkedBooter.main(ForkedBooter.java:69)
]]>
    </failure>
  </testcase> <!-- buyingAdditionalInternalNumberTextFieldTest_C15112 -->
  <testcase name="voiceMailEmptyNameTextFieldTest_C19851" time="17.27" classname="com.YouMagicPro.LKA_tests.VoiceMenuEmptyNameTextFieldTest"/>
  <testcase name="buyingAdditionalNumberChooseCityFromList_C15103" time="17.376" classname="com.YouMagicPro.LKA_tests.BuyingAdditionalNumberChooseCityFromList"/>
  <testcase name="voiceFillNAmeTextFieldTest_C15293" time="15.44" classname="com.YouMagicPro.LKA_tests.VoiceMenuFillNAmeTextFieldTest"/>
  <testcase name="BuyingAdditionalNumberChooseNumberCategories_C15105" time="17.103" classname="com.YouMagicPro.LKA_tests.BuyingAdditionalNumberChooseNumberCategories"/>
  <testcase name="yourNumbersTest" time="20.312" classname="com.YouMagicPro.LKA_tests.YourNumbersTest"/>
  <testcase name="BuyingAdditionalNumberChooseNumbersFromList_C15106" time="17.283" classname="com.YouMagicPro.LKA_tests.BuyingAdditionalNumberChooseNumbersFromList"/>
  <testcase name="clickOnAvatarTest" time="15.328" classname="com.YouMagicPro.LKA_tests.CallForwardingPageTest"/>
  <testcase name="clickOnAvatarTest" time="14.813" classname="com.YouMagicPro.LKA_tests.ClickOnAvatarTest"/>
  <testcase name="clickOnBalanceTest" time="15.235" classname="com.YouMagicPro.LKA_tests.ClickOnBalanceTest"/>
  <testcase name="clickOnContractTest" time="15.328" classname="com.YouMagicPro.LKA_tests.ClickOnContractTest"/>
  <testcase name="clickOnDiskSpaceTest" time="14.875" classname="com.YouMagicPro.LKA_tests.ClickOnDiskSpaceTest"/>
  <testcase name="clickOnExitTest" time="13.296" classname="com.YouMagicPro.LKA_tests.ClickOnExitTest"/>
  <testcase name="clickOnIconTest" time="12.625" classname="com.YouMagicPro.LKA_tests.ClickOnIconTest"/>
  <testcase name="clickOnInternalNumbersTest" time="14.719" classname="com.YouMagicPro.LKA_tests.ClickOnInternalNumbersTest"/>
  <testcase name="clickOnPasswordChangeTest" time="15.75" classname="com.YouMagicPro.LKA_tests.ClickOnPasswordChangeTest"/>
  <testcase name="clickOnPersonalAccountTest" time="15.265" classname="com.YouMagicPro.LKA_tests.ClickOnPersonalAccountTest"/>
  <testcase name="clickOnPromoTest" time="14.953" classname="com.YouMagicPro.LKA_tests.ClickOnPromoTest"/>
  <testcase name="contractBankAccountLettersAndNumbersTest_C14496" time="15.539" classname="com.YouMagicPro.LKA_tests.ContractBankAccountLettersAndNumbersTest"/>
  <testcase name="contractBankAccountLettersInTextFieldTest_C14995" time="15.203" classname="com.YouMagicPro.LKA_tests.ContractBankAccountLettersInTextFieldTest"/>
  <testcase name="contractBankAccountOneInTextFieldTest_C14993" time="15.138" classname="com.YouMagicPro.LKA_tests.ContractBankAccountOneInTextFieldTest"/>
  <testcase name="contractBankAccountSymbolsInTextFieldTest_C14997" time="15.477" classname="com.YouMagicPro.LKA_tests.ContractBankAccountSymbolsInTextFieldTest"/>
  <testcase name="contractBankAccountTenInTextFieldTest_C14994" time="15.038" classname="com.YouMagicPro.LKA_tests.ContractBankAccountTenInTextFieldTest"/>
  <testcase name="contractBikTest1inTextField_C15022" time="14.98" classname="com.YouMagicPro.LKA_tests.ContractBik1inTextFieldTest"/>
  <testcase name="contractBikTest_C15025" time="15.116" classname="com.YouMagicPro.LKA_tests.ContractBikLettersAndNumbersInTextFieldTest"/>
  <testcase name="contractBikTestLettersInTextField_C15023" time="15.096" classname="com.YouMagicPro.LKA_tests.ContractBikLettersInTextFieldTest"/>
  <testcase name="contractBikSymbolsInTextFieldTest_C15026" time="15.337" classname="com.YouMagicPro.LKA_tests.ContractBikSymbolsInTextFieldTest"/>
  <testcase name="contractCheckDocumentTest_C14986" time="12.118" classname="com.YouMagicPro.LKA_tests.ContractCheckDocumentTest"/>
  <testcase name="contractCorAccount19NumbersTest_C15005" time="16.25" classname="com.YouMagicPro.LKA_tests.ContractCorAccount19NumbersTest"/>
  <testcase name="contractCorAccountTenInTextFieldTest_C15000" time="15.171" classname="com.YouMagicPro.LKA_tests.ContractCorAccountLettersAndNumbersTextFieldTest"/>
  <testcase name="contractCorAccountLettersInTextFieldTest_C15001" time="15.48" classname="com.YouMagicPro.LKA_tests.ContractCorAccountLettersInTextFieldTest"/>
  <testcase name="contractCorAccountOneInTextFieldTest_C14499" time="15.492" classname="com.YouMagicPro.LKA_tests.ContractCorAccountOneInTextFieldTest"/>
  <testcase name="contractCorAccountSymbolsInTextFieldTest_C15003" time="15.102" classname="com.YouMagicPro.LKA_tests.ContractCorAccountSymbolsInTextFieldTest"/>
  <testcase name="contractCorAccountTenInTextFieldTest_C15000" time="8.799" classname="com.YouMagicPro.LKA_tests.ContractCorAccountTenInTextFieldTest">
    <failure type="org.openqa.selenium.WebDriverException" message="Element is not clickable at point (868.5, 44). Other element would receive the click: &amp;lt;div class=&amp;quot;sl_head&amp;quot;&amp;gt;...&amp;lt;/div&amp;gt; (WARNING: The server did not provide any stacktrace information)
Command duration or timeout: 165 milliseconds
Build info: version: &amp;apos;2.26.0&amp;apos;, revision: &amp;apos;18040&amp;apos;, time: &amp;apos;2012-11-02 09:44:45&amp;apos;
System info: os.name: &amp;apos;Windows 7&amp;apos;, os.arch: &amp;apos;amd64&amp;apos;, os.version: &amp;apos;6.1&amp;apos;, java.version: &amp;apos;1.7.0_09&amp;apos;
Driver info: driver.version: RemoteWebDriver
Session ID: ab50733c0b10f19043721fe4475625af">
      <![CDATA[org.openqa.selenium.WebDriverException: Element is not clickable at point (868.5, 44). Other element would receive the click: <div class="sl_head">...</div> (WARNING: The server did not provide any stacktrace information)
Command duration or timeout: 165 milliseconds
Build info: version: '2.26.0', revision: '18040', time: '2012-11-02 09:44:45'
System info: os.name: 'Windows 7', os.arch: 'amd64', os.version: '6.1', java.version: '1.7.0_09'
Driver info: driver.version: RemoteWebDriver
Session ID: ab50733c0b10f19043721fe4475625af
	at sun.reflect.NativeConstructorAccessorImpl.newInstance0(Native Method)
	at sun.reflect.NativeConstructorAccessorImpl.newInstance(NativeConstructorAccessorImpl.java:57)
	at sun.reflect.DelegatingConstructorAccessorImpl.newInstance(DelegatingConstructorAccessorImpl.java:45)
	at java.lang.reflect.Constructor.newInstance(Constructor.java:525)
	at org.openqa.selenium.remote.ErrorHandler.createThrowable(ErrorHandler.java:188)
	at org.openqa.selenium.remote.ErrorHandler.throwIfResponseFailed(ErrorHandler.java:145)
	at org.openqa.selenium.remote.RemoteWebDriver.execute(RemoteWebDriver.java:531)
	at org.openqa.selenium.remote.RemoteWebElement.execute(RemoteWebElement.java:246)
	at org.openqa.selenium.remote.RemoteWebElement.click(RemoteWebElement.java:79)
	at com.YouMagicPro.LKA_tests.TestBase.waitContractPageToLoad(TestBase.java:173)
	at com.YouMagicPro.LKA_tests.ContractCorAccountTenInTextFieldTest.contractCorAccountTenInTextFieldTest_C15000(ContractCorAccountTenInTextFieldTest.java:8)
	at sun.reflect.NativeMethodAccessorImpl.invoke0(Native Method)
	at sun.reflect.NativeMethodAccessorImpl.invoke(NativeMethodAccessorImpl.java:57)
	at sun.reflect.DelegatingMethodAccessorImpl.invoke(DelegatingMethodAccessorImpl.java:43)
	at java.lang.reflect.Method.invoke(Method.java:601)
	at org.testng.internal.MethodInvocationHelper.invokeMethod(MethodInvocationHelper.java:80)
	at org.testng.internal.Invoker.invokeMethod(Invoker.java:714)
	at org.testng.internal.Invoker.invokeTestMethod(Invoker.java:901)
	at org.testng.internal.Invoker.invokeTestMethods(Invoker.java:1231)
	at org.testng.internal.TestMethodWorker.invokeTestMethods(TestMethodWorker.java:127)
	at org.testng.internal.TestMethodWorker.run(TestMethodWorker.java:111)
	at org.testng.TestRunner.privateRun(TestRunner.java:767)
	at org.testng.TestRunner.run(TestRunner.java:617)
	at org.testng.SuiteRunner.runTest(SuiteRunner.java:334)
	at org.testng.SuiteRunner.runSequentially(SuiteRunner.java:329)
	at org.testng.SuiteRunner.privateRun(SuiteRunner.java:291)
	at org.testng.SuiteRunner.run(SuiteRunner.java:240)
	at org.testng.SuiteRunnerWorker.runSuite(SuiteRunnerWorker.java:52)
	at org.testng.SuiteRunnerWorker.run(SuiteRunnerWorker.java:86)
	at org.testng.TestNG.runSuitesSequentially(TestNG.java:1198)
	at org.testng.TestNG.runSuitesLocally(TestNG.java:1123)
	at org.testng.TestNG.run(TestNG.java:1031)
	at org.apache.maven.surefire.testng.TestNGExecutor.run(TestNGExecutor.java:122)
	at org.apache.maven.surefire.testng.TestNGXmlTestSuite.execute(TestNGXmlTestSuite.java:88)
	at org.apache.maven.surefire.testng.TestNGProvider.invoke(TestNGProvider.java:104)
	at sun.reflect.NativeMethodAccessorImpl.invoke0(Native Method)
	at sun.reflect.NativeMethodAccessorImpl.invoke(NativeMethodAccessorImpl.java:57)
	at sun.reflect.DelegatingMethodAccessorImpl.invoke(DelegatingMethodAccessorImpl.java:43)
	at java.lang.reflect.Method.invoke(Method.java:601)
	at org.apache.maven.surefire.booter.ProviderFactory$ClassLoaderProxy.invoke(ProviderFactory.java:103)
	at $Proxy0.invoke(Unknown Source)
	at org.apache.maven.surefire.booter.SurefireStarter.invokeProvider(SurefireStarter.java:150)
	at org.apache.maven.surefire.booter.SurefireStarter.runSuitesInProcess(SurefireStarter.java:91)
	at org.apache.maven.surefire.booter.ForkedBooter.main(ForkedBooter.java:69)
]]>
    </failure>
  </testcase> <!-- contractCorAccountTenInTextFieldTest_C15000 -->
  <testcase name="contractEndOfPageDataTest_C15062" time="12.318" classname="com.YouMagicPro.LKA_tests.ContractEndOfPageDataTest"/>
  <testcase name="fillInContractDataTest_C14998" time="18.979" classname="com.YouMagicPro.LKA_tests.ContractFillInDataTest"/>
  <testcase name="contractInn6NumbersInTextFieldTest_C15029" time="14.176" classname="com.YouMagicPro.LKA_tests.ContractInn6NumbersInTextFieldTest"/>
  <testcase name="contractInnChooseForm_C15047" time="29.872" classname="com.YouMagicPro.LKA_tests.ContractInnChooseFormTest"/>
  <testcase name="contractInnLettersInTextFieldTest_C15030" time="14.425" classname="com.YouMagicPro.LKA_tests.ContractInnLettersInTextFieldTest"/>
  <testcase name="contractInnOneInTextFieldTest_C15028" time="13.976" classname="com.YouMagicPro.LKA_tests.ContractInnOneInTextFieldTest"/>
  <testcase name="contractInnLettersInTextFieldTest_C15030" time="14.144" classname="com.YouMagicPro.LKA_tests.ContractInnSymbolsInTextFieldTest"/>
  <testcase name="contractKppTest_C15049" time="15.174" classname="com.YouMagicPro.LKA_tests.ContractKpp6NumbersInTextFieldTest"/>
  <testcase name="contractKppTest_C15054" time="14.894" classname="com.YouMagicPro.LKA_tests.ContractKppLettersAndNumbersTest"/>
  <testcase name="contractKppTest_C15050" time="15.24" classname="com.YouMagicPro.LKA_tests.ContractKppLettersTest"/>
  <testcase name="contractKppTest_C15048" time="14.899" classname="com.YouMagicPro.LKA_tests.ContractKppOneNumberInTextFieldTest"/>
  <testcase name="contractKppTest_C15051" time="15.001" classname="com.YouMagicPro.LKA_tests.ContractKppSymbolsTest"/>
  <testcase name="contractOgrn6NumbersInTextFieldTest_C15055" time="14.874" classname="com.YouMagicPro.LKA_tests.ContractOgrn6NumbersInTextFieldTest"/>
  <testcase name="contractOgrnLettersAndNumbersInTextFieldTest_C15057" time="15.88" classname="com.YouMagicPro.LKA_tests.ContractOgrnLettersAndNumbersInTextFieldTest"/>
  <testcase name="contractOgrnLettersInTextFieldTest_C15056" time="15.697" classname="com.YouMagicPro.LKA_tests.ContractOgrnLettersInTextFieldTest"/>
  <testcase name="contractOgrnOneNumberInTextFieldTest_C15053" time="14.932" classname="com.YouMagicPro.LKA_tests.ContractOgrnOneNumberInTextFieldTest"/>
  <testcase name="contractFillBankAccountTest" time="15.044" classname="com.YouMagicPro.LKA_tests.ContractOgrnSymbolsTest"/>
  <testcase name="detalizationPageTest" time="14.844" classname="com.YouMagicPro.LKA_tests.DetalizationPageTest"/>
  <testcase name="discSpaceTest" time="9.108" classname="com.YouMagicPro.LKA_tests.DiscSpaceTest"/>
  <testcase name="employeesEditProfileTest_C15253" time="17.842" classname="com.YouMagicPro.LKA_tests.EmployeesAddEmployeeTest"/>
  <testcase name="employeesCheckInfoTest_C15252" time="14.063" classname="com.YouMagicPro.LKA_tests.EmployeesCheckInfoTest"/>
  <testcase name="employeesEditProfile2SymbolsInTextFieldTest_C15253" time="18.226" classname="com.YouMagicPro.LKA_tests.EmployeesEditProfile2SymbolsInTextFieldTest"/>
  <testcase name="employeesEditProfile3SymbolsInTextFieldTest_C15256" time="17.762" classname="com.YouMagicPro.LKA_tests.EmployeesEditProfile3SymbolsInTextFieldTest"/>
  <testcase name="employeesEditProfileFillInDataTest_C15253" time="23.052" classname="com.YouMagicPro.LKA_tests.EmployeesEditProfileFillInDataTest"/>
  <testcase name="employeesEditProfileTest_C15253" time="17.482" classname="com.YouMagicPro.LKA_tests.EmployeesEditProfileTest"/>
  <testcase name="expenseStructureAdditionalNumbersFeeTest_C15096" time="11.229" classname="com.YouMagicPro.LKA_tests.ExpenseStructureAdditionalNumbersFeeTest">
    <failure type="org.openqa.selenium.WebDriverException" message="Element is not clickable at point (868.5, 44). Other element would receive the click: &amp;lt;div class=&amp;quot;sl_head&amp;quot;&amp;gt;...&amp;lt;/div&amp;gt; (WARNING: The server did not provide any stacktrace information)
Command duration or timeout: 136 milliseconds
Build info: version: &amp;apos;2.26.0&amp;apos;, revision: &amp;apos;18040&amp;apos;, time: &amp;apos;2012-11-02 09:44:45&amp;apos;
System info: os.name: &amp;apos;Windows 7&amp;apos;, os.arch: &amp;apos;amd64&amp;apos;, os.version: &amp;apos;6.1&amp;apos;, java.version: &amp;apos;1.7.0_09&amp;apos;
Driver info: driver.version: RemoteWebDriver
Session ID: afe284b7580b301f57eead624524c263">
      <![CDATA[org.openqa.selenium.WebDriverException: Element is not clickable at point (868.5, 44). Other element would receive the click: <div class="sl_head">...</div> (WARNING: The server did not provide any stacktrace information)
Command duration or timeout: 136 milliseconds
Build info: version: '2.26.0', revision: '18040', time: '2012-11-02 09:44:45'
System info: os.name: 'Windows 7', os.arch: 'amd64', os.version: '6.1', java.version: '1.7.0_09'
Driver info: driver.version: RemoteWebDriver
Session ID: afe284b7580b301f57eead624524c263
	at sun.reflect.NativeConstructorAccessorImpl.newInstance0(Native Method)
	at sun.reflect.NativeConstructorAccessorImpl.newInstance(NativeConstructorAccessorImpl.java:57)
	at sun.reflect.DelegatingConstructorAccessorImpl.newInstance(DelegatingConstructorAccessorImpl.java:45)
	at java.lang.reflect.Constructor.newInstance(Constructor.java:525)
	at org.openqa.selenium.remote.ErrorHandler.createThrowable(ErrorHandler.java:188)
	at org.openqa.selenium.remote.ErrorHandler.throwIfResponseFailed(ErrorHandler.java:145)
	at org.openqa.selenium.remote.RemoteWebDriver.execute(RemoteWebDriver.java:531)
	at org.openqa.selenium.remote.RemoteWebElement.execute(RemoteWebElement.java:246)
	at org.openqa.selenium.remote.RemoteWebElement.click(RemoteWebElement.java:79)
	at com.YouMagicPro.LKA_tests.TestBase.waitAdminPageToLoad(TestBase.java:146)
	at com.YouMagicPro.LKA_tests.ExpenseStructureAdditionalNumbersFeeTest.expenseStructureAdditionalNumbersFeeTest_C15096(ExpenseStructureAdditionalNumbersFeeTest.java:11)
	at sun.reflect.NativeMethodAccessorImpl.invoke0(Native Method)
	at sun.reflect.NativeMethodAccessorImpl.invoke(NativeMethodAccessorImpl.java:57)
	at sun.reflect.DelegatingMethodAccessorImpl.invoke(DelegatingMethodAccessorImpl.java:43)
	at java.lang.reflect.Method.invoke(Method.java:601)
	at org.testng.internal.MethodInvocationHelper.invokeMethod(MethodInvocationHelper.java:80)
	at org.testng.internal.Invoker.invokeMethod(Invoker.java:714)
	at org.testng.internal.Invoker.invokeTestMethod(Invoker.java:901)
	at org.testng.internal.Invoker.invokeTestMethods(Invoker.java:1231)
	at org.testng.internal.TestMethodWorker.invokeTestMethods(TestMethodWorker.java:127)
	at org.testng.internal.TestMethodWorker.run(TestMethodWorker.java:111)
	at org.testng.TestRunner.privateRun(TestRunner.java:767)
	at org.testng.TestRunner.run(TestRunner.java:617)
	at org.testng.SuiteRunner.runTest(SuiteRunner.java:334)
	at org.testng.SuiteRunner.runSequentially(SuiteRunner.java:329)
	at org.testng.SuiteRunner.privateRun(SuiteRunner.java:291)
	at org.testng.SuiteRunner.run(SuiteRunner.java:240)
	at org.testng.SuiteRunnerWorker.runSuite(SuiteRunnerWorker.java:52)
	at org.testng.SuiteRunnerWorker.run(SuiteRunnerWorker.java:86)
	at org.testng.TestNG.runSuitesSequentially(TestNG.java:1198)
	at org.testng.TestNG.runSuitesLocally(TestNG.java:1123)
	at org.testng.TestNG.run(TestNG.java:1031)
	at org.apache.maven.surefire.testng.TestNGExecutor.run(TestNGExecutor.java:122)
	at org.apache.maven.surefire.testng.TestNGXmlTestSuite.execute(TestNGXmlTestSuite.java:88)
	at org.apache.maven.surefire.testng.TestNGProvider.invoke(TestNGProvider.java:104)
	at sun.reflect.NativeMethodAccessorImpl.invoke0(Native Method)
	at sun.reflect.NativeMethodAccessorImpl.invoke(NativeMethodAccessorImpl.java:57)
	at sun.reflect.DelegatingMethodAccessorImpl.invoke(DelegatingMethodAccessorImpl.java:43)
	at java.lang.reflect.Method.invoke(Method.java:601)
	at org.apache.maven.surefire.booter.ProviderFactory$ClassLoaderProxy.invoke(ProviderFactory.java:103)
	at $Proxy0.invoke(Unknown Source)
	at org.apache.maven.surefire.booter.SurefireStarter.invokeProvider(SurefireStarter.java:150)
	at org.apache.maven.surefire.booter.SurefireStarter.runSuitesInProcess(SurefireStarter.java:91)
	at org.apache.maven.surefire.booter.ForkedBooter.main(ForkedBooter.java:69)
]]>
    </failure>
  </testcase> <!-- expenseStructureAdditionalNumbersFeeTest_C15096 -->
  <testcase name="expenseStructureChooseAdditionalNumbersTest_C15100" time="11.537" classname="com.YouMagicPro.LKA_tests.ExpenseStructureChooseAdditionalNumbersTest"/>
  <testcase name="expenseStructureChooseIntNumbersPageTest_C15102" time="16.611" classname="com.YouMagicPro.LKA_tests.ExpenseStructureChooseIntNumbersPageTest"/>
  <testcase name="expenseStructureInternalNumbersFeeTest_C15101" time="9.202" classname="com.YouMagicPro.LKA_tests.ExpenseStructureInternalNumbersFeeTest"/>
  <testcase name="expenseStructureRentalFeeTest_C15096" time="9.135" classname="com.YouMagicPro.LKA_tests.ExpenseStructureRentalFeeTest"/>
  <testcase name="faxPageTest" time="16.984" classname="com.YouMagicPro.LKA_tests.FaxPageTest"/>
  <testcase name="feedbackPageTest" time="17.391" classname="com.YouMagicPro.LKA_tests.FeedbackPageTest"/>
  <testcase name="filesFreeSpaceTest" time="16.281" classname="com.YouMagicPro.LKA_tests.FilesFreeSpacePageTest"/>
  <testcase name="notificationsCheckFieldsTest_C15141" time="10.986" classname="com.YouMagicPro.LKA_tests.NotificationsCheckFieldsTest">
    <failure type="org.openqa.selenium.WebDriverException" message="Element is not clickable at point (118.5, 506). Other element would receive the click: &amp;lt;div class=&amp;quot;snoska&amp;quot;&amp;gt;...&amp;lt;/div&amp;gt; (WARNING: The server did not provide any stacktrace information)
Command duration or timeout: 67 milliseconds
Build info: version: &amp;apos;2.26.0&amp;apos;, revision: &amp;apos;18040&amp;apos;, time: &amp;apos;2012-11-02 09:44:45&amp;apos;
System info: os.name: &amp;apos;Windows 7&amp;apos;, os.arch: &amp;apos;amd64&amp;apos;, os.version: &amp;apos;6.1&amp;apos;, java.version: &amp;apos;1.7.0_09&amp;apos;
Driver info: driver.version: RemoteWebDriver
Session ID: 736f97e3bda1591d5dc7ecc76cfe9986">
      <![CDATA[org.openqa.selenium.WebDriverException: Element is not clickable at point (118.5, 506). Other element would receive the click: <div class="snoska">...</div> (WARNING: The server did not provide any stacktrace information)
Command duration or timeout: 67 milliseconds
Build info: version: '2.26.0', revision: '18040', time: '2012-11-02 09:44:45'
System info: os.name: 'Windows 7', os.arch: 'amd64', os.version: '6.1', java.version: '1.7.0_09'
Driver info: driver.version: RemoteWebDriver
Session ID: 736f97e3bda1591d5dc7ecc76cfe9986
	at sun.reflect.NativeConstructorAccessorImpl.newInstance0(Native Method)
	at sun.reflect.NativeConstructorAccessorImpl.newInstance(NativeConstructorAccessorImpl.java:57)
	at sun.reflect.DelegatingConstructorAccessorImpl.newInstance(DelegatingConstructorAccessorImpl.java:45)
	at java.lang.reflect.Constructor.newInstance(Constructor.java:525)
	at org.openqa.selenium.remote.ErrorHandler.createThrowable(ErrorHandler.java:188)
	at org.openqa.selenium.remote.ErrorHandler.throwIfResponseFailed(ErrorHandler.java:145)
	at org.openqa.selenium.remote.RemoteWebDriver.execute(RemoteWebDriver.java:531)
	at org.openqa.selenium.remote.RemoteWebElement.execute(RemoteWebElement.java:246)
	at org.openqa.selenium.remote.RemoteWebElement.click(RemoteWebElement.java:79)
	at com.YouMagicPro.LKA_tests.NotificationsCheckFieldsTest.notificationsCheckFieldsTest_C15141(NotificationsCheckFieldsTest.java:20)
	at sun.reflect.NativeMethodAccessorImpl.invoke0(Native Method)
	at sun.reflect.NativeMethodAccessorImpl.invoke(NativeMethodAccessorImpl.java:57)
	at sun.reflect.DelegatingMethodAccessorImpl.invoke(DelegatingMethodAccessorImpl.java:43)
	at java.lang.reflect.Method.invoke(Method.java:601)
	at org.testng.internal.MethodInvocationHelper.invokeMethod(MethodInvocationHelper.java:80)
	at org.testng.internal.Invoker.invokeMethod(Invoker.java:714)
	at org.testng.internal.Invoker.invokeTestMethod(Invoker.java:901)
	at org.testng.internal.Invoker.invokeTestMethods(Invoker.java:1231)
	at org.testng.internal.TestMethodWorker.invokeTestMethods(TestMethodWorker.java:127)
	at org.testng.internal.TestMethodWorker.run(TestMethodWorker.java:111)
	at org.testng.TestRunner.privateRun(TestRunner.java:767)
	at org.testng.TestRunner.run(TestRunner.java:617)
	at org.testng.SuiteRunner.runTest(SuiteRunner.java:334)
	at org.testng.SuiteRunner.runSequentially(SuiteRunner.java:329)
	at org.testng.SuiteRunner.privateRun(SuiteRunner.java:291)
	at org.testng.SuiteRunner.run(SuiteRunner.java:240)
	at org.testng.SuiteRunnerWorker.runSuite(SuiteRunnerWorker.java:52)
	at org.testng.SuiteRunnerWorker.run(SuiteRunnerWorker.java:86)
	at org.testng.TestNG.runSuitesSequentially(TestNG.java:1198)
	at org.testng.TestNG.runSuitesLocally(TestNG.java:1123)
	at org.testng.TestNG.run(TestNG.java:1031)
	at org.apache.maven.surefire.testng.TestNGExecutor.run(TestNGExecutor.java:122)
	at org.apache.maven.surefire.testng.TestNGXmlTestSuite.execute(TestNGXmlTestSuite.java:88)
	at org.apache.maven.surefire.testng.TestNGProvider.invoke(TestNGProvider.java:104)
	at sun.reflect.NativeMethodAccessorImpl.invoke0(Native Method)
	at sun.reflect.NativeMethodAccessorImpl.invoke(NativeMethodAccessorImpl.java:57)
	at sun.reflect.DelegatingMethodAccessorImpl.invoke(DelegatingMethodAccessorImpl.java:43)
	at java.lang.reflect.Method.invoke(Method.java:601)
	at org.apache.maven.surefire.booter.ProviderFactory$ClassLoaderProxy.invoke(ProviderFactory.java:103)
	at $Proxy0.invoke(Unknown Source)
	at org.apache.maven.surefire.booter.SurefireStarter.invokeProvider(SurefireStarter.java:150)
	at org.apache.maven.surefire.booter.SurefireStarter.runSuitesInProcess(SurefireStarter.java:91)
	at org.apache.maven.surefire.booter.ForkedBooter.main(ForkedBooter.java:69)
]]>
    </failure>
  </testcase> <!-- notificationsCheckFieldsTest_C15141 -->
  <testcase name="orderByEmailCancelButtonTest_C15141" time="10.426" classname="com.YouMagicPro.LKA_tests.OrderByEmailCancelButtonTest"/>
  <testcase name="orderByEmailChangeEmailTest_C25653" time="11.12" classname="com.YouMagicPro.LKA_tests.OrderByEmailChangeEmailTest"/>
  <testcase name="orderByEmailChangeNameTest_C25671" time="10.984" classname="com.YouMagicPro.LKA_tests.OrderByEmailChangeNameTest"/>
  <testcase name="orderByEmailOrderWithoutDocTypeCheckedTest_C25656" time="12.68" classname="com.YouMagicPro.LKA_tests.OrderByEmailOrderWithoutDocTypeCheckedTest"/>
  <testcase name="orderByPickUpCancelButtonTest_C25664" time="10.982" classname="com.YouMagicPro.LKA_tests.OrderByPickUpCancelButtonTest"/>
  <testcase name="orderByPickUpChangeNameTest_C25668" time="11.494" classname="com.YouMagicPro.LKA_tests.OrderByPickUpChangeNameTest"/>
  <testcase name="OrderByPickUpChangePhoneTest_C25666" time="11.048" classname="com.YouMagicPro.LKA_tests.OrderByPickUpChangePhoneTest"/>
  <testcase name="orderByPickUpOrderWithoutDocTypeCheckedTest_C25663" time="12.762" classname="com.YouMagicPro.LKA_tests.OrderByPickUpOrderWithoutDocTypeCheckedTest"/>
  <testcase name="orderDeliveryOfContractCancelButtonTest" time="10.971" classname="com.YouMagicPro.LKA_tests.OrderDeliveryOfContractCancelButtonTest"/>
  <testcase name="expenseStructureTest" time="10.918" classname="com.YouMagicPro.LKA_tests.OrderDeliveryOfContractDropdownListTest"/>
  <testcase name="orderToAdressCancelButtonClickTest_C25675" time="16.68" classname="com.YouMagicPro.LKA_tests.OrderToAdressCancelButtonClickTest"/>
  <testcase name="orderToAdressChangeNameTest_C25672" time="11.041" classname="com.YouMagicPro.LKA_tests.OrderToAdressChangeNameTest"/>
  <testcase name="orderToAdressChangePhoneTest_C25677" time="11.09" classname="com.YouMagicPro.LKA_tests.OrderToAdressChangePhoneTest"/>
  <testcase name="OrderToAdressNoTextFieldFilledTest_C25679" time="13.038" classname="com.YouMagicPro.LKA_tests.OrderToAdressNoTextFieldFilledTest">
    <failure type="java.lang.AssertionError" message="expected [На вашем балансе недостаточно денег для совершения данной операции. Пожалуйста, пополните счет.] but found [Вы находитесь в состоянии финансовой блокировки. Пожалуйста, пополните счет.]">
      <![CDATA[java.lang.AssertionError: expected [На вашем балансе недостаточно денег для совершения данной операции. Пожалуйста, пополните счет.] but found [Вы находитесь в состоянии финансовой блокировки. Пожалуйста, пополните счет.]
	at org.testng.Assert.fail(Assert.java:94)
	at org.testng.Assert.failNotEquals(Assert.java:494)
	at org.testng.Assert.assertEquals(Assert.java:123)
	at org.testng.Assert.assertEquals(Assert.java:165)
	at com.YouMagicPro.LKA_tests.TestBase.assertEquals(TestBase.java:51)
	at com.YouMagicPro.LKA_tests.OrderToAdressNoTextFieldFilledTest.OrderToAdressNoTextFieldFilledTest_C25679(OrderToAdressNoTextFieldFilledTest.java:18)
	at sun.reflect.NativeMethodAccessorImpl.invoke0(Native Method)
	at sun.reflect.NativeMethodAccessorImpl.invoke(NativeMethodAccessorImpl.java:57)
	at sun.reflect.DelegatingMethodAccessorImpl.invoke(DelegatingMethodAccessorImpl.java:43)
	at java.lang.reflect.Method.invoke(Method.java:601)
	at org.testng.internal.MethodInvocationHelper.invokeMethod(MethodInvocationHelper.java:80)
	at org.testng.internal.Invoker.invokeMethod(Invoker.java:714)
	at org.testng.internal.Invoker.invokeTestMethod(Invoker.java:901)
	at org.testng.internal.Invoker.invokeTestMethods(Invoker.java:1231)
	at org.testng.internal.TestMethodWorker.invokeTestMethods(TestMethodWorker.java:127)
	at org.testng.internal.TestMethodWorker.run(TestMethodWorker.java:111)
	at org.testng.TestRunner.privateRun(TestRunner.java:767)
	at org.testng.TestRunner.run(TestRunner.java:617)
	at org.testng.SuiteRunner.runTest(SuiteRunner.java:334)
	at org.testng.SuiteRunner.runSequentially(SuiteRunner.java:329)
	at org.testng.SuiteRunner.privateRun(SuiteRunner.java:291)
	at org.testng.SuiteRunner.run(SuiteRunner.java:240)
	at org.testng.SuiteRunnerWorker.runSuite(SuiteRunnerWorker.java:52)
	at org.testng.SuiteRunnerWorker.run(SuiteRunnerWorker.java:86)
	at org.testng.TestNG.runSuitesSequentially(TestNG.java:1198)
	at org.testng.TestNG.runSuitesLocally(TestNG.java:1123)
	at org.testng.TestNG.run(TestNG.java:1031)
	at org.apache.maven.surefire.testng.TestNGExecutor.run(TestNGExecutor.java:122)
	at org.apache.maven.surefire.testng.TestNGXmlTestSuite.execute(TestNGXmlTestSuite.java:88)
	at org.apache.maven.surefire.testng.TestNGProvider.invoke(TestNGProvider.java:104)
	at sun.reflect.NativeMethodAccessorImpl.invoke0(Native Method)
	at sun.reflect.NativeMethodAccessorImpl.invoke(NativeMethodAccessorImpl.java:57)
	at sun.reflect.DelegatingMethodAccessorImpl.invoke(DelegatingMethodAccessorImpl.java:43)
	at java.lang.reflect.Method.invoke(Method.java:601)
	at org.apache.maven.surefire.booter.ProviderFactory$ClassLoaderProxy.invoke(ProviderFactory.java:103)
	at $Proxy0.invoke(Unknown Source)
	at org.apache.maven.surefire.booter.SurefireStarter.invokeProvider(SurefireStarter.java:150)
	at org.apache.maven.surefire.booter.SurefireStarter.runSuitesInProcess(SurefireStarter.java:91)
	at org.apache.maven.surefire.booter.ForkedBooter.main(ForkedBooter.java:69)
]]>
    </failure>
  </testcase> <!-- OrderToAdressNoTextFieldFilledTest_C25679 -->
  <testcase name="soundFilesTest" time="14.438" classname="com.YouMagicPro.LKA_tests.PaymentsPageTest"/>
  <testcase name="soundFilesTest" time="20.375" classname="com.YouMagicPro.LKA_tests.SoundFilesPageTest"/>
  <testcase name="SupportPhoneTest_C25679" time="12.61" classname="com.YouMagicPro.LKA_tests.SupportPhoneTest"/>
</testsuite> <!-- com.LKA_tests -->
