<html>
<head>
<title>TestNG:  com.LKA_tests</title>
<link href="../testng.css" rel="stylesheet" type="text/css" />
<link href="../my-testng.css" rel="stylesheet" type="text/css" />

<style type="text/css">
.log { display: none;} 
.stack-trace { display: none;} 
</style>
<script type="text/javascript">
<!--
function flip(e) {
  current = e.style.display;
  if (current == 'block') {
    e.style.display = 'none';
    return 0;
  }
  else {
    e.style.display = 'block';
    return 1;
  }
}

function toggleBox(szDivId, elem, msg1, msg2)
{
  var res = -1;  if (document.getElementById) {
    res = flip(document.getElementById(szDivId));
  }
  else if (document.all) {
    // this is the way old msie versions work
    res = flip(document.all[szDivId]);
  }
  if(elem) {
    if(res == 0) elem.innerHTML = msg1; else elem.innerHTML = msg2;
  }

}

function toggleAllBoxes() {
  if (document.getElementsByTagName) {
    d = document.getElementsByTagName('div');
    for (i = 0; i < d.length; i++) {
      if (d[i].className == 'log') {
        flip(d[i]);
      }
    }
  }
}

// -->
</script>

</head>
<body>
<h2 align='center'>com.LKA_tests</h2><table border='1' align="center">
<tr>
<td>Tests passed/Failed/Skipped:</td><td>88/5/0</td>
</tr><tr>
<td>Started on:</td><td>Wed Nov 21 09:51:44 MSK 2012</td>
</tr>
<tr><td>Total time:</td><td>2377 seconds (2377303 ms)</td>
</tr><tr>
<td>Included groups:</td><td></td>
</tr><tr>
<td>Excluded groups:</td><td></td>
</tr>
</table><p/>
<small><i>(Hover the method name to see the test class name)</i></small><p/>
<table width='100%' border='1' class='invocation-failed'>
<tr><td colspan='4' align='center'><b>FAILED TESTS</b></td></tr>
<tr><td><b>Test method</b></td>
<td width="30%"><b>Exception</b></td>
<td width="10%"><b>Time (seconds)</b></td>
<td><b>Instance</b></td>
</tr>
<tr>
<td title='com.YouMagicPro.LKA_tests.OrderByPickUpChangePhoneTest.OrderByPickUpChangePhoneTest_C25666()'><b>OrderByPickUpChangePhoneTest_C25666</b><br>Test class: com.YouMagicPro.LKA_tests.OrderByPickUpChangePhoneTest</td>
<td><div><pre>org.openqa.selenium.WebDriverException: Element is not clickable at point (0, 0) (WARNING: The server did not provide any stacktrace information)
Command duration or timeout: 33 milliseconds
Build info: version: &apos;2.26.0&apos;, revision: &apos;18040&apos;, time: &apos;2012-11-02 09:44:45&apos;
System info: os.name: &apos;Windows 7&apos;, os.arch: &apos;amd64&apos;, os.version: &apos;6.1&apos;, java.version: &apos;1.7.0_05&apos;
Driver info: driver.version: RemoteWebDriver
Session ID: 72f0d768e30d94f0c2a1539f3930085a
	at sun.reflect.NativeConstructorAccessorImpl.newInstance0(Native Method)
	at sun.reflect.NativeConstructorAccessorImpl.newInstance(NativeConstructorAccessorImpl.java:57)
	at sun.reflect.DelegatingConstructorAccessorImpl.newInstance(DelegatingConstructorAccessorImpl.java:45)
	at java.lang.reflect.Constructor.newInstance(Constructor.java:525)
	at org.openqa.selenium.remote.ErrorHandler.createThrowable(ErrorHandler.java:188)
	at org.openqa.selenium.remote.ErrorHandler.throwIfResponseFailed(ErrorHandler.java:145)
	at org.openqa.selenium.remote.RemoteWebDriver.execute(RemoteWebDriver.java:531)
	at org.openqa.selenium.remote.RemoteWebElement.execute(RemoteWebElement.java:246)
	at org.openqa.selenium.remote.RemoteWebElement.click(RemoteWebElement.java:79)
	at com.YouMagicPro.LKA_tests.TestBase.waitAdminPageToLoadSecondAccount(TestBase.java:120)
	at com.YouMagicPro.LKA_tests.OrderByPickUpChangePhoneTest.OrderByPickUpChangePhoneTest_C25666(OrderByPickUpChangePhoneTest.java:11)
	at sun.reflect.NativeMethodAccessorImpl.invoke0(Native Method)
	at sun.reflect.NativeMethodAccessorImpl.invoke(NativeMethodAccessorImpl.java:57)
	at sun.reflect.DelegatingMethodAccessorImpl.invoke(DelegatingMethodAccessorImpl.java:43)
	at java.lang.reflect.Method.invoke(Method.java:601)
	at org.testng.internal.MethodInvocationHelper.invokeMethod(MethodInvocationHelper.java:80)
	at org.testng.internal.Invoker.invokeMethod(Invoker.java:714)
	at org.testng.internal.Invoker.invokeTestMethod(Invoker.java:901)
	at org.testng.internal.Invoker.invokeTestMethods(Invoker.java:1231)
	at org.testng.internal.TestMethodWorker.invokeTestMethods(TestMethodWorker.java:127)
	at org.testng.internal.TestMethodWorker.run(TestMethodWorker.java:111)
	at org.testng.TestRunner.privateRun(TestRunner.java:767)
	at org.testng.TestRunner.run(TestRunner.java:617)
	at org.testng.SuiteRunner.runTest(SuiteRunner.java:334)
	at org.testng.SuiteRunner.runSequentially(SuiteRunner.java:329)
	at org.testng.SuiteRunner.privateRun(SuiteRunner.java:291)
	at org.testng.SuiteRunner.run(SuiteRunner.java:240)
	at org.testng.SuiteRunnerWorker.runSuite(SuiteRunnerWorker.java:52)
	at org.testng.SuiteRunnerWorker.run(SuiteRunnerWorker.java:86)
	at org.testng.TestNG.runSuitesSequentially(TestNG.java:1198)
	at org.testng.TestNG.runSuitesLocally(TestNG.java:1123)
	at org.testng.TestNG.run(TestNG.java:1031)
	at org.apache.maven.surefire.testng.TestNGExecutor.run(TestNGExecutor.java:122)
	at org.apache.maven.surefire.testng.TestNGXmlTestSuite.execute(TestNGXmlTestSuite.java:88)
	at org.apache.maven.surefire.testng.TestNGProvider.invoke(TestNGProvider.java:104)
	at sun.reflect.NativeMethodAccessorImpl.invoke0(Native Method)
	at sun.reflect.NativeMethodAccessorImpl.invoke(NativeMethodAccessorImpl.java:57)
	at sun.reflect.DelegatingMethodAccessorImpl.invoke(DelegatingMethodAccessorImpl.java:43)
	at java.lang.reflect.Method.invoke(Method.java:601)
	at org.apache.maven.surefire.booter.ProviderFactory$ClassLoaderProxy.invoke(ProviderFactory.java:103)
	at $Proxy0.invoke(Unknown Source)
	at org.apache.maven.surefire.booter.SurefireStarter.invokeProvider(SurefireStarter.java:150)
	at org.apache.maven.surefire.booter.SurefireStarter.runSuitesInProcess(SurefireStarter.java:91)
	at org.apache.maven.surefire.booter.ForkedBooter.main(ForkedBooter.java:69)
</pre></div><a href='#' onClick='toggleBox("stack-trace1084158519", this, "Click to show all stack frames", "Click to hide stack frames")'>Click to show all stack frames</a>
<div class='stack-trace' id='stack-trace1084158519'><pre>org.openqa.selenium.WebDriverException: Element is not clickable at point (0, 0) (WARNING: The server did not provide any stacktrace information)
Command duration or timeout: 33 milliseconds
Build info: version: &apos;2.26.0&apos;, revision: &apos;18040&apos;, time: &apos;2012-11-02 09:44:45&apos;
System info: os.name: &apos;Windows 7&apos;, os.arch: &apos;amd64&apos;, os.version: &apos;6.1&apos;, java.version: &apos;1.7.0_05&apos;
Driver info: driver.version: RemoteWebDriver
Session ID: 72f0d768e30d94f0c2a1539f3930085a
	at sun.reflect.NativeConstructorAccessorImpl.newInstance0(Native Method)
	at sun.reflect.NativeConstructorAccessorImpl.newInstance(NativeConstructorAccessorImpl.java:57)
	at sun.reflect.DelegatingConstructorAccessorImpl.newInstance(DelegatingConstructorAccessorImpl.java:45)
	at java.lang.reflect.Constructor.newInstance(Constructor.java:525)
	at org.openqa.selenium.remote.ErrorHandler.createThrowable(ErrorHandler.java:188)
	at org.openqa.selenium.remote.ErrorHandler.throwIfResponseFailed(ErrorHandler.java:145)
	at org.openqa.selenium.remote.RemoteWebDriver.execute(RemoteWebDriver.java:531)
	at org.openqa.selenium.remote.RemoteWebElement.execute(RemoteWebElement.java:246)
	at org.openqa.selenium.remote.RemoteWebElement.click(RemoteWebElement.java:79)
	at com.YouMagicPro.LKA_tests.TestBase.waitAdminPageToLoadSecondAccount(TestBase.java:120)
	at com.YouMagicPro.LKA_tests.OrderByPickUpChangePhoneTest.OrderByPickUpChangePhoneTest_C25666(OrderByPickUpChangePhoneTest.java:11)
	at sun.reflect.NativeMethodAccessorImpl.invoke0(Native Method)
	at sun.reflect.NativeMethodAccessorImpl.invoke(NativeMethodAccessorImpl.java:57)
	at sun.reflect.DelegatingMethodAccessorImpl.invoke(DelegatingMethodAccessorImpl.java:43)
	at java.lang.reflect.Method.invoke(Method.java:601)
	at org.testng.internal.MethodInvocationHelper.invokeMethod(MethodInvocationHelper.java:80)
	at org.testng.internal.Invoker.invokeMethod(Invoker.java:714)
	at org.testng.internal.Invoker.invokeTestMethod(Invoker.java:901)
	at org.testng.internal.Invoker.invokeTestMethods(Invoker.java:1231)
	at org.testng.internal.TestMethodWorker.invokeTestMethods(TestMethodWorker.java:127)
	at org.testng.internal.TestMethodWorker.run(TestMethodWorker.java:111)
	at org.testng.TestRunner.privateRun(TestRunner.java:767)
	at org.testng.TestRunner.run(TestRunner.java:617)
	at org.testng.SuiteRunner.runTest(SuiteRunner.java:334)
	at org.testng.SuiteRunner.runSequentially(SuiteRunner.java:329)
	at org.testng.SuiteRunner.privateRun(SuiteRunner.java:291)
	at org.testng.SuiteRunner.run(SuiteRunner.java:240)
	at org.testng.SuiteRunnerWorker.runSuite(SuiteRunnerWorker.java:52)
	at org.testng.SuiteRunnerWorker.run(SuiteRunnerWorker.java:86)
	at org.testng.TestNG.runSuitesSequentially(TestNG.java:1198)
	at org.testng.TestNG.runSuitesLocally(TestNG.java:1123)
	at org.testng.TestNG.run(TestNG.java:1031)
	at org.apache.maven.surefire.testng.TestNGExecutor.run(TestNGExecutor.java:122)
	at org.apache.maven.surefire.testng.TestNGXmlTestSuite.execute(TestNGXmlTestSuite.java:88)
	at org.apache.maven.surefire.testng.TestNGProvider.invoke(TestNGProvider.java:104)
	at sun.reflect.NativeMethodAccessorImpl.invoke0(Native Method)
	at sun.reflect.NativeMethodAccessorImpl.invoke(NativeMethodAccessorImpl.java:57)
	at sun.reflect.DelegatingMethodAccessorImpl.invoke(DelegatingMethodAccessorImpl.java:43)
	at java.lang.reflect.Method.invoke(Method.java:601)
	at org.apache.maven.surefire.booter.ProviderFactory$ClassLoaderProxy.invoke(ProviderFactory.java:103)
	at $Proxy0.invoke(Unknown Source)
	at org.apache.maven.surefire.booter.SurefireStarter.invokeProvider(SurefireStarter.java:150)
	at org.apache.maven.surefire.booter.SurefireStarter.runSuitesInProcess(SurefireStarter.java:91)
	at org.apache.maven.surefire.booter.ForkedBooter.main(ForkedBooter.java:69)
</pre></div></td>
<td>5</td>
<td>com.YouMagicPro.LKA_tests.OrderByPickUpChangePhoneTest@1a91dd8c</td></tr>
<tr>
<td title='com.YouMagicPro.LKA_tests.AddAndDeleteMenusTest.addAndDeleteMenusTest()'><b>addAndDeleteMenusTest</b><br>Test class: com.YouMagicPro.LKA_tests.AddAndDeleteMenusTest</td>
<td><div><pre>com.thoughtworks.selenium.SeleniumException: ERROR: Element //div[3]/div[2]/a/span not found
	at com.thoughtworks.selenium.HttpCommandProcessor.throwAssertionFailureExceptionOrError(HttpCommandProcessor.java:112)
	at com.thoughtworks.selenium.HttpCommandProcessor.doCommand(HttpCommandProcessor.java:106)
	at com.thoughtworks.selenium.DefaultSelenium.click(DefaultSelenium.java:193)
	at com.YouMagicPro.LKA_tests.AddAndDeleteMenusTest.addAndDeleteMenusTest(AddAndDeleteMenusTest.java:26)
	at sun.reflect.NativeMethodAccessorImpl.invoke0(Native Method)
	at sun.reflect.NativeMethodAccessorImpl.invoke(NativeMethodAccessorImpl.java:57)
	at sun.reflect.DelegatingMethodAccessorImpl.invoke(DelegatingMethodAccessorImpl.java:43)
	at java.lang.reflect.Method.invoke(Method.java:601)
	at org.testng.internal.MethodInvocationHelper.invokeMethod(MethodInvocationHelper.java:80)
	at org.testng.internal.Invoker.invokeMethod(Invoker.java:714)
	at org.testng.internal.Invoker.invokeTestMethod(Invoker.java:901)
	at org.testng.internal.Invoker.invokeTestMethods(Invoker.java:1231)
	at org.testng.internal.TestMethodWorker.invokeTestMethods(TestMethodWorker.java:127)
	at org.testng.internal.TestMethodWorker.run(TestMethodWorker.java:111)
	at org.testng.TestRunner.privateRun(TestRunner.java:767)
	at org.testng.TestRunner.run(TestRunner.java:617)
	at org.testng.SuiteRunner.runTest(SuiteRunner.java:334)
	at org.testng.SuiteRunner.runSequentially(SuiteRunner.java:329)
	at org.testng.SuiteRunner.privateRun(SuiteRunner.java:291)
	at org.testng.SuiteRunner.run(SuiteRunner.java:240)
	at org.testng.SuiteRunnerWorker.runSuite(SuiteRunnerWorker.java:52)
	at org.testng.SuiteRunnerWorker.run(SuiteRunnerWorker.java:86)
	at org.testng.TestNG.runSuitesSequentially(TestNG.java:1198)
	at org.testng.TestNG.runSuitesLocally(TestNG.java:1123)
	at org.testng.TestNG.run(TestNG.java:1031)
	at org.apache.maven.surefire.testng.TestNGExecutor.run(TestNGExecutor.java:122)
	at org.apache.maven.surefire.testng.TestNGXmlTestSuite.execute(TestNGXmlTestSuite.java:88)
	at org.apache.maven.surefire.testng.TestNGProvider.invoke(TestNGProvider.java:104)
	at sun.reflect.NativeMethodAccessorImpl.invoke0(Native Method)
	at sun.reflect.NativeMethodAccessorImpl.invoke(NativeMethodAccessorImpl.java:57)
	at sun.reflect.DelegatingMethodAccessorImpl.invoke(DelegatingMethodAccessorImpl.java:43)
	at java.lang.reflect.Method.invoke(Method.java:601)
	at org.apache.maven.surefire.booter.ProviderFactory$ClassLoaderProxy.invoke(ProviderFactory.java:103)
	at $Proxy0.invoke(Unknown Source)
	at org.apache.maven.surefire.booter.SurefireStarter.invokeProvider(SurefireStarter.java:150)
	at org.apache.maven.surefire.booter.SurefireStarter.runSuitesInProcess(SurefireStarter.java:91)
	at org.apache.maven.surefire.booter.ForkedBooter.main(ForkedBooter.java:69)
</pre></div><a href='#' onClick='toggleBox("stack-trace510429708", this, "Click to show all stack frames", "Click to hide stack frames")'>Click to show all stack frames</a>
<div class='stack-trace' id='stack-trace510429708'><pre>com.thoughtworks.selenium.SeleniumException: ERROR: Element //div[3]/div[2]/a/span not found
	at com.thoughtworks.selenium.HttpCommandProcessor.throwAssertionFailureExceptionOrError(HttpCommandProcessor.java:112)
	at com.thoughtworks.selenium.HttpCommandProcessor.doCommand(HttpCommandProcessor.java:106)
	at com.thoughtworks.selenium.DefaultSelenium.click(DefaultSelenium.java:193)
	at com.YouMagicPro.LKA_tests.AddAndDeleteMenusTest.addAndDeleteMenusTest(AddAndDeleteMenusTest.java:26)
	at sun.reflect.NativeMethodAccessorImpl.invoke0(Native Method)
	at sun.reflect.NativeMethodAccessorImpl.invoke(NativeMethodAccessorImpl.java:57)
	at sun.reflect.DelegatingMethodAccessorImpl.invoke(DelegatingMethodAccessorImpl.java:43)
	at java.lang.reflect.Method.invoke(Method.java:601)
	at org.testng.internal.MethodInvocationHelper.invokeMethod(MethodInvocationHelper.java:80)
	at org.testng.internal.Invoker.invokeMethod(Invoker.java:714)
	at org.testng.internal.Invoker.invokeTestMethod(Invoker.java:901)
	at org.testng.internal.Invoker.invokeTestMethods(Invoker.java:1231)
	at org.testng.internal.TestMethodWorker.invokeTestMethods(TestMethodWorker.java:127)
	at org.testng.internal.TestMethodWorker.run(TestMethodWorker.java:111)
	at org.testng.TestRunner.privateRun(TestRunner.java:767)
	at org.testng.TestRunner.run(TestRunner.java:617)
	at org.testng.SuiteRunner.runTest(SuiteRunner.java:334)
	at org.testng.SuiteRunner.runSequentially(SuiteRunner.java:329)
	at org.testng.SuiteRunner.privateRun(SuiteRunner.java:291)
	at org.testng.SuiteRunner.run(SuiteRunner.java:240)
	at org.testng.SuiteRunnerWorker.runSuite(SuiteRunnerWorker.java:52)
	at org.testng.SuiteRunnerWorker.run(SuiteRunnerWorker.java:86)
	at org.testng.TestNG.runSuitesSequentially(TestNG.java:1198)
	at org.testng.TestNG.runSuitesLocally(TestNG.java:1123)
	at org.testng.TestNG.run(TestNG.java:1031)
	at org.apache.maven.surefire.testng.TestNGExecutor.run(TestNGExecutor.java:122)
	at org.apache.maven.surefire.testng.TestNGXmlTestSuite.execute(TestNGXmlTestSuite.java:88)
	at org.apache.maven.surefire.testng.TestNGProvider.invoke(TestNGProvider.java:104)
	at sun.reflect.NativeMethodAccessorImpl.invoke0(Native Method)
	at sun.reflect.NativeMethodAccessorImpl.invoke(NativeMethodAccessorImpl.java:57)
	at sun.reflect.DelegatingMethodAccessorImpl.invoke(DelegatingMethodAccessorImpl.java:43)
	at java.lang.reflect.Method.invoke(Method.java:601)
	at org.apache.maven.surefire.booter.ProviderFactory$ClassLoaderProxy.invoke(ProviderFactory.java:103)
	at $Proxy0.invoke(Unknown Source)
	at org.apache.maven.surefire.booter.SurefireStarter.invokeProvider(SurefireStarter.java:150)
	at org.apache.maven.surefire.booter.SurefireStarter.runSuitesInProcess(SurefireStarter.java:91)
	at org.apache.maven.surefire.booter.ForkedBooter.main(ForkedBooter.java:69)
</pre></div></td>
<td>28</td>
<td>com.YouMagicPro.LKA_tests.AddAndDeleteMenusTest@2439a391</td></tr>
<tr>
<td title='com.YouMagicPro.LKA_tests.ClickOnInternalNumbersTest.clickOnInternalNumbersTest()'><b>clickOnInternalNumbersTest</b><br>Test class: com.YouMagicPro.LKA_tests.ClickOnInternalNumbersTest</td>
<td><div><pre>com.thoughtworks.selenium.SeleniumException: ERROR: Couldn&apos;t access document.body.  Is this HTML page fully loaded?
	at com.thoughtworks.selenium.HttpCommandProcessor.throwAssertionFailureExceptionOrError(HttpCommandProcessor.java:112)
	at com.thoughtworks.selenium.HttpCommandProcessor.doCommand(HttpCommandProcessor.java:106)
	at com.thoughtworks.selenium.HttpCommandProcessor.getString(HttpCommandProcessor.java:275)
	at com.thoughtworks.selenium.HttpCommandProcessor.getBoolean(HttpCommandProcessor.java:348)
	at com.thoughtworks.selenium.DefaultSelenium.isTextPresent(DefaultSelenium.java:535)
	at com.YouMagicPro.LKA_tests.ClickOnInternalNumbersTest.clickOnInternalNumbersTest(ClickOnInternalNumbersTest.java:26)
	at sun.reflect.NativeMethodAccessorImpl.invoke0(Native Method)
	at sun.reflect.NativeMethodAccessorImpl.invoke(NativeMethodAccessorImpl.java:57)
	at sun.reflect.DelegatingMethodAccessorImpl.invoke(DelegatingMethodAccessorImpl.java:43)
	at java.lang.reflect.Method.invoke(Method.java:601)
	at org.testng.internal.MethodInvocationHelper.invokeMethod(MethodInvocationHelper.java:80)
	at org.testng.internal.Invoker.invokeMethod(Invoker.java:714)
	at org.testng.internal.Invoker.invokeTestMethod(Invoker.java:901)
	at org.testng.internal.Invoker.invokeTestMethods(Invoker.java:1231)
	at org.testng.internal.TestMethodWorker.invokeTestMethods(TestMethodWorker.java:127)
	at org.testng.internal.TestMethodWorker.run(TestMethodWorker.java:111)
	at org.testng.TestRunner.privateRun(TestRunner.java:767)
	at org.testng.TestRunner.run(TestRunner.java:617)
	at org.testng.SuiteRunner.runTest(SuiteRunner.java:334)
	at org.testng.SuiteRunner.runSequentially(SuiteRunner.java:329)
	at org.testng.SuiteRunner.privateRun(SuiteRunner.java:291)
	at org.testng.SuiteRunner.run(SuiteRunner.java:240)
	at org.testng.SuiteRunnerWorker.runSuite(SuiteRunnerWorker.java:52)
	at org.testng.SuiteRunnerWorker.run(SuiteRunnerWorker.java:86)
	at org.testng.TestNG.runSuitesSequentially(TestNG.java:1198)
	at org.testng.TestNG.runSuitesLocally(TestNG.java:1123)
	at org.testng.TestNG.run(TestNG.java:1031)
	at org.apache.maven.surefire.testng.TestNGExecutor.run(TestNGExecutor.java:122)
	at org.apache.maven.surefire.testng.TestNGXmlTestSuite.execute(TestNGXmlTestSuite.java:88)
	at org.apache.maven.surefire.testng.TestNGProvider.invoke(TestNGProvider.java:104)
	at sun.reflect.NativeMethodAccessorImpl.invoke0(Native Method)
	at sun.reflect.NativeMethodAccessorImpl.invoke(NativeMethodAccessorImpl.java:57)
	at sun.reflect.DelegatingMethodAccessorImpl.invoke(DelegatingMethodAccessorImpl.java:43)
	at java.lang.reflect.Method.invoke(Method.java:601)
	at org.apache.maven.surefire.booter.ProviderFactory$ClassLoaderProxy.invoke(ProviderFactory.java:103)
	at $Proxy0.invoke(Unknown Source)
	at org.apache.maven.surefire.booter.SurefireStarter.invokeProvider(SurefireStarter.java:150)
	at org.apache.maven.surefire.booter.SurefireStarter.runSuitesInProcess(SurefireStarter.java:91)
	at org.apache.maven.surefire.booter.ForkedBooter.main(ForkedBooter.java:69)
</pre></div><a href='#' onClick='toggleBox("stack-trace1514951615", this, "Click to show all stack frames", "Click to hide stack frames")'>Click to show all stack frames</a>
<div class='stack-trace' id='stack-trace1514951615'><pre>com.thoughtworks.selenium.SeleniumException: ERROR: Couldn&apos;t access document.body.  Is this HTML page fully loaded?
	at com.thoughtworks.selenium.HttpCommandProcessor.throwAssertionFailureExceptionOrError(HttpCommandProcessor.java:112)
	at com.thoughtworks.selenium.HttpCommandProcessor.doCommand(HttpCommandProcessor.java:106)
	at com.thoughtworks.selenium.HttpCommandProcessor.getString(HttpCommandProcessor.java:275)
	at com.thoughtworks.selenium.HttpCommandProcessor.getBoolean(HttpCommandProcessor.java:348)
	at com.thoughtworks.selenium.DefaultSelenium.isTextPresent(DefaultSelenium.java:535)
	at com.YouMagicPro.LKA_tests.ClickOnInternalNumbersTest.clickOnInternalNumbersTest(ClickOnInternalNumbersTest.java:26)
	at sun.reflect.NativeMethodAccessorImpl.invoke0(Native Method)
	at sun.reflect.NativeMethodAccessorImpl.invoke(NativeMethodAccessorImpl.java:57)
	at sun.reflect.DelegatingMethodAccessorImpl.invoke(DelegatingMethodAccessorImpl.java:43)
	at java.lang.reflect.Method.invoke(Method.java:601)
	at org.testng.internal.MethodInvocationHelper.invokeMethod(MethodInvocationHelper.java:80)
	at org.testng.internal.Invoker.invokeMethod(Invoker.java:714)
	at org.testng.internal.Invoker.invokeTestMethod(Invoker.java:901)
	at org.testng.internal.Invoker.invokeTestMethods(Invoker.java:1231)
	at org.testng.internal.TestMethodWorker.invokeTestMethods(TestMethodWorker.java:127)
	at org.testng.internal.TestMethodWorker.run(TestMethodWorker.java:111)
	at org.testng.TestRunner.privateRun(TestRunner.java:767)
	at org.testng.TestRunner.run(TestRunner.java:617)
	at org.testng.SuiteRunner.runTest(SuiteRunner.java:334)
	at org.testng.SuiteRunner.runSequentially(SuiteRunner.java:329)
	at org.testng.SuiteRunner.privateRun(SuiteRunner.java:291)
	at org.testng.SuiteRunner.run(SuiteRunner.java:240)
	at org.testng.SuiteRunnerWorker.runSuite(SuiteRunnerWorker.java:52)
	at org.testng.SuiteRunnerWorker.run(SuiteRunnerWorker.java:86)
	at org.testng.TestNG.runSuitesSequentially(TestNG.java:1198)
	at org.testng.TestNG.runSuitesLocally(TestNG.java:1123)
	at org.testng.TestNG.run(TestNG.java:1031)
	at org.apache.maven.surefire.testng.TestNGExecutor.run(TestNGExecutor.java:122)
	at org.apache.maven.surefire.testng.TestNGXmlTestSuite.execute(TestNGXmlTestSuite.java:88)
	at org.apache.maven.surefire.testng.TestNGProvider.invoke(TestNGProvider.java:104)
	at sun.reflect.NativeMethodAccessorImpl.invoke0(Native Method)
	at sun.reflect.NativeMethodAccessorImpl.invoke(NativeMethodAccessorImpl.java:57)
	at sun.reflect.DelegatingMethodAccessorImpl.invoke(DelegatingMethodAccessorImpl.java:43)
	at java.lang.reflect.Method.invoke(Method.java:601)
	at org.apache.maven.surefire.booter.ProviderFactory$ClassLoaderProxy.invoke(ProviderFactory.java:103)
	at $Proxy0.invoke(Unknown Source)
	at org.apache.maven.surefire.booter.SurefireStarter.invokeProvider(SurefireStarter.java:150)
	at org.apache.maven.surefire.booter.SurefireStarter.runSuitesInProcess(SurefireStarter.java:91)
	at org.apache.maven.surefire.booter.ForkedBooter.main(ForkedBooter.java:69)
</pre></div></td>
<td>18</td>
<td>com.YouMagicPro.LKA_tests.ClickOnInternalNumbersTest@5e9c8834</td></tr>
<tr>
<td title='com.YouMagicPro.LKA_tests.ContractBankAccountOneInTextFieldTest.contractBankAccountOneInTextFieldTest_C14993()'><b>contractBankAccountOneInTextFieldTest_C14993</b><br>Test class: com.YouMagicPro.LKA_tests.ContractBankAccountOneInTextFieldTest</td>
<td><div><pre>org.openqa.selenium.WebDriverException: Element is not clickable at point (555, 381). Other element would receive the click: &lt;img id=&quot;1&quot; class=&quot;slideimage&quot; src=&quot;/sites/all/modules/contrib/umagicpro_instructions/images/home.png&quot; data-title=&quot;Благодарим вас за выбор YouMagic.Pro!&quot;&gt; (WARNING: The server did not provide any stacktrace information)
Command duration or timeout: 29 milliseconds
Build info: version: &apos;2.26.0&apos;, revision: &apos;18040&apos;, time: &apos;2012-11-02 09:44:45&apos;
System info: os.name: &apos;Windows 7&apos;, os.arch: &apos;amd64&apos;, os.version: &apos;6.1&apos;, java.version: &apos;1.7.0_05&apos;
Driver info: driver.version: RemoteWebDriver
Session ID: 42ceaa2cdec8593375f22775fee20504
	at sun.reflect.NativeConstructorAccessorImpl.newInstance0(Native Method)
	at sun.reflect.NativeConstructorAccessorImpl.newInstance(NativeConstructorAccessorImpl.java:57)
	at sun.reflect.DelegatingConstructorAccessorImpl.newInstance(DelegatingConstructorAccessorImpl.java:45)
	at java.lang.reflect.Constructor.newInstance(Constructor.java:525)
	at org.openqa.selenium.remote.ErrorHandler.createThrowable(ErrorHandler.java:188)
	at org.openqa.selenium.remote.ErrorHandler.throwIfResponseFailed(ErrorHandler.java:145)
	at org.openqa.selenium.remote.RemoteWebDriver.execute(RemoteWebDriver.java:531)
	at org.openqa.selenium.remote.RemoteWebElement.execute(RemoteWebElement.java:246)
	at org.openqa.selenium.remote.RemoteWebElement.click(RemoteWebElement.java:79)
	at com.YouMagicPro.LKA_tests.TestBase.waitContractPageToLoad(TestBase.java:138)
	at com.YouMagicPro.LKA_tests.ContractBankAccountOneInTextFieldTest.contractBankAccountOneInTextFieldTest_C14993(ContractBankAccountOneInTextFieldTest.java:11)
	at sun.reflect.NativeMethodAccessorImpl.invoke0(Native Method)
	at sun.reflect.NativeMethodAccessorImpl.invoke(NativeMethodAccessorImpl.java:57)
	at sun.reflect.DelegatingMethodAccessorImpl.invoke(DelegatingMethodAccessorImpl.java:43)
	at java.lang.reflect.Method.invoke(Method.java:601)
	at org.testng.internal.MethodInvocationHelper.invokeMethod(MethodInvocationHelper.java:80)
	at org.testng.internal.Invoker.invokeMethod(Invoker.java:714)
	at org.testng.internal.Invoker.invokeTestMethod(Invoker.java:901)
	at org.testng.internal.Invoker.invokeTestMethods(Invoker.java:1231)
	at org.testng.internal.TestMethodWorker.invokeTestMethods(TestMethodWorker.java:127)
	at org.testng.internal.TestMethodWorker.run(TestMethodWorker.java:111)
	at org.testng.TestRunner.privateRun(TestRunner.java:767)
	at org.testng.TestRunner.run(TestRunner.java:617)
	at org.testng.SuiteRunner.runTest(SuiteRunner.java:334)
	at org.testng.SuiteRunner.runSequentially(SuiteRunner.java:329)
	at org.testng.SuiteRunner.privateRun(SuiteRunner.java:291)
	at org.testng.SuiteRunner.run(SuiteRunner.java:240)
	at org.testng.SuiteRunnerWorker.runSuite(SuiteRunnerWorker.java:52)
	at org.testng.SuiteRunnerWorker.run(SuiteRunnerWorker.java:86)
	at org.testng.TestNG.runSuitesSequentially(TestNG.java:1198)
	at org.testng.TestNG.runSuitesLocally(TestNG.java:1123)
	at org.testng.TestNG.run(TestNG.java:1031)
	at org.apache.maven.surefire.testng.TestNGExecutor.run(TestNGExecutor.java:122)
	at org.apache.maven.surefire.testng.TestNGXmlTestSuite.execute(TestNGXmlTestSuite.java:88)
	at org.apache.maven.surefire.testng.TestNGProvider.invoke(TestNGProvider.java:104)
	at sun.reflect.NativeMethodAccessorImpl.invoke0(Native Method)
	at sun.reflect.NativeMethodAccessorImpl.invoke(NativeMethodAccessorImpl.java:57)
	at sun.reflect.DelegatingMethodAccessorImpl.invoke(DelegatingMethodAccessorImpl.java:43)
	at java.lang.reflect.Method.invoke(Method.java:601)
	at org.apache.maven.surefire.booter.ProviderFactory$ClassLoaderProxy.invoke(ProviderFactory.java:103)
	at $Proxy0.invoke(Unknown Source)
	at org.apache.maven.surefire.booter.SurefireStarter.invokeProvider(SurefireStarter.java:150)
	at org.apache.maven.surefire.booter.SurefireStarter.runSuitesInProcess(SurefireStarter.java:91)
	at org.apache.maven.surefire.booter.ForkedBooter.main(ForkedBooter.java:69)
</pre></div><a href='#' onClick='toggleBox("stack-trace1734976858", this, "Click to show all stack frames", "Click to hide stack frames")'>Click to show all stack frames</a>
<div class='stack-trace' id='stack-trace1734976858'><pre>org.openqa.selenium.WebDriverException: Element is not clickable at point (555, 381). Other element would receive the click: &lt;img id=&quot;1&quot; class=&quot;slideimage&quot; src=&quot;/sites/all/modules/contrib/umagicpro_instructions/images/home.png&quot; data-title=&quot;Благодарим вас за выбор YouMagic.Pro!&quot;&gt; (WARNING: The server did not provide any stacktrace information)
Command duration or timeout: 29 milliseconds
Build info: version: &apos;2.26.0&apos;, revision: &apos;18040&apos;, time: &apos;2012-11-02 09:44:45&apos;
System info: os.name: &apos;Windows 7&apos;, os.arch: &apos;amd64&apos;, os.version: &apos;6.1&apos;, java.version: &apos;1.7.0_05&apos;
Driver info: driver.version: RemoteWebDriver
Session ID: 42ceaa2cdec8593375f22775fee20504
	at sun.reflect.NativeConstructorAccessorImpl.newInstance0(Native Method)
	at sun.reflect.NativeConstructorAccessorImpl.newInstance(NativeConstructorAccessorImpl.java:57)
	at sun.reflect.DelegatingConstructorAccessorImpl.newInstance(DelegatingConstructorAccessorImpl.java:45)
	at java.lang.reflect.Constructor.newInstance(Constructor.java:525)
	at org.openqa.selenium.remote.ErrorHandler.createThrowable(ErrorHandler.java:188)
	at org.openqa.selenium.remote.ErrorHandler.throwIfResponseFailed(ErrorHandler.java:145)
	at org.openqa.selenium.remote.RemoteWebDriver.execute(RemoteWebDriver.java:531)
	at org.openqa.selenium.remote.RemoteWebElement.execute(RemoteWebElement.java:246)
	at org.openqa.selenium.remote.RemoteWebElement.click(RemoteWebElement.java:79)
	at com.YouMagicPro.LKA_tests.TestBase.waitContractPageToLoad(TestBase.java:138)
	at com.YouMagicPro.LKA_tests.ContractBankAccountOneInTextFieldTest.contractBankAccountOneInTextFieldTest_C14993(ContractBankAccountOneInTextFieldTest.java:11)
	at sun.reflect.NativeMethodAccessorImpl.invoke0(Native Method)
	at sun.reflect.NativeMethodAccessorImpl.invoke(NativeMethodAccessorImpl.java:57)
	at sun.reflect.DelegatingMethodAccessorImpl.invoke(DelegatingMethodAccessorImpl.java:43)
	at java.lang.reflect.Method.invoke(Method.java:601)
	at org.testng.internal.MethodInvocationHelper.invokeMethod(MethodInvocationHelper.java:80)
	at org.testng.internal.Invoker.invokeMethod(Invoker.java:714)
	at org.testng.internal.Invoker.invokeTestMethod(Invoker.java:901)
	at org.testng.internal.Invoker.invokeTestMethods(Invoker.java:1231)
	at org.testng.internal.TestMethodWorker.invokeTestMethods(TestMethodWorker.java:127)
	at org.testng.internal.TestMethodWorker.run(TestMethodWorker.java:111)
	at org.testng.TestRunner.privateRun(TestRunner.java:767)
	at org.testng.TestRunner.run(TestRunner.java:617)
	at org.testng.SuiteRunner.runTest(SuiteRunner.java:334)
	at org.testng.SuiteRunner.runSequentially(SuiteRunner.java:329)
	at org.testng.SuiteRunner.privateRun(SuiteRunner.java:291)
	at org.testng.SuiteRunner.run(SuiteRunner.java:240)
	at org.testng.SuiteRunnerWorker.runSuite(SuiteRunnerWorker.java:52)
	at org.testng.SuiteRunnerWorker.run(SuiteRunnerWorker.java:86)
	at org.testng.TestNG.runSuitesSequentially(TestNG.java:1198)
	at org.testng.TestNG.runSuitesLocally(TestNG.java:1123)
	at org.testng.TestNG.run(TestNG.java:1031)
	at org.apache.maven.surefire.testng.TestNGExecutor.run(TestNGExecutor.java:122)
	at org.apache.maven.surefire.testng.TestNGXmlTestSuite.execute(TestNGXmlTestSuite.java:88)
	at org.apache.maven.surefire.testng.TestNGProvider.invoke(TestNGProvider.java:104)
	at sun.reflect.NativeMethodAccessorImpl.invoke0(Native Method)
	at sun.reflect.NativeMethodAccessorImpl.invoke(NativeMethodAccessorImpl.java:57)
	at sun.reflect.DelegatingMethodAccessorImpl.invoke(DelegatingMethodAccessorImpl.java:43)
	at java.lang.reflect.Method.invoke(Method.java:601)
	at org.apache.maven.surefire.booter.ProviderFactory$ClassLoaderProxy.invoke(ProviderFactory.java:103)
	at $Proxy0.invoke(Unknown Source)
	at org.apache.maven.surefire.booter.SurefireStarter.invokeProvider(SurefireStarter.java:150)
	at org.apache.maven.surefire.booter.SurefireStarter.runSuitesInProcess(SurefireStarter.java:91)
	at org.apache.maven.surefire.booter.ForkedBooter.main(ForkedBooter.java:69)
</pre></div></td>
<td>15</td>
<td>com.YouMagicPro.LKA_tests.ContractBankAccountOneInTextFieldTest@6547813b</td></tr>
<tr>
<td title='com.YouMagicPro.LKA_tests.DiscSpaceTest.expenseStructureTest()'><b>expenseStructureTest</b><br>Test class: com.YouMagicPro.LKA_tests.DiscSpaceTest</td>
<td><div><pre>org.openqa.selenium.TimeoutException: Timed out after 120 seconds waiting for element to be clickable: By.selector: a.bPopup__eClose.instructions-close
Build info: version: &apos;2.26.0&apos;, revision: &apos;18040&apos;, time: &apos;2012-11-02 09:44:45&apos;
System info: os.name: &apos;Windows 7&apos;, os.arch: &apos;amd64&apos;, os.version: &apos;6.1&apos;, java.version: &apos;1.7.0_05&apos;
Driver info: driver.version: unknown
	at org.openqa.selenium.support.ui.FluentWait.timeoutException(FluentWait.java:255)
	at org.openqa.selenium.support.ui.FluentWait.until(FluentWait.java:224)
	at com.YouMagicPro.LKA_tests.TestBase.waitAdminPageToLoad(TestBase.java:109)
	at com.YouMagicPro.LKA_tests.DiscSpaceTest.expenseStructureTest(DiscSpaceTest.java:11)
	at sun.reflect.NativeMethodAccessorImpl.invoke0(Native Method)
	at sun.reflect.NativeMethodAccessorImpl.invoke(NativeMethodAccessorImpl.java:57)
	at sun.reflect.DelegatingMethodAccessorImpl.invoke(DelegatingMethodAccessorImpl.java:43)
	at java.lang.reflect.Method.invoke(Method.java:601)
	at org.testng.internal.MethodInvocationHelper.invokeMethod(MethodInvocationHelper.java:80)
	at org.testng.internal.Invoker.invokeMethod(Invoker.java:714)
	at org.testng.internal.Invoker.invokeTestMethod(Invoker.java:901)
	at org.testng.internal.Invoker.invokeTestMethods(Invoker.java:1231)
	at org.testng.internal.TestMethodWorker.invokeTestMethods(TestMethodWorker.java:127)
	at org.testng.internal.TestMethodWorker.run(TestMethodWorker.java:111)
	at org.testng.TestRunner.privateRun(TestRunner.java:767)
	at org.testng.TestRunner.run(TestRunner.java:617)
	at org.testng.SuiteRunner.runTest(SuiteRunner.java:334)
	at org.testng.SuiteRunner.runSequentially(SuiteRunner.java:329)
	at org.testng.SuiteRunner.privateRun(SuiteRunner.java:291)
	at org.testng.SuiteRunner.run(SuiteRunner.java:240)
	at org.testng.SuiteRunnerWorker.runSuite(SuiteRunnerWorker.java:52)
	at org.testng.SuiteRunnerWorker.run(SuiteRunnerWorker.java:86)
	at org.testng.TestNG.runSuitesSequentially(TestNG.java:1198)
	at org.testng.TestNG.runSuitesLocally(TestNG.java:1123)
	at org.testng.TestNG.run(TestNG.java:1031)
	at org.apache.maven.surefire.testng.TestNGExecutor.run(TestNGExecutor.java:122)
	at org.apache.maven.surefire.testng.TestNGXmlTestSuite.execute(TestNGXmlTestSuite.java:88)
	at org.apache.maven.surefire.testng.TestNGProvider.invoke(TestNGProvider.java:104)
	at sun.reflect.NativeMethodAccessorImpl.invoke0(Native Method)
	at sun.reflect.NativeMethodAccessorImpl.invoke(NativeMethodAccessorImpl.java:57)
	at sun.reflect.DelegatingMethodAccessorImpl.invoke(DelegatingMethodAccessorImpl.java:43)
	at java.lang.reflect.Method.invoke(Method.java:601)
	at org.apache.maven.surefire.booter.ProviderFactory$ClassLoaderProxy.invoke(ProviderFactory.java:103)
	at $Proxy0.invoke(Unknown Source)
	at org.apache.maven.surefire.booter.SurefireStarter.invokeProvider(SurefireStarter.java:150)
	at org.apache.maven.surefire.booter.SurefireStarter.runSuitesInProcess(SurefireStarter.java:91)
	at org.apache.maven.surefire.booter.ForkedBooter.main(ForkedBooter.java:69)
Caused by: org.openqa.selenium.NoSuchElementException: The element could not be found (WARNING: The server did not provide any stacktrace information)
Command duration or timeout: 15 milliseconds
For documentation on this error, please visit: http://seleniumhq.org/exceptions/no_such_element.html
Build info: version: &apos;2.26.0&apos;, revision: &apos;18040&apos;, time: &apos;2012-11-02 09:44:45&apos;
System info: os.name: &apos;Windows 7&apos;, os.arch: &apos;amd64&apos;, os.version: &apos;6.1&apos;, java.version: &apos;1.7.0_05&apos;
Driver info: driver.version: RemoteWebDriver
Session ID: 2f92d37ec3a68dfc394009f530701f6f
	at sun.reflect.GeneratedConstructorAccessor13.newInstance(Unknown Source)
	at sun.reflect.DelegatingConstructorAccessorImpl.newInstance(DelegatingConstructorAccessorImpl.java:45)
	at java.lang.reflect.Constructor.newInstance(Constructor.java:525)
	at org.openqa.selenium.remote.ErrorHandler.createThrowable(ErrorHandler.java:188)
	at org.openqa.selenium.remote.ErrorHandler.throwIfResponseFailed(ErrorHandler.java:145)
	at org.openqa.selenium.remote.RemoteWebDriver.execute(RemoteWebDriver.java:531)
	at org.openqa.selenium.remote.RemoteWebDriver.findElement(RemoteWebDriver.java:301)
	at org.openqa.selenium.remote.RemoteWebDriver.findElementByCssSelector(RemoteWebDriver.java:378)
	at org.openqa.selenium.By$ByCssSelector.findElement(By.java:405)
	at org.openqa.selenium.remote.RemoteWebDriver.findElement(RemoteWebDriver.java:293)
	at org.openqa.selenium.support.ui.ExpectedConditions.findElement(ExpectedConditions.java:427)
	at org.openqa.selenium.support.ui.ExpectedConditions.access$000(ExpectedConditions.java:39)
	at org.openqa.selenium.support.ui.ExpectedConditions$4.apply(ExpectedConditions.java:126)
	at org.openqa.selenium.support.ui.ExpectedConditions$4.apply(ExpectedConditions.java:123)
	at org.openqa.selenium.support.ui.ExpectedConditions$11.apply(ExpectedConditions.java:310)
	at org.openqa.selenium.support.ui.ExpectedConditions$11.apply(ExpectedConditions.java:304)
	at org.openqa.selenium.support.ui.FluentWait.until(FluentWait.java:204)
	... 35 more
</pre></div><a href='#' onClick='toggleBox("stack-trace402727532", this, "Click to show all stack frames", "Click to hide stack frames")'>Click to show all stack frames</a>
<div class='stack-trace' id='stack-trace402727532'><pre>org.openqa.selenium.TimeoutException: Timed out after 120 seconds waiting for element to be clickable: By.selector: a.bPopup__eClose.instructions-close
Build info: version: &apos;2.26.0&apos;, revision: &apos;18040&apos;, time: &apos;2012-11-02 09:44:45&apos;
System info: os.name: &apos;Windows 7&apos;, os.arch: &apos;amd64&apos;, os.version: &apos;6.1&apos;, java.version: &apos;1.7.0_05&apos;
Driver info: driver.version: unknown
	at org.openqa.selenium.support.ui.FluentWait.timeoutException(FluentWait.java:255)
	at org.openqa.selenium.support.ui.FluentWait.until(FluentWait.java:224)
	at com.YouMagicPro.LKA_tests.TestBase.waitAdminPageToLoad(TestBase.java:109)
	at com.YouMagicPro.LKA_tests.DiscSpaceTest.expenseStructureTest(DiscSpaceTest.java:11)
	at sun.reflect.NativeMethodAccessorImpl.invoke0(Native Method)
	at sun.reflect.NativeMethodAccessorImpl.invoke(NativeMethodAccessorImpl.java:57)
	at sun.reflect.DelegatingMethodAccessorImpl.invoke(DelegatingMethodAccessorImpl.java:43)
	at java.lang.reflect.Method.invoke(Method.java:601)
	at org.testng.internal.MethodInvocationHelper.invokeMethod(MethodInvocationHelper.java:80)
	at org.testng.internal.Invoker.invokeMethod(Invoker.java:714)
	at org.testng.internal.Invoker.invokeTestMethod(Invoker.java:901)
	at org.testng.internal.Invoker.invokeTestMethods(Invoker.java:1231)
	at org.testng.internal.TestMethodWorker.invokeTestMethods(TestMethodWorker.java:127)
	at org.testng.internal.TestMethodWorker.run(TestMethodWorker.java:111)
	at org.testng.TestRunner.privateRun(TestRunner.java:767)
	at org.testng.TestRunner.run(TestRunner.java:617)
	at org.testng.SuiteRunner.runTest(SuiteRunner.java:334)
	at org.testng.SuiteRunner.runSequentially(SuiteRunner.java:329)
	at org.testng.SuiteRunner.privateRun(SuiteRunner.java:291)
	at org.testng.SuiteRunner.run(SuiteRunner.java:240)
	at org.testng.SuiteRunnerWorker.runSuite(SuiteRunnerWorker.java:52)
	at org.testng.SuiteRunnerWorker.run(SuiteRunnerWorker.java:86)
	at org.testng.TestNG.runSuitesSequentially(TestNG.java:1198)
	at org.testng.TestNG.runSuitesLocally(TestNG.java:1123)
	at org.testng.TestNG.run(TestNG.java:1031)
	at org.apache.maven.surefire.testng.TestNGExecutor.run(TestNGExecutor.java:122)
	at org.apache.maven.surefire.testng.TestNGXmlTestSuite.execute(TestNGXmlTestSuite.java:88)
	at org.apache.maven.surefire.testng.TestNGProvider.invoke(TestNGProvider.java:104)
	at sun.reflect.NativeMethodAccessorImpl.invoke0(Native Method)
	at sun.reflect.NativeMethodAccessorImpl.invoke(NativeMethodAccessorImpl.java:57)
	at sun.reflect.DelegatingMethodAccessorImpl.invoke(DelegatingMethodAccessorImpl.java:43)
	at java.lang.reflect.Method.invoke(Method.java:601)
	at org.apache.maven.surefire.booter.ProviderFactory$ClassLoaderProxy.invoke(ProviderFactory.java:103)
	at $Proxy0.invoke(Unknown Source)
	at org.apache.maven.surefire.booter.SurefireStarter.invokeProvider(SurefireStarter.java:150)
	at org.apache.maven.surefire.booter.SurefireStarter.runSuitesInProcess(SurefireStarter.java:91)
	at org.apache.maven.surefire.booter.ForkedBooter.main(ForkedBooter.java:69)
Caused by: org.openqa.selenium.NoSuchElementException: The element could not be found (WARNING: The server did not provide any stacktrace information)
Command duration or timeout: 15 milliseconds
For documentation on this error, please visit: http://seleniumhq.org/exceptions/no_such_element.html
Build info: version: &apos;2.26.0&apos;, revision: &apos;18040&apos;, time: &apos;2012-11-02 09:44:45&apos;
System info: os.name: &apos;Windows 7&apos;, os.arch: &apos;amd64&apos;, os.version: &apos;6.1&apos;, java.version: &apos;1.7.0_05&apos;
Driver info: driver.version: RemoteWebDriver
Session ID: 2f92d37ec3a68dfc394009f530701f6f
	at sun.reflect.GeneratedConstructorAccessor13.newInstance(Unknown Source)
	at sun.reflect.DelegatingConstructorAccessorImpl.newInstance(DelegatingConstructorAccessorImpl.java:45)
	at java.lang.reflect.Constructor.newInstance(Constructor.java:525)
	at org.openqa.selenium.remote.ErrorHandler.createThrowable(ErrorHandler.java:188)
	at org.openqa.selenium.remote.ErrorHandler.throwIfResponseFailed(ErrorHandler.java:145)
	at org.openqa.selenium.remote.RemoteWebDriver.execute(RemoteWebDriver.java:531)
	at org.openqa.selenium.remote.RemoteWebDriver.findElement(RemoteWebDriver.java:301)
	at org.openqa.selenium.remote.RemoteWebDriver.findElementByCssSelector(RemoteWebDriver.java:378)
	at org.openqa.selenium.By$ByCssSelector.findElement(By.java:405)
	at org.openqa.selenium.remote.RemoteWebDriver.findElement(RemoteWebDriver.java:293)
	at org.openqa.selenium.support.ui.ExpectedConditions.findElement(ExpectedConditions.java:427)
	at org.openqa.selenium.support.ui.ExpectedConditions.access$000(ExpectedConditions.java:39)
	at org.openqa.selenium.support.ui.ExpectedConditions$4.apply(ExpectedConditions.java:126)
	at org.openqa.selenium.support.ui.ExpectedConditions$4.apply(ExpectedConditions.java:123)
	at org.openqa.selenium.support.ui.ExpectedConditions$11.apply(ExpectedConditions.java:310)
	at org.openqa.selenium.support.ui.ExpectedConditions$11.apply(ExpectedConditions.java:304)
	at org.openqa.selenium.support.ui.FluentWait.until(FluentWait.java:204)
	... 35 more
</pre></div></td>
<td>125</td>
<td>com.YouMagicPro.LKA_tests.DiscSpaceTest@5f3c750c</td></tr>
</table><p>
<table width='100%' border='1' class='invocation-passed'>
<tr><td colspan='4' align='center'><b>PASSED TESTS</b></td></tr>
<tr><td><b>Test method</b></td>
<td width="30%"><b>Exception</b></td>
<td width="10%"><b>Time (seconds)</b></td>
<td><b>Instance</b></td>
</tr>
<tr>
<td title='com.YouMagicPro.LKA_tests.BuyingAdditionalNumberChooseNumberCategories.BuyingAdditionalNumberChooseNumberCategories_C15105()'><b>BuyingAdditionalNumberChooseNumberCategories_C15105</b><br>Test class: com.YouMagicPro.LKA_tests.BuyingAdditionalNumberChooseNumberCategories</td>
<td></td>
<td>22</td>
<td>com.YouMagicPro.LKA_tests.BuyingAdditionalNumberChooseNumberCategories@222e2517</td></tr>
<tr>
<td title='com.YouMagicPro.LKA_tests.BuyingAdditionalNumberChooseNumbersFromList.BuyingAdditionalNumberChooseNumbersFromList_C15106()'><b>BuyingAdditionalNumberChooseNumbersFromList_C15106</b><br>Test class: com.YouMagicPro.LKA_tests.BuyingAdditionalNumberChooseNumbersFromList</td>
<td></td>
<td>16</td>
<td>com.YouMagicPro.LKA_tests.BuyingAdditionalNumberChooseNumbersFromList@696564b8</td></tr>
<tr>
<td title='com.YouMagicPro.LKA_tests.OrderToAdressNoTextFieldFilledTest.OrderToAdressNoTextFieldFilledTest_C25679()'><b>OrderToAdressNoTextFieldFilledTest_C25679</b><br>Test class: com.YouMagicPro.LKA_tests.OrderToAdressNoTextFieldFilledTest</td>
<td></td>
<td>21</td>
<td>com.YouMagicPro.LKA_tests.OrderToAdressNoTextFieldFilledTest@77f85f8c</td></tr>
<tr>
<td title='com.YouMagicPro.LKA_tests.SupportPhoneTest.SupportPhoneTest_C25679()'><b>SupportPhoneTest_C25679</b><br>Test class: com.YouMagicPro.LKA_tests.SupportPhoneTest</td>
<td></td>
<td>11</td>
<td>com.YouMagicPro.LKA_tests.SupportPhoneTest@53491ddc</td></tr>
<tr>
<td title='com.YouMagicPro.LKA_tests.AddAndDeleteNoticesTest.addAndDeleteNoticesTest()'><b>addAndDeleteNoticesTest</b><br>Test class: com.YouMagicPro.LKA_tests.AddAndDeleteNoticesTest</td>
<td></td>
<td>32</td>
<td>com.YouMagicPro.LKA_tests.AddAndDeleteNoticesTest@5ebf5dc1</td></tr>
<tr>
<td title='com.YouMagicPro.LKA_tests.AgreementOPFTest.addAndDeleteNoticesTest()'><b>addAndDeleteNoticesTest</b><br>Test class: com.YouMagicPro.LKA_tests.AgreementOPFTest</td>
<td></td>
<td>23</td>
<td>com.YouMagicPro.LKA_tests.AgreementOPFTest@322424ee</td></tr>
<tr>
<td title='com.YouMagicPro.LKA_tests.Buying804NumberCategoriesOfNumbers.buying804NumberCategoriesOfNumbers_C25622()'><b>buying804NumberCategoriesOfNumbers_C25622</b><br>Test class: com.YouMagicPro.LKA_tests.Buying804NumberCategoriesOfNumbers</td>
<td></td>
<td>17</td>
<td>com.YouMagicPro.LKA_tests.Buying804NumberCategoriesOfNumbers@2902a840</td></tr>
<tr>
<td title='com.YouMagicPro.LKA_tests.Buying804NumberCostOfNumberTest.buying804NumberCostOfNumberTest_C25623()'><b>buying804NumberCostOfNumberTest_C25623</b><br>Test class: com.YouMagicPro.LKA_tests.Buying804NumberCostOfNumberTest</td>
<td></td>
<td>16</td>
<td>com.YouMagicPro.LKA_tests.Buying804NumberCostOfNumberTest@32b427c1</td></tr>
<tr>
<td title='com.YouMagicPro.LKA_tests.BuyingAdditionalInternalNumberCheckCost.buyingAdditionalInternalNumberCheckCost_C15113()'><b>buyingAdditionalInternalNumberCheckCost_C15113</b><br>Test class: com.YouMagicPro.LKA_tests.BuyingAdditionalInternalNumberCheckCost</td>
<td></td>
<td>10</td>
<td>com.YouMagicPro.LKA_tests.BuyingAdditionalInternalNumberCheckCost@7c9c62f5</td></tr>
<tr>
<td title='com.YouMagicPro.LKA_tests.BuyingAdditionalInternalNumberTextFieldTest.buyingAdditionalInternalNumberTextFieldTest_C15112()'><b>buyingAdditionalInternalNumberTextFieldTest_C15112</b><br>Test class: com.YouMagicPro.LKA_tests.BuyingAdditionalInternalNumberTextFieldTest</td>
<td></td>
<td>10</td>
<td>com.YouMagicPro.LKA_tests.BuyingAdditionalInternalNumberTextFieldTest@47d4b906</td></tr>
<tr>
<td title='com.YouMagicPro.LKA_tests.BuyingAdditionalNumberChooseCityFromList.buyingAdditionalNumberChooseCityFromList_C15103()'><b>buyingAdditionalNumberChooseCityFromList_C15103</b><br>Test class: com.YouMagicPro.LKA_tests.BuyingAdditionalNumberChooseCityFromList</td>
<td></td>
<td>16</td>
<td>com.YouMagicPro.LKA_tests.BuyingAdditionalNumberChooseCityFromList@5fdb7adc</td></tr>
<tr>
<td title='com.YouMagicPro.LKA_tests.CallForwardingPageTest.clickOnAvatarTest()'><b>clickOnAvatarTest</b><br>Test class: com.YouMagicPro.LKA_tests.CallForwardingPageTest</td>
<td></td>
<td>25</td>
<td>com.YouMagicPro.LKA_tests.CallForwardingPageTest@45c948cb</td></tr>
<tr>
<td title='com.YouMagicPro.LKA_tests.ClickOnAvatarTest.clickOnAvatarTest()'><b>clickOnAvatarTest</b><br>Test class: com.YouMagicPro.LKA_tests.ClickOnAvatarTest</td>
<td></td>
<td>22</td>
<td>com.YouMagicPro.LKA_tests.ClickOnAvatarTest@aee83a8</td></tr>
<tr>
<td title='com.YouMagicPro.LKA_tests.ClickOnBalanceTest.clickOnBalanceTest()'><b>clickOnBalanceTest</b><br>Test class: com.YouMagicPro.LKA_tests.ClickOnBalanceTest</td>
<td></td>
<td>22</td>
<td>com.YouMagicPro.LKA_tests.ClickOnBalanceTest@519e09e8</td></tr>
<tr>
<td title='com.YouMagicPro.LKA_tests.ClickOnContractTest.clickOnContractTest()'><b>clickOnContractTest</b><br>Test class: com.YouMagicPro.LKA_tests.ClickOnContractTest</td>
<td></td>
<td>40</td>
<td>com.YouMagicPro.LKA_tests.ClickOnContractTest@5e681ff4</td></tr>
<tr>
<td title='com.YouMagicPro.LKA_tests.ClickOnDiskSpaceTest.clickOnDiskSpaceTest()'><b>clickOnDiskSpaceTest</b><br>Test class: com.YouMagicPro.LKA_tests.ClickOnDiskSpaceTest</td>
<td></td>
<td>25</td>
<td>com.YouMagicPro.LKA_tests.ClickOnDiskSpaceTest@1f8f110d</td></tr>
<tr>
<td title='com.YouMagicPro.LKA_tests.ClickOnExitTest.clickOnExitTest()'><b>clickOnExitTest</b><br>Test class: com.YouMagicPro.LKA_tests.ClickOnExitTest</td>
<td></td>
<td>22</td>
<td>com.YouMagicPro.LKA_tests.ClickOnExitTest@29fd0be9</td></tr>
<tr>
<td title='com.YouMagicPro.LKA_tests.ClickOnIconTest.clickOnIconTest()'><b>clickOnIconTest</b><br>Test class: com.YouMagicPro.LKA_tests.ClickOnIconTest</td>
<td></td>
<td>19</td>
<td>com.YouMagicPro.LKA_tests.ClickOnIconTest@65a45a7f</td></tr>
<tr>
<td title='com.YouMagicPro.LKA_tests.ClickOnPasswordChangeTest.clickOnPasswordChangeTest()'><b>clickOnPasswordChangeTest</b><br>Test class: com.YouMagicPro.LKA_tests.ClickOnPasswordChangeTest</td>
<td></td>
<td>21</td>
<td>com.YouMagicPro.LKA_tests.ClickOnPasswordChangeTest@62f49ef9</td></tr>
<tr>
<td title='com.YouMagicPro.LKA_tests.ClickOnPersonalAccountTest.clickOnPersonalAccountTest()'><b>clickOnPersonalAccountTest</b><br>Test class: com.YouMagicPro.LKA_tests.ClickOnPersonalAccountTest</td>
<td></td>
<td>23</td>
<td>com.YouMagicPro.LKA_tests.ClickOnPersonalAccountTest@22e5b6b0</td></tr>
<tr>
<td title='com.YouMagicPro.LKA_tests.ClickOnPromoTest.clickOnPromoTest()'><b>clickOnPromoTest</b><br>Test class: com.YouMagicPro.LKA_tests.ClickOnPromoTest</td>
<td></td>
<td>21</td>
<td>com.YouMagicPro.LKA_tests.ClickOnPromoTest@142436ac</td></tr>
<tr>
<td title='com.YouMagicPro.LKA_tests.ContractBankAccountLettersAndNumbersTest.contractBankAccountLettersAndNumbersTest_C14496()'><b>contractBankAccountLettersAndNumbersTest_C14496</b><br>Test class: com.YouMagicPro.LKA_tests.ContractBankAccountLettersAndNumbersTest</td>
<td></td>
<td>21</td>
<td>com.YouMagicPro.LKA_tests.ContractBankAccountLettersAndNumbersTest@103c0cfb</td></tr>
<tr>
<td title='com.YouMagicPro.LKA_tests.ContractBankAccountLettersInTextFieldTest.contractBankAccountLettersInTextFieldTest_C14995()'><b>contractBankAccountLettersInTextFieldTest_C14995</b><br>Test class: com.YouMagicPro.LKA_tests.ContractBankAccountLettersInTextFieldTest</td>
<td></td>
<td>21</td>
<td>com.YouMagicPro.LKA_tests.ContractBankAccountLettersInTextFieldTest@f50fa46</td></tr>
<tr>
<td title='com.YouMagicPro.LKA_tests.ContractBankAccountSymbolsInTextFieldTest.contractBankAccountSymbolsInTextFieldTest_C14997()'><b>contractBankAccountSymbolsInTextFieldTest_C14997</b><br>Test class: com.YouMagicPro.LKA_tests.ContractBankAccountSymbolsInTextFieldTest</td>
<td></td>
<td>22</td>
<td>com.YouMagicPro.LKA_tests.ContractBankAccountSymbolsInTextFieldTest@18b1abcd</td></tr>
<tr>
<td title='com.YouMagicPro.LKA_tests.ContractBankAccountTenInTextFieldTest.contractBankAccountTenInTextFieldTest_C14994()'><b>contractBankAccountTenInTextFieldTest_C14994</b><br>Test class: com.YouMagicPro.LKA_tests.ContractBankAccountTenInTextFieldTest</td>
<td></td>
<td>21</td>
<td>com.YouMagicPro.LKA_tests.ContractBankAccountTenInTextFieldTest@643e1d69</td></tr>
<tr>
<td title='com.YouMagicPro.LKA_tests.ContractBikSymbolsInTextFieldTest.contractBikSymbolsInTextFieldTest_C15026()'><b>contractBikSymbolsInTextFieldTest_C15026</b><br>Test class: com.YouMagicPro.LKA_tests.ContractBikSymbolsInTextFieldTest</td>
<td></td>
<td>22</td>
<td>com.YouMagicPro.LKA_tests.ContractBikSymbolsInTextFieldTest@596fde80</td></tr>
<tr>
<td title='com.YouMagicPro.LKA_tests.ContractBik1inTextFieldTest.contractBikTest1inTextField_C15022()'><b>contractBikTest1inTextField_C15022</b><br>Test class: com.YouMagicPro.LKA_tests.ContractBik1inTextFieldTest</td>
<td></td>
<td>24</td>
<td>com.YouMagicPro.LKA_tests.ContractBik1inTextFieldTest@3021eb3f</td></tr>
<tr>
<td title='com.YouMagicPro.LKA_tests.ContractBikLettersInTextFieldTest.contractBikTestLettersInTextField_C15023()'><b>contractBikTestLettersInTextField_C15023</b><br>Test class: com.YouMagicPro.LKA_tests.ContractBikLettersInTextFieldTest</td>
<td></td>
<td>24</td>
<td>com.YouMagicPro.LKA_tests.ContractBikLettersInTextFieldTest@70efdf29</td></tr>
<tr>
<td title='com.YouMagicPro.LKA_tests.ContractBikLettersAndNumbersInTextFieldTest.contractBikTest_C15025()'><b>contractBikTest_C15025</b><br>Test class: com.YouMagicPro.LKA_tests.ContractBikLettersAndNumbersInTextFieldTest</td>
<td></td>
<td>22</td>
<td>com.YouMagicPro.LKA_tests.ContractBikLettersAndNumbersInTextFieldTest@7f2502bc</td></tr>
<tr>
<td title='com.YouMagicPro.LKA_tests.ContractCheckDocumentTest.contractCheckDocumentTest_C14986()'><b>contractCheckDocumentTest_C14986</b><br>Test class: com.YouMagicPro.LKA_tests.ContractCheckDocumentTest</td>
<td></td>
<td>110</td>
<td>com.YouMagicPro.LKA_tests.ContractCheckDocumentTest@31059033</td></tr>
<tr>
<td title='com.YouMagicPro.LKA_tests.ContractCorAccount19NumbersTest.contractCorAccount19NumbersTest_C15005()'><b>contractCorAccount19NumbersTest_C15005</b><br>Test class: com.YouMagicPro.LKA_tests.ContractCorAccount19NumbersTest</td>
<td></td>
<td>40</td>
<td>com.YouMagicPro.LKA_tests.ContractCorAccount19NumbersTest@39757c6f</td></tr>
<tr>
<td title='com.YouMagicPro.LKA_tests.ContractCorAccountLettersInTextFieldTest.contractCorAccountLettersInTextFieldTest_C15001()'><b>contractCorAccountLettersInTextFieldTest_C15001</b><br>Test class: com.YouMagicPro.LKA_tests.ContractCorAccountLettersInTextFieldTest</td>
<td></td>
<td>21</td>
<td>com.YouMagicPro.LKA_tests.ContractCorAccountLettersInTextFieldTest@609fc98</td></tr>
<tr>
<td title='com.YouMagicPro.LKA_tests.ContractCorAccountOneInTextFieldTest.contractCorAccountOneInTextFieldTest_C14499()'><b>contractCorAccountOneInTextFieldTest_C14499</b><br>Test class: com.YouMagicPro.LKA_tests.ContractCorAccountOneInTextFieldTest</td>
<td></td>
<td>28</td>
<td>com.YouMagicPro.LKA_tests.ContractCorAccountOneInTextFieldTest@7561ab68</td></tr>
<tr>
<td title='com.YouMagicPro.LKA_tests.ContractCorAccountSymbolsInTextFieldTest.contractCorAccountSymbolsInTextFieldTest_C15003()'><b>contractCorAccountSymbolsInTextFieldTest_C15003</b><br>Test class: com.YouMagicPro.LKA_tests.ContractCorAccountSymbolsInTextFieldTest</td>
<td></td>
<td>23</td>
<td>com.YouMagicPro.LKA_tests.ContractCorAccountSymbolsInTextFieldTest@6261d064</td></tr>
<tr>
<td title='com.YouMagicPro.LKA_tests.ContractCorAccountLettersAndNumbersTextFieldTest.contractCorAccountTenInTextFieldTest_C15000()'><b>contractCorAccountTenInTextFieldTest_C15000</b><br>Test class: com.YouMagicPro.LKA_tests.ContractCorAccountLettersAndNumbersTextFieldTest</td>
<td></td>
<td>21</td>
<td>com.YouMagicPro.LKA_tests.ContractCorAccountLettersAndNumbersTextFieldTest@fc2a074</td></tr>
<tr>
<td title='com.YouMagicPro.LKA_tests.ContractCorAccountTenInTextFieldTest.contractCorAccountTenInTextFieldTest_C15000()'><b>contractCorAccountTenInTextFieldTest_C15000</b><br>Test class: com.YouMagicPro.LKA_tests.ContractCorAccountTenInTextFieldTest</td>
<td></td>
<td>22</td>
<td>com.YouMagicPro.LKA_tests.ContractCorAccountTenInTextFieldTest@6f6dc3c9</td></tr>
<tr>
<td title='com.YouMagicPro.LKA_tests.ContractEndOfPageDataTest.contractEndOfPageDataTest_C15062()'><b>contractEndOfPageDataTest_C15062</b><br>Test class: com.YouMagicPro.LKA_tests.ContractEndOfPageDataTest</td>
<td></td>
<td>21</td>
<td>com.YouMagicPro.LKA_tests.ContractEndOfPageDataTest@4c6d47ff</td></tr>
<tr>
<td title='com.YouMagicPro.LKA_tests.ContractOgrnSymbolsTest.contractFillBankAccountTest()'><b>contractFillBankAccountTest</b><br>Test class: com.YouMagicPro.LKA_tests.ContractOgrnSymbolsTest</td>
<td></td>
<td>22</td>
<td>com.YouMagicPro.LKA_tests.ContractOgrnSymbolsTest@2588b2da</td></tr>
<tr>
<td title='com.YouMagicPro.LKA_tests.ContractInn6NumbersInTextFieldTest.contractInn6NumbersInTextFieldTest_C15029()'><b>contractInn6NumbersInTextFieldTest_C15029</b><br>Test class: com.YouMagicPro.LKA_tests.ContractInn6NumbersInTextFieldTest</td>
<td></td>
<td>23</td>
<td>com.YouMagicPro.LKA_tests.ContractInn6NumbersInTextFieldTest@21ca2b38</td></tr>
<tr>
<td title='com.YouMagicPro.LKA_tests.ContractInnChooseFormTest.contractInnChooseForm_C15047()'><b>contractInnChooseForm_C15047</b><br>Test class: com.YouMagicPro.LKA_tests.ContractInnChooseFormTest</td>
<td></td>
<td>37</td>
<td>com.YouMagicPro.LKA_tests.ContractInnChooseFormTest@7a19b0d0</td></tr>
<tr>
<td title='com.YouMagicPro.LKA_tests.ContractInnLettersInTextFieldTest.contractInnLettersInTextFieldTest_C15030()'><b>contractInnLettersInTextFieldTest_C15030</b><br>Test class: com.YouMagicPro.LKA_tests.ContractInnLettersInTextFieldTest</td>
<td></td>
<td>23</td>
<td>com.YouMagicPro.LKA_tests.ContractInnLettersInTextFieldTest@6d7416c8</td></tr>
<tr>
<td title='com.YouMagicPro.LKA_tests.ContractInnSymbolsInTextFieldTest.contractInnLettersInTextFieldTest_C15030()'><b>contractInnLettersInTextFieldTest_C15030</b><br>Test class: com.YouMagicPro.LKA_tests.ContractInnSymbolsInTextFieldTest</td>
<td></td>
<td>20</td>
<td>com.YouMagicPro.LKA_tests.ContractInnSymbolsInTextFieldTest@70ccb7e0</td></tr>
<tr>
<td title='com.YouMagicPro.LKA_tests.ContractInnOneInTextFieldTest.contractInnOneInTextFieldTest_C15028()'><b>contractInnOneInTextFieldTest_C15028</b><br>Test class: com.YouMagicPro.LKA_tests.ContractInnOneInTextFieldTest</td>
<td></td>
<td>20</td>
<td>com.YouMagicPro.LKA_tests.ContractInnOneInTextFieldTest@3f78d35f</td></tr>
<tr>
<td title='com.YouMagicPro.LKA_tests.ContractKppOneNumberInTextFieldTest.contractKppTest_C15048()'><b>contractKppTest_C15048</b><br>Test class: com.YouMagicPro.LKA_tests.ContractKppOneNumberInTextFieldTest</td>
<td></td>
<td>22</td>
<td>com.YouMagicPro.LKA_tests.ContractKppOneNumberInTextFieldTest@7ddc5f7</td></tr>
<tr>
<td title='com.YouMagicPro.LKA_tests.ContractKpp6NumbersInTextFieldTest.contractKppTest_C15049()'><b>contractKppTest_C15049</b><br>Test class: com.YouMagicPro.LKA_tests.ContractKpp6NumbersInTextFieldTest</td>
<td></td>
<td>21</td>
<td>com.YouMagicPro.LKA_tests.ContractKpp6NumbersInTextFieldTest@1da477bf</td></tr>
<tr>
<td title='com.YouMagicPro.LKA_tests.ContractKppLettersTest.contractKppTest_C15050()'><b>contractKppTest_C15050</b><br>Test class: com.YouMagicPro.LKA_tests.ContractKppLettersTest</td>
<td></td>
<td>25</td>
<td>com.YouMagicPro.LKA_tests.ContractKppLettersTest@1a7c9625</td></tr>
<tr>
<td title='com.YouMagicPro.LKA_tests.ContractKppSymbolsTest.contractKppTest_C15051()'><b>contractKppTest_C15051</b><br>Test class: com.YouMagicPro.LKA_tests.ContractKppSymbolsTest</td>
<td></td>
<td>22</td>
<td>com.YouMagicPro.LKA_tests.ContractKppSymbolsTest@1ba5cfae</td></tr>
<tr>
<td title='com.YouMagicPro.LKA_tests.ContractKppLettersAndNumbersTest.contractKppTest_C15054()'><b>contractKppTest_C15054</b><br>Test class: com.YouMagicPro.LKA_tests.ContractKppLettersAndNumbersTest</td>
<td></td>
<td>21</td>
<td>com.YouMagicPro.LKA_tests.ContractKppLettersAndNumbersTest@6083dc9b</td></tr>
<tr>
<td title='com.YouMagicPro.LKA_tests.ContractOgrn6NumbersInTextFieldTest.contractOgrn6NumbersInTextFieldTest_C15055()'><b>contractOgrn6NumbersInTextFieldTest_C15055</b><br>Test class: com.YouMagicPro.LKA_tests.ContractOgrn6NumbersInTextFieldTest</td>
<td></td>
<td>20</td>
<td>com.YouMagicPro.LKA_tests.ContractOgrn6NumbersInTextFieldTest@157844d3</td></tr>
<tr>
<td title='com.YouMagicPro.LKA_tests.ContractOgrnLettersAndNumbersInTextFieldTest.contractOgrnLettersAndNumbersInTextFieldTest_C15057()'><b>contractOgrnLettersAndNumbersInTextFieldTest_C15057</b><br>Test class: com.YouMagicPro.LKA_tests.ContractOgrnLettersAndNumbersInTextFieldTest</td>
<td></td>
<td>21</td>
<td>com.YouMagicPro.LKA_tests.ContractOgrnLettersAndNumbersInTextFieldTest@374d8c71</td></tr>
<tr>
<td title='com.YouMagicPro.LKA_tests.ContractOgrnLettersInTextFieldTest.contractOgrnLettersInTextFieldTest_C15056()'><b>contractOgrnLettersInTextFieldTest_C15056</b><br>Test class: com.YouMagicPro.LKA_tests.ContractOgrnLettersInTextFieldTest</td>
<td></td>
<td>22</td>
<td>com.YouMagicPro.LKA_tests.ContractOgrnLettersInTextFieldTest@17911a2d</td></tr>
<tr>
<td title='com.YouMagicPro.LKA_tests.ContractOgrnOneNumberInTextFieldTest.contractOgrnOneNumberInTextFieldTest_C15053()'><b>contractOgrnOneNumberInTextFieldTest_C15053</b><br>Test class: com.YouMagicPro.LKA_tests.ContractOgrnOneNumberInTextFieldTest</td>
<td></td>
<td>23</td>
<td>com.YouMagicPro.LKA_tests.ContractOgrnOneNumberInTextFieldTest@78abd604</td></tr>
<tr>
<td title='com.YouMagicPro.LKA_tests.DetalizationPageTest.detalizationPageTest()'><b>detalizationPageTest</b><br>Test class: com.YouMagicPro.LKA_tests.DetalizationPageTest</td>
<td></td>
<td>21</td>
<td>com.YouMagicPro.LKA_tests.DetalizationPageTest@7efddbdb</td></tr>
<tr>
<td title='com.YouMagicPro.LKA_tests.EmployeesCheckInfoTest.employeesCheckInfoTest_C15252()'><b>employeesCheckInfoTest_C15252</b><br>Test class: com.YouMagicPro.LKA_tests.EmployeesCheckInfoTest</td>
<td></td>
<td>15</td>
<td>com.YouMagicPro.LKA_tests.EmployeesCheckInfoTest@7a2897ac</td></tr>
<tr>
<td title='com.YouMagicPro.LKA_tests.EmployeesEditProfile3SymbolsInTextFieldTest.employeesEditProfile3SymbolsInTextFieldTest_C15256()'><b>employeesEditProfile3SymbolsInTextFieldTest_C15256</b><br>Test class: com.YouMagicPro.LKA_tests.EmployeesEditProfile3SymbolsInTextFieldTest</td>
<td></td>
<td>19</td>
<td>com.YouMagicPro.LKA_tests.EmployeesEditProfile3SymbolsInTextFieldTest@56d6c5da</td></tr>
<tr>
<td title='com.YouMagicPro.LKA_tests.EmployeesAddEmployeeTest.employeesEditProfileTest_C15253()'><b>employeesEditProfileTest_C15253</b><br>Test class: com.YouMagicPro.LKA_tests.EmployeesAddEmployeeTest</td>
<td></td>
<td>22</td>
<td>com.YouMagicPro.LKA_tests.EmployeesAddEmployeeTest@503c78e1</td></tr>
<tr>
<td title='com.YouMagicPro.LKA_tests.EmployeesEditProfile2SymbolsInTextFieldTest.employeesEditProfileTest_C15253()'><b>employeesEditProfileTest_C15253</b><br>Test class: com.YouMagicPro.LKA_tests.EmployeesEditProfile2SymbolsInTextFieldTest</td>
<td></td>
<td>21</td>
<td>com.YouMagicPro.LKA_tests.EmployeesEditProfile2SymbolsInTextFieldTest@70f293db</td></tr>
<tr>
<td title='com.YouMagicPro.LKA_tests.EmployeesEditProfileFillInDataTest.employeesEditProfileTest_C15253()'><b>employeesEditProfileTest_C15253</b><br>Test class: com.YouMagicPro.LKA_tests.EmployeesEditProfileFillInDataTest</td>
<td></td>
<td>20</td>
<td>com.YouMagicPro.LKA_tests.EmployeesEditProfileFillInDataTest@55816088</td></tr>
<tr>
<td title='com.YouMagicPro.LKA_tests.EmployeesEditProfileTest.employeesEditProfileTest_C15253()'><b>employeesEditProfileTest_C15253</b><br>Test class: com.YouMagicPro.LKA_tests.EmployeesEditProfileTest</td>
<td></td>
<td>17</td>
<td>com.YouMagicPro.LKA_tests.EmployeesEditProfileTest@29f12030</td></tr>
<tr>
<td title='com.YouMagicPro.LKA_tests.ExpenseStructureAdditionalNumbersFeeTest.expenseStructureAdditionalNumbersFeeTest_C15096()'><b>expenseStructureAdditionalNumbersFeeTest_C15096</b><br>Test class: com.YouMagicPro.LKA_tests.ExpenseStructureAdditionalNumbersFeeTest</td>
<td></td>
<td>8</td>
<td>com.YouMagicPro.LKA_tests.ExpenseStructureAdditionalNumbersFeeTest@425f32ae</td></tr>
<tr>
<td title='com.YouMagicPro.LKA_tests.ExpenseStructureChooseAdditionalNumbersTest.expenseStructureChooseAdditionalNumbersTest_C15100()'><b>expenseStructureChooseAdditionalNumbersTest_C15100</b><br>Test class: com.YouMagicPro.LKA_tests.ExpenseStructureChooseAdditionalNumbersTest</td>
<td></td>
<td>10</td>
<td>com.YouMagicPro.LKA_tests.ExpenseStructureChooseAdditionalNumbersTest@3b887b2</td></tr>
<tr>
<td title='com.YouMagicPro.LKA_tests.ExpenseStructureChooseIntNumbersPageTest.expenseStructureChooseIntNumbersPageTest_C15102()'><b>expenseStructureChooseIntNumbersPageTest_C15102</b><br>Test class: com.YouMagicPro.LKA_tests.ExpenseStructureChooseIntNumbersPageTest</td>
<td></td>
<td>17</td>
<td>com.YouMagicPro.LKA_tests.ExpenseStructureChooseIntNumbersPageTest@4a65d816</td></tr>
<tr>
<td title='com.YouMagicPro.LKA_tests.ExpenseStructureInternalNumbersFeeTest.expenseStructureInternalNumbersFeeTest_C15101()'><b>expenseStructureInternalNumbersFeeTest_C15101</b><br>Test class: com.YouMagicPro.LKA_tests.ExpenseStructureInternalNumbersFeeTest</td>
<td></td>
<td>9</td>
<td>com.YouMagicPro.LKA_tests.ExpenseStructureInternalNumbersFeeTest@173ceeb6</td></tr>
<tr>
<td title='com.YouMagicPro.LKA_tests.ExpenseStructureRentalFeeTest.expenseStructureRentalFeeTest_C15096()'><b>expenseStructureRentalFeeTest_C15096</b><br>Test class: com.YouMagicPro.LKA_tests.ExpenseStructureRentalFeeTest</td>
<td></td>
<td>8</td>
<td>com.YouMagicPro.LKA_tests.ExpenseStructureRentalFeeTest@3490b317</td></tr>
<tr>
<td title='com.YouMagicPro.LKA_tests.OrderDeliveryOfContractDropdownListTest.expenseStructureTest()'><b>expenseStructureTest</b><br>Test class: com.YouMagicPro.LKA_tests.OrderDeliveryOfContractDropdownListTest</td>
<td></td>
<td>17</td>
<td>com.YouMagicPro.LKA_tests.OrderDeliveryOfContractDropdownListTest@24190388</td></tr>
<tr>
<td title='com.YouMagicPro.LKA_tests.FaxPageTest.faxPageTest()'><b>faxPageTest</b><br>Test class: com.YouMagicPro.LKA_tests.FaxPageTest</td>
<td></td>
<td>27</td>
<td>com.YouMagicPro.LKA_tests.FaxPageTest@7108759d</td></tr>
<tr>
<td title='com.YouMagicPro.LKA_tests.FeedbackPageTest.feedbackPageTest()'><b>feedbackPageTest</b><br>Test class: com.YouMagicPro.LKA_tests.FeedbackPageTest</td>
<td></td>
<td>21</td>
<td>com.YouMagicPro.LKA_tests.FeedbackPageTest@443f6b14</td></tr>
<tr>
<td title='com.YouMagicPro.LKA_tests.FilesFreeSpacePageTest.filesFreeSpaceTest()'><b>filesFreeSpaceTest</b><br>Test class: com.YouMagicPro.LKA_tests.FilesFreeSpacePageTest</td>
<td></td>
<td>22</td>
<td>com.YouMagicPro.LKA_tests.FilesFreeSpacePageTest@79a66240</td></tr>
<tr>
<td title='com.YouMagicPro.LKA_tests.ContractFillInDataTest.fillInContractDataTest_C14998()'><b>fillInContractDataTest_C14998</b><br>Test class: com.YouMagicPro.LKA_tests.ContractFillInDataTest</td>
<td></td>
<td>24</td>
<td>com.YouMagicPro.LKA_tests.ContractFillInDataTest@b99f7c6</td></tr>
<tr>
<td title='com.YouMagicPro.LKA_tests.NotificationsCheckFieldsTest.orderByEmailCancelButtonTest_C15141()'><b>orderByEmailCancelButtonTest_C15141</b><br>Test class: com.YouMagicPro.LKA_tests.NotificationsCheckFieldsTest</td>
<td></td>
<td>30</td>
<td>com.YouMagicPro.LKA_tests.NotificationsCheckFieldsTest@794baafe</td></tr>
<tr>
<td title='com.YouMagicPro.LKA_tests.OrderByEmailCancelButtonTest.orderByEmailCancelButtonTest_C15141()'><b>orderByEmailCancelButtonTest_C15141</b><br>Test class: com.YouMagicPro.LKA_tests.OrderByEmailCancelButtonTest</td>
<td></td>
<td>17</td>
<td>com.YouMagicPro.LKA_tests.OrderByEmailCancelButtonTest@69a87caa</td></tr>
<tr>
<td title='com.YouMagicPro.LKA_tests.OrderByEmailChangeEmailTest.orderByEmailChangeEmailTest_C25653()'><b>orderByEmailChangeEmailTest_C25653</b><br>Test class: com.YouMagicPro.LKA_tests.OrderByEmailChangeEmailTest</td>
<td></td>
<td>16</td>
<td>com.YouMagicPro.LKA_tests.OrderByEmailChangeEmailTest@3541fcda</td></tr>
<tr>
<td title='com.YouMagicPro.LKA_tests.OrderByEmailChangeNameTest.orderByEmailChangeNameTest_C25671()'><b>orderByEmailChangeNameTest_C25671</b><br>Test class: com.YouMagicPro.LKA_tests.OrderByEmailChangeNameTest</td>
<td></td>
<td>16</td>
<td>com.YouMagicPro.LKA_tests.OrderByEmailChangeNameTest@2ca76650</td></tr>
<tr>
<td title='com.YouMagicPro.LKA_tests.OrderByEmailOrderWithoutDocTypeCheckedTest.orderByEmailOrderWithoutDocTypeCheckedTest_C25656()'><b>orderByEmailOrderWithoutDocTypeCheckedTest_C25656</b><br>Test class: com.YouMagicPro.LKA_tests.OrderByEmailOrderWithoutDocTypeCheckedTest</td>
<td></td>
<td>18</td>
<td>com.YouMagicPro.LKA_tests.OrderByEmailOrderWithoutDocTypeCheckedTest@644db282</td></tr>
<tr>
<td title='com.YouMagicPro.LKA_tests.OrderByPickUpCancelButtonTest.orderByPickUpCancelButtonTest_C25664()'><b>orderByPickUpCancelButtonTest_C25664</b><br>Test class: com.YouMagicPro.LKA_tests.OrderByPickUpCancelButtonTest</td>
<td></td>
<td>19</td>
<td>com.YouMagicPro.LKA_tests.OrderByPickUpCancelButtonTest@31961976</td></tr>
<tr>
<td title='com.YouMagicPro.LKA_tests.OrderByPickUpChangeNameTest.orderByPickUpChangeNameTest_C25668()'><b>orderByPickUpChangeNameTest_C25668</b><br>Test class: com.YouMagicPro.LKA_tests.OrderByPickUpChangeNameTest</td>
<td></td>
<td>20</td>
<td>com.YouMagicPro.LKA_tests.OrderByPickUpChangeNameTest@56c747e8</td></tr>
<tr>
<td title='com.YouMagicPro.LKA_tests.OrderByPickUpOrderWithoutDocTypeCheckedTest.orderByPickUpOrderWithoutDocTypeCheckedTest_C25663()'><b>orderByPickUpOrderWithoutDocTypeCheckedTest_C25663</b><br>Test class: com.YouMagicPro.LKA_tests.OrderByPickUpOrderWithoutDocTypeCheckedTest</td>
<td></td>
<td>19</td>
<td>com.YouMagicPro.LKA_tests.OrderByPickUpOrderWithoutDocTypeCheckedTest@9317bfb</td></tr>
<tr>
<td title='com.YouMagicPro.LKA_tests.OrderDeliveryOfContractCancelButtonTest.orderDeliveryOfContractCancelButtonTest()'><b>orderDeliveryOfContractCancelButtonTest</b><br>Test class: com.YouMagicPro.LKA_tests.OrderDeliveryOfContractCancelButtonTest</td>
<td></td>
<td>20</td>
<td>com.YouMagicPro.LKA_tests.OrderDeliveryOfContractCancelButtonTest@38862c65</td></tr>
<tr>
<td title='com.YouMagicPro.LKA_tests.OrderToAdressCancelButtonClickTest.orderToAdressCancelButtonClickTest_C25675()'><b>orderToAdressCancelButtonClickTest_C25675</b><br>Test class: com.YouMagicPro.LKA_tests.OrderToAdressCancelButtonClickTest</td>
<td></td>
<td>16</td>
<td>com.YouMagicPro.LKA_tests.OrderToAdressCancelButtonClickTest@215bfaa5</td></tr>
<tr>
<td title='com.YouMagicPro.LKA_tests.OrderToAdressChangeNameTest.orderToAdressChangeNameTest_C25672()'><b>orderToAdressChangeNameTest_C25672</b><br>Test class: com.YouMagicPro.LKA_tests.OrderToAdressChangeNameTest</td>
<td></td>
<td>16</td>
<td>com.YouMagicPro.LKA_tests.OrderToAdressChangeNameTest@7fb7a216</td></tr>
<tr>
<td title='com.YouMagicPro.LKA_tests.OrderToAdressChangePhoneTest.orderToAdressChangePhoneTest_C25677()'><b>orderToAdressChangePhoneTest_C25677</b><br>Test class: com.YouMagicPro.LKA_tests.OrderToAdressChangePhoneTest</td>
<td></td>
<td>16</td>
<td>com.YouMagicPro.LKA_tests.OrderToAdressChangePhoneTest@157d2287</td></tr>
<tr>
<td title='com.YouMagicPro.LKA_tests.PaymentsPageTest.soundFilesTest()'><b>soundFilesTest</b><br>Test class: com.YouMagicPro.LKA_tests.PaymentsPageTest</td>
<td></td>
<td>22</td>
<td>com.YouMagicPro.LKA_tests.PaymentsPageTest@76b23e72</td></tr>
<tr>
<td title='com.YouMagicPro.LKA_tests.SoundFilesPageTest.soundFilesTest()'><b>soundFilesTest</b><br>Test class: com.YouMagicPro.LKA_tests.SoundFilesPageTest</td>
<td></td>
<td>22</td>
<td>com.YouMagicPro.LKA_tests.SoundFilesPageTest@655bf451</td></tr>
<tr>
<td title='com.YouMagicPro.LKA_tests.VoiceMenuChooseSoundTest.voiceMailChooseSoundTest_C15294()'><b>voiceMailChooseSoundTest_C15294</b><br>Test class: com.YouMagicPro.LKA_tests.VoiceMenuChooseSoundTest</td>
<td></td>
<td>22</td>
<td>com.YouMagicPro.LKA_tests.VoiceMenuChooseSoundTest@7f3f6786</td></tr>
<tr>
<td title='com.YouMagicPro.LKA_tests.VoiceMenuEmptyNameTextFieldTest.voiceMailEmptyNameTextFieldTest_C19851()'><b>voiceMailEmptyNameTextFieldTest_C19851</b><br>Test class: com.YouMagicPro.LKA_tests.VoiceMenuEmptyNameTextFieldTest</td>
<td></td>
<td>20</td>
<td>com.YouMagicPro.LKA_tests.VoiceMenuEmptyNameTextFieldTest@59c0fef4</td></tr>
<tr>
<td title='com.YouMagicPro.LKA_tests.VoiceMailPageTest.voiceMailTest()'><b>voiceMailTest</b><br>Test class: com.YouMagicPro.LKA_tests.VoiceMailPageTest</td>
<td></td>
<td>23</td>
<td>com.YouMagicPro.LKA_tests.VoiceMailPageTest@3851a89</td></tr>
<tr>
<td title='com.YouMagicPro.LKA_tests.VoiceMenuAddTest.voiceMenuAddTest_C15292()'><b>voiceMenuAddTest_C15292</b><br>Test class: com.YouMagicPro.LKA_tests.VoiceMenuAddTest</td>
<td></td>
<td>17</td>
<td>com.YouMagicPro.LKA_tests.VoiceMenuAddTest@20e8ac93</td></tr>
<tr>
<td title='com.YouMagicPro.LKA_tests.YourNumbersTest.yourNumbersTest()'><b>yourNumbersTest</b><br>Test class: com.YouMagicPro.LKA_tests.YourNumbersTest</td>
<td></td>
<td>28</td>
<td>com.YouMagicPro.LKA_tests.YourNumbersTest@da27335</td></tr>
</table><p>
</body>
</html>